[0.163s] Invoking command in '/projects/github_repos/astro/ros2_rpi_ws/build/astro_odometry_tf_broadcaster': CMAKE_PREFIX_PATH=${CMAKE_PREFIX_PATH}:/projects/github_repos/astro/ros2_rpi_ws/install/astro_time:/projects/github_repos/astro/ros2_rpi_ws/install/astro_teleop:/projects/ros/microros_ws/install/sensor_msgs_py:/opt/ros/humble /usr/bin/cmake --build /projects/github_repos/astro/ros2_rpi_ws/build/astro_odometry_tf_broadcaster -- -j24 -l24
[0.312s] [ 50%] [32mBuilding CXX object CMakeFiles/odometry_tf_broadcaster.dir/src/odometry_tf_broadcaster.cpp.o[0m
[4.114s] [100%] [32m[1mLinking CXX executable odometry_tf_broadcaster[0m
[4.337s] [100%] Built target odometry_tf_broadcaster
[4.347s] Invoked command in '/projects/github_repos/astro/ros2_rpi_ws/build/astro_odometry_tf_broadcaster' returned '0': CMAKE_PREFIX_PATH=${CMAKE_PREFIX_PATH}:/projects/github_repos/astro/ros2_rpi_ws/install/astro_time:/projects/github_repos/astro/ros2_rpi_ws/install/astro_teleop:/projects/ros/microros_ws/install/sensor_msgs_py:/opt/ros/humble /usr/bin/cmake --build /projects/github_repos/astro/ros2_rpi_ws/build/astro_odometry_tf_broadcaster -- -j24 -l24
[4.348s] Invoking command in '/projects/github_repos/astro/ros2_rpi_ws/build/astro_odometry_tf_broadcaster': CMAKE_PREFIX_PATH=${CMAKE_PREFIX_PATH}:/projects/github_repos/astro/ros2_rpi_ws/install/astro_time:/projects/github_repos/astro/ros2_rpi_ws/install/astro_teleop:/projects/ros/microros_ws/install/sensor_msgs_py:/opt/ros/humble /usr/bin/cmake --install /projects/github_repos/astro/ros2_rpi_ws/build/astro_odometry_tf_broadcaster
[4.353s] -- Install configuration: ""
[4.354s] -- Installing: /projects/github_repos/astro/ros2_rpi_ws/install/astro_odometry_tf_broadcaster/lib/astro_odometry_tf_broadcaster/odometry_tf_broadcaster
[4.356s] -- Set runtime path of "/projects/github_repos/astro/ros2_rpi_ws/install/astro_odometry_tf_broadcaster/lib/astro_odometry_tf_broadcaster/odometry_tf_broadcaster" to ""
[4.356s] -- Installing: /projects/github_repos/astro/ros2_rpi_ws/install/astro_odometry_tf_broadcaster/share/ament_index/resource_index/package_run_dependencies/astro_odometry_tf_broadcaster
[4.356s] -- Installing: /projects/github_repos/astro/ros2_rpi_ws/install/astro_odometry_tf_broadcaster/share/ament_index/resource_index/parent_prefix_path/astro_odometry_tf_broadcaster
[4.356s] -- Installing: /projects/github_repos/astro/ros2_rpi_ws/install/astro_odometry_tf_broadcaster/share/astro_odometry_tf_broadcaster/environment/ament_prefix_path.sh
[4.356s] -- Installing: /projects/github_repos/astro/ros2_rpi_ws/install/astro_odometry_tf_broadcaster/share/astro_odometry_tf_broadcaster/environment/ament_prefix_path.dsv
[4.356s] -- Installing: /projects/github_repos/astro/ros2_rpi_ws/install/astro_odometry_tf_broadcaster/share/astro_odometry_tf_broadcaster/environment/path.sh
[4.356s] -- Installing: /projects/github_repos/astro/ros2_rpi_ws/install/astro_odometry_tf_broadcaster/share/astro_odometry_tf_broadcaster/environment/path.dsv
[4.357s] -- Installing: /projects/github_repos/astro/ros2_rpi_ws/install/astro_odometry_tf_broadcaster/share/astro_odometry_tf_broadcaster/local_setup.bash
[4.357s] -- Installing: /projects/github_repos/astro/ros2_rpi_ws/install/astro_odometry_tf_broadcaster/share/astro_odometry_tf_broadcaster/local_setup.sh
[4.357s] -- Installing: /projects/github_repos/astro/ros2_rpi_ws/install/astro_odometry_tf_broadcaster/share/astro_odometry_tf_broadcaster/local_setup.zsh
[4.357s] -- Installing: /projects/github_repos/astro/ros2_rpi_ws/install/astro_odometry_tf_broadcaster/share/astro_odometry_tf_broadcaster/local_setup.dsv
[4.357s] -- Installing: /projects/github_repos/astro/ros2_rpi_ws/install/astro_odometry_tf_broadcaster/share/astro_odometry_tf_broadcaster/package.dsv
[4.357s] -- Installing: /projects/github_repos/astro/ros2_rpi_ws/install/astro_odometry_tf_broadcaster/share/ament_index/resource_index/packages/astro_odometry_tf_broadcaster
[4.357s] -- Installing: /projects/github_repos/astro/ros2_rpi_ws/install/astro_odometry_tf_broadcaster/share/astro_odometry_tf_broadcaster/cmake/astro_odometry_tf_broadcasterConfig.cmake
[4.357s] -- Installing: /projects/github_repos/astro/ros2_rpi_ws/install/astro_odometry_tf_broadcaster/share/astro_odometry_tf_broadcaster/cmake/astro_odometry_tf_broadcasterConfig-version.cmake
[4.357s] -- Installing: /projects/github_repos/astro/ros2_rpi_ws/install/astro_odometry_tf_broadcaster/share/astro_odometry_tf_broadcaster/package.xml
[4.358s] Invoked command in '/projects/github_repos/astro/ros2_rpi_ws/build/astro_odometry_tf_broadcaster' returned '0': CMAKE_PREFIX_PATH=${CMAKE_PREFIX_PATH}:/projects/github_repos/astro/ros2_rpi_ws/install/astro_time:/projects/github_repos/astro/ros2_rpi_ws/install/astro_teleop:/projects/ros/microros_ws/install/sensor_msgs_py:/opt/ros/humble /usr/bin/cmake --install /projects/github_repos/astro/ros2_rpi_ws/build/astro_odometry_tf_broadcaster
