[0.170s] Invoking command in '/projects/github_repos/astro/ros2_ws/build/astro_odometry_tf_broadcaster': CMAKE_PREFIX_PATH=${CMAKE_PREFIX_PATH}:/projects/ros/microros_ws/install/sensor_msgs_py:/opt/ros/humble /usr/bin/cmake /projects/github_repos/astro/ros2_ws/src/astro_odometry_tf_broadcaster -DCMAKE_INSTALL_PREFIX=/projects/github_repos/astro/ros2_ws/install/astro_odometry_tf_broadcaster
[0.474s] -- The C compiler identification is GNU 11.4.0
[0.474s] -- The CXX compiler identification is GNU 11.4.0
[0.474s] -- Detecting C compiler ABI info
[0.474s] -- Detecting C compiler ABI info - done
[0.474s] -- Check for working C compiler: /usr/bin/cc - skipped
[0.474s] -- Detecting C compile features
[0.474s] -- Detecting C compile features - done
[0.474s] -- Detecting CXX compiler ABI info
[0.474s] -- Detecting CXX compiler ABI info - done
[0.474s] -- Check for working CXX compiler: /usr/bin/c++ - skipped
[0.474s] -- Detecting CXX compile features
[0.474s] -- Detecting CXX compile features - done
[0.474s] -- Found ament_cmake: 1.3.11 (/opt/ros/humble/share/ament_cmake/cmake)
[0.487s] -- Found Python3: /usr/bin/python3 (found version "3.10.12") found components: Interpreter 
[0.565s] -- Found rclcpp: 16.0.11 (/opt/ros/humble/share/rclcpp/cmake)
[0.600s] -- Found rosidl_generator_c: 3.1.6 (/opt/ros/humble/share/rosidl_generator_c/cmake)
[0.605s] -- Found rosidl_adapter: 3.1.6 (/opt/ros/humble/share/rosidl_adapter/cmake)
[0.611s] -- Found rosidl_generator_cpp: 3.1.6 (/opt/ros/humble/share/rosidl_generator_cpp/cmake)
[0.621s] -- Using all available rosidl_typesupport_c: rosidl_typesupport_microxrcedds_c;rosidl_typesupport_fastrtps_c;rosidl_typesupport_introspection_c
[0.639s] -- Using all available rosidl_typesupport_cpp: rosidl_typesupport_microxrcedds_cpp;rosidl_typesupport_fastrtps_cpp;rosidl_typesupport_introspection_cpp
[0.678s] -- Found rmw_implementation_cmake: 6.1.2 (/opt/ros/humble/share/rmw_implementation_cmake/cmake)
[0.684s] -- Found rmw_fastrtps_cpp: 6.2.7 (/opt/ros/humble/share/rmw_fastrtps_cpp/cmake)
[0.755s] -- Found OpenSSL: /usr/lib/x86_64-linux-gnu/libcrypto.so (found version "3.0.2")  
[0.772s] -- Found FastRTPS: /opt/ros/humble/include  
[0.800s] -- Using RMW implementation 'rmw_fastrtps_cpp' as default
[0.808s] -- Looking for pthread.h
[0.876s] -- Looking for pthread.h - found
[0.876s] -- Performing Test CMAKE_HAVE_LIBC_PTHREAD
[0.934s] -- Performing Test CMAKE_HAVE_LIBC_PTHREAD - Success
[0.935s] -- Found Threads: TRUE  
[0.969s] -- Found geometry_msgs: 4.2.4 (/projects/ros/microros_ws/install/geometry_msgs/share/geometry_msgs/cmake)
[0.978s] -- Found tf2: 0.25.9 (/opt/ros/humble/share/tf2/cmake)
[0.987s] -- Found tf2_ros: 0.25.9 (/opt/ros/humble/share/tf2_ros/cmake)
[1.051s] -- Found nav_msgs: 4.2.4 (/projects/ros/microros_ws/install/nav_msgs/share/nav_msgs/cmake)
[1.105s] -- Configuring done
[1.112s] -- Generating done
[1.114s] -- Build files have been written to: /projects/github_repos/astro/ros2_ws/build/astro_odometry_tf_broadcaster
[1.120s] Invoked command in '/projects/github_repos/astro/ros2_ws/build/astro_odometry_tf_broadcaster' returned '0': CMAKE_PREFIX_PATH=${CMAKE_PREFIX_PATH}:/projects/ros/microros_ws/install/sensor_msgs_py:/opt/ros/humble /usr/bin/cmake /projects/github_repos/astro/ros2_ws/src/astro_odometry_tf_broadcaster -DCMAKE_INSTALL_PREFIX=/projects/github_repos/astro/ros2_ws/install/astro_odometry_tf_broadcaster
[1.120s] Invoking command in '/projects/github_repos/astro/ros2_ws/build/astro_odometry_tf_broadcaster': CMAKE_PREFIX_PATH=${CMAKE_PREFIX_PATH}:/projects/ros/microros_ws/install/sensor_msgs_py:/opt/ros/humble /usr/bin/cmake --build /projects/github_repos/astro/ros2_ws/build/astro_odometry_tf_broadcaster -- -j24 -l24
[1.165s] [ 50%] [32mBuilding CXX object CMakeFiles/odometry_tf_broadcaster.dir/src/odometry_tf_broadcaster.cpp.o[0m
[5.054s] [100%] [32m[1mLinking CXX executable odometry_tf_broadcaster[0m
[5.289s] [100%] Built target odometry_tf_broadcaster
[5.299s] Invoked command in '/projects/github_repos/astro/ros2_ws/build/astro_odometry_tf_broadcaster' returned '0': CMAKE_PREFIX_PATH=${CMAKE_PREFIX_PATH}:/projects/ros/microros_ws/install/sensor_msgs_py:/opt/ros/humble /usr/bin/cmake --build /projects/github_repos/astro/ros2_ws/build/astro_odometry_tf_broadcaster -- -j24 -l24
[5.300s] Invoking command in '/projects/github_repos/astro/ros2_ws/build/astro_odometry_tf_broadcaster': CMAKE_PREFIX_PATH=${CMAKE_PREFIX_PATH}:/projects/ros/microros_ws/install/sensor_msgs_py:/opt/ros/humble /usr/bin/cmake --install /projects/github_repos/astro/ros2_ws/build/astro_odometry_tf_broadcaster
[5.307s] -- Install configuration: ""
[5.307s] -- Installing: /projects/github_repos/astro/ros2_ws/install/astro_odometry_tf_broadcaster/lib/astro_odometry_tf_broadcaster/odometry_tf_broadcaster
[5.309s] -- Set runtime path of "/projects/github_repos/astro/ros2_ws/install/astro_odometry_tf_broadcaster/lib/astro_odometry_tf_broadcaster/odometry_tf_broadcaster" to ""
[5.309s] -- Installing: /projects/github_repos/astro/ros2_ws/install/astro_odometry_tf_broadcaster/share/ament_index/resource_index/package_run_dependencies/astro_odometry_tf_broadcaster
[5.309s] -- Installing: /projects/github_repos/astro/ros2_ws/install/astro_odometry_tf_broadcaster/share/ament_index/resource_index/parent_prefix_path/astro_odometry_tf_broadcaster
[5.309s] -- Up-to-date: /projects/github_repos/astro/ros2_ws/install/astro_odometry_tf_broadcaster/share/astro_odometry_tf_broadcaster/environment/ament_prefix_path.sh
[5.309s] -- Installing: /projects/github_repos/astro/ros2_ws/install/astro_odometry_tf_broadcaster/share/astro_odometry_tf_broadcaster/environment/ament_prefix_path.dsv
[5.310s] -- Up-to-date: /projects/github_repos/astro/ros2_ws/install/astro_odometry_tf_broadcaster/share/astro_odometry_tf_broadcaster/environment/path.sh
[5.310s] -- Installing: /projects/github_repos/astro/ros2_ws/install/astro_odometry_tf_broadcaster/share/astro_odometry_tf_broadcaster/environment/path.dsv
[5.310s] -- Installing: /projects/github_repos/astro/ros2_ws/install/astro_odometry_tf_broadcaster/share/astro_odometry_tf_broadcaster/local_setup.bash
[5.310s] -- Installing: /projects/github_repos/astro/ros2_ws/install/astro_odometry_tf_broadcaster/share/astro_odometry_tf_broadcaster/local_setup.sh
[5.310s] -- Installing: /projects/github_repos/astro/ros2_ws/install/astro_odometry_tf_broadcaster/share/astro_odometry_tf_broadcaster/local_setup.zsh
[5.310s] -- Installing: /projects/github_repos/astro/ros2_ws/install/astro_odometry_tf_broadcaster/share/astro_odometry_tf_broadcaster/local_setup.dsv
[5.310s] -- Installing: /projects/github_repos/astro/ros2_ws/install/astro_odometry_tf_broadcaster/share/astro_odometry_tf_broadcaster/package.dsv
[5.310s] -- Installing: /projects/github_repos/astro/ros2_ws/install/astro_odometry_tf_broadcaster/share/ament_index/resource_index/packages/astro_odometry_tf_broadcaster
[5.310s] -- Installing: /projects/github_repos/astro/ros2_ws/install/astro_odometry_tf_broadcaster/share/astro_odometry_tf_broadcaster/cmake/astro_odometry_tf_broadcasterConfig.cmake
[5.310s] -- Installing: /projects/github_repos/astro/ros2_ws/install/astro_odometry_tf_broadcaster/share/astro_odometry_tf_broadcaster/cmake/astro_odometry_tf_broadcasterConfig-version.cmake
[5.310s] -- Up-to-date: /projects/github_repos/astro/ros2_ws/install/astro_odometry_tf_broadcaster/share/astro_odometry_tf_broadcaster/package.xml
[5.311s] Invoked command in '/projects/github_repos/astro/ros2_ws/build/astro_odometry_tf_broadcaster' returned '0': CMAKE_PREFIX_PATH=${CMAKE_PREFIX_PATH}:/projects/ros/microros_ws/install/sensor_msgs_py:/opt/ros/humble /usr/bin/cmake --install /projects/github_repos/astro/ros2_ws/build/astro_odometry_tf_broadcaster
