running egg_info
creating ../../build/astro_odometry/astro_odometry.egg-info
writing ../../build/astro_odometry/astro_odometry.egg-info/PKG-INFO
writing dependency_links to ../../build/astro_odometry/astro_odometry.egg-info/dependency_links.txt
writing entry points to ../../build/astro_odometry/astro_odometry.egg-info/entry_points.txt
writing requirements to ../../build/astro_odometry/astro_odometry.egg-info/requires.txt
writing top-level names to ../../build/astro_odometry/astro_odometry.egg-info/top_level.txt
writing manifest file '../../build/astro_odometry/astro_odometry.egg-info/SOURCES.txt'
reading manifest file '../../build/astro_odometry/astro_odometry.egg-info/SOURCES.txt'
writing manifest file '../../build/astro_odometry/astro_odometry.egg-info/SOURCES.txt'
running build
running build_py
running install
running install_lib
running install_data
running install_egg_info
Copying ../../build/astro_odometry/astro_odometry.egg-info to /projects/github_repos/astro/ros2_rpi_ws/install/astro_odometry/lib/python3.10/site-packages/astro_odometry-2.1.5-py3.10.egg-info
running install_scripts
Installing astro_odometry script to /projects/github_repos/astro/ros2_rpi_ws/install/astro_odometry/lib/astro_odometry
writing list of installed files to '/projects/github_repos/astro/ros2_rpi_ws/build/astro_odometry/install.log'
