[0.026s] Invoking command in '/projects/github_repos/astro/ros2_ws/build/astro_cartographer': CMAKE_PREFIX_PATH=${CMAKE_PREFIX_PATH}:/projects/ros/microros_ws/install/sensor_msgs_py:/opt/ros/humble /usr/bin/cmake /projects/github_repos/astro/ros2_ws/src/astro_cartographer -DCMAKE_INSTALL_PREFIX=/projects/github_repos/astro/ros2_ws/install/astro_cartographer
[0.480s] -- The C compiler identification is GNU 11.4.0
[0.480s] -- The CXX compiler identification is GNU 11.4.0
[0.480s] -- Detecting C compiler ABI info
[0.480s] -- Detecting C compiler ABI info - done
[0.480s] -- Check for working C compiler: /usr/bin/cc - skipped
[0.480s] -- Detecting C compile features
[0.480s] -- Detecting C compile features - done
[0.480s] -- Detecting CXX compiler ABI info
[0.480s] -- Detecting CXX compiler ABI info - done
[0.480s] -- Check for working CXX compiler: /usr/bin/c++ - skipped
[0.480s] -- Detecting CXX compile features
[0.480s] -- Detecting CXX compile features - done
[0.480s] -- Found ament_cmake: 1.3.11 (/opt/ros/humble/share/ament_cmake/cmake)
[0.480s] -- Found Python3: /usr/bin/python3 (found version "3.10.12") found components: Interpreter 
[0.483s] -- Configuring done
[0.483s] -- Generating done
[0.483s] -- Build files have been written to: /projects/github_repos/astro/ros2_ws/build/astro_cartographer
[0.643s] Invoked command in '/projects/github_repos/astro/ros2_ws/build/astro_cartographer' returned '0': CMAKE_PREFIX_PATH=${CMAKE_PREFIX_PATH}:/projects/ros/microros_ws/install/sensor_msgs_py:/opt/ros/humble /usr/bin/cmake /projects/github_repos/astro/ros2_ws/src/astro_cartographer -DCMAKE_INSTALL_PREFIX=/projects/github_repos/astro/ros2_ws/install/astro_cartographer
[0.644s] Invoking command in '/projects/github_repos/astro/ros2_ws/build/astro_cartographer': CMAKE_PREFIX_PATH=${CMAKE_PREFIX_PATH}:/projects/ros/microros_ws/install/sensor_msgs_py:/opt/ros/humble /usr/bin/cmake --build /projects/github_repos/astro/ros2_ws/build/astro_cartographer -- -j24 -l24
[0.668s] Invoked command in '/projects/github_repos/astro/ros2_ws/build/astro_cartographer' returned '0': CMAKE_PREFIX_PATH=${CMAKE_PREFIX_PATH}:/projects/ros/microros_ws/install/sensor_msgs_py:/opt/ros/humble /usr/bin/cmake --build /projects/github_repos/astro/ros2_ws/build/astro_cartographer -- -j24 -l24
[0.677s] Invoking command in '/projects/github_repos/astro/ros2_ws/build/astro_cartographer': CMAKE_PREFIX_PATH=${CMAKE_PREFIX_PATH}:/projects/ros/microros_ws/install/sensor_msgs_py:/opt/ros/humble /usr/bin/cmake --install /projects/github_repos/astro/ros2_ws/build/astro_cartographer
[0.685s] -- Install configuration: ""
[0.685s] -- Up-to-date: /projects/github_repos/astro/ros2_ws/install/astro_cartographer/share/astro_cartographer/config
[0.685s] -- Up-to-date: /projects/github_repos/astro/ros2_ws/install/astro_cartographer/share/astro_cartographer/config/astro_lds_2d.lua
[0.685s] -- Up-to-date: /projects/github_repos/astro/ros2_ws/install/astro_cartographer/share/astro_cartographer/launch
[0.685s] -- Up-to-date: /projects/github_repos/astro/ros2_ws/install/astro_cartographer/share/astro_cartographer/launch/occupancy_grid.launch.py
[0.685s] -- Up-to-date: /projects/github_repos/astro/ros2_ws/install/astro_cartographer/share/astro_cartographer/launch/cartographer.launch.py
[0.685s] -- Up-to-date: /projects/github_repos/astro/ros2_ws/install/astro_cartographer/share/astro_cartographer/rviz
[0.685s] -- Up-to-date: /projects/github_repos/astro/ros2_ws/install/astro_cartographer/share/astro_cartographer/rviz/astro_cartographer.rviz
[0.686s] -- Installing: /projects/github_repos/astro/ros2_ws/install/astro_cartographer/share/ament_index/resource_index/package_run_dependencies/astro_cartographer
[0.686s] -- Installing: /projects/github_repos/astro/ros2_ws/install/astro_cartographer/share/ament_index/resource_index/parent_prefix_path/astro_cartographer
[0.686s] -- Up-to-date: /projects/github_repos/astro/ros2_ws/install/astro_cartographer/share/astro_cartographer/environment/ament_prefix_path.sh
[0.686s] -- Installing: /projects/github_repos/astro/ros2_ws/install/astro_cartographer/share/astro_cartographer/environment/ament_prefix_path.dsv
[0.686s] -- Up-to-date: /projects/github_repos/astro/ros2_ws/install/astro_cartographer/share/astro_cartographer/environment/path.sh
[0.686s] -- Installing: /projects/github_repos/astro/ros2_ws/install/astro_cartographer/share/astro_cartographer/environment/path.dsv
[0.686s] -- Installing: /projects/github_repos/astro/ros2_ws/install/astro_cartographer/share/astro_cartographer/local_setup.bash
[0.690s] -- Installing: /projects/github_repos/astro/ros2_ws/install/astro_cartographer/share/astro_cartographer/local_setup.sh
[0.690s] -- Installing: /projects/github_repos/astro/ros2_ws/install/astro_cartographer/share/astro_cartographer/local_setup.zsh
[0.690s] -- Installing: /projects/github_repos/astro/ros2_ws/install/astro_cartographer/share/astro_cartographer/local_setup.dsv
[0.690s] -- Installing: /projects/github_repos/astro/ros2_ws/install/astro_cartographer/share/astro_cartographer/package.dsv
[0.691s] -- Installing: /projects/github_repos/astro/ros2_ws/install/astro_cartographer/share/ament_index/resource_index/packages/astro_cartographer
[0.691s] -- Installing: /projects/github_repos/astro/ros2_ws/install/astro_cartographer/share/astro_cartographer/cmake/astro_cartographerConfig.cmake
[0.691s] -- Installing: /projects/github_repos/astro/ros2_ws/install/astro_cartographer/share/astro_cartographer/cmake/astro_cartographerConfig-version.cmake
[0.691s] -- Up-to-date: /projects/github_repos/astro/ros2_ws/install/astro_cartographer/share/astro_cartographer/package.xml
[0.703s] Invoked command in '/projects/github_repos/astro/ros2_ws/build/astro_cartographer' returned '0': CMAKE_PREFIX_PATH=${CMAKE_PREFIX_PATH}:/projects/ros/microros_ws/install/sensor_msgs_py:/opt/ros/humble /usr/bin/cmake --install /projects/github_repos/astro/ros2_ws/build/astro_cartographer
