running egg_info
creating ../../build/astro_teleop/astro_teleop.egg-info
writing ../../build/astro_teleop/astro_teleop.egg-info/PKG-INFO
writing dependency_links to ../../build/astro_teleop/astro_teleop.egg-info/dependency_links.txt
writing entry points to ../../build/astro_teleop/astro_teleop.egg-info/entry_points.txt
writing requirements to ../../build/astro_teleop/astro_teleop.egg-info/requires.txt
writing top-level names to ../../build/astro_teleop/astro_teleop.egg-info/top_level.txt
writing manifest file '../../build/astro_teleop/astro_teleop.egg-info/SOURCES.txt'
reading manifest file '../../build/astro_teleop/astro_teleop.egg-info/SOURCES.txt'
writing manifest file '../../build/astro_teleop/astro_teleop.egg-info/SOURCES.txt'
running build
running build_py
creating /projects/github_repos/astro/ros2_ws/build/astro_teleop/build
creating /projects/github_repos/astro/ros2_ws/build/astro_teleop/build/lib
creating /projects/github_repos/astro/ros2_ws/build/astro_teleop/build/lib/astro_teleop
copying astro_teleop/__init__.py -> /projects/github_repos/astro/ros2_ws/build/astro_teleop/build/lib/astro_teleop
creating /projects/github_repos/astro/ros2_ws/build/astro_teleop/build/lib/astro_teleop/script
copying astro_teleop/script/teleop_keyboard.py -> /projects/github_repos/astro/ros2_ws/build/astro_teleop/build/lib/astro_teleop/script
copying astro_teleop/script/__init__.py -> /projects/github_repos/astro/ros2_ws/build/astro_teleop/build/lib/astro_teleop/script
running install
running install_lib
running install_data
running install_egg_info
removing '/projects/github_repos/astro/ros2_ws/install/astro_teleop/lib/python3.10/site-packages/astro_teleop-2.1.5-py3.10.egg-info' (and everything under it)
Copying ../../build/astro_teleop/astro_teleop.egg-info to /projects/github_repos/astro/ros2_ws/install/astro_teleop/lib/python3.10/site-packages/astro_teleop-2.1.5-py3.10.egg-info
running install_scripts
Installing teleop_keyboard script to /projects/github_repos/astro/ros2_ws/install/astro_teleop/lib/astro_teleop
writing list of installed files to '/projects/github_repos/astro/ros2_ws/build/astro_teleop/install.log'
