[0.060s] DEBUG:colcon:Command line arguments: ['/usr/bin/colcon', 'build']
[0.060s] DEBUG:colcon:Parsed command line arguments: Namespace(log_base=None, log_level=None, verb_name='build', build_base='build', install_base='install', merge_install=False, symlink_install=False, test_result_base=None, continue_on_error=False, executor='parallel', parallel_workers=24, event_handlers=None, ignore_user_meta=False, metas=['./colcon.meta'], base_paths=['.'], packages_ignore=None, packages_ignore_regex=None, paths=None, packages_up_to=None, packages_up_to_regex=None, packages_above=None, packages_above_and_dependencies=None, packages_above_depth=None, packages_select_by_dep=None, packages_skip_by_dep=None, packages_skip_up_to=None, packages_select_build_failed=False, packages_skip_build_finished=False, packages_select_test_failures=False, packages_skip_test_passed=False, packages_select=None, packages_skip=None, packages_select_regex=None, packages_skip_regex=None, packages_start=None, packages_end=None, allow_overriding=[], cmake_args=None, cmake_target=None, cmake_target_skip_unavailable=False, cmake_clean_cache=False, cmake_clean_first=False, cmake_force_configure=False, ament_cmake_args=None, catkin_cmake_args=None, catkin_skip_building_tests=False, mixin_files=None, mixin=None, verb_parser=<colcon_mixin.mixin.mixin_argument.MixinArgumentDecorator object at 0x7658d4f2d570>, verb_extension=<colcon_core.verb.build.BuildVerb object at 0x7658d5022e90>, main=<bound method BuildVerb.main of <colcon_core.verb.build.BuildVerb object at 0x7658d5022e90>>, mixin_verb=('build',))
[0.149s] Level 1:colcon.colcon_core.package_discovery:discover_packages(colcon_meta) check parameters
[0.149s] Level 1:colcon.colcon_core.package_discovery:discover_packages(recursive) check parameters
[0.150s] Level 1:colcon.colcon_core.package_discovery:discover_packages(ignore) check parameters
[0.150s] Level 1:colcon.colcon_core.package_discovery:discover_packages(path) check parameters
[0.150s] Level 1:colcon.colcon_core.package_discovery:discover_packages(colcon_meta) discover
[0.150s] Level 1:colcon.colcon_core.package_discovery:discover_packages(recursive) discover
[0.150s] INFO:colcon.colcon_core.package_discovery:Crawling recursively for packages in '/projects/github_repos/astro/ros2_rpi_ws'
[0.150s] Level 1:colcon.colcon_core.package_identification:_identify(.) by extensions ['ignore', 'ignore_ament_install']
[0.150s] Level 1:colcon.colcon_core.package_identification:_identify(.) by extension 'ignore'
[0.150s] Level 1:colcon.colcon_core.package_identification:_identify(.) by extension 'ignore_ament_install'
[0.150s] Level 1:colcon.colcon_core.package_identification:_identify(.) by extensions ['colcon_pkg']
[0.150s] Level 1:colcon.colcon_core.package_identification:_identify(.) by extension 'colcon_pkg'
[0.150s] Level 1:colcon.colcon_core.package_identification:_identify(.) by extensions ['colcon_meta']
[0.150s] Level 1:colcon.colcon_core.package_identification:_identify(.) by extension 'colcon_meta'
[0.150s] Level 1:colcon.colcon_core.package_identification:_identify(.) by extensions ['ros']
[0.150s] Level 1:colcon.colcon_core.package_identification:_identify(.) by extension 'ros'
[0.156s] Level 1:colcon.colcon_core.package_identification:_identify(.) by extensions ['cmake', 'python']
[0.156s] Level 1:colcon.colcon_core.package_identification:_identify(.) by extension 'cmake'
[0.156s] Level 1:colcon.colcon_core.package_identification:_identify(.) by extension 'python'
[0.156s] Level 1:colcon.colcon_core.package_identification:_identify(.) by extensions ['python_setup_py']
[0.156s] Level 1:colcon.colcon_core.package_identification:_identify(.) by extension 'python_setup_py'
[0.156s] Level 1:colcon.colcon_core.package_identification:_identify(build) by extensions ['ignore', 'ignore_ament_install']
[0.156s] Level 1:colcon.colcon_core.package_identification:_identify(build) by extension 'ignore'
[0.156s] Level 1:colcon.colcon_core.package_identification:_identify(build) ignored
[0.156s] Level 1:colcon.colcon_core.package_identification:_identify(install) by extensions ['ignore', 'ignore_ament_install']
[0.156s] Level 1:colcon.colcon_core.package_identification:_identify(install) by extension 'ignore'
[0.156s] Level 1:colcon.colcon_core.package_identification:_identify(install) ignored
[0.156s] Level 1:colcon.colcon_core.package_identification:_identify(log) by extensions ['ignore', 'ignore_ament_install']
[0.156s] Level 1:colcon.colcon_core.package_identification:_identify(log) by extension 'ignore'
[0.156s] Level 1:colcon.colcon_core.package_identification:_identify(log) ignored
[0.156s] Level 1:colcon.colcon_core.package_identification:_identify(src) by extensions ['ignore', 'ignore_ament_install']
[0.156s] Level 1:colcon.colcon_core.package_identification:_identify(src) by extension 'ignore'
[0.156s] Level 1:colcon.colcon_core.package_identification:_identify(src) by extension 'ignore_ament_install'
[0.156s] Level 1:colcon.colcon_core.package_identification:_identify(src) by extensions ['colcon_pkg']
[0.156s] Level 1:colcon.colcon_core.package_identification:_identify(src) by extension 'colcon_pkg'
[0.156s] Level 1:colcon.colcon_core.package_identification:_identify(src) by extensions ['colcon_meta']
[0.156s] Level 1:colcon.colcon_core.package_identification:_identify(src) by extension 'colcon_meta'
[0.156s] Level 1:colcon.colcon_core.package_identification:_identify(src) by extensions ['ros']
[0.156s] Level 1:colcon.colcon_core.package_identification:_identify(src) by extension 'ros'
[0.156s] Level 1:colcon.colcon_core.package_identification:_identify(src) by extensions ['cmake', 'python']
[0.156s] Level 1:colcon.colcon_core.package_identification:_identify(src) by extension 'cmake'
[0.156s] Level 1:colcon.colcon_core.package_identification:_identify(src) by extension 'python'
[0.156s] Level 1:colcon.colcon_core.package_identification:_identify(src) by extensions ['python_setup_py']
[0.156s] Level 1:colcon.colcon_core.package_identification:_identify(src) by extension 'python_setup_py'
[0.157s] Level 1:colcon.colcon_core.package_identification:_identify(src/astro_cartographer) by extensions ['ignore', 'ignore_ament_install']
[0.157s] Level 1:colcon.colcon_core.package_identification:_identify(src/astro_cartographer) by extension 'ignore'
[0.157s] Level 1:colcon.colcon_core.package_identification:_identify(src/astro_cartographer) by extension 'ignore_ament_install'
[0.157s] Level 1:colcon.colcon_core.package_identification:_identify(src/astro_cartographer) by extensions ['colcon_pkg']
[0.157s] Level 1:colcon.colcon_core.package_identification:_identify(src/astro_cartographer) by extension 'colcon_pkg'
[0.157s] Level 1:colcon.colcon_core.package_identification:_identify(src/astro_cartographer) by extensions ['colcon_meta']
[0.157s] Level 1:colcon.colcon_core.package_identification:_identify(src/astro_cartographer) by extension 'colcon_meta'
[0.157s] Level 1:colcon.colcon_core.package_identification:_identify(src/astro_cartographer) by extensions ['ros']
[0.157s] Level 1:colcon.colcon_core.package_identification:_identify(src/astro_cartographer) by extension 'ros'
[0.158s] DEBUG:colcon.colcon_core.package_identification:Package 'src/astro_cartographer' with type 'ros.ament_cmake' and name 'astro_cartographer'
[0.158s] Level 1:colcon.colcon_core.package_identification:_identify(src/astro_odometry_publisher) by extensions ['ignore', 'ignore_ament_install']
[0.158s] Level 1:colcon.colcon_core.package_identification:_identify(src/astro_odometry_publisher) by extension 'ignore'
[0.158s] Level 1:colcon.colcon_core.package_identification:_identify(src/astro_odometry_publisher) by extension 'ignore_ament_install'
[0.158s] Level 1:colcon.colcon_core.package_identification:_identify(src/astro_odometry_publisher) by extensions ['colcon_pkg']
[0.158s] Level 1:colcon.colcon_core.package_identification:_identify(src/astro_odometry_publisher) by extension 'colcon_pkg'
[0.158s] Level 1:colcon.colcon_core.package_identification:_identify(src/astro_odometry_publisher) by extensions ['colcon_meta']
[0.158s] Level 1:colcon.colcon_core.package_identification:_identify(src/astro_odometry_publisher) by extension 'colcon_meta'
[0.158s] Level 1:colcon.colcon_core.package_identification:_identify(src/astro_odometry_publisher) by extensions ['ros']
[0.158s] Level 1:colcon.colcon_core.package_identification:_identify(src/astro_odometry_publisher) by extension 'ros'
[0.158s] DEBUG:colcon.colcon_core.package_identification:Package 'src/astro_odometry_publisher' with type 'ros.ament_python' and name 'astro_odometry'
[0.158s] Level 1:colcon.colcon_core.package_identification:_identify(src/astro_odometry_tf_broadcaster) by extensions ['ignore', 'ignore_ament_install']
[0.159s] Level 1:colcon.colcon_core.package_identification:_identify(src/astro_odometry_tf_broadcaster) by extension 'ignore'
[0.159s] Level 1:colcon.colcon_core.package_identification:_identify(src/astro_odometry_tf_broadcaster) by extension 'ignore_ament_install'
[0.159s] Level 1:colcon.colcon_core.package_identification:_identify(src/astro_odometry_tf_broadcaster) by extensions ['colcon_pkg']
[0.159s] Level 1:colcon.colcon_core.package_identification:_identify(src/astro_odometry_tf_broadcaster) by extension 'colcon_pkg'
[0.159s] Level 1:colcon.colcon_core.package_identification:_identify(src/astro_odometry_tf_broadcaster) by extensions ['colcon_meta']
[0.159s] Level 1:colcon.colcon_core.package_identification:_identify(src/astro_odometry_tf_broadcaster) by extension 'colcon_meta'
[0.159s] Level 1:colcon.colcon_core.package_identification:_identify(src/astro_odometry_tf_broadcaster) by extensions ['ros']
[0.159s] Level 1:colcon.colcon_core.package_identification:_identify(src/astro_odometry_tf_broadcaster) by extension 'ros'
[0.159s] DEBUG:colcon.colcon_core.package_identification:Package 'src/astro_odometry_tf_broadcaster' with type 'ros.ament_cmake' and name 'astro_odometry_tf_broadcaster'
[0.159s] Level 1:colcon.colcon_core.package_identification:_identify(src/astro_robot_description) by extensions ['ignore', 'ignore_ament_install']
[0.159s] Level 1:colcon.colcon_core.package_identification:_identify(src/astro_robot_description) by extension 'ignore'
[0.159s] Level 1:colcon.colcon_core.package_identification:_identify(src/astro_robot_description) by extension 'ignore_ament_install'
[0.159s] Level 1:colcon.colcon_core.package_identification:_identify(src/astro_robot_description) by extensions ['colcon_pkg']
[0.159s] Level 1:colcon.colcon_core.package_identification:_identify(src/astro_robot_description) by extension 'colcon_pkg'
[0.159s] Level 1:colcon.colcon_core.package_identification:_identify(src/astro_robot_description) by extensions ['colcon_meta']
[0.159s] Level 1:colcon.colcon_core.package_identification:_identify(src/astro_robot_description) by extension 'colcon_meta'
[0.159s] Level 1:colcon.colcon_core.package_identification:_identify(src/astro_robot_description) by extensions ['ros']
[0.159s] Level 1:colcon.colcon_core.package_identification:_identify(src/astro_robot_description) by extension 'ros'
[0.160s] DEBUG:colcon.colcon_core.package_identification:Package 'src/astro_robot_description' with type 'ros.ament_cmake' and name 'astro_robot_description'
[0.160s] Level 1:colcon.colcon_core.package_identification:_identify(src/astro_teleop_twist_joy) by extensions ['ignore', 'ignore_ament_install']
[0.160s] Level 1:colcon.colcon_core.package_identification:_identify(src/astro_teleop_twist_joy) by extension 'ignore'
[0.160s] Level 1:colcon.colcon_core.package_identification:_identify(src/astro_teleop_twist_joy) by extension 'ignore_ament_install'
[0.160s] Level 1:colcon.colcon_core.package_identification:_identify(src/astro_teleop_twist_joy) by extensions ['colcon_pkg']
[0.160s] Level 1:colcon.colcon_core.package_identification:_identify(src/astro_teleop_twist_joy) by extension 'colcon_pkg'
[0.160s] Level 1:colcon.colcon_core.package_identification:_identify(src/astro_teleop_twist_joy) by extensions ['colcon_meta']
[0.160s] Level 1:colcon.colcon_core.package_identification:_identify(src/astro_teleop_twist_joy) by extension 'colcon_meta'
[0.160s] Level 1:colcon.colcon_core.package_identification:_identify(src/astro_teleop_twist_joy) by extensions ['ros']
[0.160s] Level 1:colcon.colcon_core.package_identification:_identify(src/astro_teleop_twist_joy) by extension 'ros'
[0.160s] DEBUG:colcon.colcon_core.package_identification:Package 'src/astro_teleop_twist_joy' with type 'ros.ament_python' and name 'astro_teleop'
[0.160s] Level 1:colcon.colcon_core.package_identification:_identify(src/robot_bringup) by extensions ['ignore', 'ignore_ament_install']
[0.160s] Level 1:colcon.colcon_core.package_identification:_identify(src/robot_bringup) by extension 'ignore'
[0.160s] Level 1:colcon.colcon_core.package_identification:_identify(src/robot_bringup) by extension 'ignore_ament_install'
[0.160s] Level 1:colcon.colcon_core.package_identification:_identify(src/robot_bringup) by extensions ['colcon_pkg']
[0.160s] Level 1:colcon.colcon_core.package_identification:_identify(src/robot_bringup) by extension 'colcon_pkg'
[0.160s] Level 1:colcon.colcon_core.package_identification:_identify(src/robot_bringup) by extensions ['colcon_meta']
[0.160s] Level 1:colcon.colcon_core.package_identification:_identify(src/robot_bringup) by extension 'colcon_meta'
[0.160s] Level 1:colcon.colcon_core.package_identification:_identify(src/robot_bringup) by extensions ['ros']
[0.160s] Level 1:colcon.colcon_core.package_identification:_identify(src/robot_bringup) by extension 'ros'
[0.160s] DEBUG:colcon.colcon_core.package_identification:Package 'src/robot_bringup' with type 'ros.ament_cmake' and name 'robot_bringup'
[0.160s] Level 1:colcon.colcon_core.package_discovery:discover_packages(recursive) using defaults
[0.161s] Level 1:colcon.colcon_core.package_discovery:discover_packages(ignore) discover
[0.161s] Level 1:colcon.colcon_core.package_discovery:discover_packages(ignore) using defaults
[0.161s] Level 1:colcon.colcon_core.package_discovery:discover_packages(path) discover
[0.161s] Level 1:colcon.colcon_core.package_discovery:discover_packages(path) using defaults
[0.178s] Level 1:colcon.colcon_core.package_discovery:discover_packages(prefix_path) check parameters
[0.178s] Level 1:colcon.colcon_core.package_discovery:discover_packages(prefix_path) discover
[0.178s] WARNING:colcon.colcon_ros.prefix_path.ament:The path '/projects/github_repos/astro/ros2_rpi_ws/install/robot_bringup' in the environment variable AMENT_PREFIX_PATH doesn't exist
[0.178s] WARNING:colcon.colcon_ros.prefix_path.ament:The path '/projects/github_repos/astro/ros2_rpi_ws/install/astro_time' in the environment variable AMENT_PREFIX_PATH doesn't exist
[0.178s] WARNING:colcon.colcon_ros.prefix_path.ament:The path '/projects/github_repos/astro/ros2_rpi_ws/install/astro_teleop' in the environment variable AMENT_PREFIX_PATH doesn't exist
[0.178s] WARNING:colcon.colcon_ros.prefix_path.ament:The path '/projects/github_repos/astro/ros2_rpi_ws/install/astro_robot_description' in the environment variable AMENT_PREFIX_PATH doesn't exist
[0.178s] WARNING:colcon.colcon_ros.prefix_path.ament:The path '/projects/github_repos/astro/ros2_rpi_ws/install/astro_odometry_tf_broadcaster' in the environment variable AMENT_PREFIX_PATH doesn't exist
[0.178s] WARNING:colcon.colcon_ros.prefix_path.ament:The path '/projects/github_repos/astro/ros2_rpi_ws/install/astro_cartographer' in the environment variable AMENT_PREFIX_PATH doesn't exist
[0.179s] WARNING:colcon.colcon_ros.prefix_path.catkin:The path '/projects/github_repos/astro/ros2_rpi_ws/install/robot_bringup' in the environment variable CMAKE_PREFIX_PATH doesn't exist
[0.179s] WARNING:colcon.colcon_ros.prefix_path.catkin:The path '/projects/github_repos/astro/ros2_rpi_ws/install/astro_robot_description' in the environment variable CMAKE_PREFIX_PATH doesn't exist
[0.179s] WARNING:colcon.colcon_ros.prefix_path.catkin:The path '/projects/github_repos/astro/ros2_rpi_ws/install/astro_odometry_tf_broadcaster' in the environment variable CMAKE_PREFIX_PATH doesn't exist
[0.179s] WARNING:colcon.colcon_ros.prefix_path.catkin:The path '/projects/github_repos/astro/ros2_rpi_ws/install/astro_cartographer' in the environment variable CMAKE_PREFIX_PATH doesn't exist
[0.179s] DEBUG:colcon.colcon_installed_package_information.package_discovery:Found 0 installed packages in /projects/github_repos/astro/ros2_rpi_ws/install
[0.180s] DEBUG:colcon.colcon_installed_package_information.package_discovery:Found 39 installed packages in /projects/ros/microros_ws/install
[0.181s] DEBUG:colcon.colcon_installed_package_information.package_discovery:Found 302 installed packages in /opt/ros/humble
[0.182s] Level 1:colcon.colcon_core.package_discovery:discover_packages(prefix_path) using defaults
[0.200s] Level 5:colcon.colcon_core.verb:set package 'astro_cartographer' build argument 'cmake_args' from command line to 'None'
[0.201s] Level 5:colcon.colcon_core.verb:set package 'astro_cartographer' build argument 'cmake_target' from command line to 'None'
[0.201s] Level 5:colcon.colcon_core.verb:set package 'astro_cartographer' build argument 'cmake_target_skip_unavailable' from command line to 'False'
[0.201s] Level 5:colcon.colcon_core.verb:set package 'astro_cartographer' build argument 'cmake_clean_cache' from command line to 'False'
[0.201s] Level 5:colcon.colcon_core.verb:set package 'astro_cartographer' build argument 'cmake_clean_first' from command line to 'False'
[0.201s] Level 5:colcon.colcon_core.verb:set package 'astro_cartographer' build argument 'cmake_force_configure' from command line to 'False'
[0.201s] Level 5:colcon.colcon_core.verb:set package 'astro_cartographer' build argument 'ament_cmake_args' from command line to 'None'
[0.201s] Level 5:colcon.colcon_core.verb:set package 'astro_cartographer' build argument 'catkin_cmake_args' from command line to 'None'
[0.201s] Level 5:colcon.colcon_core.verb:set package 'astro_cartographer' build argument 'catkin_skip_building_tests' from command line to 'False'
[0.201s] DEBUG:colcon.colcon_core.verb:Building package 'astro_cartographer' with the following arguments: {'ament_cmake_args': None, 'build_base': '/projects/github_repos/astro/ros2_rpi_ws/build/astro_cartographer', 'catkin_cmake_args': None, 'catkin_skip_building_tests': False, 'cmake_args': None, 'cmake_clean_cache': False, 'cmake_clean_first': False, 'cmake_force_configure': False, 'cmake_target': None, 'cmake_target_skip_unavailable': False, 'install_base': '/projects/github_repos/astro/ros2_rpi_ws/install/astro_cartographer', 'merge_install': False, 'path': '/projects/github_repos/astro/ros2_rpi_ws/src/astro_cartographer', 'symlink_install': False, 'test_result_base': None}
[0.201s] Level 5:colcon.colcon_core.verb:set package 'astro_odometry' build argument 'cmake_args' from command line to 'None'
[0.201s] Level 5:colcon.colcon_core.verb:set package 'astro_odometry' build argument 'cmake_target' from command line to 'None'
[0.201s] Level 5:colcon.colcon_core.verb:set package 'astro_odometry' build argument 'cmake_target_skip_unavailable' from command line to 'False'
[0.201s] Level 5:colcon.colcon_core.verb:set package 'astro_odometry' build argument 'cmake_clean_cache' from command line to 'False'
[0.201s] Level 5:colcon.colcon_core.verb:set package 'astro_odometry' build argument 'cmake_clean_first' from command line to 'False'
[0.201s] Level 5:colcon.colcon_core.verb:set package 'astro_odometry' build argument 'cmake_force_configure' from command line to 'False'
[0.201s] Level 5:colcon.colcon_core.verb:set package 'astro_odometry' build argument 'ament_cmake_args' from command line to 'None'
[0.201s] Level 5:colcon.colcon_core.verb:set package 'astro_odometry' build argument 'catkin_cmake_args' from command line to 'None'
[0.201s] Level 5:colcon.colcon_core.verb:set package 'astro_odometry' build argument 'catkin_skip_building_tests' from command line to 'False'
[0.201s] DEBUG:colcon.colcon_core.verb:Building package 'astro_odometry' with the following arguments: {'ament_cmake_args': None, 'build_base': '/projects/github_repos/astro/ros2_rpi_ws/build/astro_odometry', 'catkin_cmake_args': None, 'catkin_skip_building_tests': False, 'cmake_args': None, 'cmake_clean_cache': False, 'cmake_clean_first': False, 'cmake_force_configure': False, 'cmake_target': None, 'cmake_target_skip_unavailable': False, 'install_base': '/projects/github_repos/astro/ros2_rpi_ws/install/astro_odometry', 'merge_install': False, 'path': '/projects/github_repos/astro/ros2_rpi_ws/src/astro_odometry_publisher', 'symlink_install': False, 'test_result_base': None}
[0.201s] Level 5:colcon.colcon_core.verb:set package 'astro_odometry_tf_broadcaster' build argument 'cmake_args' from command line to 'None'
[0.201s] Level 5:colcon.colcon_core.verb:set package 'astro_odometry_tf_broadcaster' build argument 'cmake_target' from command line to 'None'
[0.201s] Level 5:colcon.colcon_core.verb:set package 'astro_odometry_tf_broadcaster' build argument 'cmake_target_skip_unavailable' from command line to 'False'
[0.201s] Level 5:colcon.colcon_core.verb:set package 'astro_odometry_tf_broadcaster' build argument 'cmake_clean_cache' from command line to 'False'
[0.201s] Level 5:colcon.colcon_core.verb:set package 'astro_odometry_tf_broadcaster' build argument 'cmake_clean_first' from command line to 'False'
[0.201s] Level 5:colcon.colcon_core.verb:set package 'astro_odometry_tf_broadcaster' build argument 'cmake_force_configure' from command line to 'False'
[0.201s] Level 5:colcon.colcon_core.verb:set package 'astro_odometry_tf_broadcaster' build argument 'ament_cmake_args' from command line to 'None'
[0.201s] Level 5:colcon.colcon_core.verb:set package 'astro_odometry_tf_broadcaster' build argument 'catkin_cmake_args' from command line to 'None'
[0.201s] Level 5:colcon.colcon_core.verb:set package 'astro_odometry_tf_broadcaster' build argument 'catkin_skip_building_tests' from command line to 'False'
[0.201s] DEBUG:colcon.colcon_core.verb:Building package 'astro_odometry_tf_broadcaster' with the following arguments: {'ament_cmake_args': None, 'build_base': '/projects/github_repos/astro/ros2_rpi_ws/build/astro_odometry_tf_broadcaster', 'catkin_cmake_args': None, 'catkin_skip_building_tests': False, 'cmake_args': None, 'cmake_clean_cache': False, 'cmake_clean_first': False, 'cmake_force_configure': False, 'cmake_target': None, 'cmake_target_skip_unavailable': False, 'install_base': '/projects/github_repos/astro/ros2_rpi_ws/install/astro_odometry_tf_broadcaster', 'merge_install': False, 'path': '/projects/github_repos/astro/ros2_rpi_ws/src/astro_odometry_tf_broadcaster', 'symlink_install': False, 'test_result_base': None}
[0.201s] Level 5:colcon.colcon_core.verb:set package 'astro_robot_description' build argument 'cmake_args' from command line to 'None'
[0.201s] Level 5:colcon.colcon_core.verb:set package 'astro_robot_description' build argument 'cmake_target' from command line to 'None'
[0.201s] Level 5:colcon.colcon_core.verb:set package 'astro_robot_description' build argument 'cmake_target_skip_unavailable' from command line to 'False'
[0.201s] Level 5:colcon.colcon_core.verb:set package 'astro_robot_description' build argument 'cmake_clean_cache' from command line to 'False'
[0.201s] Level 5:colcon.colcon_core.verb:set package 'astro_robot_description' build argument 'cmake_clean_first' from command line to 'False'
[0.201s] Level 5:colcon.colcon_core.verb:set package 'astro_robot_description' build argument 'cmake_force_configure' from command line to 'False'
[0.201s] Level 5:colcon.colcon_core.verb:set package 'astro_robot_description' build argument 'ament_cmake_args' from command line to 'None'
[0.201s] Level 5:colcon.colcon_core.verb:set package 'astro_robot_description' build argument 'catkin_cmake_args' from command line to 'None'
[0.201s] Level 5:colcon.colcon_core.verb:set package 'astro_robot_description' build argument 'catkin_skip_building_tests' from command line to 'False'
[0.201s] DEBUG:colcon.colcon_core.verb:Building package 'astro_robot_description' with the following arguments: {'ament_cmake_args': None, 'build_base': '/projects/github_repos/astro/ros2_rpi_ws/build/astro_robot_description', 'catkin_cmake_args': None, 'catkin_skip_building_tests': False, 'cmake_args': None, 'cmake_clean_cache': False, 'cmake_clean_first': False, 'cmake_force_configure': False, 'cmake_target': None, 'cmake_target_skip_unavailable': False, 'install_base': '/projects/github_repos/astro/ros2_rpi_ws/install/astro_robot_description', 'merge_install': False, 'path': '/projects/github_repos/astro/ros2_rpi_ws/src/astro_robot_description', 'symlink_install': False, 'test_result_base': None}
[0.202s] Level 5:colcon.colcon_core.verb:set package 'astro_teleop' build argument 'cmake_args' from command line to 'None'
[0.202s] Level 5:colcon.colcon_core.verb:set package 'astro_teleop' build argument 'cmake_target' from command line to 'None'
[0.202s] Level 5:colcon.colcon_core.verb:set package 'astro_teleop' build argument 'cmake_target_skip_unavailable' from command line to 'False'
[0.202s] Level 5:colcon.colcon_core.verb:set package 'astro_teleop' build argument 'cmake_clean_cache' from command line to 'False'
[0.202s] Level 5:colcon.colcon_core.verb:set package 'astro_teleop' build argument 'cmake_clean_first' from command line to 'False'
[0.202s] Level 5:colcon.colcon_core.verb:set package 'astro_teleop' build argument 'cmake_force_configure' from command line to 'False'
[0.202s] Level 5:colcon.colcon_core.verb:set package 'astro_teleop' build argument 'ament_cmake_args' from command line to 'None'
[0.202s] Level 5:colcon.colcon_core.verb:set package 'astro_teleop' build argument 'catkin_cmake_args' from command line to 'None'
[0.202s] Level 5:colcon.colcon_core.verb:set package 'astro_teleop' build argument 'catkin_skip_building_tests' from command line to 'False'
[0.202s] DEBUG:colcon.colcon_core.verb:Building package 'astro_teleop' with the following arguments: {'ament_cmake_args': None, 'build_base': '/projects/github_repos/astro/ros2_rpi_ws/build/astro_teleop', 'catkin_cmake_args': None, 'catkin_skip_building_tests': False, 'cmake_args': None, 'cmake_clean_cache': False, 'cmake_clean_first': False, 'cmake_force_configure': False, 'cmake_target': None, 'cmake_target_skip_unavailable': False, 'install_base': '/projects/github_repos/astro/ros2_rpi_ws/install/astro_teleop', 'merge_install': False, 'path': '/projects/github_repos/astro/ros2_rpi_ws/src/astro_teleop_twist_joy', 'symlink_install': False, 'test_result_base': None}
[0.202s] Level 5:colcon.colcon_core.verb:set package 'robot_bringup' build argument 'cmake_args' from command line to 'None'
[0.202s] Level 5:colcon.colcon_core.verb:set package 'robot_bringup' build argument 'cmake_target' from command line to 'None'
[0.202s] Level 5:colcon.colcon_core.verb:set package 'robot_bringup' build argument 'cmake_target_skip_unavailable' from command line to 'False'
[0.202s] Level 5:colcon.colcon_core.verb:set package 'robot_bringup' build argument 'cmake_clean_cache' from command line to 'False'
[0.202s] Level 5:colcon.colcon_core.verb:set package 'robot_bringup' build argument 'cmake_clean_first' from command line to 'False'
[0.202s] Level 5:colcon.colcon_core.verb:set package 'robot_bringup' build argument 'cmake_force_configure' from command line to 'False'
[0.202s] Level 5:colcon.colcon_core.verb:set package 'robot_bringup' build argument 'ament_cmake_args' from command line to 'None'
[0.202s] Level 5:colcon.colcon_core.verb:set package 'robot_bringup' build argument 'catkin_cmake_args' from command line to 'None'
[0.202s] Level 5:colcon.colcon_core.verb:set package 'robot_bringup' build argument 'catkin_skip_building_tests' from command line to 'False'
[0.202s] DEBUG:colcon.colcon_core.verb:Building package 'robot_bringup' with the following arguments: {'ament_cmake_args': None, 'build_base': '/projects/github_repos/astro/ros2_rpi_ws/build/robot_bringup', 'catkin_cmake_args': None, 'catkin_skip_building_tests': False, 'cmake_args': None, 'cmake_clean_cache': False, 'cmake_clean_first': False, 'cmake_force_configure': False, 'cmake_target': None, 'cmake_target_skip_unavailable': False, 'install_base': '/projects/github_repos/astro/ros2_rpi_ws/install/robot_bringup', 'merge_install': False, 'path': '/projects/github_repos/astro/ros2_rpi_ws/src/robot_bringup', 'symlink_install': False, 'test_result_base': None}
[0.202s] INFO:colcon.colcon_core.executor:Executing jobs using 'parallel' executor
[0.203s] DEBUG:colcon.colcon_parallel_executor.executor.parallel:run_until_complete
[0.203s] INFO:colcon.colcon_ros.task.ament_cmake.build:Building ROS package in '/projects/github_repos/astro/ros2_rpi_ws/src/astro_cartographer' with build type 'ament_cmake'
[0.203s] INFO:colcon.colcon_cmake.task.cmake.build:Building CMake package in '/projects/github_repos/astro/ros2_rpi_ws/src/astro_cartographer'
[0.204s] INFO:colcon.colcon_core.plugin_system:Skipping extension 'colcon_core.shell.bat': Not used on non-Windows systems
[0.204s] INFO:colcon.colcon_core.shell:Skip shell extension 'powershell' for command environment: Not usable outside of PowerShell
[0.204s] DEBUG:colcon.colcon_core.shell:Skip shell extension 'dsv' for command environment
[0.207s] INFO:colcon.colcon_ros.task.ament_python.build:Building ROS package in '/projects/github_repos/astro/ros2_rpi_ws/src/astro_odometry_publisher' with build type 'ament_python'
[0.207s] Level 1:colcon.colcon_core.shell:create_environment_hook('astro_odometry', 'ament_prefix_path')
[0.207s] INFO:colcon.colcon_core.shell:Creating environment hook '/projects/github_repos/astro/ros2_rpi_ws/install/astro_odometry/share/astro_odometry/hook/ament_prefix_path.ps1'
[0.208s] INFO:colcon.colcon_core.shell:Creating environment descriptor '/projects/github_repos/astro/ros2_rpi_ws/install/astro_odometry/share/astro_odometry/hook/ament_prefix_path.dsv'
[0.208s] INFO:colcon.colcon_core.shell:Creating environment hook '/projects/github_repos/astro/ros2_rpi_ws/install/astro_odometry/share/astro_odometry/hook/ament_prefix_path.sh'
[0.208s] INFO:colcon.colcon_core.shell:Skip shell extension 'powershell' for command environment: Not usable outside of PowerShell
[0.208s] DEBUG:colcon.colcon_core.shell:Skip shell extension 'dsv' for command environment
[0.211s] INFO:colcon.colcon_ros.task.ament_cmake.build:Building ROS package in '/projects/github_repos/astro/ros2_rpi_ws/src/astro_odometry_tf_broadcaster' with build type 'ament_cmake'
[0.211s] INFO:colcon.colcon_cmake.task.cmake.build:Building CMake package in '/projects/github_repos/astro/ros2_rpi_ws/src/astro_odometry_tf_broadcaster'
[0.211s] INFO:colcon.colcon_core.shell:Skip shell extension 'powershell' for command environment: Not usable outside of PowerShell
[0.211s] DEBUG:colcon.colcon_core.shell:Skip shell extension 'dsv' for command environment
[0.213s] INFO:colcon.colcon_ros.task.ament_cmake.build:Building ROS package in '/projects/github_repos/astro/ros2_rpi_ws/src/astro_robot_description' with build type 'ament_cmake'
[0.213s] INFO:colcon.colcon_cmake.task.cmake.build:Building CMake package in '/projects/github_repos/astro/ros2_rpi_ws/src/astro_robot_description'
[0.213s] INFO:colcon.colcon_core.shell:Skip shell extension 'powershell' for command environment: Not usable outside of PowerShell
[0.213s] DEBUG:colcon.colcon_core.shell:Skip shell extension 'dsv' for command environment
[0.216s] INFO:colcon.colcon_ros.task.ament_python.build:Building ROS package in '/projects/github_repos/astro/ros2_rpi_ws/src/astro_teleop_twist_joy' with build type 'ament_python'
[0.216s] Level 1:colcon.colcon_core.shell:create_environment_hook('astro_teleop', 'ament_prefix_path')
[0.216s] INFO:colcon.colcon_core.shell:Creating environment hook '/projects/github_repos/astro/ros2_rpi_ws/install/astro_teleop/share/astro_teleop/hook/ament_prefix_path.ps1'
[0.216s] INFO:colcon.colcon_core.shell:Creating environment descriptor '/projects/github_repos/astro/ros2_rpi_ws/install/astro_teleop/share/astro_teleop/hook/ament_prefix_path.dsv'
[0.216s] INFO:colcon.colcon_core.shell:Creating environment hook '/projects/github_repos/astro/ros2_rpi_ws/install/astro_teleop/share/astro_teleop/hook/ament_prefix_path.sh'
[0.217s] INFO:colcon.colcon_core.shell:Skip shell extension 'powershell' for command environment: Not usable outside of PowerShell
[0.217s] DEBUG:colcon.colcon_core.shell:Skip shell extension 'dsv' for command environment
[0.219s] INFO:colcon.colcon_ros.task.ament_cmake.build:Building ROS package in '/projects/github_repos/astro/ros2_rpi_ws/src/robot_bringup' with build type 'ament_cmake'
[0.219s] INFO:colcon.colcon_cmake.task.cmake.build:Building CMake package in '/projects/github_repos/astro/ros2_rpi_ws/src/robot_bringup'
[0.219s] INFO:colcon.colcon_core.shell:Skip shell extension 'powershell' for command environment: Not usable outside of PowerShell
[0.219s] DEBUG:colcon.colcon_core.shell:Skip shell extension 'dsv' for command environment
[0.225s] DEBUG:colcon.colcon_core.event_handler.log_command:Invoking command in '/projects/github_repos/astro/ros2_rpi_ws/build/astro_cartographer': CMAKE_PREFIX_PATH=${CMAKE_PREFIX_PATH}:/projects/github_repos/astro/ros2_rpi_ws/install/astro_time:/projects/github_repos/astro/ros2_rpi_ws/install/astro_teleop:/projects/ros/microros_ws/install/sensor_msgs_py:/opt/ros/humble /usr/bin/cmake /projects/github_repos/astro/ros2_rpi_ws/src/astro_cartographer -DCMAKE_INSTALL_PREFIX=/projects/github_repos/astro/ros2_rpi_ws/install/astro_cartographer
[0.372s] WARNING:colcon.colcon_ros.task.ament_python.build:Package 'astro_odometry' doesn't explicitly install a marker in the package index (colcon-ros currently does it implicitly but that fallback will be removed in the future)
[0.372s] WARNING:colcon.colcon_ros.task.ament_python.build:Package 'astro_odometry' doesn't explicitly install the 'package.xml' file (colcon-ros currently does it implicitly but that fallback will be removed in the future)
[0.372s] INFO:colcon.colcon_core.task.python.build:Building Python package in '/projects/github_repos/astro/ros2_rpi_ws/src/astro_odometry_publisher'
[0.373s] INFO:colcon.colcon_core.shell:Skip shell extension 'powershell' for command environment: Not usable outside of PowerShell
[0.373s] DEBUG:colcon.colcon_core.shell:Skip shell extension 'dsv' for command environment
[0.377s] DEBUG:colcon.colcon_core.event_handler.log_command:Invoking command in '/projects/github_repos/astro/ros2_rpi_ws/build/astro_odometry_tf_broadcaster': CMAKE_PREFIX_PATH=${CMAKE_PREFIX_PATH}:/projects/github_repos/astro/ros2_rpi_ws/install/astro_time:/projects/github_repos/astro/ros2_rpi_ws/install/astro_teleop:/projects/ros/microros_ws/install/sensor_msgs_py:/opt/ros/humble /usr/bin/cmake /projects/github_repos/astro/ros2_rpi_ws/src/astro_odometry_tf_broadcaster -DCMAKE_INSTALL_PREFIX=/projects/github_repos/astro/ros2_rpi_ws/install/astro_odometry_tf_broadcaster
[0.378s] DEBUG:colcon.colcon_core.event_handler.log_command:Invoking command in '/projects/github_repos/astro/ros2_rpi_ws/build/astro_robot_description': CMAKE_PREFIX_PATH=${CMAKE_PREFIX_PATH}:/projects/github_repos/astro/ros2_rpi_ws/install/astro_time:/projects/github_repos/astro/ros2_rpi_ws/install/astro_teleop:/projects/ros/microros_ws/install/sensor_msgs_py:/opt/ros/humble /usr/bin/cmake /projects/github_repos/astro/ros2_rpi_ws/src/astro_robot_description -DCMAKE_INSTALL_PREFIX=/projects/github_repos/astro/ros2_rpi_ws/install/astro_robot_description
[0.535s] INFO:colcon.colcon_core.task.python.build:Building Python package in '/projects/github_repos/astro/ros2_rpi_ws/src/astro_teleop_twist_joy'
[0.536s] INFO:colcon.colcon_core.shell:Skip shell extension 'powershell' for command environment: Not usable outside of PowerShell
[0.536s] DEBUG:colcon.colcon_core.shell:Skip shell extension 'dsv' for command environment
[0.547s] DEBUG:colcon.colcon_core.event_handler.log_command:Invoking command in '/projects/github_repos/astro/ros2_rpi_ws/build/robot_bringup': CMAKE_PREFIX_PATH=${CMAKE_PREFIX_PATH}:/projects/github_repos/astro/ros2_rpi_ws/install/astro_time:/projects/github_repos/astro/ros2_rpi_ws/install/astro_teleop:/projects/ros/microros_ws/install/sensor_msgs_py:/opt/ros/humble /usr/bin/cmake /projects/github_repos/astro/ros2_rpi_ws/src/robot_bringup -DCMAKE_INSTALL_PREFIX=/projects/github_repos/astro/ros2_rpi_ws/install/robot_bringup
[0.673s] DEBUG:colcon.colcon_core.event_handler.log_command:Invoked command in '/projects/github_repos/astro/ros2_rpi_ws/build/astro_cartographer' returned '0': CMAKE_PREFIX_PATH=${CMAKE_PREFIX_PATH}:/projects/github_repos/astro/ros2_rpi_ws/install/astro_time:/projects/github_repos/astro/ros2_rpi_ws/install/astro_teleop:/projects/ros/microros_ws/install/sensor_msgs_py:/opt/ros/humble /usr/bin/cmake /projects/github_repos/astro/ros2_rpi_ws/src/astro_cartographer -DCMAKE_INSTALL_PREFIX=/projects/github_repos/astro/ros2_rpi_ws/install/astro_cartographer
[0.675s] DEBUG:colcon.colcon_core.event_handler.log_command:Invoking command in '/projects/github_repos/astro/ros2_rpi_ws/build/astro_cartographer': CMAKE_PREFIX_PATH=${CMAKE_PREFIX_PATH}:/projects/github_repos/astro/ros2_rpi_ws/install/astro_time:/projects/github_repos/astro/ros2_rpi_ws/install/astro_teleop:/projects/ros/microros_ws/install/sensor_msgs_py:/opt/ros/humble /usr/bin/cmake --build /projects/github_repos/astro/ros2_rpi_ws/build/astro_cartographer -- -j24 -l24
[0.709s] DEBUG:colcon.colcon_core.event_handler.log_command:Invoked command in '/projects/github_repos/astro/ros2_rpi_ws/build/astro_cartographer' returned '0': CMAKE_PREFIX_PATH=${CMAKE_PREFIX_PATH}:/projects/github_repos/astro/ros2_rpi_ws/install/astro_time:/projects/github_repos/astro/ros2_rpi_ws/install/astro_teleop:/projects/ros/microros_ws/install/sensor_msgs_py:/opt/ros/humble /usr/bin/cmake --build /projects/github_repos/astro/ros2_rpi_ws/build/astro_cartographer -- -j24 -l24
[0.717s] DEBUG:colcon.colcon_core.event_handler.log_command:Invoking command in '/projects/github_repos/astro/ros2_rpi_ws/build/astro_cartographer': CMAKE_PREFIX_PATH=${CMAKE_PREFIX_PATH}:/projects/github_repos/astro/ros2_rpi_ws/install/astro_time:/projects/github_repos/astro/ros2_rpi_ws/install/astro_teleop:/projects/ros/microros_ws/install/sensor_msgs_py:/opt/ros/humble /usr/bin/cmake --install /projects/github_repos/astro/ros2_rpi_ws/build/astro_cartographer
[0.726s] Level 1:colcon.colcon_core.environment:create_environment_scripts_only(astro_cartographer)
[0.726s] DEBUG:colcon.colcon_core.event_handler.log_command:Invoked command in '/projects/github_repos/astro/ros2_rpi_ws/build/astro_cartographer' returned '0': CMAKE_PREFIX_PATH=${CMAKE_PREFIX_PATH}:/projects/github_repos/astro/ros2_rpi_ws/install/astro_time:/projects/github_repos/astro/ros2_rpi_ws/install/astro_teleop:/projects/ros/microros_ws/install/sensor_msgs_py:/opt/ros/humble /usr/bin/cmake --install /projects/github_repos/astro/ros2_rpi_ws/build/astro_cartographer
[0.727s] Level 1:colcon.colcon_core.environment:checking '/projects/github_repos/astro/ros2_rpi_ws/install/astro_cartographer' for CMake module files
[0.728s] Level 1:colcon.colcon_core.environment:checking '/projects/github_repos/astro/ros2_rpi_ws/install/astro_cartographer' for CMake config files
[0.728s] Level 1:colcon.colcon_core.shell:create_environment_hook('astro_cartographer', 'cmake_prefix_path')
[0.728s] INFO:colcon.colcon_core.shell:Creating environment hook '/projects/github_repos/astro/ros2_rpi_ws/install/astro_cartographer/share/astro_cartographer/hook/cmake_prefix_path.ps1'
[0.728s] INFO:colcon.colcon_core.shell:Creating environment descriptor '/projects/github_repos/astro/ros2_rpi_ws/install/astro_cartographer/share/astro_cartographer/hook/cmake_prefix_path.dsv'
[0.728s] INFO:colcon.colcon_core.shell:Creating environment hook '/projects/github_repos/astro/ros2_rpi_ws/install/astro_cartographer/share/astro_cartographer/hook/cmake_prefix_path.sh'
[0.729s] Level 1:colcon.colcon_core.environment:checking '/projects/github_repos/astro/ros2_rpi_ws/install/astro_cartographer/bin'
[0.729s] Level 1:colcon.colcon_core.environment:checking '/projects/github_repos/astro/ros2_rpi_ws/install/astro_cartographer/lib/pkgconfig/astro_cartographer.pc'
[0.729s] Level 1:colcon.colcon_core.environment:checking '/projects/github_repos/astro/ros2_rpi_ws/install/astro_cartographer/lib/python3.10/site-packages'
[0.729s] Level 1:colcon.colcon_core.environment:checking '/projects/github_repos/astro/ros2_rpi_ws/install/astro_cartographer/bin'
[0.729s] INFO:colcon.colcon_core.shell:Creating package script '/projects/github_repos/astro/ros2_rpi_ws/install/astro_cartographer/share/astro_cartographer/package.ps1'
[0.730s] INFO:colcon.colcon_core.shell:Creating package descriptor '/projects/github_repos/astro/ros2_rpi_ws/install/astro_cartographer/share/astro_cartographer/package.dsv'
[0.730s] INFO:colcon.colcon_core.shell:Creating package script '/projects/github_repos/astro/ros2_rpi_ws/install/astro_cartographer/share/astro_cartographer/package.sh'
[0.730s] INFO:colcon.colcon_core.shell:Creating package script '/projects/github_repos/astro/ros2_rpi_ws/install/astro_cartographer/share/astro_cartographer/package.bash'
[0.731s] INFO:colcon.colcon_core.shell:Creating package script '/projects/github_repos/astro/ros2_rpi_ws/install/astro_cartographer/share/astro_cartographer/package.zsh'
[0.731s] Level 1:colcon.colcon_core.environment:create_file_with_runtime_dependencies(/projects/github_repos/astro/ros2_rpi_ws/install/astro_cartographer/share/colcon-core/packages/astro_cartographer)
[0.731s] Level 1:colcon.colcon_core.environment:create_environment_scripts_only(astro_cartographer)
[0.731s] Level 1:colcon.colcon_core.environment:checking '/projects/github_repos/astro/ros2_rpi_ws/install/astro_cartographer' for CMake module files
[0.732s] Level 1:colcon.colcon_core.environment:checking '/projects/github_repos/astro/ros2_rpi_ws/install/astro_cartographer' for CMake config files
[0.732s] Level 1:colcon.colcon_core.shell:create_environment_hook('astro_cartographer', 'cmake_prefix_path')
[0.732s] INFO:colcon.colcon_core.shell:Creating environment hook '/projects/github_repos/astro/ros2_rpi_ws/install/astro_cartographer/share/astro_cartographer/hook/cmake_prefix_path.ps1'
[0.732s] INFO:colcon.colcon_core.shell:Creating environment descriptor '/projects/github_repos/astro/ros2_rpi_ws/install/astro_cartographer/share/astro_cartographer/hook/cmake_prefix_path.dsv'
[0.732s] INFO:colcon.colcon_core.shell:Creating environment hook '/projects/github_repos/astro/ros2_rpi_ws/install/astro_cartographer/share/astro_cartographer/hook/cmake_prefix_path.sh'
[0.732s] Level 1:colcon.colcon_core.environment:checking '/projects/github_repos/astro/ros2_rpi_ws/install/astro_cartographer/bin'
[0.732s] Level 1:colcon.colcon_core.environment:checking '/projects/github_repos/astro/ros2_rpi_ws/install/astro_cartographer/lib/pkgconfig/astro_cartographer.pc'
[0.733s] Level 1:colcon.colcon_core.environment:checking '/projects/github_repos/astro/ros2_rpi_ws/install/astro_cartographer/lib/python3.10/site-packages'
[0.733s] Level 1:colcon.colcon_core.environment:checking '/projects/github_repos/astro/ros2_rpi_ws/install/astro_cartographer/bin'
[0.733s] INFO:colcon.colcon_core.shell:Creating package script '/projects/github_repos/astro/ros2_rpi_ws/install/astro_cartographer/share/astro_cartographer/package.ps1'
[0.733s] INFO:colcon.colcon_core.shell:Creating package descriptor '/projects/github_repos/astro/ros2_rpi_ws/install/astro_cartographer/share/astro_cartographer/package.dsv'
[0.733s] INFO:colcon.colcon_core.shell:Creating package script '/projects/github_repos/astro/ros2_rpi_ws/install/astro_cartographer/share/astro_cartographer/package.sh'
[0.733s] INFO:colcon.colcon_core.shell:Creating package script '/projects/github_repos/astro/ros2_rpi_ws/install/astro_cartographer/share/astro_cartographer/package.bash'
[0.734s] INFO:colcon.colcon_core.shell:Creating package script '/projects/github_repos/astro/ros2_rpi_ws/install/astro_cartographer/share/astro_cartographer/package.zsh'
[0.734s] Level 1:colcon.colcon_core.environment:create_file_with_runtime_dependencies(/projects/github_repos/astro/ros2_rpi_ws/install/astro_cartographer/share/colcon-core/packages/astro_cartographer)
[0.736s] DEBUG:colcon.colcon_core.event_handler.log_command:Invoking command in '/projects/github_repos/astro/ros2_rpi_ws/src/astro_odometry_publisher': PYTHONPATH=/projects/github_repos/astro/ros2_rpi_ws/build/astro_odometry/prefix_override:/usr/lib/python3/dist-packages/colcon_core/task/python/colcon_distutils_commands:/projects/github_repos/astro/ros2_rpi_ws/install/astro_odometry/lib/python3.10/site-packages:${PYTHONPATH} /usr/bin/python3 -W ignore:setup.py install is deprecated -W ignore:easy_install command is deprecated setup.py egg_info --egg-base ../../build/astro_odometry build --build-base /projects/github_repos/astro/ros2_rpi_ws/build/astro_odometry/build install --record /projects/github_repos/astro/ros2_rpi_ws/build/astro_odometry/install.log --single-version-externally-managed install_data
[0.743s] DEBUG:colcon.colcon_core.event_handler.log_command:Invoking command in '/projects/github_repos/astro/ros2_rpi_ws/src/astro_teleop_twist_joy': PYTHONPATH=/projects/github_repos/astro/ros2_rpi_ws/build/astro_teleop/prefix_override:/usr/lib/python3/dist-packages/colcon_core/task/python/colcon_distutils_commands:/projects/github_repos/astro/ros2_rpi_ws/install/astro_teleop/lib/python3.10/site-packages:${PYTHONPATH} /usr/bin/python3 -W ignore:setup.py install is deprecated -W ignore:easy_install command is deprecated setup.py egg_info --egg-base ../../build/astro_teleop build --build-base /projects/github_repos/astro/ros2_rpi_ws/build/astro_teleop/build install --record /projects/github_repos/astro/ros2_rpi_ws/build/astro_teleop/install.log --single-version-externally-managed install_data
[0.830s] DEBUG:colcon.colcon_core.event_handler.log_command:Invoked command in '/projects/github_repos/astro/ros2_rpi_ws/build/astro_robot_description' returned '0': CMAKE_PREFIX_PATH=${CMAKE_PREFIX_PATH}:/projects/github_repos/astro/ros2_rpi_ws/install/astro_time:/projects/github_repos/astro/ros2_rpi_ws/install/astro_teleop:/projects/ros/microros_ws/install/sensor_msgs_py:/opt/ros/humble /usr/bin/cmake /projects/github_repos/astro/ros2_rpi_ws/src/astro_robot_description -DCMAKE_INSTALL_PREFIX=/projects/github_repos/astro/ros2_rpi_ws/install/astro_robot_description
[0.831s] DEBUG:colcon.colcon_core.event_handler.log_command:Invoking command in '/projects/github_repos/astro/ros2_rpi_ws/build/astro_robot_description': CMAKE_PREFIX_PATH=${CMAKE_PREFIX_PATH}:/projects/github_repos/astro/ros2_rpi_ws/install/astro_time:/projects/github_repos/astro/ros2_rpi_ws/install/astro_teleop:/projects/ros/microros_ws/install/sensor_msgs_py:/opt/ros/humble /usr/bin/cmake --build /projects/github_repos/astro/ros2_rpi_ws/build/astro_robot_description -- -j24 -l24
[0.864s] DEBUG:colcon.colcon_core.event_handler.log_command:Invoked command in '/projects/github_repos/astro/ros2_rpi_ws/build/astro_robot_description' returned '0': CMAKE_PREFIX_PATH=${CMAKE_PREFIX_PATH}:/projects/github_repos/astro/ros2_rpi_ws/install/astro_time:/projects/github_repos/astro/ros2_rpi_ws/install/astro_teleop:/projects/ros/microros_ws/install/sensor_msgs_py:/opt/ros/humble /usr/bin/cmake --build /projects/github_repos/astro/ros2_rpi_ws/build/astro_robot_description -- -j24 -l24
[0.865s] DEBUG:colcon.colcon_core.event_handler.log_command:Invoking command in '/projects/github_repos/astro/ros2_rpi_ws/build/astro_robot_description': CMAKE_PREFIX_PATH=${CMAKE_PREFIX_PATH}:/projects/github_repos/astro/ros2_rpi_ws/install/astro_time:/projects/github_repos/astro/ros2_rpi_ws/install/astro_teleop:/projects/ros/microros_ws/install/sensor_msgs_py:/opt/ros/humble /usr/bin/cmake --install /projects/github_repos/astro/ros2_rpi_ws/build/astro_robot_description
[0.885s] DEBUG:colcon.colcon_core.event_handler.log_command:Invoked command in '/projects/github_repos/astro/ros2_rpi_ws/src/astro_odometry_publisher' returned '1': PYTHONPATH=/projects/github_repos/astro/ros2_rpi_ws/build/astro_odometry/prefix_override:/usr/lib/python3/dist-packages/colcon_core/task/python/colcon_distutils_commands:/projects/github_repos/astro/ros2_rpi_ws/install/astro_odometry/lib/python3.10/site-packages:${PYTHONPATH} /usr/bin/python3 -W ignore:setup.py install is deprecated -W ignore:easy_install command is deprecated setup.py egg_info --egg-base ../../build/astro_odometry build --build-base /projects/github_repos/astro/ros2_rpi_ws/build/astro_odometry/build install --record /projects/github_repos/astro/ros2_rpi_ws/build/astro_odometry/install.log --single-version-externally-managed install_data
[1.371s] DEBUG:colcon.colcon_parallel_executor.executor.parallel:closing loop
[1.371s] DEBUG:colcon.colcon_parallel_executor.executor.parallel:loop closed
[1.371s] DEBUG:colcon.colcon_parallel_executor.executor.parallel:run_until_complete finished with '1'
[1.371s] DEBUG:colcon.colcon_core.event_reactor:joining thread
[1.375s] INFO:colcon.colcon_core.plugin_system:Skipping extension 'colcon_notification.desktop_notification.terminal_notifier': Not used on non-Darwin systems
[1.375s] INFO:colcon.colcon_core.plugin_system:Skipping extension 'colcon_notification.desktop_notification.win32': Not used on non-Windows systems
[1.375s] INFO:colcon.colcon_notification.desktop_notification:Sending desktop notification using 'notify2'
[1.381s] DEBUG:colcon.colcon_core.event_reactor:joined thread
[1.381s] INFO:colcon.colcon_core.shell:Creating prefix script '/projects/github_repos/astro/ros2_rpi_ws/install/local_setup.ps1'
[1.382s] INFO:colcon.colcon_core.shell:Creating prefix util module '/projects/github_repos/astro/ros2_rpi_ws/install/_local_setup_util_ps1.py'
[1.382s] INFO:colcon.colcon_core.shell:Creating prefix chain script '/projects/github_repos/astro/ros2_rpi_ws/install/setup.ps1'
[1.383s] INFO:colcon.colcon_core.shell:Creating prefix script '/projects/github_repos/astro/ros2_rpi_ws/install/local_setup.sh'
[1.383s] INFO:colcon.colcon_core.shell:Creating prefix util module '/projects/github_repos/astro/ros2_rpi_ws/install/_local_setup_util_sh.py'
[1.384s] INFO:colcon.colcon_core.shell:Creating prefix chain script '/projects/github_repos/astro/ros2_rpi_ws/install/setup.sh'
[1.385s] INFO:colcon.colcon_core.shell:Creating prefix script '/projects/github_repos/astro/ros2_rpi_ws/install/local_setup.bash'
[1.385s] INFO:colcon.colcon_core.shell:Creating prefix chain script '/projects/github_repos/astro/ros2_rpi_ws/install/setup.bash'
[1.386s] INFO:colcon.colcon_core.shell:Creating prefix script '/projects/github_repos/astro/ros2_rpi_ws/install/local_setup.zsh'
[1.386s] INFO:colcon.colcon_core.shell:Creating prefix chain script '/projects/github_repos/astro/ros2_rpi_ws/install/setup.zsh'
