running egg_info
creating ../../build/astro_odometry/astro_time.egg-info
writing ../../build/astro_odometry/astro_time.egg-info/PKG-INFO
writing dependency_links to ../../build/astro_odometry/astro_time.egg-info/dependency_links.txt
writing entry points to ../../build/astro_odometry/astro_time.egg-info/entry_points.txt
writing requirements to ../../build/astro_odometry/astro_time.egg-info/requires.txt
writing top-level names to ../../build/astro_odometry/astro_time.egg-info/top_level.txt
writing manifest file '../../build/astro_odometry/astro_time.egg-info/SOURCES.txt'
reading manifest file '../../build/astro_odometry/astro_time.egg-info/SOURCES.txt'
writing manifest file '../../build/astro_odometry/astro_time.egg-info/SOURCES.txt'
running build
running build_py
creating /projects/github_repos/astro/ros2_rpi_ws/build/astro_odometry/build
creating /projects/github_repos/astro/ros2_rpi_ws/build/astro_odometry/build/lib
creating /projects/github_repos/astro/ros2_rpi_ws/build/astro_odometry/build/lib/astro_odometry
copying astro_odometry/__init__.py -> /projects/github_repos/astro/ros2_rpi_ws/build/astro_odometry/build/lib/astro_odometry
creating /projects/github_repos/astro/ros2_rpi_ws/build/astro_odometry/build/lib/astro_odometry/script
copying astro_odometry/script/astro_odometry.py -> /projects/github_repos/astro/ros2_rpi_ws/build/astro_odometry/build/lib/astro_odometry/script
copying astro_odometry/script/__init__.py -> /projects/github_repos/astro/ros2_rpi_ws/build/astro_odometry/build/lib/astro_odometry/script
running install
running install_lib
creating /projects/github_repos/astro/ros2_rpi_ws/install/astro_odometry/lib/python3.10/site-packages/astro_odometry
creating /projects/github_repos/astro/ros2_rpi_ws/install/astro_odometry/lib/python3.10/site-packages/astro_odometry/script
copying /projects/github_repos/astro/ros2_rpi_ws/build/astro_odometry/build/lib/astro_odometry/script/astro_odometry.py -> /projects/github_repos/astro/ros2_rpi_ws/install/astro_odometry/lib/python3.10/site-packages/astro_odometry/script
copying /projects/github_repos/astro/ros2_rpi_ws/build/astro_odometry/build/lib/astro_odometry/script/__init__.py -> /projects/github_repos/astro/ros2_rpi_ws/install/astro_odometry/lib/python3.10/site-packages/astro_odometry/script
copying /projects/github_repos/astro/ros2_rpi_ws/build/astro_odometry/build/lib/astro_odometry/__init__.py -> /projects/github_repos/astro/ros2_rpi_ws/install/astro_odometry/lib/python3.10/site-packages/astro_odometry
byte-compiling /projects/github_repos/astro/ros2_rpi_ws/install/astro_odometry/lib/python3.10/site-packages/astro_odometry/script/astro_odometry.py to astro_odometry.cpython-310.pyc
byte-compiling /projects/github_repos/astro/ros2_rpi_ws/install/astro_odometry/lib/python3.10/site-packages/astro_odometry/script/__init__.py to __init__.cpython-310.pyc
byte-compiling /projects/github_repos/astro/ros2_rpi_ws/install/astro_odometry/lib/python3.10/site-packages/astro_odometry/__init__.py to __init__.cpython-310.pyc
running install_data
