[0.528s] Invoking command in '/projects/github_repos/astro/ros2_rpi_ws/src/astro_odometry_publisher': PYTHONPATH=/projects/github_repos/astro/ros2_rpi_ws/build/astro_odometry/prefix_override:/usr/lib/python3/dist-packages/colcon_core/task/python/colcon_distutils_commands:/projects/github_repos/astro/ros2_rpi_ws/install/astro_odometry/lib/python3.10/site-packages:${PYTHONPATH} /usr/bin/python3 -W ignore:setup.py install is deprecated -W ignore:easy_install command is deprecated setup.py egg_info --egg-base ../../build/astro_odometry build --build-base /projects/github_repos/astro/ros2_rpi_ws/build/astro_odometry/build install --record /projects/github_repos/astro/ros2_rpi_ws/build/astro_odometry/install.log --single-version-externally-managed install_data
[0.663s] running egg_info
[0.663s] creating ../../build/astro_odometry/astro_time.egg-info
[0.664s] writing ../../build/astro_odometry/astro_time.egg-info/PKG-INFO
[0.664s] writing dependency_links to ../../build/astro_odometry/astro_time.egg-info/dependency_links.txt
[0.664s] writing entry points to ../../build/astro_odometry/astro_time.egg-info/entry_points.txt
[0.664s] writing requirements to ../../build/astro_odometry/astro_time.egg-info/requires.txt
[0.664s] writing top-level names to ../../build/astro_odometry/astro_time.egg-info/top_level.txt
[0.664s] writing manifest file '../../build/astro_odometry/astro_time.egg-info/SOURCES.txt'
[0.664s] reading manifest file '../../build/astro_odometry/astro_time.egg-info/SOURCES.txt'
[0.665s] writing manifest file '../../build/astro_odometry/astro_time.egg-info/SOURCES.txt'
[0.665s] running build
[0.665s] running build_py
[0.665s] creating /projects/github_repos/astro/ros2_rpi_ws/build/astro_odometry/build
[0.665s] creating /projects/github_repos/astro/ros2_rpi_ws/build/astro_odometry/build/lib
[0.665s] creating /projects/github_repos/astro/ros2_rpi_ws/build/astro_odometry/build/lib/astro_odometry
[0.665s] copying astro_odometry/__init__.py -> /projects/github_repos/astro/ros2_rpi_ws/build/astro_odometry/build/lib/astro_odometry
[0.665s] creating /projects/github_repos/astro/ros2_rpi_ws/build/astro_odometry/build/lib/astro_odometry/script
[0.665s] copying astro_odometry/script/astro_odometry.py -> /projects/github_repos/astro/ros2_rpi_ws/build/astro_odometry/build/lib/astro_odometry/script
[0.665s] copying astro_odometry/script/__init__.py -> /projects/github_repos/astro/ros2_rpi_ws/build/astro_odometry/build/lib/astro_odometry/script
[0.665s] running install
[0.666s] running install_lib
[0.666s] creating /projects/github_repos/astro/ros2_rpi_ws/install/astro_odometry/lib/python3.10/site-packages/astro_odometry
[0.666s] creating /projects/github_repos/astro/ros2_rpi_ws/install/astro_odometry/lib/python3.10/site-packages/astro_odometry/script
[0.666s] copying /projects/github_repos/astro/ros2_rpi_ws/build/astro_odometry/build/lib/astro_odometry/script/astro_odometry.py -> /projects/github_repos/astro/ros2_rpi_ws/install/astro_odometry/lib/python3.10/site-packages/astro_odometry/script
[0.666s] copying /projects/github_repos/astro/ros2_rpi_ws/build/astro_odometry/build/lib/astro_odometry/script/__init__.py -> /projects/github_repos/astro/ros2_rpi_ws/install/astro_odometry/lib/python3.10/site-packages/astro_odometry/script
[0.666s] copying /projects/github_repos/astro/ros2_rpi_ws/build/astro_odometry/build/lib/astro_odometry/__init__.py -> /projects/github_repos/astro/ros2_rpi_ws/install/astro_odometry/lib/python3.10/site-packages/astro_odometry
[0.666s] byte-compiling /projects/github_repos/astro/ros2_rpi_ws/install/astro_odometry/lib/python3.10/site-packages/astro_odometry/script/astro_odometry.py to astro_odometry.cpython-310.pyc
[0.667s] byte-compiling /projects/github_repos/astro/ros2_rpi_ws/install/astro_odometry/lib/python3.10/site-packages/astro_odometry/script/__init__.py to __init__.cpython-310.pyc
[0.667s] byte-compiling /projects/github_repos/astro/ros2_rpi_ws/install/astro_odometry/lib/python3.10/site-packages/astro_odometry/__init__.py to __init__.cpython-310.pyc
[0.667s] running install_data
[0.667s] error: can't copy 'resource/astro_time': doesn't exist or not a regular file
[0.677s] Invoked command in '/projects/github_repos/astro/ros2_rpi_ws/src/astro_odometry_publisher' returned '1': PYTHONPATH=/projects/github_repos/astro/ros2_rpi_ws/build/astro_odometry/prefix_override:/usr/lib/python3/dist-packages/colcon_core/task/python/colcon_distutils_commands:/projects/github_repos/astro/ros2_rpi_ws/install/astro_odometry/lib/python3.10/site-packages:${PYTHONPATH} /usr/bin/python3 -W ignore:setup.py install is deprecated -W ignore:easy_install command is deprecated setup.py egg_info --egg-base ../../build/astro_odometry build --build-base /projects/github_repos/astro/ros2_rpi_ws/build/astro_odometry/build install --record /projects/github_repos/astro/ros2_rpi_ws/build/astro_odometry/install.log --single-version-externally-managed install_data
