[0.820s] Invoking command in '/projects/github_repos/astro/ros2_rpi_ws/src/astro_sensor_publisher': PYTHONPATH=/projects/github_repos/astro/ros2_rpi_ws/build/astro_sensor/prefix_override:/usr/lib/python3/dist-packages/colcon_core/task/python/colcon_distutils_commands:/projects/github_repos/astro/ros2_rpi_ws/install/astro_sensor/lib/python3.10/site-packages:${PYTHONPATH} /usr/bin/python3 -W ignore:setup.py install is deprecated -W ignore:easy_install command is deprecated setup.py egg_info --egg-base ../../build/astro_sensor build --build-base /projects/github_repos/astro/ros2_rpi_ws/build/astro_sensor/build install --record /projects/github_repos/astro/ros2_rpi_ws/build/astro_sensor/install.log --single-version-externally-managed install_data
[0.952s] running egg_info
[0.952s] writing ../../build/astro_sensor/astro_sensor.egg-info/PKG-INFO
[0.952s] writing dependency_links to ../../build/astro_sensor/astro_sensor.egg-info/dependency_links.txt
[0.952s] writing entry points to ../../build/astro_sensor/astro_sensor.egg-info/entry_points.txt
[0.952s] writing requirements to ../../build/astro_sensor/astro_sensor.egg-info/requires.txt
[0.952s] writing top-level names to ../../build/astro_sensor/astro_sensor.egg-info/top_level.txt
[0.953s] reading manifest file '../../build/astro_sensor/astro_sensor.egg-info/SOURCES.txt'
[0.953s] writing manifest file '../../build/astro_sensor/astro_sensor.egg-info/SOURCES.txt'
[0.954s] running build
[0.954s] running build_py
[0.954s] running install
[0.954s] running install_lib
[0.954s] running install_data
[0.955s] running install_egg_info
[0.956s] removing '/projects/github_repos/astro/ros2_rpi_ws/install/astro_sensor/lib/python3.10/site-packages/astro_sensor-2.1.5-py3.10.egg-info' (and everything under it)
[0.956s] Copying ../../build/astro_sensor/astro_sensor.egg-info to /projects/github_repos/astro/ros2_rpi_ws/install/astro_sensor/lib/python3.10/site-packages/astro_sensor-2.1.5-py3.10.egg-info
[0.956s] running install_scripts
[0.968s] Installing astro_sensor script to /projects/github_repos/astro/ros2_rpi_ws/install/astro_sensor/lib/astro_sensor
[0.968s] writing list of installed files to '/projects/github_repos/astro/ros2_rpi_ws/build/astro_sensor/install.log'
[0.982s] Invoked command in '/projects/github_repos/astro/ros2_rpi_ws/src/astro_sensor_publisher' returned '0': PYTHONPATH=/projects/github_repos/astro/ros2_rpi_ws/build/astro_sensor/prefix_override:/usr/lib/python3/dist-packages/colcon_core/task/python/colcon_distutils_commands:/projects/github_repos/astro/ros2_rpi_ws/install/astro_sensor/lib/python3.10/site-packages:${PYTHONPATH} /usr/bin/python3 -W ignore:setup.py install is deprecated -W ignore:easy_install command is deprecated setup.py egg_info --egg-base ../../build/astro_sensor build --build-base /projects/github_repos/astro/ros2_rpi_ws/build/astro_sensor/build install --record /projects/github_repos/astro/ros2_rpi_ws/build/astro_sensor/install.log --single-version-externally-managed install_data
