[0.170s] Invoking command in '/projects/github_repos/astro/ros2_rpi_ws/build/astro_odometry_tf_broadcaster': CMAKE_PREFIX_PATH=${CMAKE_PREFIX_PATH}:/projects/ros/microros_ws/install/sensor_msgs_py:/opt/ros/humble /usr/bin/cmake --build /projects/github_repos/astro/ros2_rpi_ws/build/astro_odometry_tf_broadcaster -- -j24 -l24
[0.322s] [35m[1mConsolidate compiler generated dependencies of target odometry_tf_broadcaster[0m
[0.323s] [100%] Built target odometry_tf_broadcaster
[0.349s] Invoked command in '/projects/github_repos/astro/ros2_rpi_ws/build/astro_odometry_tf_broadcaster' returned '0': CMAKE_PREFIX_PATH=${CMAKE_PREFIX_PATH}:/projects/ros/microros_ws/install/sensor_msgs_py:/opt/ros/humble /usr/bin/cmake --build /projects/github_repos/astro/ros2_rpi_ws/build/astro_odometry_tf_broadcaster -- -j24 -l24
[0.350s] Invoking command in '/projects/github_repos/astro/ros2_rpi_ws/build/astro_odometry_tf_broadcaster': CMAKE_PREFIX_PATH=${CMAKE_PREFIX_PATH}:/projects/ros/microros_ws/install/sensor_msgs_py:/opt/ros/humble /usr/bin/cmake --install /projects/github_repos/astro/ros2_rpi_ws/build/astro_odometry_tf_broadcaster
[0.364s] -- Install configuration: ""
[0.364s] -- Up-to-date: /projects/github_repos/astro/ros2_rpi_ws/install/astro_odometry_tf_broadcaster/lib/astro_odometry_tf_broadcaster/odometry_tf_broadcaster
[0.364s] -- Up-to-date: /projects/github_repos/astro/ros2_rpi_ws/install/astro_odometry_tf_broadcaster/share/ament_index/resource_index/package_run_dependencies/astro_odometry_tf_broadcaster
[0.364s] -- Up-to-date: /projects/github_repos/astro/ros2_rpi_ws/install/astro_odometry_tf_broadcaster/share/ament_index/resource_index/parent_prefix_path/astro_odometry_tf_broadcaster
[0.364s] -- Up-to-date: /projects/github_repos/astro/ros2_rpi_ws/install/astro_odometry_tf_broadcaster/share/astro_odometry_tf_broadcaster/environment/ament_prefix_path.sh
[0.364s] -- Up-to-date: /projects/github_repos/astro/ros2_rpi_ws/install/astro_odometry_tf_broadcaster/share/astro_odometry_tf_broadcaster/environment/ament_prefix_path.dsv
[0.364s] -- Up-to-date: /projects/github_repos/astro/ros2_rpi_ws/install/astro_odometry_tf_broadcaster/share/astro_odometry_tf_broadcaster/environment/path.sh
[0.364s] -- Up-to-date: /projects/github_repos/astro/ros2_rpi_ws/install/astro_odometry_tf_broadcaster/share/astro_odometry_tf_broadcaster/environment/path.dsv
[0.364s] -- Up-to-date: /projects/github_repos/astro/ros2_rpi_ws/install/astro_odometry_tf_broadcaster/share/astro_odometry_tf_broadcaster/local_setup.bash
[0.364s] -- Up-to-date: /projects/github_repos/astro/ros2_rpi_ws/install/astro_odometry_tf_broadcaster/share/astro_odometry_tf_broadcaster/local_setup.sh
[0.364s] -- Up-to-date: /projects/github_repos/astro/ros2_rpi_ws/install/astro_odometry_tf_broadcaster/share/astro_odometry_tf_broadcaster/local_setup.zsh
[0.364s] -- Up-to-date: /projects/github_repos/astro/ros2_rpi_ws/install/astro_odometry_tf_broadcaster/share/astro_odometry_tf_broadcaster/local_setup.dsv
[0.365s] -- Installing: /projects/github_repos/astro/ros2_rpi_ws/install/astro_odometry_tf_broadcaster/share/astro_odometry_tf_broadcaster/package.dsv
[0.365s] -- Up-to-date: /projects/github_repos/astro/ros2_rpi_ws/install/astro_odometry_tf_broadcaster/share/ament_index/resource_index/packages/astro_odometry_tf_broadcaster
[0.365s] -- Up-to-date: /projects/github_repos/astro/ros2_rpi_ws/install/astro_odometry_tf_broadcaster/share/astro_odometry_tf_broadcaster/cmake/astro_odometry_tf_broadcasterConfig.cmake
[0.365s] -- Up-to-date: /projects/github_repos/astro/ros2_rpi_ws/install/astro_odometry_tf_broadcaster/share/astro_odometry_tf_broadcaster/cmake/astro_odometry_tf_broadcasterConfig-version.cmake
[0.365s] -- Up-to-date: /projects/github_repos/astro/ros2_rpi_ws/install/astro_odometry_tf_broadcaster/share/astro_odometry_tf_broadcaster/package.xml
[0.369s] Invoked command in '/projects/github_repos/astro/ros2_rpi_ws/build/astro_odometry_tf_broadcaster' returned '0': CMAKE_PREFIX_PATH=${CMAKE_PREFIX_PATH}:/projects/ros/microros_ws/install/sensor_msgs_py:/opt/ros/humble /usr/bin/cmake --install /projects/github_repos/astro/ros2_rpi_ws/build/astro_odometry_tf_broadcaster
