-- Install configuration: ""
-- Up-to-date: /projects/github_repos/astro/ros2_rpi_ws/install/astro_cartographer/share/astro_cartographer/config
-- Up-to-date: /projects/github_repos/astro/ros2_rpi_ws/install/astro_cartographer/share/astro_cartographer/config/astro_lds_2d.lua
-- Up-to-date: /projects/github_repos/astro/ros2_rpi_ws/install/astro_cartographer/share/astro_cartographer/launch
-- Up-to-date: /projects/github_repos/astro/ros2_rpi_ws/install/astro_cartographer/share/astro_cartographer/launch/occupancy_grid.launch.py
-- Up-to-date: /projects/github_repos/astro/ros2_rpi_ws/install/astro_cartographer/share/astro_cartographer/launch/cartographer.launch.py
-- Up-to-date: /projects/github_repos/astro/ros2_rpi_ws/install/astro_cartographer/share/astro_cartographer/rviz
-- Up-to-date: /projects/github_repos/astro/ros2_rpi_ws/install/astro_cartographer/share/astro_cartographer/rviz/astro_cartographer.rviz
-- Up-to-date: /projects/github_repos/astro/ros2_rpi_ws/install/astro_cartographer/share/ament_index/resource_index/package_run_dependencies/astro_cartographer
-- Up-to-date: /projects/github_repos/astro/ros2_rpi_ws/install/astro_cartographer/share/ament_index/resource_index/parent_prefix_path/astro_cartographer
-- Up-to-date: /projects/github_repos/astro/ros2_rpi_ws/install/astro_cartographer/share/astro_cartographer/environment/ament_prefix_path.sh
-- Up-to-date: /projects/github_repos/astro/ros2_rpi_ws/install/astro_cartographer/share/astro_cartographer/environment/ament_prefix_path.dsv
-- Up-to-date: /projects/github_repos/astro/ros2_rpi_ws/install/astro_cartographer/share/astro_cartographer/environment/path.sh
-- Up-to-date: /projects/github_repos/astro/ros2_rpi_ws/install/astro_cartographer/share/astro_cartographer/environment/path.dsv
-- Up-to-date: /projects/github_repos/astro/ros2_rpi_ws/install/astro_cartographer/share/astro_cartographer/local_setup.bash
-- Up-to-date: /projects/github_repos/astro/ros2_rpi_ws/install/astro_cartographer/share/astro_cartographer/local_setup.sh
-- Up-to-date: /projects/github_repos/astro/ros2_rpi_ws/install/astro_cartographer/share/astro_cartographer/local_setup.zsh
-- Up-to-date: /projects/github_repos/astro/ros2_rpi_ws/install/astro_cartographer/share/astro_cartographer/local_setup.dsv
-- Up-to-date: /projects/github_repos/astro/ros2_rpi_ws/install/astro_cartographer/share/astro_cartographer/package.dsv
-- Up-to-date: /projects/github_repos/astro/ros2_rpi_ws/install/astro_cartographer/share/ament_index/resource_index/packages/astro_cartographer
-- Up-to-date: /projects/github_repos/astro/ros2_rpi_ws/install/astro_cartographer/share/astro_cartographer/cmake/astro_cartographerConfig.cmake
-- Up-to-date: /projects/github_repos/astro/ros2_rpi_ws/install/astro_cartographer/share/astro_cartographer/cmake/astro_cartographerConfig-version.cmake
-- Up-to-date: /projects/github_repos/astro/ros2_rpi_ws/install/astro_cartographer/share/astro_cartographer/package.xml
