[0.022s] Invoking command in '/projects/github_repos/astro/ros2_rpi_ws/build/astro_cartographer': CMAKE_PREFIX_PATH=${CMAKE_PREFIX_PATH}:/projects/github_repos/astro/ros2_rpi_ws/install/astro_time:/projects/github_repos/astro/ros2_rpi_ws/install/astro_teleop:/projects/ros/microros_ws/install/sensor_msgs_py:/opt/ros/humble /usr/bin/cmake --build /projects/github_repos/astro/ros2_rpi_ws/build/astro_cartographer -- -j24 -l24
[0.321s] Invoked command in '/projects/github_repos/astro/ros2_rpi_ws/build/astro_cartographer' returned '0': CMAKE_PREFIX_PATH=${CMAKE_PREFIX_PATH}:/projects/github_repos/astro/ros2_rpi_ws/install/astro_time:/projects/github_repos/astro/ros2_rpi_ws/install/astro_teleop:/projects/ros/microros_ws/install/sensor_msgs_py:/opt/ros/humble /usr/bin/cmake --build /projects/github_repos/astro/ros2_rpi_ws/build/astro_cartographer -- -j24 -l24
[0.330s] Invoking command in '/projects/github_repos/astro/ros2_rpi_ws/build/astro_cartographer': CMAKE_PREFIX_PATH=${CMAKE_PREFIX_PATH}:/projects/github_repos/astro/ros2_rpi_ws/install/astro_time:/projects/github_repos/astro/ros2_rpi_ws/install/astro_teleop:/projects/ros/microros_ws/install/sensor_msgs_py:/opt/ros/humble /usr/bin/cmake --install /projects/github_repos/astro/ros2_rpi_ws/build/astro_cartographer
[0.338s] -- Install configuration: ""
[0.338s] -- Up-to-date: /projects/github_repos/astro/ros2_rpi_ws/install/astro_cartographer/share/astro_cartographer/config
[0.338s] -- Up-to-date: /projects/github_repos/astro/ros2_rpi_ws/install/astro_cartographer/share/astro_cartographer/config/astro_lds_2d.lua
[0.338s] -- Up-to-date: /projects/github_repos/astro/ros2_rpi_ws/install/astro_cartographer/share/astro_cartographer/launch
[0.338s] -- Up-to-date: /projects/github_repos/astro/ros2_rpi_ws/install/astro_cartographer/share/astro_cartographer/launch/occupancy_grid.launch.py
[0.338s] -- Up-to-date: /projects/github_repos/astro/ros2_rpi_ws/install/astro_cartographer/share/astro_cartographer/launch/cartographer.launch.py
[0.338s] -- Up-to-date: /projects/github_repos/astro/ros2_rpi_ws/install/astro_cartographer/share/astro_cartographer/rviz
[0.338s] -- Up-to-date: /projects/github_repos/astro/ros2_rpi_ws/install/astro_cartographer/share/astro_cartographer/rviz/astro_cartographer.rviz
[0.338s] -- Up-to-date: /projects/github_repos/astro/ros2_rpi_ws/install/astro_cartographer/share/ament_index/resource_index/package_run_dependencies/astro_cartographer
[0.338s] -- Up-to-date: /projects/github_repos/astro/ros2_rpi_ws/install/astro_cartographer/share/ament_index/resource_index/parent_prefix_path/astro_cartographer
[0.338s] -- Up-to-date: /projects/github_repos/astro/ros2_rpi_ws/install/astro_cartographer/share/astro_cartographer/environment/ament_prefix_path.sh
[0.338s] -- Up-to-date: /projects/github_repos/astro/ros2_rpi_ws/install/astro_cartographer/share/astro_cartographer/environment/ament_prefix_path.dsv
[0.338s] -- Up-to-date: /projects/github_repos/astro/ros2_rpi_ws/install/astro_cartographer/share/astro_cartographer/environment/path.sh
[0.338s] -- Up-to-date: /projects/github_repos/astro/ros2_rpi_ws/install/astro_cartographer/share/astro_cartographer/environment/path.dsv
[0.338s] -- Up-to-date: /projects/github_repos/astro/ros2_rpi_ws/install/astro_cartographer/share/astro_cartographer/local_setup.bash
[0.338s] -- Up-to-date: /projects/github_repos/astro/ros2_rpi_ws/install/astro_cartographer/share/astro_cartographer/local_setup.sh
[0.338s] -- Up-to-date: /projects/github_repos/astro/ros2_rpi_ws/install/astro_cartographer/share/astro_cartographer/local_setup.zsh
[0.338s] -- Up-to-date: /projects/github_repos/astro/ros2_rpi_ws/install/astro_cartographer/share/astro_cartographer/local_setup.dsv
[0.338s] -- Up-to-date: /projects/github_repos/astro/ros2_rpi_ws/install/astro_cartographer/share/astro_cartographer/package.dsv
[0.338s] -- Up-to-date: /projects/github_repos/astro/ros2_rpi_ws/install/astro_cartographer/share/ament_index/resource_index/packages/astro_cartographer
[0.338s] -- Up-to-date: /projects/github_repos/astro/ros2_rpi_ws/install/astro_cartographer/share/astro_cartographer/cmake/astro_cartographerConfig.cmake
[0.338s] -- Up-to-date: /projects/github_repos/astro/ros2_rpi_ws/install/astro_cartographer/share/astro_cartographer/cmake/astro_cartographerConfig-version.cmake
[0.338s] -- Up-to-date: /projects/github_repos/astro/ros2_rpi_ws/install/astro_cartographer/share/astro_cartographer/package.xml
[0.339s] Invoked command in '/projects/github_repos/astro/ros2_rpi_ws/build/astro_cartographer' returned '0': CMAKE_PREFIX_PATH=${CMAKE_PREFIX_PATH}:/projects/github_repos/astro/ros2_rpi_ws/install/astro_time:/projects/github_repos/astro/ros2_rpi_ws/install/astro_teleop:/projects/ros/microros_ws/install/sensor_msgs_py:/opt/ros/humble /usr/bin/cmake --install /projects/github_repos/astro/ros2_rpi_ws/build/astro_cartographer
