[0.465s] Invoking command in '/projects/github_repos/astro/ros2_rpi_ws/build/robot_bringup': CMAKE_PREFIX_PATH=${CMAKE_PREFIX_PATH}:/projects/github_repos/astro/ros2_rpi_ws/install/astro_teleop:/projects/github_repos/astro/ros2_rpi_ws/install/astro_sensor:/projects/github_repos/astro/ros2_rpi_ws/install/astro_odometry:/projects/ros/microros_ws/install/sensor_msgs_py:/opt/ros/humble /usr/bin/cmake --build /projects/github_repos/astro/ros2_rpi_ws/build/robot_bringup -- -j24 -l24
[0.664s] Invoked command in '/projects/github_repos/astro/ros2_rpi_ws/build/robot_bringup' returned '0': CMAKE_PREFIX_PATH=${CMAKE_PREFIX_PATH}:/projects/github_repos/astro/ros2_rpi_ws/install/astro_teleop:/projects/github_repos/astro/ros2_rpi_ws/install/astro_sensor:/projects/github_repos/astro/ros2_rpi_ws/install/astro_odometry:/projects/ros/microros_ws/install/sensor_msgs_py:/opt/ros/humble /usr/bin/cmake --build /projects/github_repos/astro/ros2_rpi_ws/build/robot_bringup -- -j24 -l24
[0.665s] Invoking command in '/projects/github_repos/astro/ros2_rpi_ws/build/robot_bringup': CMAKE_PREFIX_PATH=${CMAKE_PREFIX_PATH}:/projects/github_repos/astro/ros2_rpi_ws/install/astro_teleop:/projects/github_repos/astro/ros2_rpi_ws/install/astro_sensor:/projects/github_repos/astro/ros2_rpi_ws/install/astro_odometry:/projects/ros/microros_ws/install/sensor_msgs_py:/opt/ros/humble /usr/bin/cmake --install /projects/github_repos/astro/ros2_rpi_ws/build/robot_bringup
[0.672s] -- Install configuration: ""
[0.672s] -- Up-to-date: /projects/github_repos/astro/ros2_rpi_ws/install/robot_bringup/share/robot_bringup/launch
[0.672s] -- Up-to-date: /projects/github_repos/astro/ros2_rpi_ws/install/robot_bringup/share/robot_bringup/launch/robot_base.launch.py
[0.672s] -- Up-to-date: /projects/github_repos/astro/ros2_rpi_ws/install/robot_bringup/share/ament_index/resource_index/package_run_dependencies/robot_bringup
[0.672s] -- Up-to-date: /projects/github_repos/astro/ros2_rpi_ws/install/robot_bringup/share/ament_index/resource_index/parent_prefix_path/robot_bringup
[0.672s] -- Up-to-date: /projects/github_repos/astro/ros2_rpi_ws/install/robot_bringup/share/robot_bringup/environment/ament_prefix_path.sh
[0.672s] -- Up-to-date: /projects/github_repos/astro/ros2_rpi_ws/install/robot_bringup/share/robot_bringup/environment/ament_prefix_path.dsv
[0.672s] -- Up-to-date: /projects/github_repos/astro/ros2_rpi_ws/install/robot_bringup/share/robot_bringup/environment/path.sh
[0.672s] -- Up-to-date: /projects/github_repos/astro/ros2_rpi_ws/install/robot_bringup/share/robot_bringup/environment/path.dsv
[0.672s] -- Up-to-date: /projects/github_repos/astro/ros2_rpi_ws/install/robot_bringup/share/robot_bringup/local_setup.bash
[0.672s] -- Up-to-date: /projects/github_repos/astro/ros2_rpi_ws/install/robot_bringup/share/robot_bringup/local_setup.sh
[0.672s] -- Up-to-date: /projects/github_repos/astro/ros2_rpi_ws/install/robot_bringup/share/robot_bringup/local_setup.zsh
[0.672s] -- Up-to-date: /projects/github_repos/astro/ros2_rpi_ws/install/robot_bringup/share/robot_bringup/local_setup.dsv
[0.672s] -- Installing: /projects/github_repos/astro/ros2_rpi_ws/install/robot_bringup/share/robot_bringup/package.dsv
[0.672s] -- Up-to-date: /projects/github_repos/astro/ros2_rpi_ws/install/robot_bringup/share/ament_index/resource_index/packages/robot_bringup
[0.672s] -- Up-to-date: /projects/github_repos/astro/ros2_rpi_ws/install/robot_bringup/share/robot_bringup/cmake/robot_bringupConfig.cmake
[0.672s] -- Up-to-date: /projects/github_repos/astro/ros2_rpi_ws/install/robot_bringup/share/robot_bringup/cmake/robot_bringupConfig-version.cmake
[0.672s] -- Up-to-date: /projects/github_repos/astro/ros2_rpi_ws/install/robot_bringup/share/robot_bringup/package.xml
[0.674s] Invoked command in '/projects/github_repos/astro/ros2_rpi_ws/build/robot_bringup' returned '0': CMAKE_PREFIX_PATH=${CMAKE_PREFIX_PATH}:/projects/github_repos/astro/ros2_rpi_ws/install/astro_teleop:/projects/github_repos/astro/ros2_rpi_ws/install/astro_sensor:/projects/github_repos/astro/ros2_rpi_ws/install/astro_odometry:/projects/ros/microros_ws/install/sensor_msgs_py:/opt/ros/humble /usr/bin/cmake --install /projects/github_repos/astro/ros2_rpi_ws/build/robot_bringup
