[0.083s] DEBUG:colcon:Command line arguments: ['/usr/bin/colcon', 'build']
[0.083s] DEBUG:colcon:Parsed command line arguments: Namespace(log_base=None, log_level=None, verb_name='build', build_base='build', install_base='install', merge_install=False, symlink_install=False, test_result_base=None, continue_on_error=False, executor='parallel', parallel_workers=24, event_handlers=None, ignore_user_meta=False, metas=['./colcon.meta'], base_paths=['.'], packages_ignore=None, packages_ignore_regex=None, paths=None, packages_up_to=None, packages_up_to_regex=None, packages_above=None, packages_above_and_dependencies=None, packages_above_depth=None, packages_select_by_dep=None, packages_skip_by_dep=None, packages_skip_up_to=None, packages_select_build_failed=False, packages_skip_build_finished=False, packages_select_test_failures=False, packages_skip_test_passed=False, packages_select=None, packages_skip=None, packages_select_regex=None, packages_skip_regex=None, packages_start=None, packages_end=None, allow_overriding=[], cmake_args=None, cmake_target=None, cmake_target_skip_unavailable=False, cmake_clean_cache=False, cmake_clean_first=False, cmake_force_configure=False, ament_cmake_args=None, catkin_cmake_args=None, catkin_skip_building_tests=False, mixin_files=None, mixin=None, verb_parser=<colcon_mixin.mixin.mixin_argument.MixinArgumentDecorator object at 0x75b04b468fa0>, verb_extension=<colcon_core.verb.build.BuildVerb object at 0x75b04b56a8c0>, main=<bound method BuildVerb.main of <colcon_core.verb.build.BuildVerb object at 0x75b04b56a8c0>>, mixin_verb=('build',))
[0.214s] Level 1:colcon.colcon_core.package_discovery:discover_packages(colcon_meta) check parameters
[0.214s] Level 1:colcon.colcon_core.package_discovery:discover_packages(recursive) check parameters
[0.214s] Level 1:colcon.colcon_core.package_discovery:discover_packages(ignore) check parameters
[0.214s] Level 1:colcon.colcon_core.package_discovery:discover_packages(path) check parameters
[0.214s] Level 1:colcon.colcon_core.package_discovery:discover_packages(colcon_meta) discover
[0.214s] Level 1:colcon.colcon_core.package_discovery:discover_packages(recursive) discover
[0.214s] INFO:colcon.colcon_core.package_discovery:Crawling recursively for packages in '/projects/github_repos/astro/ros2_rpi_ws'
[0.214s] Level 1:colcon.colcon_core.package_identification:_identify(.) by extensions ['ignore', 'ignore_ament_install']
[0.214s] Level 1:colcon.colcon_core.package_identification:_identify(.) by extension 'ignore'
[0.214s] Level 1:colcon.colcon_core.package_identification:_identify(.) by extension 'ignore_ament_install'
[0.214s] Level 1:colcon.colcon_core.package_identification:_identify(.) by extensions ['colcon_pkg']
[0.214s] Level 1:colcon.colcon_core.package_identification:_identify(.) by extension 'colcon_pkg'
[0.214s] Level 1:colcon.colcon_core.package_identification:_identify(.) by extensions ['colcon_meta']
[0.214s] Level 1:colcon.colcon_core.package_identification:_identify(.) by extension 'colcon_meta'
[0.214s] Level 1:colcon.colcon_core.package_identification:_identify(.) by extensions ['ros']
[0.214s] Level 1:colcon.colcon_core.package_identification:_identify(.) by extension 'ros'
[0.220s] Level 1:colcon.colcon_core.package_identification:_identify(.) by extensions ['cmake', 'python']
[0.220s] Level 1:colcon.colcon_core.package_identification:_identify(.) by extension 'cmake'
[0.220s] Level 1:colcon.colcon_core.package_identification:_identify(.) by extension 'python'
[0.220s] Level 1:colcon.colcon_core.package_identification:_identify(.) by extensions ['python_setup_py']
[0.220s] Level 1:colcon.colcon_core.package_identification:_identify(.) by extension 'python_setup_py'
[0.220s] Level 1:colcon.colcon_core.package_identification:_identify(build) by extensions ['ignore', 'ignore_ament_install']
[0.220s] Level 1:colcon.colcon_core.package_identification:_identify(build) by extension 'ignore'
[0.220s] Level 1:colcon.colcon_core.package_identification:_identify(build) ignored
[0.221s] Level 1:colcon.colcon_core.package_identification:_identify(install) by extensions ['ignore', 'ignore_ament_install']
[0.221s] Level 1:colcon.colcon_core.package_identification:_identify(install) by extension 'ignore'
[0.221s] Level 1:colcon.colcon_core.package_identification:_identify(install) ignored
[0.221s] Level 1:colcon.colcon_core.package_identification:_identify(log) by extensions ['ignore', 'ignore_ament_install']
[0.221s] Level 1:colcon.colcon_core.package_identification:_identify(log) by extension 'ignore'
[0.221s] Level 1:colcon.colcon_core.package_identification:_identify(log) ignored
[0.221s] Level 1:colcon.colcon_core.package_identification:_identify(src) by extensions ['ignore', 'ignore_ament_install']
[0.221s] Level 1:colcon.colcon_core.package_identification:_identify(src) by extension 'ignore'
[0.221s] Level 1:colcon.colcon_core.package_identification:_identify(src) by extension 'ignore_ament_install'
[0.221s] Level 1:colcon.colcon_core.package_identification:_identify(src) by extensions ['colcon_pkg']
[0.221s] Level 1:colcon.colcon_core.package_identification:_identify(src) by extension 'colcon_pkg'
[0.221s] Level 1:colcon.colcon_core.package_identification:_identify(src) by extensions ['colcon_meta']
[0.221s] Level 1:colcon.colcon_core.package_identification:_identify(src) by extension 'colcon_meta'
[0.221s] Level 1:colcon.colcon_core.package_identification:_identify(src) by extensions ['ros']
[0.221s] Level 1:colcon.colcon_core.package_identification:_identify(src) by extension 'ros'
[0.221s] Level 1:colcon.colcon_core.package_identification:_identify(src) by extensions ['cmake', 'python']
[0.221s] Level 1:colcon.colcon_core.package_identification:_identify(src) by extension 'cmake'
[0.221s] Level 1:colcon.colcon_core.package_identification:_identify(src) by extension 'python'
[0.221s] Level 1:colcon.colcon_core.package_identification:_identify(src) by extensions ['python_setup_py']
[0.221s] Level 1:colcon.colcon_core.package_identification:_identify(src) by extension 'python_setup_py'
[0.221s] Level 1:colcon.colcon_core.package_identification:_identify(src/astro_cartographer) by extensions ['ignore', 'ignore_ament_install']
[0.221s] Level 1:colcon.colcon_core.package_identification:_identify(src/astro_cartographer) by extension 'ignore'
[0.221s] Level 1:colcon.colcon_core.package_identification:_identify(src/astro_cartographer) by extension 'ignore_ament_install'
[0.221s] Level 1:colcon.colcon_core.package_identification:_identify(src/astro_cartographer) by extensions ['colcon_pkg']
[0.221s] Level 1:colcon.colcon_core.package_identification:_identify(src/astro_cartographer) by extension 'colcon_pkg'
[0.221s] Level 1:colcon.colcon_core.package_identification:_identify(src/astro_cartographer) by extensions ['colcon_meta']
[0.221s] Level 1:colcon.colcon_core.package_identification:_identify(src/astro_cartographer) by extension 'colcon_meta'
[0.221s] Level 1:colcon.colcon_core.package_identification:_identify(src/astro_cartographer) by extensions ['ros']
[0.221s] Level 1:colcon.colcon_core.package_identification:_identify(src/astro_cartographer) by extension 'ros'
[0.223s] DEBUG:colcon.colcon_core.package_identification:Package 'src/astro_cartographer' with type 'ros.ament_cmake' and name 'astro_cartographer'
[0.223s] Level 1:colcon.colcon_core.package_identification:_identify(src/astro_odometry_publisher) by extensions ['ignore', 'ignore_ament_install']
[0.223s] Level 1:colcon.colcon_core.package_identification:_identify(src/astro_odometry_publisher) by extension 'ignore'
[0.223s] Level 1:colcon.colcon_core.package_identification:_identify(src/astro_odometry_publisher) by extension 'ignore_ament_install'
[0.223s] Level 1:colcon.colcon_core.package_identification:_identify(src/astro_odometry_publisher) by extensions ['colcon_pkg']
[0.223s] Level 1:colcon.colcon_core.package_identification:_identify(src/astro_odometry_publisher) by extension 'colcon_pkg'
[0.223s] Level 1:colcon.colcon_core.package_identification:_identify(src/astro_odometry_publisher) by extensions ['colcon_meta']
[0.223s] Level 1:colcon.colcon_core.package_identification:_identify(src/astro_odometry_publisher) by extension 'colcon_meta'
[0.223s] Level 1:colcon.colcon_core.package_identification:_identify(src/astro_odometry_publisher) by extensions ['ros']
[0.223s] Level 1:colcon.colcon_core.package_identification:_identify(src/astro_odometry_publisher) by extension 'ros'
[0.223s] DEBUG:colcon.colcon_core.package_identification:Package 'src/astro_odometry_publisher' with type 'ros.ament_python' and name 'astro_odometry'
[0.223s] Level 1:colcon.colcon_core.package_identification:_identify(src/astro_odometry_tf_broadcaster) by extensions ['ignore', 'ignore_ament_install']
[0.223s] Level 1:colcon.colcon_core.package_identification:_identify(src/astro_odometry_tf_broadcaster) by extension 'ignore'
[0.223s] Level 1:colcon.colcon_core.package_identification:_identify(src/astro_odometry_tf_broadcaster) by extension 'ignore_ament_install'
[0.223s] Level 1:colcon.colcon_core.package_identification:_identify(src/astro_odometry_tf_broadcaster) by extensions ['colcon_pkg']
[0.223s] Level 1:colcon.colcon_core.package_identification:_identify(src/astro_odometry_tf_broadcaster) by extension 'colcon_pkg'
[0.223s] Level 1:colcon.colcon_core.package_identification:_identify(src/astro_odometry_tf_broadcaster) by extensions ['colcon_meta']
[0.223s] Level 1:colcon.colcon_core.package_identification:_identify(src/astro_odometry_tf_broadcaster) by extension 'colcon_meta'
[0.223s] Level 1:colcon.colcon_core.package_identification:_identify(src/astro_odometry_tf_broadcaster) by extensions ['ros']
[0.223s] Level 1:colcon.colcon_core.package_identification:_identify(src/astro_odometry_tf_broadcaster) by extension 'ros'
[0.224s] DEBUG:colcon.colcon_core.package_identification:Package 'src/astro_odometry_tf_broadcaster' with type 'ros.ament_cmake' and name 'astro_odometry_tf_broadcaster'
[0.224s] Level 1:colcon.colcon_core.package_identification:_identify(src/astro_robot_description) by extensions ['ignore', 'ignore_ament_install']
[0.224s] Level 1:colcon.colcon_core.package_identification:_identify(src/astro_robot_description) by extension 'ignore'
[0.224s] Level 1:colcon.colcon_core.package_identification:_identify(src/astro_robot_description) by extension 'ignore_ament_install'
[0.224s] Level 1:colcon.colcon_core.package_identification:_identify(src/astro_robot_description) by extensions ['colcon_pkg']
[0.224s] Level 1:colcon.colcon_core.package_identification:_identify(src/astro_robot_description) by extension 'colcon_pkg'
[0.224s] Level 1:colcon.colcon_core.package_identification:_identify(src/astro_robot_description) by extensions ['colcon_meta']
[0.224s] Level 1:colcon.colcon_core.package_identification:_identify(src/astro_robot_description) by extension 'colcon_meta'
[0.224s] Level 1:colcon.colcon_core.package_identification:_identify(src/astro_robot_description) by extensions ['ros']
[0.224s] Level 1:colcon.colcon_core.package_identification:_identify(src/astro_robot_description) by extension 'ros'
[0.225s] DEBUG:colcon.colcon_core.package_identification:Package 'src/astro_robot_description' with type 'ros.ament_cmake' and name 'astro_robot_description'
[0.225s] Level 1:colcon.colcon_core.package_identification:_identify(src/astro_sensor_publisher) by extensions ['ignore', 'ignore_ament_install']
[0.225s] Level 1:colcon.colcon_core.package_identification:_identify(src/astro_sensor_publisher) by extension 'ignore'
[0.225s] Level 1:colcon.colcon_core.package_identification:_identify(src/astro_sensor_publisher) by extension 'ignore_ament_install'
[0.225s] Level 1:colcon.colcon_core.package_identification:_identify(src/astro_sensor_publisher) by extensions ['colcon_pkg']
[0.225s] Level 1:colcon.colcon_core.package_identification:_identify(src/astro_sensor_publisher) by extension 'colcon_pkg'
[0.225s] Level 1:colcon.colcon_core.package_identification:_identify(src/astro_sensor_publisher) by extensions ['colcon_meta']
[0.225s] Level 1:colcon.colcon_core.package_identification:_identify(src/astro_sensor_publisher) by extension 'colcon_meta'
[0.225s] Level 1:colcon.colcon_core.package_identification:_identify(src/astro_sensor_publisher) by extensions ['ros']
[0.225s] Level 1:colcon.colcon_core.package_identification:_identify(src/astro_sensor_publisher) by extension 'ros'
[0.225s] DEBUG:colcon.colcon_core.package_identification:Package 'src/astro_sensor_publisher' with type 'ros.ament_python' and name 'astro_sensor'
[0.225s] Level 1:colcon.colcon_core.package_identification:_identify(src/astro_teleop_twist_joy) by extensions ['ignore', 'ignore_ament_install']
[0.225s] Level 1:colcon.colcon_core.package_identification:_identify(src/astro_teleop_twist_joy) by extension 'ignore'
[0.225s] Level 1:colcon.colcon_core.package_identification:_identify(src/astro_teleop_twist_joy) by extension 'ignore_ament_install'
[0.225s] Level 1:colcon.colcon_core.package_identification:_identify(src/astro_teleop_twist_joy) by extensions ['colcon_pkg']
[0.225s] Level 1:colcon.colcon_core.package_identification:_identify(src/astro_teleop_twist_joy) by extension 'colcon_pkg'
[0.225s] Level 1:colcon.colcon_core.package_identification:_identify(src/astro_teleop_twist_joy) by extensions ['colcon_meta']
[0.225s] Level 1:colcon.colcon_core.package_identification:_identify(src/astro_teleop_twist_joy) by extension 'colcon_meta'
[0.225s] Level 1:colcon.colcon_core.package_identification:_identify(src/astro_teleop_twist_joy) by extensions ['ros']
[0.225s] Level 1:colcon.colcon_core.package_identification:_identify(src/astro_teleop_twist_joy) by extension 'ros'
[0.226s] DEBUG:colcon.colcon_core.package_identification:Package 'src/astro_teleop_twist_joy' with type 'ros.ament_python' and name 'astro_teleop'
[0.226s] Level 1:colcon.colcon_core.package_identification:_identify(src/robot_bringup) by extensions ['ignore', 'ignore_ament_install']
[0.226s] Level 1:colcon.colcon_core.package_identification:_identify(src/robot_bringup) by extension 'ignore'
[0.226s] Level 1:colcon.colcon_core.package_identification:_identify(src/robot_bringup) by extension 'ignore_ament_install'
[0.226s] Level 1:colcon.colcon_core.package_identification:_identify(src/robot_bringup) by extensions ['colcon_pkg']
[0.226s] Level 1:colcon.colcon_core.package_identification:_identify(src/robot_bringup) by extension 'colcon_pkg'
[0.226s] Level 1:colcon.colcon_core.package_identification:_identify(src/robot_bringup) by extensions ['colcon_meta']
[0.226s] Level 1:colcon.colcon_core.package_identification:_identify(src/robot_bringup) by extension 'colcon_meta'
[0.226s] Level 1:colcon.colcon_core.package_identification:_identify(src/robot_bringup) by extensions ['ros']
[0.226s] Level 1:colcon.colcon_core.package_identification:_identify(src/robot_bringup) by extension 'ros'
[0.226s] DEBUG:colcon.colcon_core.package_identification:Package 'src/robot_bringup' with type 'ros.ament_cmake' and name 'robot_bringup'
[0.226s] Level 1:colcon.colcon_core.package_discovery:discover_packages(recursive) using defaults
[0.226s] Level 1:colcon.colcon_core.package_discovery:discover_packages(ignore) discover
[0.226s] Level 1:colcon.colcon_core.package_discovery:discover_packages(ignore) using defaults
[0.226s] Level 1:colcon.colcon_core.package_discovery:discover_packages(path) discover
[0.226s] Level 1:colcon.colcon_core.package_discovery:discover_packages(path) using defaults
[0.244s] Level 1:colcon.colcon_core.package_discovery:discover_packages(prefix_path) check parameters
[0.244s] Level 1:colcon.colcon_core.package_discovery:discover_packages(prefix_path) discover
[0.246s] DEBUG:colcon.colcon_installed_package_information.package_discovery:Found 39 installed packages in /projects/ros/microros_ws/install
[0.247s] DEBUG:colcon.colcon_installed_package_information.package_discovery:Found 306 installed packages in /opt/ros/humble
[0.248s] Level 1:colcon.colcon_core.package_discovery:discover_packages(prefix_path) using defaults
[0.279s] Level 5:colcon.colcon_core.verb:set package 'astro_cartographer' build argument 'cmake_args' from command line to 'None'
[0.279s] Level 5:colcon.colcon_core.verb:set package 'astro_cartographer' build argument 'cmake_target' from command line to 'None'
[0.279s] Level 5:colcon.colcon_core.verb:set package 'astro_cartographer' build argument 'cmake_target_skip_unavailable' from command line to 'False'
[0.279s] Level 5:colcon.colcon_core.verb:set package 'astro_cartographer' build argument 'cmake_clean_cache' from command line to 'False'
[0.279s] Level 5:colcon.colcon_core.verb:set package 'astro_cartographer' build argument 'cmake_clean_first' from command line to 'False'
[0.279s] Level 5:colcon.colcon_core.verb:set package 'astro_cartographer' build argument 'cmake_force_configure' from command line to 'False'
[0.279s] Level 5:colcon.colcon_core.verb:set package 'astro_cartographer' build argument 'ament_cmake_args' from command line to 'None'
[0.279s] Level 5:colcon.colcon_core.verb:set package 'astro_cartographer' build argument 'catkin_cmake_args' from command line to 'None'
[0.279s] Level 5:colcon.colcon_core.verb:set package 'astro_cartographer' build argument 'catkin_skip_building_tests' from command line to 'False'
[0.279s] DEBUG:colcon.colcon_core.verb:Building package 'astro_cartographer' with the following arguments: {'ament_cmake_args': None, 'build_base': '/projects/github_repos/astro/ros2_rpi_ws/build/astro_cartographer', 'catkin_cmake_args': None, 'catkin_skip_building_tests': False, 'cmake_args': None, 'cmake_clean_cache': False, 'cmake_clean_first': False, 'cmake_force_configure': False, 'cmake_target': None, 'cmake_target_skip_unavailable': False, 'install_base': '/projects/github_repos/astro/ros2_rpi_ws/install/astro_cartographer', 'merge_install': False, 'path': '/projects/github_repos/astro/ros2_rpi_ws/src/astro_cartographer', 'symlink_install': False, 'test_result_base': None}
[0.279s] Level 5:colcon.colcon_core.verb:set package 'astro_odometry' build argument 'cmake_args' from command line to 'None'
[0.279s] Level 5:colcon.colcon_core.verb:set package 'astro_odometry' build argument 'cmake_target' from command line to 'None'
[0.279s] Level 5:colcon.colcon_core.verb:set package 'astro_odometry' build argument 'cmake_target_skip_unavailable' from command line to 'False'
[0.279s] Level 5:colcon.colcon_core.verb:set package 'astro_odometry' build argument 'cmake_clean_cache' from command line to 'False'
[0.279s] Level 5:colcon.colcon_core.verb:set package 'astro_odometry' build argument 'cmake_clean_first' from command line to 'False'
[0.279s] Level 5:colcon.colcon_core.verb:set package 'astro_odometry' build argument 'cmake_force_configure' from command line to 'False'
[0.279s] Level 5:colcon.colcon_core.verb:set package 'astro_odometry' build argument 'ament_cmake_args' from command line to 'None'
[0.279s] Level 5:colcon.colcon_core.verb:set package 'astro_odometry' build argument 'catkin_cmake_args' from command line to 'None'
[0.279s] Level 5:colcon.colcon_core.verb:set package 'astro_odometry' build argument 'catkin_skip_building_tests' from command line to 'False'
[0.279s] DEBUG:colcon.colcon_core.verb:Building package 'astro_odometry' with the following arguments: {'ament_cmake_args': None, 'build_base': '/projects/github_repos/astro/ros2_rpi_ws/build/astro_odometry', 'catkin_cmake_args': None, 'catkin_skip_building_tests': False, 'cmake_args': None, 'cmake_clean_cache': False, 'cmake_clean_first': False, 'cmake_force_configure': False, 'cmake_target': None, 'cmake_target_skip_unavailable': False, 'install_base': '/projects/github_repos/astro/ros2_rpi_ws/install/astro_odometry', 'merge_install': False, 'path': '/projects/github_repos/astro/ros2_rpi_ws/src/astro_odometry_publisher', 'symlink_install': False, 'test_result_base': None}
[0.280s] Level 5:colcon.colcon_core.verb:set package 'astro_odometry_tf_broadcaster' build argument 'cmake_args' from command line to 'None'
[0.280s] Level 5:colcon.colcon_core.verb:set package 'astro_odometry_tf_broadcaster' build argument 'cmake_target' from command line to 'None'
[0.280s] Level 5:colcon.colcon_core.verb:set package 'astro_odometry_tf_broadcaster' build argument 'cmake_target_skip_unavailable' from command line to 'False'
[0.280s] Level 5:colcon.colcon_core.verb:set package 'astro_odometry_tf_broadcaster' build argument 'cmake_clean_cache' from command line to 'False'
[0.280s] Level 5:colcon.colcon_core.verb:set package 'astro_odometry_tf_broadcaster' build argument 'cmake_clean_first' from command line to 'False'
[0.280s] Level 5:colcon.colcon_core.verb:set package 'astro_odometry_tf_broadcaster' build argument 'cmake_force_configure' from command line to 'False'
[0.280s] Level 5:colcon.colcon_core.verb:set package 'astro_odometry_tf_broadcaster' build argument 'ament_cmake_args' from command line to 'None'
[0.280s] Level 5:colcon.colcon_core.verb:set package 'astro_odometry_tf_broadcaster' build argument 'catkin_cmake_args' from command line to 'None'
[0.280s] Level 5:colcon.colcon_core.verb:set package 'astro_odometry_tf_broadcaster' build argument 'catkin_skip_building_tests' from command line to 'False'
[0.280s] DEBUG:colcon.colcon_core.verb:Building package 'astro_odometry_tf_broadcaster' with the following arguments: {'ament_cmake_args': None, 'build_base': '/projects/github_repos/astro/ros2_rpi_ws/build/astro_odometry_tf_broadcaster', 'catkin_cmake_args': None, 'catkin_skip_building_tests': False, 'cmake_args': None, 'cmake_clean_cache': False, 'cmake_clean_first': False, 'cmake_force_configure': False, 'cmake_target': None, 'cmake_target_skip_unavailable': False, 'install_base': '/projects/github_repos/astro/ros2_rpi_ws/install/astro_odometry_tf_broadcaster', 'merge_install': False, 'path': '/projects/github_repos/astro/ros2_rpi_ws/src/astro_odometry_tf_broadcaster', 'symlink_install': False, 'test_result_base': None}
[0.280s] Level 5:colcon.colcon_core.verb:set package 'astro_robot_description' build argument 'cmake_args' from command line to 'None'
[0.280s] Level 5:colcon.colcon_core.verb:set package 'astro_robot_description' build argument 'cmake_target' from command line to 'None'
[0.280s] Level 5:colcon.colcon_core.verb:set package 'astro_robot_description' build argument 'cmake_target_skip_unavailable' from command line to 'False'
[0.280s] Level 5:colcon.colcon_core.verb:set package 'astro_robot_description' build argument 'cmake_clean_cache' from command line to 'False'
[0.280s] Level 5:colcon.colcon_core.verb:set package 'astro_robot_description' build argument 'cmake_clean_first' from command line to 'False'
[0.280s] Level 5:colcon.colcon_core.verb:set package 'astro_robot_description' build argument 'cmake_force_configure' from command line to 'False'
[0.280s] Level 5:colcon.colcon_core.verb:set package 'astro_robot_description' build argument 'ament_cmake_args' from command line to 'None'
[0.280s] Level 5:colcon.colcon_core.verb:set package 'astro_robot_description' build argument 'catkin_cmake_args' from command line to 'None'
[0.280s] Level 5:colcon.colcon_core.verb:set package 'astro_robot_description' build argument 'catkin_skip_building_tests' from command line to 'False'
[0.280s] DEBUG:colcon.colcon_core.verb:Building package 'astro_robot_description' with the following arguments: {'ament_cmake_args': None, 'build_base': '/projects/github_repos/astro/ros2_rpi_ws/build/astro_robot_description', 'catkin_cmake_args': None, 'catkin_skip_building_tests': False, 'cmake_args': None, 'cmake_clean_cache': False, 'cmake_clean_first': False, 'cmake_force_configure': False, 'cmake_target': None, 'cmake_target_skip_unavailable': False, 'install_base': '/projects/github_repos/astro/ros2_rpi_ws/install/astro_robot_description', 'merge_install': False, 'path': '/projects/github_repos/astro/ros2_rpi_ws/src/astro_robot_description', 'symlink_install': False, 'test_result_base': None}
[0.280s] Level 5:colcon.colcon_core.verb:set package 'astro_sensor' build argument 'cmake_args' from command line to 'None'
[0.280s] Level 5:colcon.colcon_core.verb:set package 'astro_sensor' build argument 'cmake_target' from command line to 'None'
[0.280s] Level 5:colcon.colcon_core.verb:set package 'astro_sensor' build argument 'cmake_target_skip_unavailable' from command line to 'False'
[0.280s] Level 5:colcon.colcon_core.verb:set package 'astro_sensor' build argument 'cmake_clean_cache' from command line to 'False'
[0.280s] Level 5:colcon.colcon_core.verb:set package 'astro_sensor' build argument 'cmake_clean_first' from command line to 'False'
[0.280s] Level 5:colcon.colcon_core.verb:set package 'astro_sensor' build argument 'cmake_force_configure' from command line to 'False'
[0.280s] Level 5:colcon.colcon_core.verb:set package 'astro_sensor' build argument 'ament_cmake_args' from command line to 'None'
[0.280s] Level 5:colcon.colcon_core.verb:set package 'astro_sensor' build argument 'catkin_cmake_args' from command line to 'None'
[0.280s] Level 5:colcon.colcon_core.verb:set package 'astro_sensor' build argument 'catkin_skip_building_tests' from command line to 'False'
[0.280s] DEBUG:colcon.colcon_core.verb:Building package 'astro_sensor' with the following arguments: {'ament_cmake_args': None, 'build_base': '/projects/github_repos/astro/ros2_rpi_ws/build/astro_sensor', 'catkin_cmake_args': None, 'catkin_skip_building_tests': False, 'cmake_args': None, 'cmake_clean_cache': False, 'cmake_clean_first': False, 'cmake_force_configure': False, 'cmake_target': None, 'cmake_target_skip_unavailable': False, 'install_base': '/projects/github_repos/astro/ros2_rpi_ws/install/astro_sensor', 'merge_install': False, 'path': '/projects/github_repos/astro/ros2_rpi_ws/src/astro_sensor_publisher', 'symlink_install': False, 'test_result_base': None}
[0.280s] Level 5:colcon.colcon_core.verb:set package 'astro_teleop' build argument 'cmake_args' from command line to 'None'
[0.280s] Level 5:colcon.colcon_core.verb:set package 'astro_teleop' build argument 'cmake_target' from command line to 'None'
[0.280s] Level 5:colcon.colcon_core.verb:set package 'astro_teleop' build argument 'cmake_target_skip_unavailable' from command line to 'False'
[0.280s] Level 5:colcon.colcon_core.verb:set package 'astro_teleop' build argument 'cmake_clean_cache' from command line to 'False'
[0.280s] Level 5:colcon.colcon_core.verb:set package 'astro_teleop' build argument 'cmake_clean_first' from command line to 'False'
[0.280s] Level 5:colcon.colcon_core.verb:set package 'astro_teleop' build argument 'cmake_force_configure' from command line to 'False'
[0.280s] Level 5:colcon.colcon_core.verb:set package 'astro_teleop' build argument 'ament_cmake_args' from command line to 'None'
[0.280s] Level 5:colcon.colcon_core.verb:set package 'astro_teleop' build argument 'catkin_cmake_args' from command line to 'None'
[0.280s] Level 5:colcon.colcon_core.verb:set package 'astro_teleop' build argument 'catkin_skip_building_tests' from command line to 'False'
[0.280s] DEBUG:colcon.colcon_core.verb:Building package 'astro_teleop' with the following arguments: {'ament_cmake_args': None, 'build_base': '/projects/github_repos/astro/ros2_rpi_ws/build/astro_teleop', 'catkin_cmake_args': None, 'catkin_skip_building_tests': False, 'cmake_args': None, 'cmake_clean_cache': False, 'cmake_clean_first': False, 'cmake_force_configure': False, 'cmake_target': None, 'cmake_target_skip_unavailable': False, 'install_base': '/projects/github_repos/astro/ros2_rpi_ws/install/astro_teleop', 'merge_install': False, 'path': '/projects/github_repos/astro/ros2_rpi_ws/src/astro_teleop_twist_joy', 'symlink_install': False, 'test_result_base': None}
[0.281s] Level 5:colcon.colcon_core.verb:set package 'robot_bringup' build argument 'cmake_args' from command line to 'None'
[0.281s] Level 5:colcon.colcon_core.verb:set package 'robot_bringup' build argument 'cmake_target' from command line to 'None'
[0.281s] Level 5:colcon.colcon_core.verb:set package 'robot_bringup' build argument 'cmake_target_skip_unavailable' from command line to 'False'
[0.281s] Level 5:colcon.colcon_core.verb:set package 'robot_bringup' build argument 'cmake_clean_cache' from command line to 'False'
[0.281s] Level 5:colcon.colcon_core.verb:set package 'robot_bringup' build argument 'cmake_clean_first' from command line to 'False'
[0.281s] Level 5:colcon.colcon_core.verb:set package 'robot_bringup' build argument 'cmake_force_configure' from command line to 'False'
[0.281s] Level 5:colcon.colcon_core.verb:set package 'robot_bringup' build argument 'ament_cmake_args' from command line to 'None'
[0.281s] Level 5:colcon.colcon_core.verb:set package 'robot_bringup' build argument 'catkin_cmake_args' from command line to 'None'
[0.281s] Level 5:colcon.colcon_core.verb:set package 'robot_bringup' build argument 'catkin_skip_building_tests' from command line to 'False'
[0.281s] DEBUG:colcon.colcon_core.verb:Building package 'robot_bringup' with the following arguments: {'ament_cmake_args': None, 'build_base': '/projects/github_repos/astro/ros2_rpi_ws/build/robot_bringup', 'catkin_cmake_args': None, 'catkin_skip_building_tests': False, 'cmake_args': None, 'cmake_clean_cache': False, 'cmake_clean_first': False, 'cmake_force_configure': False, 'cmake_target': None, 'cmake_target_skip_unavailable': False, 'install_base': '/projects/github_repos/astro/ros2_rpi_ws/install/robot_bringup', 'merge_install': False, 'path': '/projects/github_repos/astro/ros2_rpi_ws/src/robot_bringup', 'symlink_install': False, 'test_result_base': None}
[0.281s] INFO:colcon.colcon_core.executor:Executing jobs using 'parallel' executor
[0.281s] DEBUG:colcon.colcon_parallel_executor.executor.parallel:run_until_complete
[0.281s] INFO:colcon.colcon_ros.task.ament_cmake.build:Building ROS package in '/projects/github_repos/astro/ros2_rpi_ws/src/astro_cartographer' with build type 'ament_cmake'
[0.282s] INFO:colcon.colcon_cmake.task.cmake.build:Building CMake package in '/projects/github_repos/astro/ros2_rpi_ws/src/astro_cartographer'
[0.284s] INFO:colcon.colcon_core.plugin_system:Skipping extension 'colcon_core.shell.bat': Not used on non-Windows systems
[0.284s] INFO:colcon.colcon_core.shell:Skip shell extension 'powershell' for command environment: Not usable outside of PowerShell
[0.284s] DEBUG:colcon.colcon_core.shell:Skip shell extension 'dsv' for command environment
[0.286s] INFO:colcon.colcon_ros.task.ament_python.build:Building ROS package in '/projects/github_repos/astro/ros2_rpi_ws/src/astro_odometry_publisher' with build type 'ament_python'
[0.286s] Level 1:colcon.colcon_core.shell:create_environment_hook('astro_odometry', 'ament_prefix_path')
[0.286s] INFO:colcon.colcon_core.shell:Creating environment hook '/projects/github_repos/astro/ros2_rpi_ws/install/astro_odometry/share/astro_odometry/hook/ament_prefix_path.ps1'
[0.287s] INFO:colcon.colcon_core.shell:Creating environment descriptor '/projects/github_repos/astro/ros2_rpi_ws/install/astro_odometry/share/astro_odometry/hook/ament_prefix_path.dsv'
[0.287s] INFO:colcon.colcon_core.shell:Creating environment hook '/projects/github_repos/astro/ros2_rpi_ws/install/astro_odometry/share/astro_odometry/hook/ament_prefix_path.sh'
[0.287s] INFO:colcon.colcon_core.shell:Skip shell extension 'powershell' for command environment: Not usable outside of PowerShell
[0.288s] DEBUG:colcon.colcon_core.shell:Skip shell extension 'dsv' for command environment
[0.290s] INFO:colcon.colcon_ros.task.ament_cmake.build:Building ROS package in '/projects/github_repos/astro/ros2_rpi_ws/src/astro_odometry_tf_broadcaster' with build type 'ament_cmake'
[0.290s] INFO:colcon.colcon_cmake.task.cmake.build:Building CMake package in '/projects/github_repos/astro/ros2_rpi_ws/src/astro_odometry_tf_broadcaster'
[0.290s] INFO:colcon.colcon_core.shell:Skip shell extension 'powershell' for command environment: Not usable outside of PowerShell
[0.290s] DEBUG:colcon.colcon_core.shell:Skip shell extension 'dsv' for command environment
[0.292s] INFO:colcon.colcon_ros.task.ament_cmake.build:Building ROS package in '/projects/github_repos/astro/ros2_rpi_ws/src/astro_robot_description' with build type 'ament_cmake'
[0.292s] INFO:colcon.colcon_cmake.task.cmake.build:Building CMake package in '/projects/github_repos/astro/ros2_rpi_ws/src/astro_robot_description'
[0.292s] INFO:colcon.colcon_core.shell:Skip shell extension 'powershell' for command environment: Not usable outside of PowerShell
[0.292s] DEBUG:colcon.colcon_core.shell:Skip shell extension 'dsv' for command environment
[0.294s] INFO:colcon.colcon_ros.task.ament_python.build:Building ROS package in '/projects/github_repos/astro/ros2_rpi_ws/src/astro_sensor_publisher' with build type 'ament_python'
[0.294s] Level 1:colcon.colcon_core.shell:create_environment_hook('astro_sensor', 'ament_prefix_path')
[0.294s] INFO:colcon.colcon_core.shell:Creating environment hook '/projects/github_repos/astro/ros2_rpi_ws/install/astro_sensor/share/astro_sensor/hook/ament_prefix_path.ps1'
[0.295s] INFO:colcon.colcon_core.shell:Creating environment descriptor '/projects/github_repos/astro/ros2_rpi_ws/install/astro_sensor/share/astro_sensor/hook/ament_prefix_path.dsv'
[0.295s] INFO:colcon.colcon_core.shell:Creating environment hook '/projects/github_repos/astro/ros2_rpi_ws/install/astro_sensor/share/astro_sensor/hook/ament_prefix_path.sh'
[0.295s] INFO:colcon.colcon_core.shell:Skip shell extension 'powershell' for command environment: Not usable outside of PowerShell
[0.295s] DEBUG:colcon.colcon_core.shell:Skip shell extension 'dsv' for command environment
[0.297s] INFO:colcon.colcon_ros.task.ament_python.build:Building ROS package in '/projects/github_repos/astro/ros2_rpi_ws/src/astro_teleop_twist_joy' with build type 'ament_python'
[0.298s] Level 1:colcon.colcon_core.shell:create_environment_hook('astro_teleop', 'ament_prefix_path')
[0.298s] INFO:colcon.colcon_core.shell:Creating environment hook '/projects/github_repos/astro/ros2_rpi_ws/install/astro_teleop/share/astro_teleop/hook/ament_prefix_path.ps1'
[0.298s] INFO:colcon.colcon_core.shell:Creating environment descriptor '/projects/github_repos/astro/ros2_rpi_ws/install/astro_teleop/share/astro_teleop/hook/ament_prefix_path.dsv'
[0.298s] INFO:colcon.colcon_core.shell:Creating environment hook '/projects/github_repos/astro/ros2_rpi_ws/install/astro_teleop/share/astro_teleop/hook/ament_prefix_path.sh'
[0.298s] INFO:colcon.colcon_core.shell:Skip shell extension 'powershell' for command environment: Not usable outside of PowerShell
[0.298s] DEBUG:colcon.colcon_core.shell:Skip shell extension 'dsv' for command environment
[0.300s] INFO:colcon.colcon_ros.task.ament_cmake.build:Building ROS package in '/projects/github_repos/astro/ros2_rpi_ws/src/robot_bringup' with build type 'ament_cmake'
[0.300s] INFO:colcon.colcon_cmake.task.cmake.build:Building CMake package in '/projects/github_repos/astro/ros2_rpi_ws/src/robot_bringup'
[0.300s] INFO:colcon.colcon_core.shell:Skip shell extension 'powershell' for command environment: Not usable outside of PowerShell
[0.301s] DEBUG:colcon.colcon_core.shell:Skip shell extension 'dsv' for command environment
[0.305s] DEBUG:colcon.colcon_core.event_handler.log_command:Invoking command in '/projects/github_repos/astro/ros2_rpi_ws/build/astro_cartographer': CMAKE_PREFIX_PATH=${CMAKE_PREFIX_PATH}:/projects/ros/microros_ws/install/sensor_msgs_py:/opt/ros/humble /usr/bin/cmake --build /projects/github_repos/astro/ros2_rpi_ws/build/astro_cartographer -- -j24 -l24
[0.447s] INFO:colcon.colcon_core.task.python.build:Building Python package in '/projects/github_repos/astro/ros2_rpi_ws/src/astro_odometry_publisher'
[0.447s] INFO:colcon.colcon_core.shell:Skip shell extension 'powershell' for command environment: Not usable outside of PowerShell
[0.447s] DEBUG:colcon.colcon_core.shell:Skip shell extension 'dsv' for command environment
[0.459s] DEBUG:colcon.colcon_core.event_handler.log_command:Invoking command in '/projects/github_repos/astro/ros2_rpi_ws/build/astro_odometry_tf_broadcaster': CMAKE_PREFIX_PATH=${CMAKE_PREFIX_PATH}:/projects/ros/microros_ws/install/sensor_msgs_py:/opt/ros/humble /usr/bin/cmake --build /projects/github_repos/astro/ros2_rpi_ws/build/astro_odometry_tf_broadcaster -- -j24 -l24
[0.460s] DEBUG:colcon.colcon_core.event_handler.log_command:Invoking command in '/projects/github_repos/astro/ros2_rpi_ws/build/astro_robot_description': CMAKE_PREFIX_PATH=${CMAKE_PREFIX_PATH}:/projects/ros/microros_ws/install/sensor_msgs_py:/opt/ros/humble /usr/bin/cmake --build /projects/github_repos/astro/ros2_rpi_ws/build/astro_robot_description -- -j24 -l24
[0.596s] INFO:colcon.colcon_core.task.python.build:Building Python package in '/projects/github_repos/astro/ros2_rpi_ws/src/astro_sensor_publisher'
[0.596s] INFO:colcon.colcon_core.shell:Skip shell extension 'powershell' for command environment: Not usable outside of PowerShell
[0.596s] DEBUG:colcon.colcon_core.shell:Skip shell extension 'dsv' for command environment
[0.747s] INFO:colcon.colcon_core.task.python.build:Building Python package in '/projects/github_repos/astro/ros2_rpi_ws/src/astro_teleop_twist_joy'
[0.747s] INFO:colcon.colcon_core.shell:Skip shell extension 'powershell' for command environment: Not usable outside of PowerShell
[0.747s] DEBUG:colcon.colcon_core.shell:Skip shell extension 'dsv' for command environment
[0.753s] DEBUG:colcon.colcon_core.event_handler.log_command:Invoked command in '/projects/github_repos/astro/ros2_rpi_ws/build/astro_cartographer' returned '0': CMAKE_PREFIX_PATH=${CMAKE_PREFIX_PATH}:/projects/ros/microros_ws/install/sensor_msgs_py:/opt/ros/humble /usr/bin/cmake --build /projects/github_repos/astro/ros2_rpi_ws/build/astro_cartographer -- -j24 -l24
[0.759s] DEBUG:colcon.colcon_core.event_handler.log_command:Invoking command in '/projects/github_repos/astro/ros2_rpi_ws/build/astro_cartographer': CMAKE_PREFIX_PATH=${CMAKE_PREFIX_PATH}:/projects/ros/microros_ws/install/sensor_msgs_py:/opt/ros/humble /usr/bin/cmake --install /projects/github_repos/astro/ros2_rpi_ws/build/astro_cartographer
[0.759s] DEBUG:colcon.colcon_core.event_handler.log_command:Invoked command in '/projects/github_repos/astro/ros2_rpi_ws/build/astro_robot_description' returned '0': CMAKE_PREFIX_PATH=${CMAKE_PREFIX_PATH}:/projects/ros/microros_ws/install/sensor_msgs_py:/opt/ros/humble /usr/bin/cmake --build /projects/github_repos/astro/ros2_rpi_ws/build/astro_robot_description -- -j24 -l24
[0.760s] DEBUG:colcon.colcon_core.event_handler.log_command:Invoking command in '/projects/github_repos/astro/ros2_rpi_ws/build/astro_robot_description': CMAKE_PREFIX_PATH=${CMAKE_PREFIX_PATH}:/projects/ros/microros_ws/install/sensor_msgs_py:/opt/ros/humble /usr/bin/cmake --install /projects/github_repos/astro/ros2_rpi_ws/build/astro_robot_description
[0.761s] DEBUG:colcon.colcon_core.event_handler.log_command:Invoking command in '/projects/github_repos/astro/ros2_rpi_ws/build/robot_bringup': CMAKE_PREFIX_PATH=${CMAKE_PREFIX_PATH}:/projects/ros/microros_ws/install/sensor_msgs_py:/opt/ros/humble /usr/bin/cmake --build /projects/github_repos/astro/ros2_rpi_ws/build/robot_bringup -- -j24 -l24
[0.762s] DEBUG:colcon.colcon_core.event_handler.log_command:Invoked command in '/projects/github_repos/astro/ros2_rpi_ws/build/astro_odometry_tf_broadcaster' returned '0': CMAKE_PREFIX_PATH=${CMAKE_PREFIX_PATH}:/projects/ros/microros_ws/install/sensor_msgs_py:/opt/ros/humble /usr/bin/cmake --build /projects/github_repos/astro/ros2_rpi_ws/build/astro_odometry_tf_broadcaster -- -j24 -l24
[0.762s] DEBUG:colcon.colcon_core.event_handler.log_command:Invoking command in '/projects/github_repos/astro/ros2_rpi_ws/build/astro_odometry_tf_broadcaster': CMAKE_PREFIX_PATH=${CMAKE_PREFIX_PATH}:/projects/ros/microros_ws/install/sensor_msgs_py:/opt/ros/humble /usr/bin/cmake --install /projects/github_repos/astro/ros2_rpi_ws/build/astro_odometry_tf_broadcaster
[0.779s] Level 1:colcon.colcon_core.environment:create_environment_scripts_only(astro_odometry_tf_broadcaster)
[0.782s] DEBUG:colcon.colcon_core.event_handler.log_command:Invoked command in '/projects/github_repos/astro/ros2_rpi_ws/build/astro_odometry_tf_broadcaster' returned '0': CMAKE_PREFIX_PATH=${CMAKE_PREFIX_PATH}:/projects/ros/microros_ws/install/sensor_msgs_py:/opt/ros/humble /usr/bin/cmake --install /projects/github_repos/astro/ros2_rpi_ws/build/astro_odometry_tf_broadcaster
[0.782s] Level 1:colcon.colcon_core.environment:checking '/projects/github_repos/astro/ros2_rpi_ws/install/astro_odometry_tf_broadcaster' for CMake module files
[0.783s] Level 1:colcon.colcon_core.environment:checking '/projects/github_repos/astro/ros2_rpi_ws/install/astro_odometry_tf_broadcaster' for CMake config files
[0.783s] Level 1:colcon.colcon_core.shell:create_environment_hook('astro_odometry_tf_broadcaster', 'cmake_prefix_path')
[0.783s] INFO:colcon.colcon_core.shell:Creating environment hook '/projects/github_repos/astro/ros2_rpi_ws/install/astro_odometry_tf_broadcaster/share/astro_odometry_tf_broadcaster/hook/cmake_prefix_path.ps1'
[0.783s] INFO:colcon.colcon_core.shell:Creating environment descriptor '/projects/github_repos/astro/ros2_rpi_ws/install/astro_odometry_tf_broadcaster/share/astro_odometry_tf_broadcaster/hook/cmake_prefix_path.dsv'
[0.783s] INFO:colcon.colcon_core.shell:Creating environment hook '/projects/github_repos/astro/ros2_rpi_ws/install/astro_odometry_tf_broadcaster/share/astro_odometry_tf_broadcaster/hook/cmake_prefix_path.sh'
[0.784s] Level 1:colcon.colcon_core.environment:checking '/projects/github_repos/astro/ros2_rpi_ws/install/astro_odometry_tf_broadcaster/lib'
[0.784s] Level 1:colcon.colcon_core.environment:checking '/projects/github_repos/astro/ros2_rpi_ws/install/astro_odometry_tf_broadcaster/bin'
[0.784s] Level 1:colcon.colcon_core.environment:checking '/projects/github_repos/astro/ros2_rpi_ws/install/astro_odometry_tf_broadcaster/lib/pkgconfig/astro_odometry_tf_broadcaster.pc'
[0.784s] Level 1:colcon.colcon_core.environment:checking '/projects/github_repos/astro/ros2_rpi_ws/install/astro_odometry_tf_broadcaster/lib/python3.10/site-packages'
[0.784s] Level 1:colcon.colcon_core.environment:checking '/projects/github_repos/astro/ros2_rpi_ws/install/astro_odometry_tf_broadcaster/bin'
[0.784s] INFO:colcon.colcon_core.shell:Creating package script '/projects/github_repos/astro/ros2_rpi_ws/install/astro_odometry_tf_broadcaster/share/astro_odometry_tf_broadcaster/package.ps1'
[0.784s] INFO:colcon.colcon_core.shell:Creating package descriptor '/projects/github_repos/astro/ros2_rpi_ws/install/astro_odometry_tf_broadcaster/share/astro_odometry_tf_broadcaster/package.dsv'
[0.785s] INFO:colcon.colcon_core.shell:Creating package script '/projects/github_repos/astro/ros2_rpi_ws/install/astro_odometry_tf_broadcaster/share/astro_odometry_tf_broadcaster/package.sh'
[0.785s] INFO:colcon.colcon_core.shell:Creating package script '/projects/github_repos/astro/ros2_rpi_ws/install/astro_odometry_tf_broadcaster/share/astro_odometry_tf_broadcaster/package.bash'
[0.786s] INFO:colcon.colcon_core.shell:Creating package script '/projects/github_repos/astro/ros2_rpi_ws/install/astro_odometry_tf_broadcaster/share/astro_odometry_tf_broadcaster/package.zsh'
[0.786s] Level 1:colcon.colcon_core.environment:create_file_with_runtime_dependencies(/projects/github_repos/astro/ros2_rpi_ws/install/astro_odometry_tf_broadcaster/share/colcon-core/packages/astro_odometry_tf_broadcaster)
[0.786s] Level 1:colcon.colcon_core.environment:create_environment_scripts_only(astro_odometry_tf_broadcaster)
[0.786s] Level 1:colcon.colcon_core.environment:checking '/projects/github_repos/astro/ros2_rpi_ws/install/astro_odometry_tf_broadcaster' for CMake module files
[0.787s] Level 1:colcon.colcon_core.environment:checking '/projects/github_repos/astro/ros2_rpi_ws/install/astro_odometry_tf_broadcaster' for CMake config files
[0.787s] Level 1:colcon.colcon_core.shell:create_environment_hook('astro_odometry_tf_broadcaster', 'cmake_prefix_path')
[0.787s] INFO:colcon.colcon_core.shell:Creating environment hook '/projects/github_repos/astro/ros2_rpi_ws/install/astro_odometry_tf_broadcaster/share/astro_odometry_tf_broadcaster/hook/cmake_prefix_path.ps1'
[0.787s] INFO:colcon.colcon_core.shell:Creating environment descriptor '/projects/github_repos/astro/ros2_rpi_ws/install/astro_odometry_tf_broadcaster/share/astro_odometry_tf_broadcaster/hook/cmake_prefix_path.dsv'
[0.787s] INFO:colcon.colcon_core.shell:Creating environment hook '/projects/github_repos/astro/ros2_rpi_ws/install/astro_odometry_tf_broadcaster/share/astro_odometry_tf_broadcaster/hook/cmake_prefix_path.sh'
[0.787s] Level 1:colcon.colcon_core.environment:checking '/projects/github_repos/astro/ros2_rpi_ws/install/astro_odometry_tf_broadcaster/lib'
[0.787s] Level 1:colcon.colcon_core.environment:checking '/projects/github_repos/astro/ros2_rpi_ws/install/astro_odometry_tf_broadcaster/bin'
[0.787s] Level 1:colcon.colcon_core.environment:checking '/projects/github_repos/astro/ros2_rpi_ws/install/astro_odometry_tf_broadcaster/lib/pkgconfig/astro_odometry_tf_broadcaster.pc'
[0.788s] Level 1:colcon.colcon_core.environment:checking '/projects/github_repos/astro/ros2_rpi_ws/install/astro_odometry_tf_broadcaster/lib/python3.10/site-packages'
[0.788s] Level 1:colcon.colcon_core.environment:checking '/projects/github_repos/astro/ros2_rpi_ws/install/astro_odometry_tf_broadcaster/bin'
[0.788s] INFO:colcon.colcon_core.shell:Creating package script '/projects/github_repos/astro/ros2_rpi_ws/install/astro_odometry_tf_broadcaster/share/astro_odometry_tf_broadcaster/package.ps1'
[0.788s] INFO:colcon.colcon_core.shell:Creating package descriptor '/projects/github_repos/astro/ros2_rpi_ws/install/astro_odometry_tf_broadcaster/share/astro_odometry_tf_broadcaster/package.dsv'
[0.788s] INFO:colcon.colcon_core.shell:Creating package script '/projects/github_repos/astro/ros2_rpi_ws/install/astro_odometry_tf_broadcaster/share/astro_odometry_tf_broadcaster/package.sh'
[0.789s] INFO:colcon.colcon_core.shell:Creating package script '/projects/github_repos/astro/ros2_rpi_ws/install/astro_odometry_tf_broadcaster/share/astro_odometry_tf_broadcaster/package.bash'
[0.789s] INFO:colcon.colcon_core.shell:Creating package script '/projects/github_repos/astro/ros2_rpi_ws/install/astro_odometry_tf_broadcaster/share/astro_odometry_tf_broadcaster/package.zsh'
[0.789s] Level 1:colcon.colcon_core.environment:create_file_with_runtime_dependencies(/projects/github_repos/astro/ros2_rpi_ws/install/astro_odometry_tf_broadcaster/share/colcon-core/packages/astro_odometry_tf_broadcaster)
[0.789s] Level 1:colcon.colcon_core.environment:create_environment_scripts_only(astro_robot_description)
[0.789s] Level 1:colcon.colcon_core.environment:checking '/projects/github_repos/astro/ros2_rpi_ws/install/astro_robot_description' for CMake module files
[0.790s] DEBUG:colcon.colcon_core.event_handler.log_command:Invoked command in '/projects/github_repos/astro/ros2_rpi_ws/build/astro_robot_description' returned '0': CMAKE_PREFIX_PATH=${CMAKE_PREFIX_PATH}:/projects/ros/microros_ws/install/sensor_msgs_py:/opt/ros/humble /usr/bin/cmake --install /projects/github_repos/astro/ros2_rpi_ws/build/astro_robot_description
[0.790s] Level 1:colcon.colcon_core.environment:checking '/projects/github_repos/astro/ros2_rpi_ws/install/astro_robot_description' for CMake config files
[0.790s] Level 1:colcon.colcon_core.shell:create_environment_hook('astro_robot_description', 'cmake_prefix_path')
[0.790s] INFO:colcon.colcon_core.shell:Creating environment hook '/projects/github_repos/astro/ros2_rpi_ws/install/astro_robot_description/share/astro_robot_description/hook/cmake_prefix_path.ps1'
[0.790s] INFO:colcon.colcon_core.shell:Creating environment descriptor '/projects/github_repos/astro/ros2_rpi_ws/install/astro_robot_description/share/astro_robot_description/hook/cmake_prefix_path.dsv'
[0.791s] INFO:colcon.colcon_core.shell:Creating environment hook '/projects/github_repos/astro/ros2_rpi_ws/install/astro_robot_description/share/astro_robot_description/hook/cmake_prefix_path.sh'
[0.791s] Level 1:colcon.colcon_core.environment:checking '/projects/github_repos/astro/ros2_rpi_ws/install/astro_robot_description/bin'
[0.791s] Level 1:colcon.colcon_core.environment:checking '/projects/github_repos/astro/ros2_rpi_ws/install/astro_robot_description/lib/pkgconfig/astro_robot_description.pc'
[0.791s] Level 1:colcon.colcon_core.environment:checking '/projects/github_repos/astro/ros2_rpi_ws/install/astro_robot_description/lib/python3.10/site-packages'
[0.791s] Level 1:colcon.colcon_core.environment:checking '/projects/github_repos/astro/ros2_rpi_ws/install/astro_robot_description/bin'
[0.791s] INFO:colcon.colcon_core.shell:Creating package script '/projects/github_repos/astro/ros2_rpi_ws/install/astro_robot_description/share/astro_robot_description/package.ps1'
[0.791s] INFO:colcon.colcon_core.shell:Creating package descriptor '/projects/github_repos/astro/ros2_rpi_ws/install/astro_robot_description/share/astro_robot_description/package.dsv'
[0.792s] INFO:colcon.colcon_core.shell:Creating package script '/projects/github_repos/astro/ros2_rpi_ws/install/astro_robot_description/share/astro_robot_description/package.sh'
[0.792s] INFO:colcon.colcon_core.shell:Creating package script '/projects/github_repos/astro/ros2_rpi_ws/install/astro_robot_description/share/astro_robot_description/package.bash'
[0.792s] INFO:colcon.colcon_core.shell:Creating package script '/projects/github_repos/astro/ros2_rpi_ws/install/astro_robot_description/share/astro_robot_description/package.zsh'
[0.792s] Level 1:colcon.colcon_core.environment:create_file_with_runtime_dependencies(/projects/github_repos/astro/ros2_rpi_ws/install/astro_robot_description/share/colcon-core/packages/astro_robot_description)
[0.792s] Level 1:colcon.colcon_core.environment:create_environment_scripts_only(astro_robot_description)
[0.792s] Level 1:colcon.colcon_core.environment:checking '/projects/github_repos/astro/ros2_rpi_ws/install/astro_robot_description' for CMake module files
[0.793s] Level 1:colcon.colcon_core.environment:checking '/projects/github_repos/astro/ros2_rpi_ws/install/astro_robot_description' for CMake config files
[0.793s] Level 1:colcon.colcon_core.shell:create_environment_hook('astro_robot_description', 'cmake_prefix_path')
[0.793s] INFO:colcon.colcon_core.shell:Creating environment hook '/projects/github_repos/astro/ros2_rpi_ws/install/astro_robot_description/share/astro_robot_description/hook/cmake_prefix_path.ps1'
[0.793s] INFO:colcon.colcon_core.shell:Creating environment descriptor '/projects/github_repos/astro/ros2_rpi_ws/install/astro_robot_description/share/astro_robot_description/hook/cmake_prefix_path.dsv'
[0.793s] INFO:colcon.colcon_core.shell:Creating environment hook '/projects/github_repos/astro/ros2_rpi_ws/install/astro_robot_description/share/astro_robot_description/hook/cmake_prefix_path.sh'
[0.793s] Level 1:colcon.colcon_core.environment:checking '/projects/github_repos/astro/ros2_rpi_ws/install/astro_robot_description/bin'
[0.793s] Level 1:colcon.colcon_core.environment:checking '/projects/github_repos/astro/ros2_rpi_ws/install/astro_robot_description/lib/pkgconfig/astro_robot_description.pc'
[0.793s] Level 1:colcon.colcon_core.environment:checking '/projects/github_repos/astro/ros2_rpi_ws/install/astro_robot_description/lib/python3.10/site-packages'
[0.793s] Level 1:colcon.colcon_core.environment:checking '/projects/github_repos/astro/ros2_rpi_ws/install/astro_robot_description/bin'
[0.794s] INFO:colcon.colcon_core.shell:Creating package script '/projects/github_repos/astro/ros2_rpi_ws/install/astro_robot_description/share/astro_robot_description/package.ps1'
[0.794s] INFO:colcon.colcon_core.shell:Creating package descriptor '/projects/github_repos/astro/ros2_rpi_ws/install/astro_robot_description/share/astro_robot_description/package.dsv'
[0.794s] INFO:colcon.colcon_core.shell:Creating package script '/projects/github_repos/astro/ros2_rpi_ws/install/astro_robot_description/share/astro_robot_description/package.sh'
[0.795s] INFO:colcon.colcon_core.shell:Creating package script '/projects/github_repos/astro/ros2_rpi_ws/install/astro_robot_description/share/astro_robot_description/package.bash'
[0.795s] INFO:colcon.colcon_core.shell:Creating package script '/projects/github_repos/astro/ros2_rpi_ws/install/astro_robot_description/share/astro_robot_description/package.zsh'
[0.795s] Level 1:colcon.colcon_core.environment:create_file_with_runtime_dependencies(/projects/github_repos/astro/ros2_rpi_ws/install/astro_robot_description/share/colcon-core/packages/astro_robot_description)
[0.795s] Level 1:colcon.colcon_core.environment:create_environment_scripts_only(astro_cartographer)
[0.795s] Level 1:colcon.colcon_core.environment:checking '/projects/github_repos/astro/ros2_rpi_ws/install/astro_cartographer' for CMake module files
[0.796s] Level 1:colcon.colcon_core.environment:checking '/projects/github_repos/astro/ros2_rpi_ws/install/astro_cartographer' for CMake config files
[0.796s] DEBUG:colcon.colcon_core.event_handler.log_command:Invoked command in '/projects/github_repos/astro/ros2_rpi_ws/build/astro_cartographer' returned '0': CMAKE_PREFIX_PATH=${CMAKE_PREFIX_PATH}:/projects/ros/microros_ws/install/sensor_msgs_py:/opt/ros/humble /usr/bin/cmake --install /projects/github_repos/astro/ros2_rpi_ws/build/astro_cartographer
[0.796s] Level 1:colcon.colcon_core.shell:create_environment_hook('astro_cartographer', 'cmake_prefix_path')
[0.796s] INFO:colcon.colcon_core.shell:Creating environment hook '/projects/github_repos/astro/ros2_rpi_ws/install/astro_cartographer/share/astro_cartographer/hook/cmake_prefix_path.ps1'
[0.796s] INFO:colcon.colcon_core.shell:Creating environment descriptor '/projects/github_repos/astro/ros2_rpi_ws/install/astro_cartographer/share/astro_cartographer/hook/cmake_prefix_path.dsv'
[0.796s] INFO:colcon.colcon_core.shell:Creating environment hook '/projects/github_repos/astro/ros2_rpi_ws/install/astro_cartographer/share/astro_cartographer/hook/cmake_prefix_path.sh'
[0.797s] Level 1:colcon.colcon_core.environment:checking '/projects/github_repos/astro/ros2_rpi_ws/install/astro_cartographer/bin'
[0.797s] Level 1:colcon.colcon_core.environment:checking '/projects/github_repos/astro/ros2_rpi_ws/install/astro_cartographer/lib/pkgconfig/astro_cartographer.pc'
[0.797s] Level 1:colcon.colcon_core.environment:checking '/projects/github_repos/astro/ros2_rpi_ws/install/astro_cartographer/lib/python3.10/site-packages'
[0.797s] Level 1:colcon.colcon_core.environment:checking '/projects/github_repos/astro/ros2_rpi_ws/install/astro_cartographer/bin'
[0.797s] INFO:colcon.colcon_core.shell:Creating package script '/projects/github_repos/astro/ros2_rpi_ws/install/astro_cartographer/share/astro_cartographer/package.ps1'
[0.797s] INFO:colcon.colcon_core.shell:Creating package descriptor '/projects/github_repos/astro/ros2_rpi_ws/install/astro_cartographer/share/astro_cartographer/package.dsv'
[0.797s] INFO:colcon.colcon_core.shell:Creating package script '/projects/github_repos/astro/ros2_rpi_ws/install/astro_cartographer/share/astro_cartographer/package.sh'
[0.798s] INFO:colcon.colcon_core.shell:Creating package script '/projects/github_repos/astro/ros2_rpi_ws/install/astro_cartographer/share/astro_cartographer/package.bash'
[0.798s] INFO:colcon.colcon_core.shell:Creating package script '/projects/github_repos/astro/ros2_rpi_ws/install/astro_cartographer/share/astro_cartographer/package.zsh'
[0.798s] Level 1:colcon.colcon_core.environment:create_file_with_runtime_dependencies(/projects/github_repos/astro/ros2_rpi_ws/install/astro_cartographer/share/colcon-core/packages/astro_cartographer)
[0.798s] Level 1:colcon.colcon_core.environment:create_environment_scripts_only(astro_cartographer)
[0.798s] Level 1:colcon.colcon_core.environment:checking '/projects/github_repos/astro/ros2_rpi_ws/install/astro_cartographer' for CMake module files
[0.798s] Level 1:colcon.colcon_core.environment:checking '/projects/github_repos/astro/ros2_rpi_ws/install/astro_cartographer' for CMake config files
[0.798s] Level 1:colcon.colcon_core.shell:create_environment_hook('astro_cartographer', 'cmake_prefix_path')
[0.799s] INFO:colcon.colcon_core.shell:Creating environment hook '/projects/github_repos/astro/ros2_rpi_ws/install/astro_cartographer/share/astro_cartographer/hook/cmake_prefix_path.ps1'
[0.799s] INFO:colcon.colcon_core.shell:Creating environment descriptor '/projects/github_repos/astro/ros2_rpi_ws/install/astro_cartographer/share/astro_cartographer/hook/cmake_prefix_path.dsv'
[0.799s] INFO:colcon.colcon_core.shell:Creating environment hook '/projects/github_repos/astro/ros2_rpi_ws/install/astro_cartographer/share/astro_cartographer/hook/cmake_prefix_path.sh'
[0.799s] Level 1:colcon.colcon_core.environment:checking '/projects/github_repos/astro/ros2_rpi_ws/install/astro_cartographer/bin'
[0.799s] Level 1:colcon.colcon_core.environment:checking '/projects/github_repos/astro/ros2_rpi_ws/install/astro_cartographer/lib/pkgconfig/astro_cartographer.pc'
[0.799s] Level 1:colcon.colcon_core.environment:checking '/projects/github_repos/astro/ros2_rpi_ws/install/astro_cartographer/lib/python3.10/site-packages'
[0.799s] Level 1:colcon.colcon_core.environment:checking '/projects/github_repos/astro/ros2_rpi_ws/install/astro_cartographer/bin'
[0.800s] INFO:colcon.colcon_core.shell:Creating package script '/projects/github_repos/astro/ros2_rpi_ws/install/astro_cartographer/share/astro_cartographer/package.ps1'
[0.800s] INFO:colcon.colcon_core.shell:Creating package descriptor '/projects/github_repos/astro/ros2_rpi_ws/install/astro_cartographer/share/astro_cartographer/package.dsv'
[0.800s] INFO:colcon.colcon_core.shell:Creating package script '/projects/github_repos/astro/ros2_rpi_ws/install/astro_cartographer/share/astro_cartographer/package.sh'
[0.800s] INFO:colcon.colcon_core.shell:Creating package script '/projects/github_repos/astro/ros2_rpi_ws/install/astro_cartographer/share/astro_cartographer/package.bash'
[0.800s] INFO:colcon.colcon_core.shell:Creating package script '/projects/github_repos/astro/ros2_rpi_ws/install/astro_cartographer/share/astro_cartographer/package.zsh'
[0.801s] Level 1:colcon.colcon_core.environment:create_file_with_runtime_dependencies(/projects/github_repos/astro/ros2_rpi_ws/install/astro_cartographer/share/colcon-core/packages/astro_cartographer)
[0.801s] DEBUG:colcon.colcon_core.event_handler.log_command:Invoked command in '/projects/github_repos/astro/ros2_rpi_ws/build/robot_bringup' returned '0': CMAKE_PREFIX_PATH=${CMAKE_PREFIX_PATH}:/projects/ros/microros_ws/install/sensor_msgs_py:/opt/ros/humble /usr/bin/cmake --build /projects/github_repos/astro/ros2_rpi_ws/build/robot_bringup -- -j24 -l24
[0.802s] DEBUG:colcon.colcon_core.event_handler.log_command:Invoking command in '/projects/github_repos/astro/ros2_rpi_ws/build/robot_bringup': CMAKE_PREFIX_PATH=${CMAKE_PREFIX_PATH}:/projects/ros/microros_ws/install/sensor_msgs_py:/opt/ros/humble /usr/bin/cmake --install /projects/github_repos/astro/ros2_rpi_ws/build/robot_bringup
[0.809s] Level 1:colcon.colcon_core.environment:create_environment_scripts_only(robot_bringup)
[0.809s] Level 1:colcon.colcon_core.environment:checking '/projects/github_repos/astro/ros2_rpi_ws/install/robot_bringup' for CMake module files
[0.809s] DEBUG:colcon.colcon_core.event_handler.log_command:Invoked command in '/projects/github_repos/astro/ros2_rpi_ws/build/robot_bringup' returned '0': CMAKE_PREFIX_PATH=${CMAKE_PREFIX_PATH}:/projects/ros/microros_ws/install/sensor_msgs_py:/opt/ros/humble /usr/bin/cmake --install /projects/github_repos/astro/ros2_rpi_ws/build/robot_bringup
[0.810s] Level 1:colcon.colcon_core.environment:checking '/projects/github_repos/astro/ros2_rpi_ws/install/robot_bringup' for CMake config files
[0.810s] Level 1:colcon.colcon_core.shell:create_environment_hook('robot_bringup', 'cmake_prefix_path')
[0.810s] INFO:colcon.colcon_core.shell:Creating environment hook '/projects/github_repos/astro/ros2_rpi_ws/install/robot_bringup/share/robot_bringup/hook/cmake_prefix_path.ps1'
[0.810s] INFO:colcon.colcon_core.shell:Creating environment descriptor '/projects/github_repos/astro/ros2_rpi_ws/install/robot_bringup/share/robot_bringup/hook/cmake_prefix_path.dsv'
[0.810s] INFO:colcon.colcon_core.shell:Creating environment hook '/projects/github_repos/astro/ros2_rpi_ws/install/robot_bringup/share/robot_bringup/hook/cmake_prefix_path.sh'
[0.811s] Level 1:colcon.colcon_core.environment:checking '/projects/github_repos/astro/ros2_rpi_ws/install/robot_bringup/bin'
[0.811s] Level 1:colcon.colcon_core.environment:checking '/projects/github_repos/astro/ros2_rpi_ws/install/robot_bringup/lib/pkgconfig/robot_bringup.pc'
[0.811s] Level 1:colcon.colcon_core.environment:checking '/projects/github_repos/astro/ros2_rpi_ws/install/robot_bringup/lib/python3.10/site-packages'
[0.811s] Level 1:colcon.colcon_core.environment:checking '/projects/github_repos/astro/ros2_rpi_ws/install/robot_bringup/bin'
[0.811s] INFO:colcon.colcon_core.shell:Creating package script '/projects/github_repos/astro/ros2_rpi_ws/install/robot_bringup/share/robot_bringup/package.ps1'
[0.811s] INFO:colcon.colcon_core.shell:Creating package descriptor '/projects/github_repos/astro/ros2_rpi_ws/install/robot_bringup/share/robot_bringup/package.dsv'
[0.812s] INFO:colcon.colcon_core.shell:Creating package script '/projects/github_repos/astro/ros2_rpi_ws/install/robot_bringup/share/robot_bringup/package.sh'
[0.812s] INFO:colcon.colcon_core.shell:Creating package script '/projects/github_repos/astro/ros2_rpi_ws/install/robot_bringup/share/robot_bringup/package.bash'
[0.812s] INFO:colcon.colcon_core.shell:Creating package script '/projects/github_repos/astro/ros2_rpi_ws/install/robot_bringup/share/robot_bringup/package.zsh'
[0.812s] Level 1:colcon.colcon_core.environment:create_file_with_runtime_dependencies(/projects/github_repos/astro/ros2_rpi_ws/install/robot_bringup/share/colcon-core/packages/robot_bringup)
[0.812s] Level 1:colcon.colcon_core.environment:create_environment_scripts_only(robot_bringup)
[0.812s] Level 1:colcon.colcon_core.environment:checking '/projects/github_repos/astro/ros2_rpi_ws/install/robot_bringup' for CMake module files
[0.813s] Level 1:colcon.colcon_core.environment:checking '/projects/github_repos/astro/ros2_rpi_ws/install/robot_bringup' for CMake config files
[0.813s] Level 1:colcon.colcon_core.shell:create_environment_hook('robot_bringup', 'cmake_prefix_path')
[0.813s] INFO:colcon.colcon_core.shell:Creating environment hook '/projects/github_repos/astro/ros2_rpi_ws/install/robot_bringup/share/robot_bringup/hook/cmake_prefix_path.ps1'
[0.813s] INFO:colcon.colcon_core.shell:Creating environment descriptor '/projects/github_repos/astro/ros2_rpi_ws/install/robot_bringup/share/robot_bringup/hook/cmake_prefix_path.dsv'
[0.813s] INFO:colcon.colcon_core.shell:Creating environment hook '/projects/github_repos/astro/ros2_rpi_ws/install/robot_bringup/share/robot_bringup/hook/cmake_prefix_path.sh'
[0.813s] Level 1:colcon.colcon_core.environment:checking '/projects/github_repos/astro/ros2_rpi_ws/install/robot_bringup/bin'
[0.813s] Level 1:colcon.colcon_core.environment:checking '/projects/github_repos/astro/ros2_rpi_ws/install/robot_bringup/lib/pkgconfig/robot_bringup.pc'
[0.813s] Level 1:colcon.colcon_core.environment:checking '/projects/github_repos/astro/ros2_rpi_ws/install/robot_bringup/lib/python3.10/site-packages'
[0.814s] Level 1:colcon.colcon_core.environment:checking '/projects/github_repos/astro/ros2_rpi_ws/install/robot_bringup/bin'
[0.814s] INFO:colcon.colcon_core.shell:Creating package script '/projects/github_repos/astro/ros2_rpi_ws/install/robot_bringup/share/robot_bringup/package.ps1'
[0.814s] INFO:colcon.colcon_core.shell:Creating package descriptor '/projects/github_repos/astro/ros2_rpi_ws/install/robot_bringup/share/robot_bringup/package.dsv'
[0.814s] INFO:colcon.colcon_core.shell:Creating package script '/projects/github_repos/astro/ros2_rpi_ws/install/robot_bringup/share/robot_bringup/package.sh'
[0.814s] INFO:colcon.colcon_core.shell:Creating package script '/projects/github_repos/astro/ros2_rpi_ws/install/robot_bringup/share/robot_bringup/package.bash'
[0.814s] INFO:colcon.colcon_core.shell:Creating package script '/projects/github_repos/astro/ros2_rpi_ws/install/robot_bringup/share/robot_bringup/package.zsh'
[0.815s] Level 1:colcon.colcon_core.environment:create_file_with_runtime_dependencies(/projects/github_repos/astro/ros2_rpi_ws/install/robot_bringup/share/colcon-core/packages/robot_bringup)
[0.966s] DEBUG:colcon.colcon_core.event_handler.log_command:Invoking command in '/projects/github_repos/astro/ros2_rpi_ws/src/astro_odometry_publisher': PYTHONPATH=/projects/github_repos/astro/ros2_rpi_ws/build/astro_odometry/prefix_override:/usr/lib/python3/dist-packages/colcon_core/task/python/colcon_distutils_commands:/projects/github_repos/astro/ros2_rpi_ws/install/astro_odometry/lib/python3.10/site-packages:${PYTHONPATH} /usr/bin/python3 -W ignore:setup.py install is deprecated -W ignore:easy_install command is deprecated setup.py egg_info --egg-base ../../build/astro_odometry build --build-base /projects/github_repos/astro/ros2_rpi_ws/build/astro_odometry/build install --record /projects/github_repos/astro/ros2_rpi_ws/build/astro_odometry/install.log --single-version-externally-managed install_data
[0.967s] DEBUG:colcon.colcon_core.event_handler.log_command:Invoking command in '/projects/github_repos/astro/ros2_rpi_ws/src/astro_teleop_twist_joy': PYTHONPATH=/projects/github_repos/astro/ros2_rpi_ws/build/astro_teleop/prefix_override:/usr/lib/python3/dist-packages/colcon_core/task/python/colcon_distutils_commands:/projects/github_repos/astro/ros2_rpi_ws/install/astro_teleop/lib/python3.10/site-packages:${PYTHONPATH} /usr/bin/python3 -W ignore:setup.py install is deprecated -W ignore:easy_install command is deprecated setup.py egg_info --egg-base ../../build/astro_teleop build --build-base /projects/github_repos/astro/ros2_rpi_ws/build/astro_teleop/build install --record /projects/github_repos/astro/ros2_rpi_ws/build/astro_teleop/install.log --single-version-externally-managed install_data
[0.968s] DEBUG:colcon.colcon_core.event_handler.log_command:Invoking command in '/projects/github_repos/astro/ros2_rpi_ws/src/astro_sensor_publisher': PYTHONPATH=/projects/github_repos/astro/ros2_rpi_ws/build/astro_sensor/prefix_override:/usr/lib/python3/dist-packages/colcon_core/task/python/colcon_distutils_commands:/projects/github_repos/astro/ros2_rpi_ws/install/astro_sensor/lib/python3.10/site-packages:${PYTHONPATH} /usr/bin/python3 -W ignore:setup.py install is deprecated -W ignore:easy_install command is deprecated setup.py egg_info --egg-base ../../build/astro_sensor build --build-base /projects/github_repos/astro/ros2_rpi_ws/build/astro_sensor/build install --record /projects/github_repos/astro/ros2_rpi_ws/build/astro_sensor/install.log --single-version-externally-managed install_data
[1.124s] Level 1:colcon.colcon_core.environment:checking '/projects/github_repos/astro/ros2_rpi_ws/install/astro_sensor' for CMake module files
[1.125s] DEBUG:colcon.colcon_core.event_handler.log_command:Invoked command in '/projects/github_repos/astro/ros2_rpi_ws/src/astro_sensor_publisher' returned '0': PYTHONPATH=/projects/github_repos/astro/ros2_rpi_ws/build/astro_sensor/prefix_override:/usr/lib/python3/dist-packages/colcon_core/task/python/colcon_distutils_commands:/projects/github_repos/astro/ros2_rpi_ws/install/astro_sensor/lib/python3.10/site-packages:${PYTHONPATH} /usr/bin/python3 -W ignore:setup.py install is deprecated -W ignore:easy_install command is deprecated setup.py egg_info --egg-base ../../build/astro_sensor build --build-base /projects/github_repos/astro/ros2_rpi_ws/build/astro_sensor/build install --record /projects/github_repos/astro/ros2_rpi_ws/build/astro_sensor/install.log --single-version-externally-managed install_data
[1.125s] Level 1:colcon.colcon_core.environment:checking '/projects/github_repos/astro/ros2_rpi_ws/install/astro_sensor' for CMake config files
[1.125s] Level 1:colcon.colcon_core.environment:checking '/projects/github_repos/astro/ros2_rpi_ws/install/astro_sensor/lib'
[1.125s] Level 1:colcon.colcon_core.environment:checking '/projects/github_repos/astro/ros2_rpi_ws/install/astro_sensor/bin'
[1.125s] Level 1:colcon.colcon_core.environment:checking '/projects/github_repos/astro/ros2_rpi_ws/install/astro_sensor/lib/pkgconfig/astro_sensor.pc'
[1.125s] Level 1:colcon.colcon_core.environment:checking '/projects/github_repos/astro/ros2_rpi_ws/install/astro_sensor/lib/python3.10/site-packages'
[1.125s] Level 1:colcon.colcon_core.shell:create_environment_hook('astro_sensor', 'pythonpath')
[1.126s] INFO:colcon.colcon_core.shell:Creating environment hook '/projects/github_repos/astro/ros2_rpi_ws/install/astro_sensor/share/astro_sensor/hook/pythonpath.ps1'
[1.126s] INFO:colcon.colcon_core.shell:Creating environment descriptor '/projects/github_repos/astro/ros2_rpi_ws/install/astro_sensor/share/astro_sensor/hook/pythonpath.dsv'
[1.126s] INFO:colcon.colcon_core.shell:Creating environment hook '/projects/github_repos/astro/ros2_rpi_ws/install/astro_sensor/share/astro_sensor/hook/pythonpath.sh'
[1.126s] Level 1:colcon.colcon_core.environment:checking '/projects/github_repos/astro/ros2_rpi_ws/install/astro_sensor/bin'
[1.126s] Level 1:colcon.colcon_core.environment:create_environment_scripts_only(astro_sensor)
[1.126s] INFO:colcon.colcon_core.shell:Creating package script '/projects/github_repos/astro/ros2_rpi_ws/install/astro_sensor/share/astro_sensor/package.ps1'
[1.127s] INFO:colcon.colcon_core.shell:Creating package descriptor '/projects/github_repos/astro/ros2_rpi_ws/install/astro_sensor/share/astro_sensor/package.dsv'
[1.127s] INFO:colcon.colcon_core.shell:Creating package script '/projects/github_repos/astro/ros2_rpi_ws/install/astro_sensor/share/astro_sensor/package.sh'
[1.127s] INFO:colcon.colcon_core.shell:Creating package script '/projects/github_repos/astro/ros2_rpi_ws/install/astro_sensor/share/astro_sensor/package.bash'
[1.127s] INFO:colcon.colcon_core.shell:Creating package script '/projects/github_repos/astro/ros2_rpi_ws/install/astro_sensor/share/astro_sensor/package.zsh'
[1.127s] Level 1:colcon.colcon_core.environment:create_file_with_runtime_dependencies(/projects/github_repos/astro/ros2_rpi_ws/install/astro_sensor/share/colcon-core/packages/astro_sensor)
[1.132s] Level 1:colcon.colcon_core.environment:checking '/projects/github_repos/astro/ros2_rpi_ws/install/astro_odometry' for CMake module files
[1.132s] DEBUG:colcon.colcon_core.event_handler.log_command:Invoked command in '/projects/github_repos/astro/ros2_rpi_ws/src/astro_odometry_publisher' returned '0': PYTHONPATH=/projects/github_repos/astro/ros2_rpi_ws/build/astro_odometry/prefix_override:/usr/lib/python3/dist-packages/colcon_core/task/python/colcon_distutils_commands:/projects/github_repos/astro/ros2_rpi_ws/install/astro_odometry/lib/python3.10/site-packages:${PYTHONPATH} /usr/bin/python3 -W ignore:setup.py install is deprecated -W ignore:easy_install command is deprecated setup.py egg_info --egg-base ../../build/astro_odometry build --build-base /projects/github_repos/astro/ros2_rpi_ws/build/astro_odometry/build install --record /projects/github_repos/astro/ros2_rpi_ws/build/astro_odometry/install.log --single-version-externally-managed install_data
[1.133s] Level 1:colcon.colcon_core.environment:checking '/projects/github_repos/astro/ros2_rpi_ws/install/astro_odometry' for CMake config files
[1.133s] Level 1:colcon.colcon_core.environment:checking '/projects/github_repos/astro/ros2_rpi_ws/install/astro_odometry/lib'
[1.133s] Level 1:colcon.colcon_core.environment:checking '/projects/github_repos/astro/ros2_rpi_ws/install/astro_odometry/bin'
[1.133s] Level 1:colcon.colcon_core.environment:checking '/projects/github_repos/astro/ros2_rpi_ws/install/astro_odometry/lib/pkgconfig/astro_odometry.pc'
[1.133s] Level 1:colcon.colcon_core.environment:checking '/projects/github_repos/astro/ros2_rpi_ws/install/astro_odometry/lib/python3.10/site-packages'
[1.133s] Level 1:colcon.colcon_core.shell:create_environment_hook('astro_odometry', 'pythonpath')
[1.133s] INFO:colcon.colcon_core.shell:Creating environment hook '/projects/github_repos/astro/ros2_rpi_ws/install/astro_odometry/share/astro_odometry/hook/pythonpath.ps1'
[1.133s] INFO:colcon.colcon_core.shell:Creating environment descriptor '/projects/github_repos/astro/ros2_rpi_ws/install/astro_odometry/share/astro_odometry/hook/pythonpath.dsv'
[1.134s] INFO:colcon.colcon_core.shell:Creating environment hook '/projects/github_repos/astro/ros2_rpi_ws/install/astro_odometry/share/astro_odometry/hook/pythonpath.sh'
[1.134s] Level 1:colcon.colcon_core.environment:checking '/projects/github_repos/astro/ros2_rpi_ws/install/astro_odometry/bin'
[1.134s] Level 1:colcon.colcon_core.environment:create_environment_scripts_only(astro_odometry)
[1.134s] INFO:colcon.colcon_core.shell:Creating package script '/projects/github_repos/astro/ros2_rpi_ws/install/astro_odometry/share/astro_odometry/package.ps1'
[1.134s] INFO:colcon.colcon_core.shell:Creating package descriptor '/projects/github_repos/astro/ros2_rpi_ws/install/astro_odometry/share/astro_odometry/package.dsv'
[1.134s] INFO:colcon.colcon_core.shell:Creating package script '/projects/github_repos/astro/ros2_rpi_ws/install/astro_odometry/share/astro_odometry/package.sh'
[1.135s] INFO:colcon.colcon_core.shell:Creating package script '/projects/github_repos/astro/ros2_rpi_ws/install/astro_odometry/share/astro_odometry/package.bash'
[1.135s] INFO:colcon.colcon_core.shell:Creating package script '/projects/github_repos/astro/ros2_rpi_ws/install/astro_odometry/share/astro_odometry/package.zsh'
[1.135s] Level 1:colcon.colcon_core.environment:create_file_with_runtime_dependencies(/projects/github_repos/astro/ros2_rpi_ws/install/astro_odometry/share/colcon-core/packages/astro_odometry)
[1.135s] Level 1:colcon.colcon_core.environment:checking '/projects/github_repos/astro/ros2_rpi_ws/install/astro_teleop' for CMake module files
[1.135s] DEBUG:colcon.colcon_core.event_handler.log_command:Invoked command in '/projects/github_repos/astro/ros2_rpi_ws/src/astro_teleop_twist_joy' returned '0': PYTHONPATH=/projects/github_repos/astro/ros2_rpi_ws/build/astro_teleop/prefix_override:/usr/lib/python3/dist-packages/colcon_core/task/python/colcon_distutils_commands:/projects/github_repos/astro/ros2_rpi_ws/install/astro_teleop/lib/python3.10/site-packages:${PYTHONPATH} /usr/bin/python3 -W ignore:setup.py install is deprecated -W ignore:easy_install command is deprecated setup.py egg_info --egg-base ../../build/astro_teleop build --build-base /projects/github_repos/astro/ros2_rpi_ws/build/astro_teleop/build install --record /projects/github_repos/astro/ros2_rpi_ws/build/astro_teleop/install.log --single-version-externally-managed install_data
[1.136s] Level 1:colcon.colcon_core.environment:checking '/projects/github_repos/astro/ros2_rpi_ws/install/astro_teleop' for CMake config files
[1.136s] Level 1:colcon.colcon_core.environment:checking '/projects/github_repos/astro/ros2_rpi_ws/install/astro_teleop/lib'
[1.136s] Level 1:colcon.colcon_core.environment:checking '/projects/github_repos/astro/ros2_rpi_ws/install/astro_teleop/bin'
[1.136s] Level 1:colcon.colcon_core.environment:checking '/projects/github_repos/astro/ros2_rpi_ws/install/astro_teleop/lib/pkgconfig/astro_teleop.pc'
[1.136s] Level 1:colcon.colcon_core.environment:checking '/projects/github_repos/astro/ros2_rpi_ws/install/astro_teleop/lib/python3.10/site-packages'
[1.136s] Level 1:colcon.colcon_core.shell:create_environment_hook('astro_teleop', 'pythonpath')
[1.136s] INFO:colcon.colcon_core.shell:Creating environment hook '/projects/github_repos/astro/ros2_rpi_ws/install/astro_teleop/share/astro_teleop/hook/pythonpath.ps1'
[1.136s] INFO:colcon.colcon_core.shell:Creating environment descriptor '/projects/github_repos/astro/ros2_rpi_ws/install/astro_teleop/share/astro_teleop/hook/pythonpath.dsv'
[1.136s] INFO:colcon.colcon_core.shell:Creating environment hook '/projects/github_repos/astro/ros2_rpi_ws/install/astro_teleop/share/astro_teleop/hook/pythonpath.sh'
[1.137s] Level 1:colcon.colcon_core.environment:checking '/projects/github_repos/astro/ros2_rpi_ws/install/astro_teleop/bin'
[1.137s] Level 1:colcon.colcon_core.environment:create_environment_scripts_only(astro_teleop)
[1.137s] INFO:colcon.colcon_core.shell:Creating package script '/projects/github_repos/astro/ros2_rpi_ws/install/astro_teleop/share/astro_teleop/package.ps1'
[1.137s] INFO:colcon.colcon_core.shell:Creating package descriptor '/projects/github_repos/astro/ros2_rpi_ws/install/astro_teleop/share/astro_teleop/package.dsv'
[1.137s] INFO:colcon.colcon_core.shell:Creating package script '/projects/github_repos/astro/ros2_rpi_ws/install/astro_teleop/share/astro_teleop/package.sh'
[1.137s] INFO:colcon.colcon_core.shell:Creating package script '/projects/github_repos/astro/ros2_rpi_ws/install/astro_teleop/share/astro_teleop/package.bash'
[1.137s] INFO:colcon.colcon_core.shell:Creating package script '/projects/github_repos/astro/ros2_rpi_ws/install/astro_teleop/share/astro_teleop/package.zsh'
[1.138s] Level 1:colcon.colcon_core.environment:create_file_with_runtime_dependencies(/projects/github_repos/astro/ros2_rpi_ws/install/astro_teleop/share/colcon-core/packages/astro_teleop)
[1.138s] DEBUG:colcon.colcon_parallel_executor.executor.parallel:closing loop
[1.138s] DEBUG:colcon.colcon_parallel_executor.executor.parallel:loop closed
[1.138s] DEBUG:colcon.colcon_parallel_executor.executor.parallel:run_until_complete finished with '0'
[1.138s] DEBUG:colcon.colcon_core.event_reactor:joining thread
[1.150s] INFO:colcon.colcon_core.plugin_system:Skipping extension 'colcon_notification.desktop_notification.terminal_notifier': Not used on non-Darwin systems
[1.150s] INFO:colcon.colcon_core.plugin_system:Skipping extension 'colcon_notification.desktop_notification.win32': Not used on non-Windows systems
[1.150s] INFO:colcon.colcon_notification.desktop_notification:Sending desktop notification using 'notify2'
[1.158s] DEBUG:colcon.colcon_core.event_reactor:joined thread
[1.158s] INFO:colcon.colcon_core.shell:Creating prefix script '/projects/github_repos/astro/ros2_rpi_ws/install/local_setup.ps1'
[1.159s] INFO:colcon.colcon_core.shell:Creating prefix util module '/projects/github_repos/astro/ros2_rpi_ws/install/_local_setup_util_ps1.py'
[1.159s] INFO:colcon.colcon_core.shell:Creating prefix chain script '/projects/github_repos/astro/ros2_rpi_ws/install/setup.ps1'
[1.160s] INFO:colcon.colcon_core.shell:Creating prefix script '/projects/github_repos/astro/ros2_rpi_ws/install/local_setup.sh'
[1.161s] INFO:colcon.colcon_core.shell:Creating prefix util module '/projects/github_repos/astro/ros2_rpi_ws/install/_local_setup_util_sh.py'
[1.161s] INFO:colcon.colcon_core.shell:Creating prefix chain script '/projects/github_repos/astro/ros2_rpi_ws/install/setup.sh'
[1.162s] INFO:colcon.colcon_core.shell:Creating prefix script '/projects/github_repos/astro/ros2_rpi_ws/install/local_setup.bash'
[1.162s] INFO:colcon.colcon_core.shell:Creating prefix chain script '/projects/github_repos/astro/ros2_rpi_ws/install/setup.bash'
[1.163s] INFO:colcon.colcon_core.shell:Creating prefix script '/projects/github_repos/astro/ros2_rpi_ws/install/local_setup.zsh'
[1.163s] INFO:colcon.colcon_core.shell:Creating prefix chain script '/projects/github_repos/astro/ros2_rpi_ws/install/setup.zsh'
