[0.461s] Invoking command in '/projects/github_repos/astro/ros2_ws/build/robot_bringup': CMAKE_PREFIX_PATH=${CMAKE_PREFIX_PATH}:/projects/ros/microros_ws/install/sensor_msgs_py:/opt/ros/humble /usr/bin/cmake /projects/github_repos/astro/ros2_ws/src/robot_bringup -DCMAKE_INSTALL_PREFIX=/projects/github_repos/astro/ros2_ws/install/robot_bringup
[0.509s] -- The C compiler identification is GNU 11.4.0
[0.552s] -- The CXX compiler identification is GNU 11.4.0
[0.557s] -- Detecting C compiler ABI info
[0.612s] -- Detecting C compiler ABI info - done
[0.618s] -- Check for working C compiler: /usr/bin/cc - skipped
[0.618s] -- Detecting C compile features
[0.618s] -- Detecting C compile features - done
[0.620s] -- Detecting CXX compiler ABI info
[0.681s] -- Detecting CXX compiler ABI info - done
[0.687s] -- Check for working CXX compiler: /usr/bin/c++ - skipped
[0.687s] -- Detecting CXX compile features
[0.687s] -- Detecting CXX compile features - done
[0.690s] -- Found ament_cmake: 1.3.11 (/opt/ros/humble/share/ament_cmake/cmake)
[0.810s] -- Found Python3: /usr/bin/python3 (found version "3.10.12") found components: Interpreter 
[0.950s] -- Configuring done
[0.953s] -- Generating done
[0.954s] -- Build files have been written to: /projects/github_repos/astro/ros2_ws/build/robot_bringup
[0.958s] Invoked command in '/projects/github_repos/astro/ros2_ws/build/robot_bringup' returned '0': CMAKE_PREFIX_PATH=${CMAKE_PREFIX_PATH}:/projects/ros/microros_ws/install/sensor_msgs_py:/opt/ros/humble /usr/bin/cmake /projects/github_repos/astro/ros2_ws/src/robot_bringup -DCMAKE_INSTALL_PREFIX=/projects/github_repos/astro/ros2_ws/install/robot_bringup
[0.958s] Invoking command in '/projects/github_repos/astro/ros2_ws/build/robot_bringup': CMAKE_PREFIX_PATH=${CMAKE_PREFIX_PATH}:/projects/ros/microros_ws/install/sensor_msgs_py:/opt/ros/humble /usr/bin/cmake --build /projects/github_repos/astro/ros2_ws/build/robot_bringup -- -j24 -l24
[0.996s] Invoked command in '/projects/github_repos/astro/ros2_ws/build/robot_bringup' returned '0': CMAKE_PREFIX_PATH=${CMAKE_PREFIX_PATH}:/projects/ros/microros_ws/install/sensor_msgs_py:/opt/ros/humble /usr/bin/cmake --build /projects/github_repos/astro/ros2_ws/build/robot_bringup -- -j24 -l24
[0.996s] Invoking command in '/projects/github_repos/astro/ros2_ws/build/robot_bringup': CMAKE_PREFIX_PATH=${CMAKE_PREFIX_PATH}:/projects/ros/microros_ws/install/sensor_msgs_py:/opt/ros/humble /usr/bin/cmake --install /projects/github_repos/astro/ros2_ws/build/robot_bringup
[1.002s] -- Install configuration: ""
[1.002s] -- Up-to-date: /projects/github_repos/astro/ros2_ws/install/robot_bringup/share/robot_bringup/launch
[1.002s] -- Up-to-date: /projects/github_repos/astro/ros2_ws/install/robot_bringup/share/robot_bringup/launch/robot_base.launch.py
[1.002s] -- Installing: /projects/github_repos/astro/ros2_ws/install/robot_bringup/share/ament_index/resource_index/package_run_dependencies/robot_bringup
[1.002s] -- Installing: /projects/github_repos/astro/ros2_ws/install/robot_bringup/share/ament_index/resource_index/parent_prefix_path/robot_bringup
[1.002s] -- Up-to-date: /projects/github_repos/astro/ros2_ws/install/robot_bringup/share/robot_bringup/environment/ament_prefix_path.sh
[1.002s] -- Installing: /projects/github_repos/astro/ros2_ws/install/robot_bringup/share/robot_bringup/environment/ament_prefix_path.dsv
[1.002s] -- Up-to-date: /projects/github_repos/astro/ros2_ws/install/robot_bringup/share/robot_bringup/environment/path.sh
[1.002s] -- Installing: /projects/github_repos/astro/ros2_ws/install/robot_bringup/share/robot_bringup/environment/path.dsv
[1.002s] -- Installing: /projects/github_repos/astro/ros2_ws/install/robot_bringup/share/robot_bringup/local_setup.bash
[1.002s] -- Installing: /projects/github_repos/astro/ros2_ws/install/robot_bringup/share/robot_bringup/local_setup.sh
[1.002s] -- Installing: /projects/github_repos/astro/ros2_ws/install/robot_bringup/share/robot_bringup/local_setup.zsh
[1.002s] -- Installing: /projects/github_repos/astro/ros2_ws/install/robot_bringup/share/robot_bringup/local_setup.dsv
[1.002s] -- Installing: /projects/github_repos/astro/ros2_ws/install/robot_bringup/share/robot_bringup/package.dsv
[1.002s] -- Installing: /projects/github_repos/astro/ros2_ws/install/robot_bringup/share/ament_index/resource_index/packages/robot_bringup
[1.002s] -- Installing: /projects/github_repos/astro/ros2_ws/install/robot_bringup/share/robot_bringup/cmake/robot_bringupConfig.cmake
[1.003s] -- Installing: /projects/github_repos/astro/ros2_ws/install/robot_bringup/share/robot_bringup/cmake/robot_bringupConfig-version.cmake
[1.003s] -- Up-to-date: /projects/github_repos/astro/ros2_ws/install/robot_bringup/share/robot_bringup/package.xml
[1.004s] Invoked command in '/projects/github_repos/astro/ros2_ws/build/robot_bringup' returned '0': CMAKE_PREFIX_PATH=${CMAKE_PREFIX_PATH}:/projects/ros/microros_ws/install/sensor_msgs_py:/opt/ros/humble /usr/bin/cmake --install /projects/github_repos/astro/ros2_ws/build/robot_bringup
