[0.806s] Invoking command in '/projects/github_repos/astro/ros2_rpi_ws/src/astro_sensor_publisher': PYTHONPATH=/projects/github_repos/astro/ros2_rpi_ws/build/astro_sensor/prefix_override:/usr/lib/python3/dist-packages/colcon_core/task/python/colcon_distutils_commands:/projects/github_repos/astro/ros2_rpi_ws/install/astro_sensor/lib/python3.10/site-packages:${PYTHONPATH} /usr/bin/python3 -W ignore:setup.py install is deprecated -W ignore:easy_install command is deprecated setup.py egg_info --egg-base ../../build/astro_sensor build --build-base /projects/github_repos/astro/ros2_rpi_ws/build/astro_sensor/build install --record /projects/github_repos/astro/ros2_rpi_ws/build/astro_sensor/install.log --single-version-externally-managed install_data
[0.939s] running egg_info
[0.939s] writing ../../build/astro_sensor/astro_sensor.egg-info/PKG-INFO
[0.939s] writing dependency_links to ../../build/astro_sensor/astro_sensor.egg-info/dependency_links.txt
[0.939s] writing entry points to ../../build/astro_sensor/astro_sensor.egg-info/entry_points.txt
[0.939s] writing requirements to ../../build/astro_sensor/astro_sensor.egg-info/requires.txt
[0.939s] writing top-level names to ../../build/astro_sensor/astro_sensor.egg-info/top_level.txt
[0.940s] reading manifest file '../../build/astro_sensor/astro_sensor.egg-info/SOURCES.txt'
[0.940s] writing manifest file '../../build/astro_sensor/astro_sensor.egg-info/SOURCES.txt'
[0.940s] running build
[0.940s] running build_py
[0.940s] running install
[0.940s] running install_lib
[0.941s] running install_data
[0.941s] running install_egg_info
[0.942s] removing '/projects/github_repos/astro/ros2_rpi_ws/install/astro_sensor/lib/python3.10/site-packages/astro_sensor-2.1.5-py3.10.egg-info' (and everything under it)
[0.942s] Copying ../../build/astro_sensor/astro_sensor.egg-info to /projects/github_repos/astro/ros2_rpi_ws/install/astro_sensor/lib/python3.10/site-packages/astro_sensor-2.1.5-py3.10.egg-info
[0.943s] running install_scripts
[0.955s] Installing astro_sensor script to /projects/github_repos/astro/ros2_rpi_ws/install/astro_sensor/lib/astro_sensor
[0.955s] writing list of installed files to '/projects/github_repos/astro/ros2_rpi_ws/build/astro_sensor/install.log'
[0.970s] Invoked command in '/projects/github_repos/astro/ros2_rpi_ws/src/astro_sensor_publisher' returned '0': PYTHONPATH=/projects/github_repos/astro/ros2_rpi_ws/build/astro_sensor/prefix_override:/usr/lib/python3/dist-packages/colcon_core/task/python/colcon_distutils_commands:/projects/github_repos/astro/ros2_rpi_ws/install/astro_sensor/lib/python3.10/site-packages:${PYTHONPATH} /usr/bin/python3 -W ignore:setup.py install is deprecated -W ignore:easy_install command is deprecated setup.py egg_info --egg-base ../../build/astro_sensor build --build-base /projects/github_repos/astro/ros2_rpi_ws/build/astro_sensor/build install --record /projects/github_repos/astro/ros2_rpi_ws/build/astro_sensor/install.log --single-version-externally-managed install_data
