[0.166s] Invoking command in '/projects/github_repos/astro/ros2_rpi_ws/build/astro_odometry_tf_broadcaster': CMAKE_PREFIX_PATH=${CMAKE_PREFIX_PATH}:/projects/github_repos/astro/ros2_rpi_ws/install/astro_teleop:/projects/github_repos/astro/ros2_rpi_ws/install/astro_sensor:/projects/github_repos/astro/ros2_rpi_ws/install/astro_odometry:/projects/ros/microros_ws/install/sensor_msgs_py:/opt/ros/humble /usr/bin/cmake --build /projects/github_repos/astro/ros2_rpi_ws/build/astro_odometry_tf_broadcaster -- -j24 -l24
[0.460s] [100%] Built target odometry_tf_broadcaster
[0.468s] Invoked command in '/projects/github_repos/astro/ros2_rpi_ws/build/astro_odometry_tf_broadcaster' returned '0': CMAKE_PREFIX_PATH=${CMAKE_PREFIX_PATH}:/projects/github_repos/astro/ros2_rpi_ws/install/astro_teleop:/projects/github_repos/astro/ros2_rpi_ws/install/astro_sensor:/projects/github_repos/astro/ros2_rpi_ws/install/astro_odometry:/projects/ros/microros_ws/install/sensor_msgs_py:/opt/ros/humble /usr/bin/cmake --build /projects/github_repos/astro/ros2_rpi_ws/build/astro_odometry_tf_broadcaster -- -j24 -l24
[0.469s] Invoking command in '/projects/github_repos/astro/ros2_rpi_ws/build/astro_odometry_tf_broadcaster': CMAKE_PREFIX_PATH=${CMAKE_PREFIX_PATH}:/projects/github_repos/astro/ros2_rpi_ws/install/astro_teleop:/projects/github_repos/astro/ros2_rpi_ws/install/astro_sensor:/projects/github_repos/astro/ros2_rpi_ws/install/astro_odometry:/projects/ros/microros_ws/install/sensor_msgs_py:/opt/ros/humble /usr/bin/cmake --install /projects/github_repos/astro/ros2_rpi_ws/build/astro_odometry_tf_broadcaster
[0.624s] -- Install configuration: ""
[0.625s] -- Up-to-date: /projects/github_repos/astro/ros2_rpi_ws/install/astro_odometry_tf_broadcaster/lib/astro_odometry_tf_broadcaster/odometry_tf_broadcaster
[0.625s] -- Up-to-date: /projects/github_repos/astro/ros2_rpi_ws/install/astro_odometry_tf_broadcaster/share/ament_index/resource_index/package_run_dependencies/astro_odometry_tf_broadcaster
[0.625s] -- Up-to-date: /projects/github_repos/astro/ros2_rpi_ws/install/astro_odometry_tf_broadcaster/share/ament_index/resource_index/parent_prefix_path/astro_odometry_tf_broadcaster
[0.625s] -- Up-to-date: /projects/github_repos/astro/ros2_rpi_ws/install/astro_odometry_tf_broadcaster/share/astro_odometry_tf_broadcaster/environment/ament_prefix_path.sh
[0.625s] -- Up-to-date: /projects/github_repos/astro/ros2_rpi_ws/install/astro_odometry_tf_broadcaster/share/astro_odometry_tf_broadcaster/environment/ament_prefix_path.dsv
[0.625s] -- Up-to-date: /projects/github_repos/astro/ros2_rpi_ws/install/astro_odometry_tf_broadcaster/share/astro_odometry_tf_broadcaster/environment/path.sh
[0.626s] -- Up-to-date: /projects/github_repos/astro/ros2_rpi_ws/install/astro_odometry_tf_broadcaster/share/astro_odometry_tf_broadcaster/environment/path.dsv
[0.626s] -- Up-to-date: /projects/github_repos/astro/ros2_rpi_ws/install/astro_odometry_tf_broadcaster/share/astro_odometry_tf_broadcaster/local_setup.bash
[0.626s] -- Up-to-date: /projects/github_repos/astro/ros2_rpi_ws/install/astro_odometry_tf_broadcaster/share/astro_odometry_tf_broadcaster/local_setup.sh
[0.626s] -- Up-to-date: /projects/github_repos/astro/ros2_rpi_ws/install/astro_odometry_tf_broadcaster/share/astro_odometry_tf_broadcaster/local_setup.zsh
[0.626s] -- Up-to-date: /projects/github_repos/astro/ros2_rpi_ws/install/astro_odometry_tf_broadcaster/share/astro_odometry_tf_broadcaster/local_setup.dsv
[0.626s] -- Installing: /projects/github_repos/astro/ros2_rpi_ws/install/astro_odometry_tf_broadcaster/share/astro_odometry_tf_broadcaster/package.dsv
[0.627s] -- Up-to-date: /projects/github_repos/astro/ros2_rpi_ws/install/astro_odometry_tf_broadcaster/share/ament_index/resource_index/packages/astro_odometry_tf_broadcaster
[0.627s] -- Up-to-date: /projects/github_repos/astro/ros2_rpi_ws/install/astro_odometry_tf_broadcaster/share/astro_odometry_tf_broadcaster/cmake/astro_odometry_tf_broadcasterConfig.cmake
[0.627s] -- Up-to-date: /projects/github_repos/astro/ros2_rpi_ws/install/astro_odometry_tf_broadcaster/share/astro_odometry_tf_broadcaster/cmake/astro_odometry_tf_broadcasterConfig-version.cmake
[0.627s] -- Up-to-date: /projects/github_repos/astro/ros2_rpi_ws/install/astro_odometry_tf_broadcaster/share/astro_odometry_tf_broadcaster/package.xml
[0.630s] Invoked command in '/projects/github_repos/astro/ros2_rpi_ws/build/astro_odometry_tf_broadcaster' returned '0': CMAKE_PREFIX_PATH=${CMAKE_PREFIX_PATH}:/projects/github_repos/astro/ros2_rpi_ws/install/astro_teleop:/projects/github_repos/astro/ros2_rpi_ws/install/astro_sensor:/projects/github_repos/astro/ros2_rpi_ws/install/astro_odometry:/projects/ros/microros_ws/install/sensor_msgs_py:/opt/ros/humble /usr/bin/cmake --install /projects/github_repos/astro/ros2_rpi_ws/build/astro_odometry_tf_broadcaster
