[0.527s] Invoking command in '/projects/github_repos/astro/ros2_rpi_ws/src/astro_teleop_twist_joy': PYTHONPATH=/projects/github_repos/astro/ros2_rpi_ws/build/astro_teleop/prefix_override:/usr/lib/python3/dist-packages/colcon_core/task/python/colcon_distutils_commands:/projects/github_repos/astro/ros2_rpi_ws/install/astro_teleop/lib/python3.10/site-packages:${PYTHONPATH} /usr/bin/python3 -W ignore:setup.py install is deprecated -W ignore:easy_install command is deprecated setup.py egg_info --egg-base ../../build/astro_teleop build --build-base /projects/github_repos/astro/ros2_rpi_ws/build/astro_teleop/build install --record /projects/github_repos/astro/ros2_rpi_ws/build/astro_teleop/install.log --single-version-externally-managed install_data
[0.661s] running egg_info
[0.661s] creating ../../build/astro_teleop/astro_teleop.egg-info
[0.662s] writing ../../build/astro_teleop/astro_teleop.egg-info/PKG-INFO
[0.662s] writing dependency_links to ../../build/astro_teleop/astro_teleop.egg-info/dependency_links.txt
[0.662s] writing entry points to ../../build/astro_teleop/astro_teleop.egg-info/entry_points.txt
[0.662s] writing requirements to ../../build/astro_teleop/astro_teleop.egg-info/requires.txt
[0.662s] writing top-level names to ../../build/astro_teleop/astro_teleop.egg-info/top_level.txt
[0.662s] writing manifest file '../../build/astro_teleop/astro_teleop.egg-info/SOURCES.txt'
[0.663s] reading manifest file '../../build/astro_teleop/astro_teleop.egg-info/SOURCES.txt'
[0.663s] writing manifest file '../../build/astro_teleop/astro_teleop.egg-info/SOURCES.txt'
[0.663s] running build
[0.663s] running build_py
[0.663s] creating /projects/github_repos/astro/ros2_rpi_ws/build/astro_teleop/build
[0.663s] creating /projects/github_repos/astro/ros2_rpi_ws/build/astro_teleop/build/lib
[0.663s] creating /projects/github_repos/astro/ros2_rpi_ws/build/astro_teleop/build/lib/astro_teleop
[0.663s] copying astro_teleop/__init__.py -> /projects/github_repos/astro/ros2_rpi_ws/build/astro_teleop/build/lib/astro_teleop
[0.663s] creating /projects/github_repos/astro/ros2_rpi_ws/build/astro_teleop/build/lib/astro_teleop/script
[0.663s] copying astro_teleop/script/teleop_keyboard.py -> /projects/github_repos/astro/ros2_rpi_ws/build/astro_teleop/build/lib/astro_teleop/script
[0.663s] copying astro_teleop/script/__init__.py -> /projects/github_repos/astro/ros2_rpi_ws/build/astro_teleop/build/lib/astro_teleop/script
[0.663s] running install
[0.664s] running install_lib
[0.664s] creating /projects/github_repos/astro/ros2_rpi_ws/install/astro_teleop/lib/python3.10/site-packages/astro_teleop
[0.664s] creating /projects/github_repos/astro/ros2_rpi_ws/install/astro_teleop/lib/python3.10/site-packages/astro_teleop/script
[0.664s] copying /projects/github_repos/astro/ros2_rpi_ws/build/astro_teleop/build/lib/astro_teleop/script/teleop_keyboard.py -> /projects/github_repos/astro/ros2_rpi_ws/install/astro_teleop/lib/python3.10/site-packages/astro_teleop/script
[0.664s] copying /projects/github_repos/astro/ros2_rpi_ws/build/astro_teleop/build/lib/astro_teleop/script/__init__.py -> /projects/github_repos/astro/ros2_rpi_ws/install/astro_teleop/lib/python3.10/site-packages/astro_teleop/script
[0.664s] copying /projects/github_repos/astro/ros2_rpi_ws/build/astro_teleop/build/lib/astro_teleop/__init__.py -> /projects/github_repos/astro/ros2_rpi_ws/install/astro_teleop/lib/python3.10/site-packages/astro_teleop
[0.664s] byte-compiling /projects/github_repos/astro/ros2_rpi_ws/install/astro_teleop/lib/python3.10/site-packages/astro_teleop/script/teleop_keyboard.py to teleop_keyboard.cpython-310.pyc
[0.665s] byte-compiling /projects/github_repos/astro/ros2_rpi_ws/install/astro_teleop/lib/python3.10/site-packages/astro_teleop/script/__init__.py to __init__.cpython-310.pyc
[0.665s] byte-compiling /projects/github_repos/astro/ros2_rpi_ws/install/astro_teleop/lib/python3.10/site-packages/astro_teleop/__init__.py to __init__.cpython-310.pyc
[0.665s] running install_data
[0.665s] creating /projects/github_repos/astro/ros2_rpi_ws/install/astro_teleop/share/ament_index
[0.665s] creating /projects/github_repos/astro/ros2_rpi_ws/install/astro_teleop/share/ament_index/resource_index
[0.665s] creating /projects/github_repos/astro/ros2_rpi_ws/install/astro_teleop/share/ament_index/resource_index/packages
[0.665s] copying resource/astro_teleop -> /projects/github_repos/astro/ros2_rpi_ws/install/astro_teleop/share/ament_index/resource_index/packages
[0.665s] copying package.xml -> /projects/github_repos/astro/ros2_rpi_ws/install/astro_teleop/share/astro_teleop
[0.666s] running install_egg_info
[0.667s] Copying ../../build/astro_teleop/astro_teleop.egg-info to /projects/github_repos/astro/ros2_rpi_ws/install/astro_teleop/lib/python3.10/site-packages/astro_teleop-2.1.5-py3.10.egg-info
[0.667s] running install_scripts
[0.679s] Installing teleop_keyboard script to /projects/github_repos/astro/ros2_rpi_ws/install/astro_teleop/lib/astro_teleop
[0.679s] writing list of installed files to '/projects/github_repos/astro/ros2_rpi_ws/build/astro_teleop/install.log'
