[0.055s] DEBUG:colcon:Command line arguments: ['/usr/bin/colcon', 'build']
[0.055s] DEBUG:colcon:Parsed command line arguments: Namespace(log_base=None, log_level=None, verb_name='build', build_base='build', install_base='install', merge_install=False, symlink_install=False, test_result_base=None, continue_on_error=False, executor='parallel', parallel_workers=24, event_handlers=None, ignore_user_meta=False, metas=['./colcon.meta'], base_paths=['.'], packages_ignore=None, packages_ignore_regex=None, paths=None, packages_up_to=None, packages_up_to_regex=None, packages_above=None, packages_above_and_dependencies=None, packages_above_depth=None, packages_select_by_dep=None, packages_skip_by_dep=None, packages_skip_up_to=None, packages_select_build_failed=False, packages_skip_build_finished=False, packages_select_test_failures=False, packages_skip_test_passed=False, packages_select=None, packages_skip=None, packages_select_regex=None, packages_skip_regex=None, packages_start=None, packages_end=None, allow_overriding=[], cmake_args=None, cmake_target=None, cmake_target_skip_unavailable=False, cmake_clean_cache=False, cmake_clean_first=False, cmake_force_configure=False, ament_cmake_args=None, catkin_cmake_args=None, catkin_skip_building_tests=False, mixin_files=None, mixin=None, verb_parser=<colcon_mixin.mixin.mixin_argument.MixinArgumentDecorator object at 0x747bc8f612a0>, verb_extension=<colcon_core.verb.build.BuildVerb object at 0x747bc9056aa0>, main=<bound method BuildVerb.main of <colcon_core.verb.build.BuildVerb object at 0x747bc9056aa0>>, mixin_verb=('build',))
[0.139s] Level 1:colcon.colcon_core.package_discovery:discover_packages(colcon_meta) check parameters
[0.139s] Level 1:colcon.colcon_core.package_discovery:discover_packages(recursive) check parameters
[0.139s] Level 1:colcon.colcon_core.package_discovery:discover_packages(ignore) check parameters
[0.139s] Level 1:colcon.colcon_core.package_discovery:discover_packages(path) check parameters
[0.139s] Level 1:colcon.colcon_core.package_discovery:discover_packages(colcon_meta) discover
[0.139s] Level 1:colcon.colcon_core.package_discovery:discover_packages(recursive) discover
[0.139s] INFO:colcon.colcon_core.package_discovery:Crawling recursively for packages in '/projects/github_repos/astro/ros2_rpi_ws'
[0.139s] Level 1:colcon.colcon_core.package_identification:_identify(.) by extensions ['ignore', 'ignore_ament_install']
[0.139s] Level 1:colcon.colcon_core.package_identification:_identify(.) by extension 'ignore'
[0.139s] Level 1:colcon.colcon_core.package_identification:_identify(.) by extension 'ignore_ament_install'
[0.139s] Level 1:colcon.colcon_core.package_identification:_identify(.) by extensions ['colcon_pkg']
[0.139s] Level 1:colcon.colcon_core.package_identification:_identify(.) by extension 'colcon_pkg'
[0.139s] Level 1:colcon.colcon_core.package_identification:_identify(.) by extensions ['colcon_meta']
[0.139s] Level 1:colcon.colcon_core.package_identification:_identify(.) by extension 'colcon_meta'
[0.139s] Level 1:colcon.colcon_core.package_identification:_identify(.) by extensions ['ros']
[0.139s] Level 1:colcon.colcon_core.package_identification:_identify(.) by extension 'ros'
[0.145s] Level 1:colcon.colcon_core.package_identification:_identify(.) by extensions ['cmake', 'python']
[0.145s] Level 1:colcon.colcon_core.package_identification:_identify(.) by extension 'cmake'
[0.145s] Level 1:colcon.colcon_core.package_identification:_identify(.) by extension 'python'
[0.145s] Level 1:colcon.colcon_core.package_identification:_identify(.) by extensions ['python_setup_py']
[0.145s] Level 1:colcon.colcon_core.package_identification:_identify(.) by extension 'python_setup_py'
[0.145s] Level 1:colcon.colcon_core.package_identification:_identify(build) by extensions ['ignore', 'ignore_ament_install']
[0.145s] Level 1:colcon.colcon_core.package_identification:_identify(build) by extension 'ignore'
[0.145s] Level 1:colcon.colcon_core.package_identification:_identify(build) ignored
[0.145s] Level 1:colcon.colcon_core.package_identification:_identify(install) by extensions ['ignore', 'ignore_ament_install']
[0.145s] Level 1:colcon.colcon_core.package_identification:_identify(install) by extension 'ignore'
[0.145s] Level 1:colcon.colcon_core.package_identification:_identify(install) ignored
[0.145s] Level 1:colcon.colcon_core.package_identification:_identify(log) by extensions ['ignore', 'ignore_ament_install']
[0.145s] Level 1:colcon.colcon_core.package_identification:_identify(log) by extension 'ignore'
[0.145s] Level 1:colcon.colcon_core.package_identification:_identify(log) ignored
[0.145s] Level 1:colcon.colcon_core.package_identification:_identify(src) by extensions ['ignore', 'ignore_ament_install']
[0.145s] Level 1:colcon.colcon_core.package_identification:_identify(src) by extension 'ignore'
[0.145s] Level 1:colcon.colcon_core.package_identification:_identify(src) by extension 'ignore_ament_install'
[0.145s] Level 1:colcon.colcon_core.package_identification:_identify(src) by extensions ['colcon_pkg']
[0.145s] Level 1:colcon.colcon_core.package_identification:_identify(src) by extension 'colcon_pkg'
[0.145s] Level 1:colcon.colcon_core.package_identification:_identify(src) by extensions ['colcon_meta']
[0.145s] Level 1:colcon.colcon_core.package_identification:_identify(src) by extension 'colcon_meta'
[0.146s] Level 1:colcon.colcon_core.package_identification:_identify(src) by extensions ['ros']
[0.146s] Level 1:colcon.colcon_core.package_identification:_identify(src) by extension 'ros'
[0.146s] Level 1:colcon.colcon_core.package_identification:_identify(src) by extensions ['cmake', 'python']
[0.146s] Level 1:colcon.colcon_core.package_identification:_identify(src) by extension 'cmake'
[0.146s] Level 1:colcon.colcon_core.package_identification:_identify(src) by extension 'python'
[0.146s] Level 1:colcon.colcon_core.package_identification:_identify(src) by extensions ['python_setup_py']
[0.146s] Level 1:colcon.colcon_core.package_identification:_identify(src) by extension 'python_setup_py'
[0.146s] Level 1:colcon.colcon_core.package_identification:_identify(src/astro_cartographer) by extensions ['ignore', 'ignore_ament_install']
[0.146s] Level 1:colcon.colcon_core.package_identification:_identify(src/astro_cartographer) by extension 'ignore'
[0.146s] Level 1:colcon.colcon_core.package_identification:_identify(src/astro_cartographer) by extension 'ignore_ament_install'
[0.146s] Level 1:colcon.colcon_core.package_identification:_identify(src/astro_cartographer) by extensions ['colcon_pkg']
[0.146s] Level 1:colcon.colcon_core.package_identification:_identify(src/astro_cartographer) by extension 'colcon_pkg'
[0.146s] Level 1:colcon.colcon_core.package_identification:_identify(src/astro_cartographer) by extensions ['colcon_meta']
[0.146s] Level 1:colcon.colcon_core.package_identification:_identify(src/astro_cartographer) by extension 'colcon_meta'
[0.146s] Level 1:colcon.colcon_core.package_identification:_identify(src/astro_cartographer) by extensions ['ros']
[0.146s] Level 1:colcon.colcon_core.package_identification:_identify(src/astro_cartographer) by extension 'ros'
[0.147s] DEBUG:colcon.colcon_core.package_identification:Package 'src/astro_cartographer' with type 'ros.ament_cmake' and name 'astro_cartographer'
[0.147s] Level 1:colcon.colcon_core.package_identification:_identify(src/astro_odometry_publisher) by extensions ['ignore', 'ignore_ament_install']
[0.147s] Level 1:colcon.colcon_core.package_identification:_identify(src/astro_odometry_publisher) by extension 'ignore'
[0.147s] Level 1:colcon.colcon_core.package_identification:_identify(src/astro_odometry_publisher) by extension 'ignore_ament_install'
[0.147s] Level 1:colcon.colcon_core.package_identification:_identify(src/astro_odometry_publisher) by extensions ['colcon_pkg']
[0.147s] Level 1:colcon.colcon_core.package_identification:_identify(src/astro_odometry_publisher) by extension 'colcon_pkg'
[0.147s] Level 1:colcon.colcon_core.package_identification:_identify(src/astro_odometry_publisher) by extensions ['colcon_meta']
[0.147s] Level 1:colcon.colcon_core.package_identification:_identify(src/astro_odometry_publisher) by extension 'colcon_meta'
[0.147s] Level 1:colcon.colcon_core.package_identification:_identify(src/astro_odometry_publisher) by extensions ['ros']
[0.147s] Level 1:colcon.colcon_core.package_identification:_identify(src/astro_odometry_publisher) by extension 'ros'
[0.148s] DEBUG:colcon.colcon_core.package_identification:Package 'src/astro_odometry_publisher' with type 'ros.ament_python' and name 'astro_odometry'
[0.148s] Level 1:colcon.colcon_core.package_identification:_identify(src/astro_odometry_tf_broadcaster) by extensions ['ignore', 'ignore_ament_install']
[0.148s] Level 1:colcon.colcon_core.package_identification:_identify(src/astro_odometry_tf_broadcaster) by extension 'ignore'
[0.148s] Level 1:colcon.colcon_core.package_identification:_identify(src/astro_odometry_tf_broadcaster) by extension 'ignore_ament_install'
[0.148s] Level 1:colcon.colcon_core.package_identification:_identify(src/astro_odometry_tf_broadcaster) by extensions ['colcon_pkg']
[0.148s] Level 1:colcon.colcon_core.package_identification:_identify(src/astro_odometry_tf_broadcaster) by extension 'colcon_pkg'
[0.148s] Level 1:colcon.colcon_core.package_identification:_identify(src/astro_odometry_tf_broadcaster) by extensions ['colcon_meta']
[0.148s] Level 1:colcon.colcon_core.package_identification:_identify(src/astro_odometry_tf_broadcaster) by extension 'colcon_meta'
[0.148s] Level 1:colcon.colcon_core.package_identification:_identify(src/astro_odometry_tf_broadcaster) by extensions ['ros']
[0.148s] Level 1:colcon.colcon_core.package_identification:_identify(src/astro_odometry_tf_broadcaster) by extension 'ros'
[0.148s] DEBUG:colcon.colcon_core.package_identification:Package 'src/astro_odometry_tf_broadcaster' with type 'ros.ament_cmake' and name 'astro_odometry_tf_broadcaster'
[0.148s] Level 1:colcon.colcon_core.package_identification:_identify(src/astro_robot_description) by extensions ['ignore', 'ignore_ament_install']
[0.148s] Level 1:colcon.colcon_core.package_identification:_identify(src/astro_robot_description) by extension 'ignore'
[0.148s] Level 1:colcon.colcon_core.package_identification:_identify(src/astro_robot_description) by extension 'ignore_ament_install'
[0.148s] Level 1:colcon.colcon_core.package_identification:_identify(src/astro_robot_description) by extensions ['colcon_pkg']
[0.148s] Level 1:colcon.colcon_core.package_identification:_identify(src/astro_robot_description) by extension 'colcon_pkg'
[0.148s] Level 1:colcon.colcon_core.package_identification:_identify(src/astro_robot_description) by extensions ['colcon_meta']
[0.148s] Level 1:colcon.colcon_core.package_identification:_identify(src/astro_robot_description) by extension 'colcon_meta'
[0.148s] Level 1:colcon.colcon_core.package_identification:_identify(src/astro_robot_description) by extensions ['ros']
[0.148s] Level 1:colcon.colcon_core.package_identification:_identify(src/astro_robot_description) by extension 'ros'
[0.149s] DEBUG:colcon.colcon_core.package_identification:Package 'src/astro_robot_description' with type 'ros.ament_cmake' and name 'astro_robot_description'
[0.149s] Level 1:colcon.colcon_core.package_identification:_identify(src/astro_sensor_publisher) by extensions ['ignore', 'ignore_ament_install']
[0.149s] Level 1:colcon.colcon_core.package_identification:_identify(src/astro_sensor_publisher) by extension 'ignore'
[0.149s] Level 1:colcon.colcon_core.package_identification:_identify(src/astro_sensor_publisher) by extension 'ignore_ament_install'
[0.149s] Level 1:colcon.colcon_core.package_identification:_identify(src/astro_sensor_publisher) by extensions ['colcon_pkg']
[0.149s] Level 1:colcon.colcon_core.package_identification:_identify(src/astro_sensor_publisher) by extension 'colcon_pkg'
[0.149s] Level 1:colcon.colcon_core.package_identification:_identify(src/astro_sensor_publisher) by extensions ['colcon_meta']
[0.149s] Level 1:colcon.colcon_core.package_identification:_identify(src/astro_sensor_publisher) by extension 'colcon_meta'
[0.149s] Level 1:colcon.colcon_core.package_identification:_identify(src/astro_sensor_publisher) by extensions ['ros']
[0.149s] Level 1:colcon.colcon_core.package_identification:_identify(src/astro_sensor_publisher) by extension 'ros'
[0.149s] DEBUG:colcon.colcon_core.package_identification:Package 'src/astro_sensor_publisher' with type 'ros.ament_python' and name 'astro_sensor'
[0.149s] Level 1:colcon.colcon_core.package_identification:_identify(src/astro_teleop_twist_joy) by extensions ['ignore', 'ignore_ament_install']
[0.149s] Level 1:colcon.colcon_core.package_identification:_identify(src/astro_teleop_twist_joy) by extension 'ignore'
[0.149s] Level 1:colcon.colcon_core.package_identification:_identify(src/astro_teleop_twist_joy) by extension 'ignore_ament_install'
[0.149s] Level 1:colcon.colcon_core.package_identification:_identify(src/astro_teleop_twist_joy) by extensions ['colcon_pkg']
[0.149s] Level 1:colcon.colcon_core.package_identification:_identify(src/astro_teleop_twist_joy) by extension 'colcon_pkg'
[0.149s] Level 1:colcon.colcon_core.package_identification:_identify(src/astro_teleop_twist_joy) by extensions ['colcon_meta']
[0.149s] Level 1:colcon.colcon_core.package_identification:_identify(src/astro_teleop_twist_joy) by extension 'colcon_meta'
[0.149s] Level 1:colcon.colcon_core.package_identification:_identify(src/astro_teleop_twist_joy) by extensions ['ros']
[0.149s] Level 1:colcon.colcon_core.package_identification:_identify(src/astro_teleop_twist_joy) by extension 'ros'
[0.150s] DEBUG:colcon.colcon_core.package_identification:Package 'src/astro_teleop_twist_joy' with type 'ros.ament_python' and name 'astro_teleop'
[0.150s] Level 1:colcon.colcon_core.package_identification:_identify(src/robot_bringup) by extensions ['ignore', 'ignore_ament_install']
[0.150s] Level 1:colcon.colcon_core.package_identification:_identify(src/robot_bringup) by extension 'ignore'
[0.150s] Level 1:colcon.colcon_core.package_identification:_identify(src/robot_bringup) by extension 'ignore_ament_install'
[0.150s] Level 1:colcon.colcon_core.package_identification:_identify(src/robot_bringup) by extensions ['colcon_pkg']
[0.150s] Level 1:colcon.colcon_core.package_identification:_identify(src/robot_bringup) by extension 'colcon_pkg'
[0.150s] Level 1:colcon.colcon_core.package_identification:_identify(src/robot_bringup) by extensions ['colcon_meta']
[0.150s] Level 1:colcon.colcon_core.package_identification:_identify(src/robot_bringup) by extension 'colcon_meta'
[0.150s] Level 1:colcon.colcon_core.package_identification:_identify(src/robot_bringup) by extensions ['ros']
[0.150s] Level 1:colcon.colcon_core.package_identification:_identify(src/robot_bringup) by extension 'ros'
[0.150s] DEBUG:colcon.colcon_core.package_identification:Package 'src/robot_bringup' with type 'ros.ament_cmake' and name 'robot_bringup'
[0.150s] Level 1:colcon.colcon_core.package_identification:_identify(src/ros_time_publisher) by extensions ['ignore', 'ignore_ament_install']
[0.150s] Level 1:colcon.colcon_core.package_identification:_identify(src/ros_time_publisher) by extension 'ignore'
[0.150s] Level 1:colcon.colcon_core.package_identification:_identify(src/ros_time_publisher) by extension 'ignore_ament_install'
[0.150s] Level 1:colcon.colcon_core.package_identification:_identify(src/ros_time_publisher) by extensions ['colcon_pkg']
[0.150s] Level 1:colcon.colcon_core.package_identification:_identify(src/ros_time_publisher) by extension 'colcon_pkg'
[0.150s] Level 1:colcon.colcon_core.package_identification:_identify(src/ros_time_publisher) by extensions ['colcon_meta']
[0.150s] Level 1:colcon.colcon_core.package_identification:_identify(src/ros_time_publisher) by extension 'colcon_meta'
[0.150s] Level 1:colcon.colcon_core.package_identification:_identify(src/ros_time_publisher) by extensions ['ros']
[0.150s] Level 1:colcon.colcon_core.package_identification:_identify(src/ros_time_publisher) by extension 'ros'
[0.150s] DEBUG:colcon.colcon_core.package_identification:Package 'src/ros_time_publisher' with type 'ros.ament_python' and name 'ros_time'
[0.150s] Level 1:colcon.colcon_core.package_discovery:discover_packages(recursive) using defaults
[0.150s] Level 1:colcon.colcon_core.package_discovery:discover_packages(ignore) discover
[0.151s] Level 1:colcon.colcon_core.package_discovery:discover_packages(ignore) using defaults
[0.151s] Level 1:colcon.colcon_core.package_discovery:discover_packages(path) discover
[0.151s] Level 1:colcon.colcon_core.package_discovery:discover_packages(path) using defaults
[0.167s] Level 1:colcon.colcon_core.package_discovery:discover_packages(prefix_path) check parameters
[0.167s] Level 1:colcon.colcon_core.package_discovery:discover_packages(prefix_path) discover
[0.168s] DEBUG:colcon.colcon_installed_package_information.package_discovery:Found 8 installed packages in /projects/github_repos/astro/ros2_rpi_ws/install
[0.169s] DEBUG:colcon.colcon_installed_package_information.package_discovery:Found 39 installed packages in /projects/ros/microros_ws/install
[0.170s] DEBUG:colcon.colcon_installed_package_information.package_discovery:Found 306 installed packages in /opt/ros/humble
[0.171s] Level 1:colcon.colcon_core.package_discovery:discover_packages(prefix_path) using defaults
[0.189s] Level 5:colcon.colcon_core.verb:set package 'astro_cartographer' build argument 'cmake_args' from command line to 'None'
[0.189s] Level 5:colcon.colcon_core.verb:set package 'astro_cartographer' build argument 'cmake_target' from command line to 'None'
[0.189s] Level 5:colcon.colcon_core.verb:set package 'astro_cartographer' build argument 'cmake_target_skip_unavailable' from command line to 'False'
[0.189s] Level 5:colcon.colcon_core.verb:set package 'astro_cartographer' build argument 'cmake_clean_cache' from command line to 'False'
[0.189s] Level 5:colcon.colcon_core.verb:set package 'astro_cartographer' build argument 'cmake_clean_first' from command line to 'False'
[0.189s] Level 5:colcon.colcon_core.verb:set package 'astro_cartographer' build argument 'cmake_force_configure' from command line to 'False'
[0.189s] Level 5:colcon.colcon_core.verb:set package 'astro_cartographer' build argument 'ament_cmake_args' from command line to 'None'
[0.189s] Level 5:colcon.colcon_core.verb:set package 'astro_cartographer' build argument 'catkin_cmake_args' from command line to 'None'
[0.189s] Level 5:colcon.colcon_core.verb:set package 'astro_cartographer' build argument 'catkin_skip_building_tests' from command line to 'False'
[0.189s] DEBUG:colcon.colcon_core.verb:Building package 'astro_cartographer' with the following arguments: {'ament_cmake_args': None, 'build_base': '/projects/github_repos/astro/ros2_rpi_ws/build/astro_cartographer', 'catkin_cmake_args': None, 'catkin_skip_building_tests': False, 'cmake_args': None, 'cmake_clean_cache': False, 'cmake_clean_first': False, 'cmake_force_configure': False, 'cmake_target': None, 'cmake_target_skip_unavailable': False, 'install_base': '/projects/github_repos/astro/ros2_rpi_ws/install/astro_cartographer', 'merge_install': False, 'path': '/projects/github_repos/astro/ros2_rpi_ws/src/astro_cartographer', 'symlink_install': False, 'test_result_base': None}
[0.189s] Level 5:colcon.colcon_core.verb:set package 'astro_odometry' build argument 'cmake_args' from command line to 'None'
[0.189s] Level 5:colcon.colcon_core.verb:set package 'astro_odometry' build argument 'cmake_target' from command line to 'None'
[0.189s] Level 5:colcon.colcon_core.verb:set package 'astro_odometry' build argument 'cmake_target_skip_unavailable' from command line to 'False'
[0.190s] Level 5:colcon.colcon_core.verb:set package 'astro_odometry' build argument 'cmake_clean_cache' from command line to 'False'
[0.190s] Level 5:colcon.colcon_core.verb:set package 'astro_odometry' build argument 'cmake_clean_first' from command line to 'False'
[0.190s] Level 5:colcon.colcon_core.verb:set package 'astro_odometry' build argument 'cmake_force_configure' from command line to 'False'
[0.190s] Level 5:colcon.colcon_core.verb:set package 'astro_odometry' build argument 'ament_cmake_args' from command line to 'None'
[0.190s] Level 5:colcon.colcon_core.verb:set package 'astro_odometry' build argument 'catkin_cmake_args' from command line to 'None'
[0.190s] Level 5:colcon.colcon_core.verb:set package 'astro_odometry' build argument 'catkin_skip_building_tests' from command line to 'False'
[0.190s] DEBUG:colcon.colcon_core.verb:Building package 'astro_odometry' with the following arguments: {'ament_cmake_args': None, 'build_base': '/projects/github_repos/astro/ros2_rpi_ws/build/astro_odometry', 'catkin_cmake_args': None, 'catkin_skip_building_tests': False, 'cmake_args': None, 'cmake_clean_cache': False, 'cmake_clean_first': False, 'cmake_force_configure': False, 'cmake_target': None, 'cmake_target_skip_unavailable': False, 'install_base': '/projects/github_repos/astro/ros2_rpi_ws/install/astro_odometry', 'merge_install': False, 'path': '/projects/github_repos/astro/ros2_rpi_ws/src/astro_odometry_publisher', 'symlink_install': False, 'test_result_base': None}
[0.190s] Level 5:colcon.colcon_core.verb:set package 'astro_odometry_tf_broadcaster' build argument 'cmake_args' from command line to 'None'
[0.190s] Level 5:colcon.colcon_core.verb:set package 'astro_odometry_tf_broadcaster' build argument 'cmake_target' from command line to 'None'
[0.190s] Level 5:colcon.colcon_core.verb:set package 'astro_odometry_tf_broadcaster' build argument 'cmake_target_skip_unavailable' from command line to 'False'
[0.190s] Level 5:colcon.colcon_core.verb:set package 'astro_odometry_tf_broadcaster' build argument 'cmake_clean_cache' from command line to 'False'
[0.190s] Level 5:colcon.colcon_core.verb:set package 'astro_odometry_tf_broadcaster' build argument 'cmake_clean_first' from command line to 'False'
[0.190s] Level 5:colcon.colcon_core.verb:set package 'astro_odometry_tf_broadcaster' build argument 'cmake_force_configure' from command line to 'False'
[0.190s] Level 5:colcon.colcon_core.verb:set package 'astro_odometry_tf_broadcaster' build argument 'ament_cmake_args' from command line to 'None'
[0.190s] Level 5:colcon.colcon_core.verb:set package 'astro_odometry_tf_broadcaster' build argument 'catkin_cmake_args' from command line to 'None'
[0.190s] Level 5:colcon.colcon_core.verb:set package 'astro_odometry_tf_broadcaster' build argument 'catkin_skip_building_tests' from command line to 'False'
[0.190s] DEBUG:colcon.colcon_core.verb:Building package 'astro_odometry_tf_broadcaster' with the following arguments: {'ament_cmake_args': None, 'build_base': '/projects/github_repos/astro/ros2_rpi_ws/build/astro_odometry_tf_broadcaster', 'catkin_cmake_args': None, 'catkin_skip_building_tests': False, 'cmake_args': None, 'cmake_clean_cache': False, 'cmake_clean_first': False, 'cmake_force_configure': False, 'cmake_target': None, 'cmake_target_skip_unavailable': False, 'install_base': '/projects/github_repos/astro/ros2_rpi_ws/install/astro_odometry_tf_broadcaster', 'merge_install': False, 'path': '/projects/github_repos/astro/ros2_rpi_ws/src/astro_odometry_tf_broadcaster', 'symlink_install': False, 'test_result_base': None}
[0.190s] Level 5:colcon.colcon_core.verb:set package 'astro_robot_description' build argument 'cmake_args' from command line to 'None'
[0.190s] Level 5:colcon.colcon_core.verb:set package 'astro_robot_description' build argument 'cmake_target' from command line to 'None'
[0.190s] Level 5:colcon.colcon_core.verb:set package 'astro_robot_description' build argument 'cmake_target_skip_unavailable' from command line to 'False'
[0.190s] Level 5:colcon.colcon_core.verb:set package 'astro_robot_description' build argument 'cmake_clean_cache' from command line to 'False'
[0.190s] Level 5:colcon.colcon_core.verb:set package 'astro_robot_description' build argument 'cmake_clean_first' from command line to 'False'
[0.190s] Level 5:colcon.colcon_core.verb:set package 'astro_robot_description' build argument 'cmake_force_configure' from command line to 'False'
[0.190s] Level 5:colcon.colcon_core.verb:set package 'astro_robot_description' build argument 'ament_cmake_args' from command line to 'None'
[0.190s] Level 5:colcon.colcon_core.verb:set package 'astro_robot_description' build argument 'catkin_cmake_args' from command line to 'None'
[0.190s] Level 5:colcon.colcon_core.verb:set package 'astro_robot_description' build argument 'catkin_skip_building_tests' from command line to 'False'
[0.190s] DEBUG:colcon.colcon_core.verb:Building package 'astro_robot_description' with the following arguments: {'ament_cmake_args': None, 'build_base': '/projects/github_repos/astro/ros2_rpi_ws/build/astro_robot_description', 'catkin_cmake_args': None, 'catkin_skip_building_tests': False, 'cmake_args': None, 'cmake_clean_cache': False, 'cmake_clean_first': False, 'cmake_force_configure': False, 'cmake_target': None, 'cmake_target_skip_unavailable': False, 'install_base': '/projects/github_repos/astro/ros2_rpi_ws/install/astro_robot_description', 'merge_install': False, 'path': '/projects/github_repos/astro/ros2_rpi_ws/src/astro_robot_description', 'symlink_install': False, 'test_result_base': None}
[0.190s] Level 5:colcon.colcon_core.verb:set package 'astro_sensor' build argument 'cmake_args' from command line to 'None'
[0.190s] Level 5:colcon.colcon_core.verb:set package 'astro_sensor' build argument 'cmake_target' from command line to 'None'
[0.190s] Level 5:colcon.colcon_core.verb:set package 'astro_sensor' build argument 'cmake_target_skip_unavailable' from command line to 'False'
[0.190s] Level 5:colcon.colcon_core.verb:set package 'astro_sensor' build argument 'cmake_clean_cache' from command line to 'False'
[0.190s] Level 5:colcon.colcon_core.verb:set package 'astro_sensor' build argument 'cmake_clean_first' from command line to 'False'
[0.190s] Level 5:colcon.colcon_core.verb:set package 'astro_sensor' build argument 'cmake_force_configure' from command line to 'False'
[0.190s] Level 5:colcon.colcon_core.verb:set package 'astro_sensor' build argument 'ament_cmake_args' from command line to 'None'
[0.190s] Level 5:colcon.colcon_core.verb:set package 'astro_sensor' build argument 'catkin_cmake_args' from command line to 'None'
[0.190s] Level 5:colcon.colcon_core.verb:set package 'astro_sensor' build argument 'catkin_skip_building_tests' from command line to 'False'
[0.190s] DEBUG:colcon.colcon_core.verb:Building package 'astro_sensor' with the following arguments: {'ament_cmake_args': None, 'build_base': '/projects/github_repos/astro/ros2_rpi_ws/build/astro_sensor', 'catkin_cmake_args': None, 'catkin_skip_building_tests': False, 'cmake_args': None, 'cmake_clean_cache': False, 'cmake_clean_first': False, 'cmake_force_configure': False, 'cmake_target': None, 'cmake_target_skip_unavailable': False, 'install_base': '/projects/github_repos/astro/ros2_rpi_ws/install/astro_sensor', 'merge_install': False, 'path': '/projects/github_repos/astro/ros2_rpi_ws/src/astro_sensor_publisher', 'symlink_install': False, 'test_result_base': None}
[0.190s] Level 5:colcon.colcon_core.verb:set package 'astro_teleop' build argument 'cmake_args' from command line to 'None'
[0.190s] Level 5:colcon.colcon_core.verb:set package 'astro_teleop' build argument 'cmake_target' from command line to 'None'
[0.191s] Level 5:colcon.colcon_core.verb:set package 'astro_teleop' build argument 'cmake_target_skip_unavailable' from command line to 'False'
[0.191s] Level 5:colcon.colcon_core.verb:set package 'astro_teleop' build argument 'cmake_clean_cache' from command line to 'False'
[0.191s] Level 5:colcon.colcon_core.verb:set package 'astro_teleop' build argument 'cmake_clean_first' from command line to 'False'
[0.191s] Level 5:colcon.colcon_core.verb:set package 'astro_teleop' build argument 'cmake_force_configure' from command line to 'False'
[0.191s] Level 5:colcon.colcon_core.verb:set package 'astro_teleop' build argument 'ament_cmake_args' from command line to 'None'
[0.191s] Level 5:colcon.colcon_core.verb:set package 'astro_teleop' build argument 'catkin_cmake_args' from command line to 'None'
[0.191s] Level 5:colcon.colcon_core.verb:set package 'astro_teleop' build argument 'catkin_skip_building_tests' from command line to 'False'
[0.191s] DEBUG:colcon.colcon_core.verb:Building package 'astro_teleop' with the following arguments: {'ament_cmake_args': None, 'build_base': '/projects/github_repos/astro/ros2_rpi_ws/build/astro_teleop', 'catkin_cmake_args': None, 'catkin_skip_building_tests': False, 'cmake_args': None, 'cmake_clean_cache': False, 'cmake_clean_first': False, 'cmake_force_configure': False, 'cmake_target': None, 'cmake_target_skip_unavailable': False, 'install_base': '/projects/github_repos/astro/ros2_rpi_ws/install/astro_teleop', 'merge_install': False, 'path': '/projects/github_repos/astro/ros2_rpi_ws/src/astro_teleop_twist_joy', 'symlink_install': False, 'test_result_base': None}
[0.191s] Level 5:colcon.colcon_core.verb:set package 'robot_bringup' build argument 'cmake_args' from command line to 'None'
[0.191s] Level 5:colcon.colcon_core.verb:set package 'robot_bringup' build argument 'cmake_target' from command line to 'None'
[0.191s] Level 5:colcon.colcon_core.verb:set package 'robot_bringup' build argument 'cmake_target_skip_unavailable' from command line to 'False'
[0.191s] Level 5:colcon.colcon_core.verb:set package 'robot_bringup' build argument 'cmake_clean_cache' from command line to 'False'
[0.191s] Level 5:colcon.colcon_core.verb:set package 'robot_bringup' build argument 'cmake_clean_first' from command line to 'False'
[0.191s] Level 5:colcon.colcon_core.verb:set package 'robot_bringup' build argument 'cmake_force_configure' from command line to 'False'
[0.191s] Level 5:colcon.colcon_core.verb:set package 'robot_bringup' build argument 'ament_cmake_args' from command line to 'None'
[0.191s] Level 5:colcon.colcon_core.verb:set package 'robot_bringup' build argument 'catkin_cmake_args' from command line to 'None'
[0.191s] Level 5:colcon.colcon_core.verb:set package 'robot_bringup' build argument 'catkin_skip_building_tests' from command line to 'False'
[0.191s] DEBUG:colcon.colcon_core.verb:Building package 'robot_bringup' with the following arguments: {'ament_cmake_args': None, 'build_base': '/projects/github_repos/astro/ros2_rpi_ws/build/robot_bringup', 'catkin_cmake_args': None, 'catkin_skip_building_tests': False, 'cmake_args': None, 'cmake_clean_cache': False, 'cmake_clean_first': False, 'cmake_force_configure': False, 'cmake_target': None, 'cmake_target_skip_unavailable': False, 'install_base': '/projects/github_repos/astro/ros2_rpi_ws/install/robot_bringup', 'merge_install': False, 'path': '/projects/github_repos/astro/ros2_rpi_ws/src/robot_bringup', 'symlink_install': False, 'test_result_base': None}
[0.191s] Level 5:colcon.colcon_core.verb:set package 'ros_time' build argument 'cmake_args' from command line to 'None'
[0.191s] Level 5:colcon.colcon_core.verb:set package 'ros_time' build argument 'cmake_target' from command line to 'None'
[0.191s] Level 5:colcon.colcon_core.verb:set package 'ros_time' build argument 'cmake_target_skip_unavailable' from command line to 'False'
[0.191s] Level 5:colcon.colcon_core.verb:set package 'ros_time' build argument 'cmake_clean_cache' from command line to 'False'
[0.191s] Level 5:colcon.colcon_core.verb:set package 'ros_time' build argument 'cmake_clean_first' from command line to 'False'
[0.191s] Level 5:colcon.colcon_core.verb:set package 'ros_time' build argument 'cmake_force_configure' from command line to 'False'
[0.191s] Level 5:colcon.colcon_core.verb:set package 'ros_time' build argument 'ament_cmake_args' from command line to 'None'
[0.191s] Level 5:colcon.colcon_core.verb:set package 'ros_time' build argument 'catkin_cmake_args' from command line to 'None'
[0.191s] Level 5:colcon.colcon_core.verb:set package 'ros_time' build argument 'catkin_skip_building_tests' from command line to 'False'
[0.191s] DEBUG:colcon.colcon_core.verb:Building package 'ros_time' with the following arguments: {'ament_cmake_args': None, 'build_base': '/projects/github_repos/astro/ros2_rpi_ws/build/ros_time', 'catkin_cmake_args': None, 'catkin_skip_building_tests': False, 'cmake_args': None, 'cmake_clean_cache': False, 'cmake_clean_first': False, 'cmake_force_configure': False, 'cmake_target': None, 'cmake_target_skip_unavailable': False, 'install_base': '/projects/github_repos/astro/ros2_rpi_ws/install/ros_time', 'merge_install': False, 'path': '/projects/github_repos/astro/ros2_rpi_ws/src/ros_time_publisher', 'symlink_install': False, 'test_result_base': None}
[0.191s] INFO:colcon.colcon_core.executor:Executing jobs using 'parallel' executor
[0.192s] DEBUG:colcon.colcon_parallel_executor.executor.parallel:run_until_complete
[0.192s] INFO:colcon.colcon_ros.task.ament_cmake.build:Building ROS package in '/projects/github_repos/astro/ros2_rpi_ws/src/astro_cartographer' with build type 'ament_cmake'
[0.192s] INFO:colcon.colcon_cmake.task.cmake.build:Building CMake package in '/projects/github_repos/astro/ros2_rpi_ws/src/astro_cartographer'
[0.193s] INFO:colcon.colcon_core.plugin_system:Skipping extension 'colcon_core.shell.bat': Not used on non-Windows systems
[0.193s] INFO:colcon.colcon_core.shell:Skip shell extension 'powershell' for command environment: Not usable outside of PowerShell
[0.193s] DEBUG:colcon.colcon_core.shell:Skip shell extension 'dsv' for command environment
[0.196s] INFO:colcon.colcon_ros.task.ament_python.build:Building ROS package in '/projects/github_repos/astro/ros2_rpi_ws/src/astro_odometry_publisher' with build type 'ament_python'
[0.196s] Level 1:colcon.colcon_core.shell:create_environment_hook('astro_odometry', 'ament_prefix_path')
[0.197s] INFO:colcon.colcon_core.shell:Creating environment hook '/projects/github_repos/astro/ros2_rpi_ws/install/astro_odometry/share/astro_odometry/hook/ament_prefix_path.ps1'
[0.197s] INFO:colcon.colcon_core.shell:Creating environment descriptor '/projects/github_repos/astro/ros2_rpi_ws/install/astro_odometry/share/astro_odometry/hook/ament_prefix_path.dsv'
[0.197s] INFO:colcon.colcon_core.shell:Creating environment hook '/projects/github_repos/astro/ros2_rpi_ws/install/astro_odometry/share/astro_odometry/hook/ament_prefix_path.sh'
[0.197s] INFO:colcon.colcon_core.shell:Skip shell extension 'powershell' for command environment: Not usable outside of PowerShell
[0.197s] DEBUG:colcon.colcon_core.shell:Skip shell extension 'dsv' for command environment
[0.200s] INFO:colcon.colcon_ros.task.ament_cmake.build:Building ROS package in '/projects/github_repos/astro/ros2_rpi_ws/src/astro_odometry_tf_broadcaster' with build type 'ament_cmake'
[0.200s] INFO:colcon.colcon_cmake.task.cmake.build:Building CMake package in '/projects/github_repos/astro/ros2_rpi_ws/src/astro_odometry_tf_broadcaster'
[0.200s] INFO:colcon.colcon_core.shell:Skip shell extension 'powershell' for command environment: Not usable outside of PowerShell
[0.200s] DEBUG:colcon.colcon_core.shell:Skip shell extension 'dsv' for command environment
[0.203s] INFO:colcon.colcon_ros.task.ament_cmake.build:Building ROS package in '/projects/github_repos/astro/ros2_rpi_ws/src/astro_robot_description' with build type 'ament_cmake'
[0.203s] INFO:colcon.colcon_cmake.task.cmake.build:Building CMake package in '/projects/github_repos/astro/ros2_rpi_ws/src/astro_robot_description'
[0.203s] INFO:colcon.colcon_core.shell:Skip shell extension 'powershell' for command environment: Not usable outside of PowerShell
[0.203s] DEBUG:colcon.colcon_core.shell:Skip shell extension 'dsv' for command environment
[0.205s] INFO:colcon.colcon_ros.task.ament_python.build:Building ROS package in '/projects/github_repos/astro/ros2_rpi_ws/src/astro_sensor_publisher' with build type 'ament_python'
[0.205s] Level 1:colcon.colcon_core.shell:create_environment_hook('astro_sensor', 'ament_prefix_path')
[0.206s] INFO:colcon.colcon_core.shell:Creating environment hook '/projects/github_repos/astro/ros2_rpi_ws/install/astro_sensor/share/astro_sensor/hook/ament_prefix_path.ps1'
[0.206s] INFO:colcon.colcon_core.shell:Creating environment descriptor '/projects/github_repos/astro/ros2_rpi_ws/install/astro_sensor/share/astro_sensor/hook/ament_prefix_path.dsv'
[0.206s] INFO:colcon.colcon_core.shell:Creating environment hook '/projects/github_repos/astro/ros2_rpi_ws/install/astro_sensor/share/astro_sensor/hook/ament_prefix_path.sh'
[0.206s] INFO:colcon.colcon_core.shell:Skip shell extension 'powershell' for command environment: Not usable outside of PowerShell
[0.206s] DEBUG:colcon.colcon_core.shell:Skip shell extension 'dsv' for command environment
[0.209s] INFO:colcon.colcon_ros.task.ament_python.build:Building ROS package in '/projects/github_repos/astro/ros2_rpi_ws/src/astro_teleop_twist_joy' with build type 'ament_python'
[0.209s] Level 1:colcon.colcon_core.shell:create_environment_hook('astro_teleop', 'ament_prefix_path')
[0.209s] INFO:colcon.colcon_core.shell:Creating environment hook '/projects/github_repos/astro/ros2_rpi_ws/install/astro_teleop/share/astro_teleop/hook/ament_prefix_path.ps1'
[0.209s] INFO:colcon.colcon_core.shell:Creating environment descriptor '/projects/github_repos/astro/ros2_rpi_ws/install/astro_teleop/share/astro_teleop/hook/ament_prefix_path.dsv'
[0.209s] INFO:colcon.colcon_core.shell:Creating environment hook '/projects/github_repos/astro/ros2_rpi_ws/install/astro_teleop/share/astro_teleop/hook/ament_prefix_path.sh'
[0.210s] INFO:colcon.colcon_core.shell:Skip shell extension 'powershell' for command environment: Not usable outside of PowerShell
[0.210s] DEBUG:colcon.colcon_core.shell:Skip shell extension 'dsv' for command environment
[0.212s] INFO:colcon.colcon_ros.task.ament_cmake.build:Building ROS package in '/projects/github_repos/astro/ros2_rpi_ws/src/robot_bringup' with build type 'ament_cmake'
[0.212s] INFO:colcon.colcon_cmake.task.cmake.build:Building CMake package in '/projects/github_repos/astro/ros2_rpi_ws/src/robot_bringup'
[0.212s] INFO:colcon.colcon_core.shell:Skip shell extension 'powershell' for command environment: Not usable outside of PowerShell
[0.212s] DEBUG:colcon.colcon_core.shell:Skip shell extension 'dsv' for command environment
[0.215s] INFO:colcon.colcon_ros.task.ament_python.build:Building ROS package in '/projects/github_repos/astro/ros2_rpi_ws/src/ros_time_publisher' with build type 'ament_python'
[0.215s] Level 1:colcon.colcon_core.shell:create_environment_hook('ros_time', 'ament_prefix_path')
[0.215s] INFO:colcon.colcon_core.shell:Creating environment hook '/projects/github_repos/astro/ros2_rpi_ws/install/ros_time/share/ros_time/hook/ament_prefix_path.ps1'
[0.215s] INFO:colcon.colcon_core.shell:Creating environment descriptor '/projects/github_repos/astro/ros2_rpi_ws/install/ros_time/share/ros_time/hook/ament_prefix_path.dsv'
[0.215s] INFO:colcon.colcon_core.shell:Creating environment hook '/projects/github_repos/astro/ros2_rpi_ws/install/ros_time/share/ros_time/hook/ament_prefix_path.sh'
[0.215s] INFO:colcon.colcon_core.shell:Skip shell extension 'powershell' for command environment: Not usable outside of PowerShell
[0.215s] DEBUG:colcon.colcon_core.shell:Skip shell extension 'dsv' for command environment
[0.220s] DEBUG:colcon.colcon_core.event_handler.log_command:Invoking command in '/projects/github_repos/astro/ros2_rpi_ws/build/astro_cartographer': CMAKE_PREFIX_PATH=${CMAKE_PREFIX_PATH}:/projects/github_repos/astro/ros2_rpi_ws/install/astro_teleop:/projects/github_repos/astro/ros2_rpi_ws/install/astro_sensor:/projects/github_repos/astro/ros2_rpi_ws/install/astro_odometry:/projects/ros/microros_ws/install/sensor_msgs_py:/opt/ros/humble /usr/bin/cmake --build /projects/github_repos/astro/ros2_rpi_ws/build/astro_cartographer -- -j24 -l24
[0.372s] INFO:colcon.colcon_core.task.python.build:Building Python package in '/projects/github_repos/astro/ros2_rpi_ws/src/astro_odometry_publisher'
[0.373s] INFO:colcon.colcon_core.shell:Skip shell extension 'powershell' for command environment: Not usable outside of PowerShell
[0.373s] DEBUG:colcon.colcon_core.shell:Skip shell extension 'dsv' for command environment
[0.377s] DEBUG:colcon.colcon_core.event_handler.log_command:Invoking command in '/projects/github_repos/astro/ros2_rpi_ws/build/astro_odometry_tf_broadcaster': CMAKE_PREFIX_PATH=${CMAKE_PREFIX_PATH}:/projects/github_repos/astro/ros2_rpi_ws/install/astro_teleop:/projects/github_repos/astro/ros2_rpi_ws/install/astro_sensor:/projects/github_repos/astro/ros2_rpi_ws/install/astro_odometry:/projects/ros/microros_ws/install/sensor_msgs_py:/opt/ros/humble /usr/bin/cmake --build /projects/github_repos/astro/ros2_rpi_ws/build/astro_odometry_tf_broadcaster -- -j24 -l24
[0.379s] DEBUG:colcon.colcon_core.event_handler.log_command:Invoking command in '/projects/github_repos/astro/ros2_rpi_ws/build/astro_robot_description': CMAKE_PREFIX_PATH=${CMAKE_PREFIX_PATH}:/projects/github_repos/astro/ros2_rpi_ws/install/astro_teleop:/projects/github_repos/astro/ros2_rpi_ws/install/astro_sensor:/projects/github_repos/astro/ros2_rpi_ws/install/astro_odometry:/projects/ros/microros_ws/install/sensor_msgs_py:/opt/ros/humble /usr/bin/cmake --build /projects/github_repos/astro/ros2_rpi_ws/build/astro_robot_description -- -j24 -l24
[0.526s] INFO:colcon.colcon_core.task.python.build:Building Python package in '/projects/github_repos/astro/ros2_rpi_ws/src/astro_sensor_publisher'
[0.526s] INFO:colcon.colcon_core.shell:Skip shell extension 'powershell' for command environment: Not usable outside of PowerShell
[0.526s] DEBUG:colcon.colcon_core.shell:Skip shell extension 'dsv' for command environment
[0.671s] INFO:colcon.colcon_core.task.python.build:Building Python package in '/projects/github_repos/astro/ros2_rpi_ws/src/astro_teleop_twist_joy'
[0.671s] INFO:colcon.colcon_core.shell:Skip shell extension 'powershell' for command environment: Not usable outside of PowerShell
[0.671s] DEBUG:colcon.colcon_core.shell:Skip shell extension 'dsv' for command environment
[0.676s] DEBUG:colcon.colcon_core.event_handler.log_command:Invoking command in '/projects/github_repos/astro/ros2_rpi_ws/build/robot_bringup': CMAKE_PREFIX_PATH=${CMAKE_PREFIX_PATH}:/projects/github_repos/astro/ros2_rpi_ws/install/astro_teleop:/projects/github_repos/astro/ros2_rpi_ws/install/astro_sensor:/projects/github_repos/astro/ros2_rpi_ws/install/astro_odometry:/projects/ros/microros_ws/install/sensor_msgs_py:/opt/ros/humble /usr/bin/cmake --build /projects/github_repos/astro/ros2_rpi_ws/build/robot_bringup -- -j24 -l24
[0.679s] DEBUG:colcon.colcon_core.event_handler.log_command:Invoked command in '/projects/github_repos/astro/ros2_rpi_ws/build/astro_cartographer' returned '0': CMAKE_PREFIX_PATH=${CMAKE_PREFIX_PATH}:/projects/github_repos/astro/ros2_rpi_ws/install/astro_teleop:/projects/github_repos/astro/ros2_rpi_ws/install/astro_sensor:/projects/github_repos/astro/ros2_rpi_ws/install/astro_odometry:/projects/ros/microros_ws/install/sensor_msgs_py:/opt/ros/humble /usr/bin/cmake --build /projects/github_repos/astro/ros2_rpi_ws/build/astro_cartographer -- -j24 -l24
[0.688s] DEBUG:colcon.colcon_core.event_handler.log_command:Invoking command in '/projects/github_repos/astro/ros2_rpi_ws/build/astro_cartographer': CMAKE_PREFIX_PATH=${CMAKE_PREFIX_PATH}:/projects/github_repos/astro/ros2_rpi_ws/install/astro_teleop:/projects/github_repos/astro/ros2_rpi_ws/install/astro_sensor:/projects/github_repos/astro/ros2_rpi_ws/install/astro_odometry:/projects/ros/microros_ws/install/sensor_msgs_py:/opt/ros/humble /usr/bin/cmake --install /projects/github_repos/astro/ros2_rpi_ws/build/astro_cartographer
[0.688s] DEBUG:colcon.colcon_core.event_handler.log_command:Invoked command in '/projects/github_repos/astro/ros2_rpi_ws/build/astro_robot_description' returned '0': CMAKE_PREFIX_PATH=${CMAKE_PREFIX_PATH}:/projects/github_repos/astro/ros2_rpi_ws/install/astro_teleop:/projects/github_repos/astro/ros2_rpi_ws/install/astro_sensor:/projects/github_repos/astro/ros2_rpi_ws/install/astro_odometry:/projects/ros/microros_ws/install/sensor_msgs_py:/opt/ros/humble /usr/bin/cmake --build /projects/github_repos/astro/ros2_rpi_ws/build/astro_robot_description -- -j24 -l24
[0.689s] DEBUG:colcon.colcon_core.event_handler.log_command:Invoking command in '/projects/github_repos/astro/ros2_rpi_ws/build/astro_robot_description': CMAKE_PREFIX_PATH=${CMAKE_PREFIX_PATH}:/projects/github_repos/astro/ros2_rpi_ws/install/astro_teleop:/projects/github_repos/astro/ros2_rpi_ws/install/astro_sensor:/projects/github_repos/astro/ros2_rpi_ws/install/astro_odometry:/projects/ros/microros_ws/install/sensor_msgs_py:/opt/ros/humble /usr/bin/cmake --install /projects/github_repos/astro/ros2_rpi_ws/build/astro_robot_description
[0.836s] INFO:colcon.colcon_core.task.python.build:Building Python package in '/projects/github_repos/astro/ros2_rpi_ws/src/ros_time_publisher'
[0.836s] INFO:colcon.colcon_core.shell:Skip shell extension 'powershell' for command environment: Not usable outside of PowerShell
[0.836s] DEBUG:colcon.colcon_core.shell:Skip shell extension 'dsv' for command environment
[0.839s] DEBUG:colcon.colcon_core.event_handler.log_command:Invoked command in '/projects/github_repos/astro/ros2_rpi_ws/build/astro_odometry_tf_broadcaster' returned '0': CMAKE_PREFIX_PATH=${CMAKE_PREFIX_PATH}:/projects/github_repos/astro/ros2_rpi_ws/install/astro_teleop:/projects/github_repos/astro/ros2_rpi_ws/install/astro_sensor:/projects/github_repos/astro/ros2_rpi_ws/install/astro_odometry:/projects/ros/microros_ws/install/sensor_msgs_py:/opt/ros/humble /usr/bin/cmake --build /projects/github_repos/astro/ros2_rpi_ws/build/astro_odometry_tf_broadcaster -- -j24 -l24
[0.840s] DEBUG:colcon.colcon_core.event_handler.log_command:Invoking command in '/projects/github_repos/astro/ros2_rpi_ws/build/astro_odometry_tf_broadcaster': CMAKE_PREFIX_PATH=${CMAKE_PREFIX_PATH}:/projects/github_repos/astro/ros2_rpi_ws/install/astro_teleop:/projects/github_repos/astro/ros2_rpi_ws/install/astro_sensor:/projects/github_repos/astro/ros2_rpi_ws/install/astro_odometry:/projects/ros/microros_ws/install/sensor_msgs_py:/opt/ros/humble /usr/bin/cmake --install /projects/github_repos/astro/ros2_rpi_ws/build/astro_odometry_tf_broadcaster
[0.851s] Level 1:colcon.colcon_core.environment:create_environment_scripts_only(astro_robot_description)
[0.851s] DEBUG:colcon.colcon_core.event_handler.log_command:Invoked command in '/projects/github_repos/astro/ros2_rpi_ws/build/robot_bringup' returned '0': CMAKE_PREFIX_PATH=${CMAKE_PREFIX_PATH}:/projects/github_repos/astro/ros2_rpi_ws/install/astro_teleop:/projects/github_repos/astro/ros2_rpi_ws/install/astro_sensor:/projects/github_repos/astro/ros2_rpi_ws/install/astro_odometry:/projects/ros/microros_ws/install/sensor_msgs_py:/opt/ros/humble /usr/bin/cmake --build /projects/github_repos/astro/ros2_rpi_ws/build/robot_bringup -- -j24 -l24
[0.853s] Level 1:colcon.colcon_core.environment:checking '/projects/github_repos/astro/ros2_rpi_ws/install/astro_robot_description' for CMake module files
[0.853s] DEBUG:colcon.colcon_core.event_handler.log_command:Invoking command in '/projects/github_repos/astro/ros2_rpi_ws/build/robot_bringup': CMAKE_PREFIX_PATH=${CMAKE_PREFIX_PATH}:/projects/github_repos/astro/ros2_rpi_ws/install/astro_teleop:/projects/github_repos/astro/ros2_rpi_ws/install/astro_sensor:/projects/github_repos/astro/ros2_rpi_ws/install/astro_odometry:/projects/ros/microros_ws/install/sensor_msgs_py:/opt/ros/humble /usr/bin/cmake --install /projects/github_repos/astro/ros2_rpi_ws/build/robot_bringup
[0.853s] DEBUG:colcon.colcon_core.event_handler.log_command:Invoked command in '/projects/github_repos/astro/ros2_rpi_ws/build/astro_robot_description' returned '0': CMAKE_PREFIX_PATH=${CMAKE_PREFIX_PATH}:/projects/github_repos/astro/ros2_rpi_ws/install/astro_teleop:/projects/github_repos/astro/ros2_rpi_ws/install/astro_sensor:/projects/github_repos/astro/ros2_rpi_ws/install/astro_odometry:/projects/ros/microros_ws/install/sensor_msgs_py:/opt/ros/humble /usr/bin/cmake --install /projects/github_repos/astro/ros2_rpi_ws/build/astro_robot_description
[0.853s] Level 1:colcon.colcon_core.environment:checking '/projects/github_repos/astro/ros2_rpi_ws/install/astro_robot_description' for CMake config files
[0.854s] Level 1:colcon.colcon_core.shell:create_environment_hook('astro_robot_description', 'cmake_prefix_path')
[0.854s] INFO:colcon.colcon_core.shell:Creating environment hook '/projects/github_repos/astro/ros2_rpi_ws/install/astro_robot_description/share/astro_robot_description/hook/cmake_prefix_path.ps1'
[0.854s] INFO:colcon.colcon_core.shell:Creating environment descriptor '/projects/github_repos/astro/ros2_rpi_ws/install/astro_robot_description/share/astro_robot_description/hook/cmake_prefix_path.dsv'
[0.854s] INFO:colcon.colcon_core.shell:Creating environment hook '/projects/github_repos/astro/ros2_rpi_ws/install/astro_robot_description/share/astro_robot_description/hook/cmake_prefix_path.sh'
[0.854s] Level 1:colcon.colcon_core.environment:checking '/projects/github_repos/astro/ros2_rpi_ws/install/astro_robot_description/bin'
[0.854s] Level 1:colcon.colcon_core.environment:checking '/projects/github_repos/astro/ros2_rpi_ws/install/astro_robot_description/lib/pkgconfig/astro_robot_description.pc'
[0.855s] Level 1:colcon.colcon_core.environment:checking '/projects/github_repos/astro/ros2_rpi_ws/install/astro_robot_description/lib/python3.10/site-packages'
[0.855s] Level 1:colcon.colcon_core.environment:checking '/projects/github_repos/astro/ros2_rpi_ws/install/astro_robot_description/bin'
[0.855s] INFO:colcon.colcon_core.shell:Creating package script '/projects/github_repos/astro/ros2_rpi_ws/install/astro_robot_description/share/astro_robot_description/package.ps1'
[0.855s] INFO:colcon.colcon_core.shell:Creating package descriptor '/projects/github_repos/astro/ros2_rpi_ws/install/astro_robot_description/share/astro_robot_description/package.dsv'
[0.855s] INFO:colcon.colcon_core.shell:Creating package script '/projects/github_repos/astro/ros2_rpi_ws/install/astro_robot_description/share/astro_robot_description/package.sh'
[0.856s] INFO:colcon.colcon_core.shell:Creating package script '/projects/github_repos/astro/ros2_rpi_ws/install/astro_robot_description/share/astro_robot_description/package.bash'
[0.856s] INFO:colcon.colcon_core.shell:Creating package script '/projects/github_repos/astro/ros2_rpi_ws/install/astro_robot_description/share/astro_robot_description/package.zsh'
[0.856s] Level 1:colcon.colcon_core.environment:create_file_with_runtime_dependencies(/projects/github_repos/astro/ros2_rpi_ws/install/astro_robot_description/share/colcon-core/packages/astro_robot_description)
[0.857s] Level 1:colcon.colcon_core.environment:create_environment_scripts_only(astro_robot_description)
[0.857s] Level 1:colcon.colcon_core.environment:checking '/projects/github_repos/astro/ros2_rpi_ws/install/astro_robot_description' for CMake module files
[0.857s] Level 1:colcon.colcon_core.environment:checking '/projects/github_repos/astro/ros2_rpi_ws/install/astro_robot_description' for CMake config files
[0.857s] Level 1:colcon.colcon_core.shell:create_environment_hook('astro_robot_description', 'cmake_prefix_path')
[0.857s] INFO:colcon.colcon_core.shell:Creating environment hook '/projects/github_repos/astro/ros2_rpi_ws/install/astro_robot_description/share/astro_robot_description/hook/cmake_prefix_path.ps1'
[0.857s] INFO:colcon.colcon_core.shell:Creating environment descriptor '/projects/github_repos/astro/ros2_rpi_ws/install/astro_robot_description/share/astro_robot_description/hook/cmake_prefix_path.dsv'
[0.857s] INFO:colcon.colcon_core.shell:Creating environment hook '/projects/github_repos/astro/ros2_rpi_ws/install/astro_robot_description/share/astro_robot_description/hook/cmake_prefix_path.sh'
[0.858s] Level 1:colcon.colcon_core.environment:checking '/projects/github_repos/astro/ros2_rpi_ws/install/astro_robot_description/bin'
[0.858s] Level 1:colcon.colcon_core.environment:checking '/projects/github_repos/astro/ros2_rpi_ws/install/astro_robot_description/lib/pkgconfig/astro_robot_description.pc'
[0.858s] Level 1:colcon.colcon_core.environment:checking '/projects/github_repos/astro/ros2_rpi_ws/install/astro_robot_description/lib/python3.10/site-packages'
[0.858s] Level 1:colcon.colcon_core.environment:checking '/projects/github_repos/astro/ros2_rpi_ws/install/astro_robot_description/bin'
[0.858s] INFO:colcon.colcon_core.shell:Creating package script '/projects/github_repos/astro/ros2_rpi_ws/install/astro_robot_description/share/astro_robot_description/package.ps1'
[0.859s] INFO:colcon.colcon_core.shell:Creating package descriptor '/projects/github_repos/astro/ros2_rpi_ws/install/astro_robot_description/share/astro_robot_description/package.dsv'
[0.859s] INFO:colcon.colcon_core.shell:Creating package script '/projects/github_repos/astro/ros2_rpi_ws/install/astro_robot_description/share/astro_robot_description/package.sh'
[0.859s] INFO:colcon.colcon_core.shell:Creating package script '/projects/github_repos/astro/ros2_rpi_ws/install/astro_robot_description/share/astro_robot_description/package.bash'
[0.859s] INFO:colcon.colcon_core.shell:Creating package script '/projects/github_repos/astro/ros2_rpi_ws/install/astro_robot_description/share/astro_robot_description/package.zsh'
[0.859s] Level 1:colcon.colcon_core.environment:create_file_with_runtime_dependencies(/projects/github_repos/astro/ros2_rpi_ws/install/astro_robot_description/share/colcon-core/packages/astro_robot_description)
[0.860s] Level 1:colcon.colcon_core.environment:create_environment_scripts_only(astro_cartographer)
[0.860s] Level 1:colcon.colcon_core.environment:checking '/projects/github_repos/astro/ros2_rpi_ws/install/astro_cartographer' for CMake module files
[0.860s] Level 1:colcon.colcon_core.environment:checking '/projects/github_repos/astro/ros2_rpi_ws/install/astro_cartographer' for CMake config files
[0.860s] DEBUG:colcon.colcon_core.event_handler.log_command:Invoked command in '/projects/github_repos/astro/ros2_rpi_ws/build/astro_cartographer' returned '0': CMAKE_PREFIX_PATH=${CMAKE_PREFIX_PATH}:/projects/github_repos/astro/ros2_rpi_ws/install/astro_teleop:/projects/github_repos/astro/ros2_rpi_ws/install/astro_sensor:/projects/github_repos/astro/ros2_rpi_ws/install/astro_odometry:/projects/ros/microros_ws/install/sensor_msgs_py:/opt/ros/humble /usr/bin/cmake --install /projects/github_repos/astro/ros2_rpi_ws/build/astro_cartographer
[0.860s] Level 1:colcon.colcon_core.shell:create_environment_hook('astro_cartographer', 'cmake_prefix_path')
[0.861s] INFO:colcon.colcon_core.shell:Creating environment hook '/projects/github_repos/astro/ros2_rpi_ws/install/astro_cartographer/share/astro_cartographer/hook/cmake_prefix_path.ps1'
[0.861s] INFO:colcon.colcon_core.shell:Creating environment descriptor '/projects/github_repos/astro/ros2_rpi_ws/install/astro_cartographer/share/astro_cartographer/hook/cmake_prefix_path.dsv'
[0.861s] INFO:colcon.colcon_core.shell:Creating environment hook '/projects/github_repos/astro/ros2_rpi_ws/install/astro_cartographer/share/astro_cartographer/hook/cmake_prefix_path.sh'
[0.861s] Level 1:colcon.colcon_core.environment:checking '/projects/github_repos/astro/ros2_rpi_ws/install/astro_cartographer/bin'
[0.861s] Level 1:colcon.colcon_core.environment:checking '/projects/github_repos/astro/ros2_rpi_ws/install/astro_cartographer/lib/pkgconfig/astro_cartographer.pc'
[0.861s] Level 1:colcon.colcon_core.environment:checking '/projects/github_repos/astro/ros2_rpi_ws/install/astro_cartographer/lib/python3.10/site-packages'
[0.861s] Level 1:colcon.colcon_core.environment:checking '/projects/github_repos/astro/ros2_rpi_ws/install/astro_cartographer/bin'
[0.861s] INFO:colcon.colcon_core.shell:Creating package script '/projects/github_repos/astro/ros2_rpi_ws/install/astro_cartographer/share/astro_cartographer/package.ps1'
[0.862s] INFO:colcon.colcon_core.shell:Creating package descriptor '/projects/github_repos/astro/ros2_rpi_ws/install/astro_cartographer/share/astro_cartographer/package.dsv'
[0.862s] INFO:colcon.colcon_core.shell:Creating package script '/projects/github_repos/astro/ros2_rpi_ws/install/astro_cartographer/share/astro_cartographer/package.sh'
[0.862s] INFO:colcon.colcon_core.shell:Creating package script '/projects/github_repos/astro/ros2_rpi_ws/install/astro_cartographer/share/astro_cartographer/package.bash'
[0.862s] INFO:colcon.colcon_core.shell:Creating package script '/projects/github_repos/astro/ros2_rpi_ws/install/astro_cartographer/share/astro_cartographer/package.zsh'
[0.862s] Level 1:colcon.colcon_core.environment:create_file_with_runtime_dependencies(/projects/github_repos/astro/ros2_rpi_ws/install/astro_cartographer/share/colcon-core/packages/astro_cartographer)
[0.863s] Level 1:colcon.colcon_core.environment:create_environment_scripts_only(astro_cartographer)
[0.863s] Level 1:colcon.colcon_core.environment:checking '/projects/github_repos/astro/ros2_rpi_ws/install/astro_cartographer' for CMake module files
[0.863s] Level 1:colcon.colcon_core.environment:checking '/projects/github_repos/astro/ros2_rpi_ws/install/astro_cartographer' for CMake config files
[0.863s] Level 1:colcon.colcon_core.shell:create_environment_hook('astro_cartographer', 'cmake_prefix_path')
[0.863s] INFO:colcon.colcon_core.shell:Creating environment hook '/projects/github_repos/astro/ros2_rpi_ws/install/astro_cartographer/share/astro_cartographer/hook/cmake_prefix_path.ps1'
[0.863s] INFO:colcon.colcon_core.shell:Creating environment descriptor '/projects/github_repos/astro/ros2_rpi_ws/install/astro_cartographer/share/astro_cartographer/hook/cmake_prefix_path.dsv'
[0.863s] INFO:colcon.colcon_core.shell:Creating environment hook '/projects/github_repos/astro/ros2_rpi_ws/install/astro_cartographer/share/astro_cartographer/hook/cmake_prefix_path.sh'
[0.864s] Level 1:colcon.colcon_core.environment:checking '/projects/github_repos/astro/ros2_rpi_ws/install/astro_cartographer/bin'
[0.864s] Level 1:colcon.colcon_core.environment:checking '/projects/github_repos/astro/ros2_rpi_ws/install/astro_cartographer/lib/pkgconfig/astro_cartographer.pc'
[0.864s] Level 1:colcon.colcon_core.environment:checking '/projects/github_repos/astro/ros2_rpi_ws/install/astro_cartographer/lib/python3.10/site-packages'
[0.864s] Level 1:colcon.colcon_core.environment:checking '/projects/github_repos/astro/ros2_rpi_ws/install/astro_cartographer/bin'
[0.864s] INFO:colcon.colcon_core.shell:Creating package script '/projects/github_repos/astro/ros2_rpi_ws/install/astro_cartographer/share/astro_cartographer/package.ps1'
[0.864s] INFO:colcon.colcon_core.shell:Creating package descriptor '/projects/github_repos/astro/ros2_rpi_ws/install/astro_cartographer/share/astro_cartographer/package.dsv'
[0.864s] INFO:colcon.colcon_core.shell:Creating package script '/projects/github_repos/astro/ros2_rpi_ws/install/astro_cartographer/share/astro_cartographer/package.sh'
[0.865s] INFO:colcon.colcon_core.shell:Creating package script '/projects/github_repos/astro/ros2_rpi_ws/install/astro_cartographer/share/astro_cartographer/package.bash'
[0.865s] INFO:colcon.colcon_core.shell:Creating package script '/projects/github_repos/astro/ros2_rpi_ws/install/astro_cartographer/share/astro_cartographer/package.zsh'
[0.865s] Level 1:colcon.colcon_core.environment:create_file_with_runtime_dependencies(/projects/github_repos/astro/ros2_rpi_ws/install/astro_cartographer/share/colcon-core/packages/astro_cartographer)
[0.866s] Level 1:colcon.colcon_core.environment:create_environment_scripts_only(astro_odometry_tf_broadcaster)
[0.867s] Level 1:colcon.colcon_core.environment:checking '/projects/github_repos/astro/ros2_rpi_ws/install/astro_odometry_tf_broadcaster' for CMake module files
[0.867s] Level 1:colcon.colcon_core.environment:checking '/projects/github_repos/astro/ros2_rpi_ws/install/astro_odometry_tf_broadcaster' for CMake config files
[0.868s] Level 1:colcon.colcon_core.shell:create_environment_hook('astro_odometry_tf_broadcaster', 'cmake_prefix_path')
[0.868s] INFO:colcon.colcon_core.shell:Creating environment hook '/projects/github_repos/astro/ros2_rpi_ws/install/astro_odometry_tf_broadcaster/share/astro_odometry_tf_broadcaster/hook/cmake_prefix_path.ps1'
[0.869s] INFO:colcon.colcon_core.shell:Creating environment descriptor '/projects/github_repos/astro/ros2_rpi_ws/install/astro_odometry_tf_broadcaster/share/astro_odometry_tf_broadcaster/hook/cmake_prefix_path.dsv'
[0.869s] DEBUG:colcon.colcon_core.event_handler.log_command:Invoked command in '/projects/github_repos/astro/ros2_rpi_ws/build/astro_odometry_tf_broadcaster' returned '0': CMAKE_PREFIX_PATH=${CMAKE_PREFIX_PATH}:/projects/github_repos/astro/ros2_rpi_ws/install/astro_teleop:/projects/github_repos/astro/ros2_rpi_ws/install/astro_sensor:/projects/github_repos/astro/ros2_rpi_ws/install/astro_odometry:/projects/ros/microros_ws/install/sensor_msgs_py:/opt/ros/humble /usr/bin/cmake --install /projects/github_repos/astro/ros2_rpi_ws/build/astro_odometry_tf_broadcaster
[0.869s] INFO:colcon.colcon_core.shell:Creating environment hook '/projects/github_repos/astro/ros2_rpi_ws/install/astro_odometry_tf_broadcaster/share/astro_odometry_tf_broadcaster/hook/cmake_prefix_path.sh'
[0.870s] Level 1:colcon.colcon_core.environment:checking '/projects/github_repos/astro/ros2_rpi_ws/install/astro_odometry_tf_broadcaster/lib'
[0.870s] Level 1:colcon.colcon_core.environment:checking '/projects/github_repos/astro/ros2_rpi_ws/install/astro_odometry_tf_broadcaster/bin'
[0.870s] Level 1:colcon.colcon_core.environment:checking '/projects/github_repos/astro/ros2_rpi_ws/install/astro_odometry_tf_broadcaster/lib/pkgconfig/astro_odometry_tf_broadcaster.pc'
[0.870s] Level 1:colcon.colcon_core.environment:checking '/projects/github_repos/astro/ros2_rpi_ws/install/astro_odometry_tf_broadcaster/lib/python3.10/site-packages'
[0.870s] Level 1:colcon.colcon_core.environment:checking '/projects/github_repos/astro/ros2_rpi_ws/install/astro_odometry_tf_broadcaster/bin'
[0.870s] INFO:colcon.colcon_core.shell:Creating package script '/projects/github_repos/astro/ros2_rpi_ws/install/astro_odometry_tf_broadcaster/share/astro_odometry_tf_broadcaster/package.ps1'
[0.871s] INFO:colcon.colcon_core.shell:Creating package descriptor '/projects/github_repos/astro/ros2_rpi_ws/install/astro_odometry_tf_broadcaster/share/astro_odometry_tf_broadcaster/package.dsv'
[0.871s] INFO:colcon.colcon_core.shell:Creating package script '/projects/github_repos/astro/ros2_rpi_ws/install/astro_odometry_tf_broadcaster/share/astro_odometry_tf_broadcaster/package.sh'
[0.871s] INFO:colcon.colcon_core.shell:Creating package script '/projects/github_repos/astro/ros2_rpi_ws/install/astro_odometry_tf_broadcaster/share/astro_odometry_tf_broadcaster/package.bash'
[0.871s] INFO:colcon.colcon_core.shell:Creating package script '/projects/github_repos/astro/ros2_rpi_ws/install/astro_odometry_tf_broadcaster/share/astro_odometry_tf_broadcaster/package.zsh'
[0.871s] Level 1:colcon.colcon_core.environment:create_file_with_runtime_dependencies(/projects/github_repos/astro/ros2_rpi_ws/install/astro_odometry_tf_broadcaster/share/colcon-core/packages/astro_odometry_tf_broadcaster)
[0.871s] Level 1:colcon.colcon_core.environment:create_environment_scripts_only(astro_odometry_tf_broadcaster)
[0.872s] Level 1:colcon.colcon_core.environment:checking '/projects/github_repos/astro/ros2_rpi_ws/install/astro_odometry_tf_broadcaster' for CMake module files
[0.872s] Level 1:colcon.colcon_core.environment:checking '/projects/github_repos/astro/ros2_rpi_ws/install/astro_odometry_tf_broadcaster' for CMake config files
[0.872s] Level 1:colcon.colcon_core.shell:create_environment_hook('astro_odometry_tf_broadcaster', 'cmake_prefix_path')
[0.872s] INFO:colcon.colcon_core.shell:Creating environment hook '/projects/github_repos/astro/ros2_rpi_ws/install/astro_odometry_tf_broadcaster/share/astro_odometry_tf_broadcaster/hook/cmake_prefix_path.ps1'
[0.872s] INFO:colcon.colcon_core.shell:Creating environment descriptor '/projects/github_repos/astro/ros2_rpi_ws/install/astro_odometry_tf_broadcaster/share/astro_odometry_tf_broadcaster/hook/cmake_prefix_path.dsv'
[0.872s] INFO:colcon.colcon_core.shell:Creating environment hook '/projects/github_repos/astro/ros2_rpi_ws/install/astro_odometry_tf_broadcaster/share/astro_odometry_tf_broadcaster/hook/cmake_prefix_path.sh'
[0.872s] Level 1:colcon.colcon_core.environment:checking '/projects/github_repos/astro/ros2_rpi_ws/install/astro_odometry_tf_broadcaster/lib'
[0.873s] Level 1:colcon.colcon_core.environment:checking '/projects/github_repos/astro/ros2_rpi_ws/install/astro_odometry_tf_broadcaster/bin'
[0.873s] Level 1:colcon.colcon_core.environment:checking '/projects/github_repos/astro/ros2_rpi_ws/install/astro_odometry_tf_broadcaster/lib/pkgconfig/astro_odometry_tf_broadcaster.pc'
[0.873s] Level 1:colcon.colcon_core.environment:checking '/projects/github_repos/astro/ros2_rpi_ws/install/astro_odometry_tf_broadcaster/lib/python3.10/site-packages'
[0.873s] Level 1:colcon.colcon_core.environment:checking '/projects/github_repos/astro/ros2_rpi_ws/install/astro_odometry_tf_broadcaster/bin'
[0.873s] INFO:colcon.colcon_core.shell:Creating package script '/projects/github_repos/astro/ros2_rpi_ws/install/astro_odometry_tf_broadcaster/share/astro_odometry_tf_broadcaster/package.ps1'
[0.873s] INFO:colcon.colcon_core.shell:Creating package descriptor '/projects/github_repos/astro/ros2_rpi_ws/install/astro_odometry_tf_broadcaster/share/astro_odometry_tf_broadcaster/package.dsv'
[0.873s] INFO:colcon.colcon_core.shell:Creating package script '/projects/github_repos/astro/ros2_rpi_ws/install/astro_odometry_tf_broadcaster/share/astro_odometry_tf_broadcaster/package.sh'
[0.874s] INFO:colcon.colcon_core.shell:Creating package script '/projects/github_repos/astro/ros2_rpi_ws/install/astro_odometry_tf_broadcaster/share/astro_odometry_tf_broadcaster/package.bash'
[0.874s] INFO:colcon.colcon_core.shell:Creating package script '/projects/github_repos/astro/ros2_rpi_ws/install/astro_odometry_tf_broadcaster/share/astro_odometry_tf_broadcaster/package.zsh'
[0.874s] Level 1:colcon.colcon_core.environment:create_file_with_runtime_dependencies(/projects/github_repos/astro/ros2_rpi_ws/install/astro_odometry_tf_broadcaster/share/colcon-core/packages/astro_odometry_tf_broadcaster)
[0.875s] Level 1:colcon.colcon_core.environment:create_environment_scripts_only(robot_bringup)
[0.875s] Level 1:colcon.colcon_core.environment:checking '/projects/github_repos/astro/ros2_rpi_ws/install/robot_bringup' for CMake module files
[0.875s] DEBUG:colcon.colcon_core.event_handler.log_command:Invoked command in '/projects/github_repos/astro/ros2_rpi_ws/build/robot_bringup' returned '0': CMAKE_PREFIX_PATH=${CMAKE_PREFIX_PATH}:/projects/github_repos/astro/ros2_rpi_ws/install/astro_teleop:/projects/github_repos/astro/ros2_rpi_ws/install/astro_sensor:/projects/github_repos/astro/ros2_rpi_ws/install/astro_odometry:/projects/ros/microros_ws/install/sensor_msgs_py:/opt/ros/humble /usr/bin/cmake --install /projects/github_repos/astro/ros2_rpi_ws/build/robot_bringup
[0.875s] Level 1:colcon.colcon_core.environment:checking '/projects/github_repos/astro/ros2_rpi_ws/install/robot_bringup' for CMake config files
[0.875s] Level 1:colcon.colcon_core.shell:create_environment_hook('robot_bringup', 'cmake_prefix_path')
[0.875s] INFO:colcon.colcon_core.shell:Creating environment hook '/projects/github_repos/astro/ros2_rpi_ws/install/robot_bringup/share/robot_bringup/hook/cmake_prefix_path.ps1'
[0.876s] INFO:colcon.colcon_core.shell:Creating environment descriptor '/projects/github_repos/astro/ros2_rpi_ws/install/robot_bringup/share/robot_bringup/hook/cmake_prefix_path.dsv'
[0.876s] INFO:colcon.colcon_core.shell:Creating environment hook '/projects/github_repos/astro/ros2_rpi_ws/install/robot_bringup/share/robot_bringup/hook/cmake_prefix_path.sh'
[0.876s] Level 1:colcon.colcon_core.environment:checking '/projects/github_repos/astro/ros2_rpi_ws/install/robot_bringup/bin'
[0.876s] Level 1:colcon.colcon_core.environment:checking '/projects/github_repos/astro/ros2_rpi_ws/install/robot_bringup/lib/pkgconfig/robot_bringup.pc'
[0.876s] Level 1:colcon.colcon_core.environment:checking '/projects/github_repos/astro/ros2_rpi_ws/install/robot_bringup/lib/python3.10/site-packages'
[0.876s] Level 1:colcon.colcon_core.environment:checking '/projects/github_repos/astro/ros2_rpi_ws/install/robot_bringup/bin'
[0.876s] INFO:colcon.colcon_core.shell:Creating package script '/projects/github_repos/astro/ros2_rpi_ws/install/robot_bringup/share/robot_bringup/package.ps1'
[0.877s] INFO:colcon.colcon_core.shell:Creating package descriptor '/projects/github_repos/astro/ros2_rpi_ws/install/robot_bringup/share/robot_bringup/package.dsv'
[0.877s] INFO:colcon.colcon_core.shell:Creating package script '/projects/github_repos/astro/ros2_rpi_ws/install/robot_bringup/share/robot_bringup/package.sh'
[0.877s] INFO:colcon.colcon_core.shell:Creating package script '/projects/github_repos/astro/ros2_rpi_ws/install/robot_bringup/share/robot_bringup/package.bash'
[0.877s] INFO:colcon.colcon_core.shell:Creating package script '/projects/github_repos/astro/ros2_rpi_ws/install/robot_bringup/share/robot_bringup/package.zsh'
[0.877s] Level 1:colcon.colcon_core.environment:create_file_with_runtime_dependencies(/projects/github_repos/astro/ros2_rpi_ws/install/robot_bringup/share/colcon-core/packages/robot_bringup)
[0.877s] Level 1:colcon.colcon_core.environment:create_environment_scripts_only(robot_bringup)
[0.878s] Level 1:colcon.colcon_core.environment:checking '/projects/github_repos/astro/ros2_rpi_ws/install/robot_bringup' for CMake module files
[0.878s] Level 1:colcon.colcon_core.environment:checking '/projects/github_repos/astro/ros2_rpi_ws/install/robot_bringup' for CMake config files
[0.878s] Level 1:colcon.colcon_core.shell:create_environment_hook('robot_bringup', 'cmake_prefix_path')
[0.878s] INFO:colcon.colcon_core.shell:Creating environment hook '/projects/github_repos/astro/ros2_rpi_ws/install/robot_bringup/share/robot_bringup/hook/cmake_prefix_path.ps1'
[0.878s] INFO:colcon.colcon_core.shell:Creating environment descriptor '/projects/github_repos/astro/ros2_rpi_ws/install/robot_bringup/share/robot_bringup/hook/cmake_prefix_path.dsv'
[0.878s] INFO:colcon.colcon_core.shell:Creating environment hook '/projects/github_repos/astro/ros2_rpi_ws/install/robot_bringup/share/robot_bringup/hook/cmake_prefix_path.sh'
[0.879s] Level 1:colcon.colcon_core.environment:checking '/projects/github_repos/astro/ros2_rpi_ws/install/robot_bringup/bin'
[0.879s] Level 1:colcon.colcon_core.environment:checking '/projects/github_repos/astro/ros2_rpi_ws/install/robot_bringup/lib/pkgconfig/robot_bringup.pc'
[0.879s] Level 1:colcon.colcon_core.environment:checking '/projects/github_repos/astro/ros2_rpi_ws/install/robot_bringup/lib/python3.10/site-packages'
[0.879s] Level 1:colcon.colcon_core.environment:checking '/projects/github_repos/astro/ros2_rpi_ws/install/robot_bringup/bin'
[0.879s] INFO:colcon.colcon_core.shell:Creating package script '/projects/github_repos/astro/ros2_rpi_ws/install/robot_bringup/share/robot_bringup/package.ps1'
[0.879s] INFO:colcon.colcon_core.shell:Creating package descriptor '/projects/github_repos/astro/ros2_rpi_ws/install/robot_bringup/share/robot_bringup/package.dsv'
[0.879s] INFO:colcon.colcon_core.shell:Creating package script '/projects/github_repos/astro/ros2_rpi_ws/install/robot_bringup/share/robot_bringup/package.sh'
[0.880s] INFO:colcon.colcon_core.shell:Creating package script '/projects/github_repos/astro/ros2_rpi_ws/install/robot_bringup/share/robot_bringup/package.bash'
[0.880s] INFO:colcon.colcon_core.shell:Creating package script '/projects/github_repos/astro/ros2_rpi_ws/install/robot_bringup/share/robot_bringup/package.zsh'
[0.880s] Level 1:colcon.colcon_core.environment:create_file_with_runtime_dependencies(/projects/github_repos/astro/ros2_rpi_ws/install/robot_bringup/share/colcon-core/packages/robot_bringup)
[1.026s] DEBUG:colcon.colcon_core.event_handler.log_command:Invoking command in '/projects/github_repos/astro/ros2_rpi_ws/src/astro_odometry_publisher': PYTHONPATH=/projects/github_repos/astro/ros2_rpi_ws/build/astro_odometry/prefix_override:/usr/lib/python3/dist-packages/colcon_core/task/python/colcon_distutils_commands:/projects/github_repos/astro/ros2_rpi_ws/install/astro_odometry/lib/python3.10/site-packages:${PYTHONPATH} /usr/bin/python3 -W ignore:setup.py install is deprecated -W ignore:easy_install command is deprecated setup.py egg_info --egg-base ../../build/astro_odometry build --build-base /projects/github_repos/astro/ros2_rpi_ws/build/astro_odometry/build install --record /projects/github_repos/astro/ros2_rpi_ws/build/astro_odometry/install.log --single-version-externally-managed install_data
[1.028s] DEBUG:colcon.colcon_core.event_handler.log_command:Invoking command in '/projects/github_repos/astro/ros2_rpi_ws/src/astro_sensor_publisher': PYTHONPATH=/projects/github_repos/astro/ros2_rpi_ws/build/astro_sensor/prefix_override:/usr/lib/python3/dist-packages/colcon_core/task/python/colcon_distutils_commands:/projects/github_repos/astro/ros2_rpi_ws/install/astro_sensor/lib/python3.10/site-packages:${PYTHONPATH} /usr/bin/python3 -W ignore:setup.py install is deprecated -W ignore:easy_install command is deprecated setup.py egg_info --egg-base ../../build/astro_sensor build --build-base /projects/github_repos/astro/ros2_rpi_ws/build/astro_sensor/build install --record /projects/github_repos/astro/ros2_rpi_ws/build/astro_sensor/install.log --single-version-externally-managed install_data
[1.030s] DEBUG:colcon.colcon_core.event_handler.log_command:Invoking command in '/projects/github_repos/astro/ros2_rpi_ws/src/astro_teleop_twist_joy': PYTHONPATH=/projects/github_repos/astro/ros2_rpi_ws/build/astro_teleop/prefix_override:/usr/lib/python3/dist-packages/colcon_core/task/python/colcon_distutils_commands:/projects/github_repos/astro/ros2_rpi_ws/install/astro_teleop/lib/python3.10/site-packages:${PYTHONPATH} /usr/bin/python3 -W ignore:setup.py install is deprecated -W ignore:easy_install command is deprecated setup.py egg_info --egg-base ../../build/astro_teleop build --build-base /projects/github_repos/astro/ros2_rpi_ws/build/astro_teleop/build install --record /projects/github_repos/astro/ros2_rpi_ws/build/astro_teleop/install.log --single-version-externally-managed install_data
[1.050s] DEBUG:colcon.colcon_core.event_handler.log_command:Invoking command in '/projects/github_repos/astro/ros2_rpi_ws/src/ros_time_publisher': PYTHONPATH=/projects/github_repos/astro/ros2_rpi_ws/build/ros_time/prefix_override:/usr/lib/python3/dist-packages/colcon_core/task/python/colcon_distutils_commands:/projects/github_repos/astro/ros2_rpi_ws/install/ros_time/lib/python3.10/site-packages:${PYTHONPATH} /usr/bin/python3 -W ignore:setup.py install is deprecated -W ignore:easy_install command is deprecated setup.py egg_info --egg-base ../../build/ros_time build --build-base /projects/github_repos/astro/ros2_rpi_ws/build/ros_time/build install --record /projects/github_repos/astro/ros2_rpi_ws/build/ros_time/install.log --single-version-externally-managed install_data
[1.191s] Level 1:colcon.colcon_core.environment:checking '/projects/github_repos/astro/ros2_rpi_ws/install/astro_odometry' for CMake module files
[1.192s] DEBUG:colcon.colcon_core.event_handler.log_command:Invoked command in '/projects/github_repos/astro/ros2_rpi_ws/src/astro_odometry_publisher' returned '0': PYTHONPATH=/projects/github_repos/astro/ros2_rpi_ws/build/astro_odometry/prefix_override:/usr/lib/python3/dist-packages/colcon_core/task/python/colcon_distutils_commands:/projects/github_repos/astro/ros2_rpi_ws/install/astro_odometry/lib/python3.10/site-packages:${PYTHONPATH} /usr/bin/python3 -W ignore:setup.py install is deprecated -W ignore:easy_install command is deprecated setup.py egg_info --egg-base ../../build/astro_odometry build --build-base /projects/github_repos/astro/ros2_rpi_ws/build/astro_odometry/build install --record /projects/github_repos/astro/ros2_rpi_ws/build/astro_odometry/install.log --single-version-externally-managed install_data
[1.192s] Level 1:colcon.colcon_core.environment:checking '/projects/github_repos/astro/ros2_rpi_ws/install/astro_odometry' for CMake config files
[1.192s] Level 1:colcon.colcon_core.environment:checking '/projects/github_repos/astro/ros2_rpi_ws/install/astro_odometry/lib'
[1.192s] Level 1:colcon.colcon_core.environment:checking '/projects/github_repos/astro/ros2_rpi_ws/install/astro_odometry/bin'
[1.192s] Level 1:colcon.colcon_core.environment:checking '/projects/github_repos/astro/ros2_rpi_ws/install/astro_odometry/lib/pkgconfig/astro_odometry.pc'
[1.192s] Level 1:colcon.colcon_core.environment:checking '/projects/github_repos/astro/ros2_rpi_ws/install/astro_odometry/lib/python3.10/site-packages'
[1.193s] Level 1:colcon.colcon_core.shell:create_environment_hook('astro_odometry', 'pythonpath')
[1.193s] INFO:colcon.colcon_core.shell:Creating environment hook '/projects/github_repos/astro/ros2_rpi_ws/install/astro_odometry/share/astro_odometry/hook/pythonpath.ps1'
[1.193s] INFO:colcon.colcon_core.shell:Creating environment descriptor '/projects/github_repos/astro/ros2_rpi_ws/install/astro_odometry/share/astro_odometry/hook/pythonpath.dsv'
[1.193s] INFO:colcon.colcon_core.shell:Creating environment hook '/projects/github_repos/astro/ros2_rpi_ws/install/astro_odometry/share/astro_odometry/hook/pythonpath.sh'
[1.193s] Level 1:colcon.colcon_core.environment:checking '/projects/github_repos/astro/ros2_rpi_ws/install/astro_odometry/bin'
[1.193s] Level 1:colcon.colcon_core.environment:create_environment_scripts_only(astro_odometry)
[1.194s] INFO:colcon.colcon_core.shell:Creating package script '/projects/github_repos/astro/ros2_rpi_ws/install/astro_odometry/share/astro_odometry/package.ps1'
[1.194s] INFO:colcon.colcon_core.shell:Creating package descriptor '/projects/github_repos/astro/ros2_rpi_ws/install/astro_odometry/share/astro_odometry/package.dsv'
[1.194s] INFO:colcon.colcon_core.shell:Creating package script '/projects/github_repos/astro/ros2_rpi_ws/install/astro_odometry/share/astro_odometry/package.sh'
[1.194s] INFO:colcon.colcon_core.shell:Creating package script '/projects/github_repos/astro/ros2_rpi_ws/install/astro_odometry/share/astro_odometry/package.bash'
[1.194s] INFO:colcon.colcon_core.shell:Creating package script '/projects/github_repos/astro/ros2_rpi_ws/install/astro_odometry/share/astro_odometry/package.zsh'
[1.195s] Level 1:colcon.colcon_core.environment:create_file_with_runtime_dependencies(/projects/github_repos/astro/ros2_rpi_ws/install/astro_odometry/share/colcon-core/packages/astro_odometry)
[1.195s] Level 1:colcon.colcon_core.environment:checking '/projects/github_repos/astro/ros2_rpi_ws/install/astro_sensor' for CMake module files
[1.196s] DEBUG:colcon.colcon_core.event_handler.log_command:Invoked command in '/projects/github_repos/astro/ros2_rpi_ws/src/astro_sensor_publisher' returned '0': PYTHONPATH=/projects/github_repos/astro/ros2_rpi_ws/build/astro_sensor/prefix_override:/usr/lib/python3/dist-packages/colcon_core/task/python/colcon_distutils_commands:/projects/github_repos/astro/ros2_rpi_ws/install/astro_sensor/lib/python3.10/site-packages:${PYTHONPATH} /usr/bin/python3 -W ignore:setup.py install is deprecated -W ignore:easy_install command is deprecated setup.py egg_info --egg-base ../../build/astro_sensor build --build-base /projects/github_repos/astro/ros2_rpi_ws/build/astro_sensor/build install --record /projects/github_repos/astro/ros2_rpi_ws/build/astro_sensor/install.log --single-version-externally-managed install_data
[1.196s] Level 1:colcon.colcon_core.environment:checking '/projects/github_repos/astro/ros2_rpi_ws/install/astro_sensor' for CMake config files
[1.196s] Level 1:colcon.colcon_core.environment:checking '/projects/github_repos/astro/ros2_rpi_ws/install/astro_sensor/lib'
[1.196s] Level 1:colcon.colcon_core.environment:checking '/projects/github_repos/astro/ros2_rpi_ws/install/astro_sensor/bin'
[1.196s] Level 1:colcon.colcon_core.environment:checking '/projects/github_repos/astro/ros2_rpi_ws/install/astro_sensor/lib/pkgconfig/astro_sensor.pc'
[1.196s] Level 1:colcon.colcon_core.environment:checking '/projects/github_repos/astro/ros2_rpi_ws/install/astro_sensor/lib/python3.10/site-packages'
[1.196s] Level 1:colcon.colcon_core.shell:create_environment_hook('astro_sensor', 'pythonpath')
[1.196s] INFO:colcon.colcon_core.shell:Creating environment hook '/projects/github_repos/astro/ros2_rpi_ws/install/astro_sensor/share/astro_sensor/hook/pythonpath.ps1'
[1.196s] INFO:colcon.colcon_core.shell:Creating environment descriptor '/projects/github_repos/astro/ros2_rpi_ws/install/astro_sensor/share/astro_sensor/hook/pythonpath.dsv'
[1.197s] INFO:colcon.colcon_core.shell:Creating environment hook '/projects/github_repos/astro/ros2_rpi_ws/install/astro_sensor/share/astro_sensor/hook/pythonpath.sh'
[1.197s] Level 1:colcon.colcon_core.environment:checking '/projects/github_repos/astro/ros2_rpi_ws/install/astro_sensor/bin'
[1.197s] Level 1:colcon.colcon_core.environment:create_environment_scripts_only(astro_sensor)
[1.197s] INFO:colcon.colcon_core.shell:Creating package script '/projects/github_repos/astro/ros2_rpi_ws/install/astro_sensor/share/astro_sensor/package.ps1'
[1.197s] INFO:colcon.colcon_core.shell:Creating package descriptor '/projects/github_repos/astro/ros2_rpi_ws/install/astro_sensor/share/astro_sensor/package.dsv'
[1.197s] INFO:colcon.colcon_core.shell:Creating package script '/projects/github_repos/astro/ros2_rpi_ws/install/astro_sensor/share/astro_sensor/package.sh'
[1.198s] INFO:colcon.colcon_core.shell:Creating package script '/projects/github_repos/astro/ros2_rpi_ws/install/astro_sensor/share/astro_sensor/package.bash'
[1.198s] INFO:colcon.colcon_core.shell:Creating package script '/projects/github_repos/astro/ros2_rpi_ws/install/astro_sensor/share/astro_sensor/package.zsh'
[1.198s] Level 1:colcon.colcon_core.environment:create_file_with_runtime_dependencies(/projects/github_repos/astro/ros2_rpi_ws/install/astro_sensor/share/colcon-core/packages/astro_sensor)
[1.198s] Level 1:colcon.colcon_core.environment:checking '/projects/github_repos/astro/ros2_rpi_ws/install/astro_teleop' for CMake module files
[1.199s] Level 1:colcon.colcon_core.environment:checking '/projects/github_repos/astro/ros2_rpi_ws/install/astro_teleop' for CMake config files
[1.199s] DEBUG:colcon.colcon_core.event_handler.log_command:Invoked command in '/projects/github_repos/astro/ros2_rpi_ws/src/astro_teleop_twist_joy' returned '0': PYTHONPATH=/projects/github_repos/astro/ros2_rpi_ws/build/astro_teleop/prefix_override:/usr/lib/python3/dist-packages/colcon_core/task/python/colcon_distutils_commands:/projects/github_repos/astro/ros2_rpi_ws/install/astro_teleop/lib/python3.10/site-packages:${PYTHONPATH} /usr/bin/python3 -W ignore:setup.py install is deprecated -W ignore:easy_install command is deprecated setup.py egg_info --egg-base ../../build/astro_teleop build --build-base /projects/github_repos/astro/ros2_rpi_ws/build/astro_teleop/build install --record /projects/github_repos/astro/ros2_rpi_ws/build/astro_teleop/install.log --single-version-externally-managed install_data
[1.199s] Level 1:colcon.colcon_core.environment:checking '/projects/github_repos/astro/ros2_rpi_ws/install/astro_teleop/lib'
[1.199s] Level 1:colcon.colcon_core.environment:checking '/projects/github_repos/astro/ros2_rpi_ws/install/astro_teleop/bin'
[1.199s] Level 1:colcon.colcon_core.environment:checking '/projects/github_repos/astro/ros2_rpi_ws/install/astro_teleop/lib/pkgconfig/astro_teleop.pc'
[1.199s] Level 1:colcon.colcon_core.environment:checking '/projects/github_repos/astro/ros2_rpi_ws/install/astro_teleop/lib/python3.10/site-packages'
[1.199s] Level 1:colcon.colcon_core.shell:create_environment_hook('astro_teleop', 'pythonpath')
[1.199s] INFO:colcon.colcon_core.shell:Creating environment hook '/projects/github_repos/astro/ros2_rpi_ws/install/astro_teleop/share/astro_teleop/hook/pythonpath.ps1'
[1.200s] INFO:colcon.colcon_core.shell:Creating environment descriptor '/projects/github_repos/astro/ros2_rpi_ws/install/astro_teleop/share/astro_teleop/hook/pythonpath.dsv'
[1.200s] INFO:colcon.colcon_core.shell:Creating environment hook '/projects/github_repos/astro/ros2_rpi_ws/install/astro_teleop/share/astro_teleop/hook/pythonpath.sh'
[1.200s] Level 1:colcon.colcon_core.environment:checking '/projects/github_repos/astro/ros2_rpi_ws/install/astro_teleop/bin'
[1.200s] Level 1:colcon.colcon_core.environment:create_environment_scripts_only(astro_teleop)
[1.200s] INFO:colcon.colcon_core.shell:Creating package script '/projects/github_repos/astro/ros2_rpi_ws/install/astro_teleop/share/astro_teleop/package.ps1'
[1.200s] INFO:colcon.colcon_core.shell:Creating package descriptor '/projects/github_repos/astro/ros2_rpi_ws/install/astro_teleop/share/astro_teleop/package.dsv'
[1.201s] INFO:colcon.colcon_core.shell:Creating package script '/projects/github_repos/astro/ros2_rpi_ws/install/astro_teleop/share/astro_teleop/package.sh'
[1.201s] INFO:colcon.colcon_core.shell:Creating package script '/projects/github_repos/astro/ros2_rpi_ws/install/astro_teleop/share/astro_teleop/package.bash'
[1.201s] INFO:colcon.colcon_core.shell:Creating package script '/projects/github_repos/astro/ros2_rpi_ws/install/astro_teleop/share/astro_teleop/package.zsh'
[1.201s] Level 1:colcon.colcon_core.environment:create_file_with_runtime_dependencies(/projects/github_repos/astro/ros2_rpi_ws/install/astro_teleop/share/colcon-core/packages/astro_teleop)
[1.213s] Level 1:colcon.colcon_core.environment:checking '/projects/github_repos/astro/ros2_rpi_ws/install/ros_time' for CMake module files
[1.214s] DEBUG:colcon.colcon_core.event_handler.log_command:Invoked command in '/projects/github_repos/astro/ros2_rpi_ws/src/ros_time_publisher' returned '0': PYTHONPATH=/projects/github_repos/astro/ros2_rpi_ws/build/ros_time/prefix_override:/usr/lib/python3/dist-packages/colcon_core/task/python/colcon_distutils_commands:/projects/github_repos/astro/ros2_rpi_ws/install/ros_time/lib/python3.10/site-packages:${PYTHONPATH} /usr/bin/python3 -W ignore:setup.py install is deprecated -W ignore:easy_install command is deprecated setup.py egg_info --egg-base ../../build/ros_time build --build-base /projects/github_repos/astro/ros2_rpi_ws/build/ros_time/build install --record /projects/github_repos/astro/ros2_rpi_ws/build/ros_time/install.log --single-version-externally-managed install_data
[1.214s] Level 1:colcon.colcon_core.environment:checking '/projects/github_repos/astro/ros2_rpi_ws/install/ros_time' for CMake config files
[1.214s] Level 1:colcon.colcon_core.environment:checking '/projects/github_repos/astro/ros2_rpi_ws/install/ros_time/lib'
[1.214s] Level 1:colcon.colcon_core.environment:checking '/projects/github_repos/astro/ros2_rpi_ws/install/ros_time/bin'
[1.214s] Level 1:colcon.colcon_core.environment:checking '/projects/github_repos/astro/ros2_rpi_ws/install/ros_time/lib/pkgconfig/ros_time.pc'
[1.214s] Level 1:colcon.colcon_core.environment:checking '/projects/github_repos/astro/ros2_rpi_ws/install/ros_time/lib/python3.10/site-packages'
[1.214s] Level 1:colcon.colcon_core.shell:create_environment_hook('ros_time', 'pythonpath')
[1.214s] INFO:colcon.colcon_core.shell:Creating environment hook '/projects/github_repos/astro/ros2_rpi_ws/install/ros_time/share/ros_time/hook/pythonpath.ps1'
[1.215s] INFO:colcon.colcon_core.shell:Creating environment descriptor '/projects/github_repos/astro/ros2_rpi_ws/install/ros_time/share/ros_time/hook/pythonpath.dsv'
[1.215s] INFO:colcon.colcon_core.shell:Creating environment hook '/projects/github_repos/astro/ros2_rpi_ws/install/ros_time/share/ros_time/hook/pythonpath.sh'
[1.215s] Level 1:colcon.colcon_core.environment:checking '/projects/github_repos/astro/ros2_rpi_ws/install/ros_time/bin'
[1.215s] Level 1:colcon.colcon_core.environment:create_environment_scripts_only(ros_time)
[1.215s] INFO:colcon.colcon_core.shell:Creating package script '/projects/github_repos/astro/ros2_rpi_ws/install/ros_time/share/ros_time/package.ps1'
[1.215s] INFO:colcon.colcon_core.shell:Creating package descriptor '/projects/github_repos/astro/ros2_rpi_ws/install/ros_time/share/ros_time/package.dsv'
[1.216s] INFO:colcon.colcon_core.shell:Creating package script '/projects/github_repos/astro/ros2_rpi_ws/install/ros_time/share/ros_time/package.sh'
[1.216s] INFO:colcon.colcon_core.shell:Creating package script '/projects/github_repos/astro/ros2_rpi_ws/install/ros_time/share/ros_time/package.bash'
[1.216s] INFO:colcon.colcon_core.shell:Creating package script '/projects/github_repos/astro/ros2_rpi_ws/install/ros_time/share/ros_time/package.zsh'
[1.216s] Level 1:colcon.colcon_core.environment:create_file_with_runtime_dependencies(/projects/github_repos/astro/ros2_rpi_ws/install/ros_time/share/colcon-core/packages/ros_time)
[1.216s] DEBUG:colcon.colcon_parallel_executor.executor.parallel:closing loop
[1.216s] DEBUG:colcon.colcon_parallel_executor.executor.parallel:loop closed
[1.216s] DEBUG:colcon.colcon_parallel_executor.executor.parallel:run_until_complete finished with '0'
[1.216s] DEBUG:colcon.colcon_core.event_reactor:joining thread
[1.220s] INFO:colcon.colcon_core.plugin_system:Skipping extension 'colcon_notification.desktop_notification.terminal_notifier': Not used on non-Darwin systems
[1.220s] INFO:colcon.colcon_core.plugin_system:Skipping extension 'colcon_notification.desktop_notification.win32': Not used on non-Windows systems
[1.220s] INFO:colcon.colcon_notification.desktop_notification:Sending desktop notification using 'notify2'
[1.227s] DEBUG:colcon.colcon_core.event_reactor:joined thread
[1.227s] INFO:colcon.colcon_core.shell:Creating prefix script '/projects/github_repos/astro/ros2_rpi_ws/install/local_setup.ps1'
[1.227s] INFO:colcon.colcon_core.shell:Creating prefix util module '/projects/github_repos/astro/ros2_rpi_ws/install/_local_setup_util_ps1.py'
[1.228s] INFO:colcon.colcon_core.shell:Creating prefix chain script '/projects/github_repos/astro/ros2_rpi_ws/install/setup.ps1'
[1.229s] INFO:colcon.colcon_core.shell:Creating prefix script '/projects/github_repos/astro/ros2_rpi_ws/install/local_setup.sh'
[1.229s] INFO:colcon.colcon_core.shell:Creating prefix util module '/projects/github_repos/astro/ros2_rpi_ws/install/_local_setup_util_sh.py'
[1.230s] INFO:colcon.colcon_core.shell:Creating prefix chain script '/projects/github_repos/astro/ros2_rpi_ws/install/setup.sh'
[1.231s] INFO:colcon.colcon_core.shell:Creating prefix script '/projects/github_repos/astro/ros2_rpi_ws/install/local_setup.bash'
[1.231s] INFO:colcon.colcon_core.shell:Creating prefix chain script '/projects/github_repos/astro/ros2_rpi_ws/install/setup.bash'
[1.232s] INFO:colcon.colcon_core.shell:Creating prefix script '/projects/github_repos/astro/ros2_rpi_ws/install/local_setup.zsh'
[1.232s] INFO:colcon.colcon_core.shell:Creating prefix chain script '/projects/github_repos/astro/ros2_rpi_ws/install/setup.zsh'
