-- Install configuration: ""
-- Up-to-date: /projects/github_repos/astro/ros2_rpi_ws/install/astro_robot_description/share/astro_robot_description/launch
-- Up-to-date: /projects/github_repos/astro/ros2_rpi_ws/install/astro_robot_description/share/astro_robot_description/launch/astro_robot_description.launch.py
-- Up-to-date: /projects/github_repos/astro/ros2_rpi_ws/install/astro_robot_description/share/astro_robot_description/urdf
-- Up-to-date: /projects/github_repos/astro/ros2_rpi_ws/install/astro_robot_description/share/astro_robot_description/urdf/pi_rover.xacro
-- Up-to-date: /projects/github_repos/astro/ros2_rpi_ws/install/astro_robot_description/share/astro_robot_description/urdf/turtlebot3_waffle_pi.gazebo.xacro
-- Up-to-date: /projects/github_repos/astro/ros2_rpi_ws/install/astro_robot_description/share/astro_robot_description/urdf/common_properties.xacro
-- Up-to-date: /projects/github_repos/astro/ros2_rpi_ws/install/astro_robot_description/share/astro_robot_description/urdf/turtlebot3_waffle_pi.urdf.xacro
-- Up-to-date: /projects/github_repos/astro/ros2_rpi_ws/install/astro_robot_description/share/astro_robot_description/urdf/turtlebot3_burger_pi.urdf.xacro
-- Up-to-date: /projects/github_repos/astro/ros2_rpi_ws/install/astro_robot_description/share/astro_robot_description/urdf/turtlebot3_waffle.urdf.xacro
-- Up-to-date: /projects/github_repos/astro/ros2_rpi_ws/install/astro_robot_description/share/astro_robot_description/urdf/turtlebot3_burger.gazebo.xacro
-- Up-to-date: /projects/github_repos/astro/ros2_rpi_ws/install/astro_robot_description/share/astro_robot_description/meshes
-- Up-to-date: /projects/github_repos/astro/ros2_rpi_ws/install/astro_robot_description/share/astro_robot_description/meshes/hokuyo.dae
-- Up-to-date: /projects/github_repos/astro/ros2_rpi_ws/install/astro_robot_description/share/astro_robot_description/meshes/bases
-- Up-to-date: /projects/github_repos/astro/ros2_rpi_ws/install/astro_robot_description/share/astro_robot_description/meshes/bases/burger_base.stl
-- Up-to-date: /projects/github_repos/astro/ros2_rpi_ws/install/astro_robot_description/share/astro_robot_description/meshes/bases/waffle_pi_base.stl
-- Up-to-date: /projects/github_repos/astro/ros2_rpi_ws/install/astro_robot_description/share/astro_robot_description/meshes/bases/waffle_base_for_open_manipulator.stl
-- Up-to-date: /projects/github_repos/astro/ros2_rpi_ws/install/astro_robot_description/share/astro_robot_description/meshes/bases/waffle_base.stl
-- Up-to-date: /projects/github_repos/astro/ros2_rpi_ws/install/astro_robot_description/share/astro_robot_description/meshes/bases/waffle_pi_base_for_open_manipulator.stl
-- Up-to-date: /projects/github_repos/astro/ros2_rpi_ws/install/astro_robot_description/share/astro_robot_description/meshes/sensors
-- Up-to-date: /projects/github_repos/astro/ros2_rpi_ws/install/astro_robot_description/share/astro_robot_description/meshes/sensors/r200.jpg
-- Up-to-date: /projects/github_repos/astro/ros2_rpi_ws/install/astro_robot_description/share/astro_robot_description/meshes/sensors/r200.dae
-- Up-to-date: /projects/github_repos/astro/ros2_rpi_ws/install/astro_robot_description/share/astro_robot_description/meshes/sensors/lds.stl
-- Up-to-date: /projects/github_repos/astro/ros2_rpi_ws/install/astro_robot_description/share/astro_robot_description/meshes/sensors/astra.dae
-- Up-to-date: /projects/github_repos/astro/ros2_rpi_ws/install/astro_robot_description/share/astro_robot_description/meshes/sensors/astra.jpg
-- Up-to-date: /projects/github_repos/astro/ros2_rpi_ws/install/astro_robot_description/share/astro_robot_description/meshes/wheels
-- Up-to-date: /projects/github_repos/astro/ros2_rpi_ws/install/astro_robot_description/share/astro_robot_description/meshes/wheels/right_tire.stl
-- Up-to-date: /projects/github_repos/astro/ros2_rpi_ws/install/astro_robot_description/share/astro_robot_description/meshes/wheels/left_tire.stl
-- Up-to-date: /projects/github_repos/astro/ros2_rpi_ws/install/astro_robot_description/share/astro_robot_description/meshes/d435.dae
-- Up-to-date: /projects/github_repos/astro/ros2_rpi_ws/install/astro_robot_description/share/astro_robot_description/meshes/rplidar.dae
-- Up-to-date: /projects/github_repos/astro/ros2_rpi_ws/install/astro_robot_description/share/ament_index/resource_index/package_run_dependencies/astro_robot_description
-- Up-to-date: /projects/github_repos/astro/ros2_rpi_ws/install/astro_robot_description/share/ament_index/resource_index/parent_prefix_path/astro_robot_description
-- Up-to-date: /projects/github_repos/astro/ros2_rpi_ws/install/astro_robot_description/share/astro_robot_description/environment/ament_prefix_path.sh
-- Up-to-date: /projects/github_repos/astro/ros2_rpi_ws/install/astro_robot_description/share/astro_robot_description/environment/ament_prefix_path.dsv
-- Up-to-date: /projects/github_repos/astro/ros2_rpi_ws/install/astro_robot_description/share/astro_robot_description/environment/path.sh
-- Up-to-date: /projects/github_repos/astro/ros2_rpi_ws/install/astro_robot_description/share/astro_robot_description/environment/path.dsv
-- Up-to-date: /projects/github_repos/astro/ros2_rpi_ws/install/astro_robot_description/share/astro_robot_description/local_setup.bash
-- Up-to-date: /projects/github_repos/astro/ros2_rpi_ws/install/astro_robot_description/share/astro_robot_description/local_setup.sh
-- Up-to-date: /projects/github_repos/astro/ros2_rpi_ws/install/astro_robot_description/share/astro_robot_description/local_setup.zsh
-- Up-to-date: /projects/github_repos/astro/ros2_rpi_ws/install/astro_robot_description/share/astro_robot_description/local_setup.dsv
-- Up-to-date: /projects/github_repos/astro/ros2_rpi_ws/install/astro_robot_description/share/astro_robot_description/package.dsv
-- Up-to-date: /projects/github_repos/astro/ros2_rpi_ws/install/astro_robot_description/share/ament_index/resource_index/packages/astro_robot_description
-- Up-to-date: /projects/github_repos/astro/ros2_rpi_ws/install/astro_robot_description/share/astro_robot_description/cmake/astro_robot_descriptionConfig.cmake
-- Up-to-date: /projects/github_repos/astro/ros2_rpi_ws/install/astro_robot_description/share/astro_robot_description/cmake/astro_robot_descriptionConfig-version.cmake
-- Up-to-date: /projects/github_repos/astro/ros2_rpi_ws/install/astro_robot_description/share/astro_robot_description/package.xml
