[0.803s] Invoking command in '/projects/github_repos/astro/ros2_rpi_ws/src/astro_teleop_twist_joy': PYTHONPATH=/projects/github_repos/astro/ros2_rpi_ws/build/astro_teleop/prefix_override:/usr/lib/python3/dist-packages/colcon_core/task/python/colcon_distutils_commands:/projects/github_repos/astro/ros2_rpi_ws/install/astro_teleop/lib/python3.10/site-packages:${PYTHONPATH} /usr/bin/python3 -W ignore:setup.py install is deprecated -W ignore:easy_install command is deprecated setup.py egg_info --egg-base ../../build/astro_teleop build --build-base /projects/github_repos/astro/ros2_rpi_ws/build/astro_teleop/build install --record /projects/github_repos/astro/ros2_rpi_ws/build/astro_teleop/install.log --single-version-externally-managed install_data
[0.936s] running egg_info
[0.937s] writing ../../build/astro_teleop/astro_teleop.egg-info/PKG-INFO
[0.937s] writing dependency_links to ../../build/astro_teleop/astro_teleop.egg-info/dependency_links.txt
[0.937s] writing entry points to ../../build/astro_teleop/astro_teleop.egg-info/entry_points.txt
[0.937s] writing requirements to ../../build/astro_teleop/astro_teleop.egg-info/requires.txt
[0.937s] writing top-level names to ../../build/astro_teleop/astro_teleop.egg-info/top_level.txt
[0.938s] reading manifest file '../../build/astro_teleop/astro_teleop.egg-info/SOURCES.txt'
[0.938s] writing manifest file '../../build/astro_teleop/astro_teleop.egg-info/SOURCES.txt'
[0.938s] running build
[0.938s] running build_py
[0.938s] running install
[0.938s] running install_lib
[0.939s] running install_data
[0.939s] running install_egg_info
[0.940s] removing '/projects/github_repos/astro/ros2_rpi_ws/install/astro_teleop/lib/python3.10/site-packages/astro_teleop-2.1.5-py3.10.egg-info' (and everything under it)
[0.940s] Copying ../../build/astro_teleop/astro_teleop.egg-info to /projects/github_repos/astro/ros2_rpi_ws/install/astro_teleop/lib/python3.10/site-packages/astro_teleop-2.1.5-py3.10.egg-info
[0.941s] running install_scripts
[0.952s] Installing teleop_keyboard script to /projects/github_repos/astro/ros2_rpi_ws/install/astro_teleop/lib/astro_teleop
[0.953s] writing list of installed files to '/projects/github_repos/astro/ros2_rpi_ws/build/astro_teleop/install.log'
[0.973s] Invoked command in '/projects/github_repos/astro/ros2_rpi_ws/src/astro_teleop_twist_joy' returned '0': PYTHONPATH=/projects/github_repos/astro/ros2_rpi_ws/build/astro_teleop/prefix_override:/usr/lib/python3/dist-packages/colcon_core/task/python/colcon_distutils_commands:/projects/github_repos/astro/ros2_rpi_ws/install/astro_teleop/lib/python3.10/site-packages:${PYTHONPATH} /usr/bin/python3 -W ignore:setup.py install is deprecated -W ignore:easy_install command is deprecated setup.py egg_info --egg-base ../../build/astro_teleop build --build-base /projects/github_repos/astro/ros2_rpi_ws/build/astro_teleop/build install --record /projects/github_repos/astro/ros2_rpi_ws/build/astro_teleop/install.log --single-version-externally-managed install_data
