[0.819s] Invoking command in '/projects/github_repos/astro/ros2_rpi_ws/src/ros_time_publisher': PYTHONPATH=/projects/github_repos/astro/ros2_rpi_ws/build/ros_time/prefix_override:/usr/lib/python3/dist-packages/colcon_core/task/python/colcon_distutils_commands:/projects/github_repos/astro/ros2_rpi_ws/install/ros_time/lib/python3.10/site-packages:${PYTHONPATH} /usr/bin/python3 -W ignore:setup.py install is deprecated -W ignore:easy_install command is deprecated setup.py egg_info --egg-base ../../build/ros_time build --build-base /projects/github_repos/astro/ros2_rpi_ws/build/ros_time/build install --record /projects/github_repos/astro/ros2_rpi_ws/build/ros_time/install.log --single-version-externally-managed install_data
[0.951s] running egg_info
[0.951s] creating ../../build/ros_time/ros_time.egg-info
[0.951s] writing ../../build/ros_time/ros_time.egg-info/PKG-INFO
[0.952s] writing dependency_links to ../../build/ros_time/ros_time.egg-info/dependency_links.txt
[0.952s] writing entry points to ../../build/ros_time/ros_time.egg-info/entry_points.txt
[0.952s] writing requirements to ../../build/ros_time/ros_time.egg-info/requires.txt
[0.952s] writing top-level names to ../../build/ros_time/ros_time.egg-info/top_level.txt
[0.952s] writing manifest file '../../build/ros_time/ros_time.egg-info/SOURCES.txt'
[0.953s] reading manifest file '../../build/ros_time/ros_time.egg-info/SOURCES.txt'
[0.953s] writing manifest file '../../build/ros_time/ros_time.egg-info/SOURCES.txt'
[0.953s] running build
[0.953s] running build_py
[0.953s] creating /projects/github_repos/astro/ros2_rpi_ws/build/ros_time/build
[0.953s] creating /projects/github_repos/astro/ros2_rpi_ws/build/ros_time/build/lib
[0.953s] creating /projects/github_repos/astro/ros2_rpi_ws/build/ros_time/build/lib/ros_time
[0.953s] copying ros_time/__init__.py -> /projects/github_repos/astro/ros2_rpi_ws/build/ros_time/build/lib/ros_time
[0.953s] creating /projects/github_repos/astro/ros2_rpi_ws/build/ros_time/build/lib/ros_time/script
[0.954s] copying ros_time/script/ros_time.py -> /projects/github_repos/astro/ros2_rpi_ws/build/ros_time/build/lib/ros_time/script
[0.954s] copying ros_time/script/__init__.py -> /projects/github_repos/astro/ros2_rpi_ws/build/ros_time/build/lib/ros_time/script
[0.954s] running install
[0.954s] running install_lib
[0.954s] creating /projects/github_repos/astro/ros2_rpi_ws/install/ros_time/lib/python3.10/site-packages/ros_time
[0.954s] creating /projects/github_repos/astro/ros2_rpi_ws/install/ros_time/lib/python3.10/site-packages/ros_time/script
[0.954s] copying /projects/github_repos/astro/ros2_rpi_ws/build/ros_time/build/lib/ros_time/script/ros_time.py -> /projects/github_repos/astro/ros2_rpi_ws/install/ros_time/lib/python3.10/site-packages/ros_time/script
[0.954s] copying /projects/github_repos/astro/ros2_rpi_ws/build/ros_time/build/lib/ros_time/script/__init__.py -> /projects/github_repos/astro/ros2_rpi_ws/install/ros_time/lib/python3.10/site-packages/ros_time/script
[0.954s] copying /projects/github_repos/astro/ros2_rpi_ws/build/ros_time/build/lib/ros_time/__init__.py -> /projects/github_repos/astro/ros2_rpi_ws/install/ros_time/lib/python3.10/site-packages/ros_time
[0.954s] byte-compiling /projects/github_repos/astro/ros2_rpi_ws/install/ros_time/lib/python3.10/site-packages/ros_time/script/ros_time.py to ros_time.cpython-310.pyc
[0.955s] byte-compiling /projects/github_repos/astro/ros2_rpi_ws/install/ros_time/lib/python3.10/site-packages/ros_time/script/__init__.py to __init__.cpython-310.pyc
[0.955s] byte-compiling /projects/github_repos/astro/ros2_rpi_ws/install/ros_time/lib/python3.10/site-packages/ros_time/__init__.py to __init__.cpython-310.pyc
[0.955s] running install_data
[0.955s] creating /projects/github_repos/astro/ros2_rpi_ws/install/ros_time/share/ament_index
[0.955s] creating /projects/github_repos/astro/ros2_rpi_ws/install/ros_time/share/ament_index/resource_index
[0.955s] creating /projects/github_repos/astro/ros2_rpi_ws/install/ros_time/share/ament_index/resource_index/packages
[0.955s] copying resource/ros_time -> /projects/github_repos/astro/ros2_rpi_ws/install/ros_time/share/ament_index/resource_index/packages
[0.955s] copying package.xml -> /projects/github_repos/astro/ros2_rpi_ws/install/ros_time/share/ros_time
[0.955s] running install_egg_info
[0.956s] Copying ../../build/ros_time/ros_time.egg-info to /projects/github_repos/astro/ros2_rpi_ws/install/ros_time/lib/python3.10/site-packages/ros_time-2.1.5-py3.10.egg-info
[0.957s] running install_scripts
[0.969s] Installing ros_time script to /projects/github_repos/astro/ros2_rpi_ws/install/ros_time/lib/ros_time
[0.970s] writing list of installed files to '/projects/github_repos/astro/ros2_rpi_ws/build/ros_time/install.log'
[0.982s] Invoked command in '/projects/github_repos/astro/ros2_rpi_ws/src/ros_time_publisher' returned '0': PYTHONPATH=/projects/github_repos/astro/ros2_rpi_ws/build/ros_time/prefix_override:/usr/lib/python3/dist-packages/colcon_core/task/python/colcon_distutils_commands:/projects/github_repos/astro/ros2_rpi_ws/install/ros_time/lib/python3.10/site-packages:${PYTHONPATH} /usr/bin/python3 -W ignore:setup.py install is deprecated -W ignore:easy_install command is deprecated setup.py egg_info --egg-base ../../build/ros_time build --build-base /projects/github_repos/astro/ros2_rpi_ws/build/ros_time/build install --record /projects/github_repos/astro/ros2_rpi_ws/build/ros_time/install.log --single-version-externally-managed install_data
