[0.164s] Invoking command in '/projects/github_repos/astro/ros2_rpi_ws/build/astro_robot_description': CMAKE_PREFIX_PATH=${CMAKE_PREFIX_PATH}:/projects/github_repos/astro/ros2_rpi_ws/install/astro_time:/projects/github_repos/astro/ros2_rpi_ws/install/astro_teleop:/projects/ros/microros_ws/install/sensor_msgs_py:/opt/ros/humble /usr/bin/cmake /projects/github_repos/astro/ros2_rpi_ws/src/astro_robot_description -DCMAKE_INSTALL_PREFIX=/projects/github_repos/astro/ros2_rpi_ws/install/astro_robot_description
[0.330s] -- The C compiler identification is GNU 11.4.0
[0.331s] -- The CXX compiler identification is GNU 11.4.0
[0.331s] -- Detecting C compiler ABI info
[0.331s] -- Detecting C compiler ABI info - done
[0.331s] -- Check for working C compiler: /usr/bin/cc - skipped
[0.331s] -- Detecting C compile features
[0.332s] -- Detecting C compile features - done
[0.332s] -- Detecting CXX compiler ABI info
[0.363s] -- Detecting CXX compiler ABI info - done
[0.366s] -- Check for working CXX compiler: /usr/bin/c++ - skipped
[0.367s] -- Detecting CXX compile features
[0.367s] -- Detecting CXX compile features - done
[0.369s] -- Found ament_cmake: 1.3.11 (/opt/ros/humble/share/ament_cmake/cmake)
[0.490s] -- Found Python3: /usr/bin/python3 (found version "3.10.12") found components: Interpreter 
[0.567s] -- Found rclpy: 3.3.15 (/opt/ros/humble/share/rclpy/cmake)
[0.609s] -- Configuring done
[0.611s] -- Generating done
[0.613s] -- Build files have been written to: /projects/github_repos/astro/ros2_rpi_ws/build/astro_robot_description
[0.616s] Invoked command in '/projects/github_repos/astro/ros2_rpi_ws/build/astro_robot_description' returned '0': CMAKE_PREFIX_PATH=${CMAKE_PREFIX_PATH}:/projects/github_repos/astro/ros2_rpi_ws/install/astro_time:/projects/github_repos/astro/ros2_rpi_ws/install/astro_teleop:/projects/ros/microros_ws/install/sensor_msgs_py:/opt/ros/humble /usr/bin/cmake /projects/github_repos/astro/ros2_rpi_ws/src/astro_robot_description -DCMAKE_INSTALL_PREFIX=/projects/github_repos/astro/ros2_rpi_ws/install/astro_robot_description
[0.617s] Invoking command in '/projects/github_repos/astro/ros2_rpi_ws/build/astro_robot_description': CMAKE_PREFIX_PATH=${CMAKE_PREFIX_PATH}:/projects/github_repos/astro/ros2_rpi_ws/install/astro_time:/projects/github_repos/astro/ros2_rpi_ws/install/astro_teleop:/projects/ros/microros_ws/install/sensor_msgs_py:/opt/ros/humble /usr/bin/cmake --build /projects/github_repos/astro/ros2_rpi_ws/build/astro_robot_description -- -j24 -l24
[0.650s] Invoked command in '/projects/github_repos/astro/ros2_rpi_ws/build/astro_robot_description' returned '0': CMAKE_PREFIX_PATH=${CMAKE_PREFIX_PATH}:/projects/github_repos/astro/ros2_rpi_ws/install/astro_time:/projects/github_repos/astro/ros2_rpi_ws/install/astro_teleop:/projects/ros/microros_ws/install/sensor_msgs_py:/opt/ros/humble /usr/bin/cmake --build /projects/github_repos/astro/ros2_rpi_ws/build/astro_robot_description -- -j24 -l24
[0.651s] Invoking command in '/projects/github_repos/astro/ros2_rpi_ws/build/astro_robot_description': CMAKE_PREFIX_PATH=${CMAKE_PREFIX_PATH}:/projects/github_repos/astro/ros2_rpi_ws/install/astro_time:/projects/github_repos/astro/ros2_rpi_ws/install/astro_teleop:/projects/ros/microros_ws/install/sensor_msgs_py:/opt/ros/humble /usr/bin/cmake --install /projects/github_repos/astro/ros2_rpi_ws/build/astro_robot_description
[0.658s] -- Install configuration: ""
[0.658s] -- Installing: /projects/github_repos/astro/ros2_rpi_ws/install/astro_robot_description/share/astro_robot_description/launch
[0.659s] -- Installing: /projects/github_repos/astro/ros2_rpi_ws/install/astro_robot_description/share/astro_robot_description/launch/astro_robot_description.launch.py
[0.659s] -- Installing: /projects/github_repos/astro/ros2_rpi_ws/install/astro_robot_description/share/astro_robot_description/urdf
[0.659s] -- Installing: /projects/github_repos/astro/ros2_rpi_ws/install/astro_robot_description/share/astro_robot_description/urdf/pi_rover.xacro
[0.659s] -- Installing: /projects/github_repos/astro/ros2_rpi_ws/install/astro_robot_description/share/astro_robot_description/urdf/turtlebot3_waffle_pi.gazebo.xacro
[0.659s] -- Installing: /projects/github_repos/astro/ros2_rpi_ws/install/astro_robot_description/share/astro_robot_description/urdf/common_properties.xacro
[0.659s] -- Installing: /projects/github_repos/astro/ros2_rpi_ws/install/astro_robot_description/share/astro_robot_description/urdf/turtlebot3_waffle_pi.urdf.xacro
[0.659s] -- Installing: /projects/github_repos/astro/ros2_rpi_ws/install/astro_robot_description/share/astro_robot_description/urdf/turtlebot3_burger_pi.urdf.xacro
[0.659s] -- Installing: /projects/github_repos/astro/ros2_rpi_ws/install/astro_robot_description/share/astro_robot_description/urdf/turtlebot3_waffle.urdf.xacro
[0.659s] -- Installing: /projects/github_repos/astro/ros2_rpi_ws/install/astro_robot_description/share/astro_robot_description/urdf/turtlebot3_burger.gazebo.xacro
[0.659s] -- Installing: /projects/github_repos/astro/ros2_rpi_ws/install/astro_robot_description/share/astro_robot_description/meshes
[0.659s] -- Installing: /projects/github_repos/astro/ros2_rpi_ws/install/astro_robot_description/share/astro_robot_description/meshes/hokuyo.dae
[0.659s] -- Installing: /projects/github_repos/astro/ros2_rpi_ws/install/astro_robot_description/share/astro_robot_description/meshes/bases
[0.659s] -- Installing: /projects/github_repos/astro/ros2_rpi_ws/install/astro_robot_description/share/astro_robot_description/meshes/bases/burger_base.stl
[0.660s] -- Installing: /projects/github_repos/astro/ros2_rpi_ws/install/astro_robot_description/share/astro_robot_description/meshes/bases/waffle_pi_base.stl
[0.662s] -- Installing: /projects/github_repos/astro/ros2_rpi_ws/install/astro_robot_description/share/astro_robot_description/meshes/bases/waffle_base_for_open_manipulator.stl
[0.665s] -- Installing: /projects/github_repos/astro/ros2_rpi_ws/install/astro_robot_description/share/astro_robot_description/meshes/bases/waffle_base.stl
[0.668s] -- Installing: /projects/github_repos/astro/ros2_rpi_ws/install/astro_robot_description/share/astro_robot_description/meshes/bases/waffle_pi_base_for_open_manipulator.stl
[0.670s] -- Installing: /projects/github_repos/astro/ros2_rpi_ws/install/astro_robot_description/share/astro_robot_description/meshes/sensors
[0.670s] -- Installing: /projects/github_repos/astro/ros2_rpi_ws/install/astro_robot_description/share/astro_robot_description/meshes/sensors/r200.jpg
[0.670s] -- Installing: /projects/github_repos/astro/ros2_rpi_ws/install/astro_robot_description/share/astro_robot_description/meshes/sensors/r200.dae
[0.670s] -- Installing: /projects/github_repos/astro/ros2_rpi_ws/install/astro_robot_description/share/astro_robot_description/meshes/sensors/lds.stl
[0.671s] -- Installing: /projects/github_repos/astro/ros2_rpi_ws/install/astro_robot_description/share/astro_robot_description/meshes/sensors/astra.dae
[0.677s] -- Installing: /projects/github_repos/astro/ros2_rpi_ws/install/astro_robot_description/share/astro_robot_description/meshes/sensors/astra.jpg
[0.677s] -- Installing: /projects/github_repos/astro/ros2_rpi_ws/install/astro_robot_description/share/astro_robot_description/meshes/wheels
[0.677s] -- Installing: /projects/github_repos/astro/ros2_rpi_ws/install/astro_robot_description/share/astro_robot_description/meshes/wheels/right_tire.stl
[0.677s] -- Installing: /projects/github_repos/astro/ros2_rpi_ws/install/astro_robot_description/share/astro_robot_description/meshes/wheels/left_tire.stl
[0.678s] -- Installing: /projects/github_repos/astro/ros2_rpi_ws/install/astro_robot_description/share/astro_robot_description/meshes/d435.dae
[0.689s] -- Installing: /projects/github_repos/astro/ros2_rpi_ws/install/astro_robot_description/share/astro_robot_description/meshes/rplidar.dae
[0.689s] -- Installing: /projects/github_repos/astro/ros2_rpi_ws/install/astro_robot_description/share/ament_index/resource_index/package_run_dependencies/astro_robot_description
[0.689s] -- Installing: /projects/github_repos/astro/ros2_rpi_ws/install/astro_robot_description/share/ament_index/resource_index/parent_prefix_path/astro_robot_description
[0.689s] -- Installing: /projects/github_repos/astro/ros2_rpi_ws/install/astro_robot_description/share/astro_robot_description/environment/ament_prefix_path.sh
[0.689s] -- Installing: /projects/github_repos/astro/ros2_rpi_ws/install/astro_robot_description/share/astro_robot_description/environment/ament_prefix_path.dsv
[0.689s] -- Installing: /projects/github_repos/astro/ros2_rpi_ws/install/astro_robot_description/share/astro_robot_description/environment/path.sh
[0.689s] -- Installing: /projects/github_repos/astro/ros2_rpi_ws/install/astro_robot_description/share/astro_robot_description/environment/path.dsv
[0.689s] -- Installing: /projects/github_repos/astro/ros2_rpi_ws/install/astro_robot_description/share/astro_robot_description/local_setup.bash
[0.689s] -- Installing: /projects/github_repos/astro/ros2_rpi_ws/install/astro_robot_description/share/astro_robot_description/local_setup.sh
[0.689s] -- Installing: /projects/github_repos/astro/ros2_rpi_ws/install/astro_robot_description/share/astro_robot_description/local_setup.zsh
[0.689s] -- Installing: /projects/github_repos/astro/ros2_rpi_ws/install/astro_robot_description/share/astro_robot_description/local_setup.dsv
[0.690s] -- Installing: /projects/github_repos/astro/ros2_rpi_ws/install/astro_robot_description/share/astro_robot_description/package.dsv
[0.690s] -- Installing: /projects/github_repos/astro/ros2_rpi_ws/install/astro_robot_description/share/ament_index/resource_index/packages/astro_robot_description
[0.690s] -- Installing: /projects/github_repos/astro/ros2_rpi_ws/install/astro_robot_description/share/astro_robot_description/cmake/astro_robot_descriptionConfig.cmake
[0.690s] -- Installing: /projects/github_repos/astro/ros2_rpi_ws/install/astro_robot_description/share/astro_robot_description/cmake/astro_robot_descriptionConfig-version.cmake
[0.690s] -- Installing: /projects/github_repos/astro/ros2_rpi_ws/install/astro_robot_description/share/astro_robot_description/package.xml
