[0.022s] Invoking command in '/projects/github_repos/astro/ros2_rpi_ws/build/astro_cartographer': CMAKE_PREFIX_PATH=${CMAKE_PREFIX_PATH}:/projects/github_repos/astro/ros2_rpi_ws/install/astro_time:/projects/github_repos/astro/ros2_rpi_ws/install/astro_teleop:/projects/ros/microros_ws/install/sensor_msgs_py:/opt/ros/humble /usr/bin/cmake /projects/github_repos/astro/ros2_rpi_ws/src/astro_cartographer -DCMAKE_INSTALL_PREFIX=/projects/github_repos/astro/ros2_rpi_ws/install/astro_cartographer
[0.336s] -- The C compiler identification is GNU 11.4.0
[0.336s] -- The CXX compiler identification is GNU 11.4.0
[0.337s] -- Detecting C compiler ABI info
[0.337s] -- Detecting C compiler ABI info - done
[0.337s] -- Check for working C compiler: /usr/bin/cc - skipped
[0.338s] -- Detecting C compile features
[0.338s] -- Detecting C compile features - done
[0.338s] -- Detecting CXX compiler ABI info
[0.338s] -- Detecting CXX compiler ABI info - done
[0.338s] -- Check for working CXX compiler: /usr/bin/c++ - skipped
[0.338s] -- Detecting CXX compile features
[0.338s] -- Detecting CXX compile features - done
[0.339s] -- Found ament_cmake: 1.3.11 (/opt/ros/humble/share/ament_cmake/cmake)
[0.347s] -- Found Python3: /usr/bin/python3 (found version "3.10.12") found components: Interpreter 
[0.465s] -- Configuring done
[0.466s] -- Generating done
[0.467s] -- Build files have been written to: /projects/github_repos/astro/ros2_rpi_ws/build/astro_cartographer
[0.470s] Invoked command in '/projects/github_repos/astro/ros2_rpi_ws/build/astro_cartographer' returned '0': CMAKE_PREFIX_PATH=${CMAKE_PREFIX_PATH}:/projects/github_repos/astro/ros2_rpi_ws/install/astro_time:/projects/github_repos/astro/ros2_rpi_ws/install/astro_teleop:/projects/ros/microros_ws/install/sensor_msgs_py:/opt/ros/humble /usr/bin/cmake /projects/github_repos/astro/ros2_rpi_ws/src/astro_cartographer -DCMAKE_INSTALL_PREFIX=/projects/github_repos/astro/ros2_rpi_ws/install/astro_cartographer
[0.471s] Invoking command in '/projects/github_repos/astro/ros2_rpi_ws/build/astro_cartographer': CMAKE_PREFIX_PATH=${CMAKE_PREFIX_PATH}:/projects/github_repos/astro/ros2_rpi_ws/install/astro_time:/projects/github_repos/astro/ros2_rpi_ws/install/astro_teleop:/projects/ros/microros_ws/install/sensor_msgs_py:/opt/ros/humble /usr/bin/cmake --build /projects/github_repos/astro/ros2_rpi_ws/build/astro_cartographer -- -j24 -l24
[0.505s] Invoked command in '/projects/github_repos/astro/ros2_rpi_ws/build/astro_cartographer' returned '0': CMAKE_PREFIX_PATH=${CMAKE_PREFIX_PATH}:/projects/github_repos/astro/ros2_rpi_ws/install/astro_time:/projects/github_repos/astro/ros2_rpi_ws/install/astro_teleop:/projects/ros/microros_ws/install/sensor_msgs_py:/opt/ros/humble /usr/bin/cmake --build /projects/github_repos/astro/ros2_rpi_ws/build/astro_cartographer -- -j24 -l24
[0.514s] Invoking command in '/projects/github_repos/astro/ros2_rpi_ws/build/astro_cartographer': CMAKE_PREFIX_PATH=${CMAKE_PREFIX_PATH}:/projects/github_repos/astro/ros2_rpi_ws/install/astro_time:/projects/github_repos/astro/ros2_rpi_ws/install/astro_teleop:/projects/ros/microros_ws/install/sensor_msgs_py:/opt/ros/humble /usr/bin/cmake --install /projects/github_repos/astro/ros2_rpi_ws/build/astro_cartographer
[0.520s] -- Install configuration: ""
[0.520s] -- Installing: /projects/github_repos/astro/ros2_rpi_ws/install/astro_cartographer/share/astro_cartographer/config
[0.521s] -- Installing: /projects/github_repos/astro/ros2_rpi_ws/install/astro_cartographer/share/astro_cartographer/config/astro_lds_2d.lua
[0.521s] -- Installing: /projects/github_repos/astro/ros2_rpi_ws/install/astro_cartographer/share/astro_cartographer/launch
[0.521s] -- Installing: /projects/github_repos/astro/ros2_rpi_ws/install/astro_cartographer/share/astro_cartographer/launch/occupancy_grid.launch.py
[0.521s] -- Installing: /projects/github_repos/astro/ros2_rpi_ws/install/astro_cartographer/share/astro_cartographer/launch/cartographer.launch.py
[0.521s] -- Installing: /projects/github_repos/astro/ros2_rpi_ws/install/astro_cartographer/share/astro_cartographer/rviz
[0.521s] -- Installing: /projects/github_repos/astro/ros2_rpi_ws/install/astro_cartographer/share/astro_cartographer/rviz/astro_cartographer.rviz
[0.521s] -- Installing: /projects/github_repos/astro/ros2_rpi_ws/install/astro_cartographer/share/ament_index/resource_index/package_run_dependencies/astro_cartographer
[0.521s] -- Installing: /projects/github_repos/astro/ros2_rpi_ws/install/astro_cartographer/share/ament_index/resource_index/parent_prefix_path/astro_cartographer
[0.521s] -- Installing: /projects/github_repos/astro/ros2_rpi_ws/install/astro_cartographer/share/astro_cartographer/environment/ament_prefix_path.sh
[0.521s] -- Installing: /projects/github_repos/astro/ros2_rpi_ws/install/astro_cartographer/share/astro_cartographer/environment/ament_prefix_path.dsv
[0.521s] -- Installing: /projects/github_repos/astro/ros2_rpi_ws/install/astro_cartographer/share/astro_cartographer/environment/path.sh
[0.521s] -- Installing: /projects/github_repos/astro/ros2_rpi_ws/install/astro_cartographer/share/astro_cartographer/environment/path.dsv
[0.521s] -- Installing: /projects/github_repos/astro/ros2_rpi_ws/install/astro_cartographer/share/astro_cartographer/local_setup.bash
[0.522s] -- Installing: /projects/github_repos/astro/ros2_rpi_ws/install/astro_cartographer/share/astro_cartographer/local_setup.sh
[0.522s] -- Installing: /projects/github_repos/astro/ros2_rpi_ws/install/astro_cartographer/share/astro_cartographer/local_setup.zsh
[0.522s] -- Installing: /projects/github_repos/astro/ros2_rpi_ws/install/astro_cartographer/share/astro_cartographer/local_setup.dsv
[0.522s] -- Installing: /projects/github_repos/astro/ros2_rpi_ws/install/astro_cartographer/share/astro_cartographer/package.dsv
[0.522s] -- Installing: /projects/github_repos/astro/ros2_rpi_ws/install/astro_cartographer/share/ament_index/resource_index/packages/astro_cartographer
[0.522s] -- Installing: /projects/github_repos/astro/ros2_rpi_ws/install/astro_cartographer/share/astro_cartographer/cmake/astro_cartographerConfig.cmake
[0.522s] -- Installing: /projects/github_repos/astro/ros2_rpi_ws/install/astro_cartographer/share/astro_cartographer/cmake/astro_cartographerConfig-version.cmake
[0.522s] -- Installing: /projects/github_repos/astro/ros2_rpi_ws/install/astro_cartographer/share/astro_cartographer/package.xml
[0.523s] Invoked command in '/projects/github_repos/astro/ros2_rpi_ws/build/astro_cartographer' returned '0': CMAKE_PREFIX_PATH=${CMAKE_PREFIX_PATH}:/projects/github_repos/astro/ros2_rpi_ws/install/astro_time:/projects/github_repos/astro/ros2_rpi_ws/install/astro_teleop:/projects/ros/microros_ws/install/sensor_msgs_py:/opt/ros/humble /usr/bin/cmake --install /projects/github_repos/astro/ros2_rpi_ws/build/astro_cartographer
