[0.168s] Invoking command in '/projects/github_repos/astro/ros2_rpi_ws/build/astro_robot_description': CMAKE_PREFIX_PATH=${CMAKE_PREFIX_PATH}:/projects/ros/microros_ws/install/sensor_msgs_py:/opt/ros/humble /usr/bin/cmake --build /projects/github_repos/astro/ros2_rpi_ws/build/astro_robot_description -- -j24 -l24
[0.467s] Invoked command in '/projects/github_repos/astro/ros2_rpi_ws/build/astro_robot_description' returned '0': CMAKE_PREFIX_PATH=${CMAKE_PREFIX_PATH}:/projects/ros/microros_ws/install/sensor_msgs_py:/opt/ros/humble /usr/bin/cmake --build /projects/github_repos/astro/ros2_rpi_ws/build/astro_robot_description -- -j24 -l24
[0.468s] Invoking command in '/projects/github_repos/astro/ros2_rpi_ws/build/astro_robot_description': CMAKE_PREFIX_PATH=${CMAKE_PREFIX_PATH}:/projects/ros/microros_ws/install/sensor_msgs_py:/opt/ros/humble /usr/bin/cmake --install /projects/github_repos/astro/ros2_rpi_ws/build/astro_robot_description
[0.479s] -- Install configuration: ""
[0.481s] -- Up-to-date: /projects/github_repos/astro/ros2_rpi_ws/install/astro_robot_description/share/astro_robot_description/launch
[0.481s] -- Up-to-date: /projects/github_repos/astro/ros2_rpi_ws/install/astro_robot_description/share/astro_robot_description/launch/astro_robot_description.launch.py
[0.481s] -- Up-to-date: /projects/github_repos/astro/ros2_rpi_ws/install/astro_robot_description/share/astro_robot_description/urdf
[0.481s] -- Up-to-date: /projects/github_repos/astro/ros2_rpi_ws/install/astro_robot_description/share/astro_robot_description/urdf/pi_rover.xacro
[0.482s] -- Up-to-date: /projects/github_repos/astro/ros2_rpi_ws/install/astro_robot_description/share/astro_robot_description/urdf/turtlebot3_waffle_pi.gazebo.xacro
[0.482s] -- Up-to-date: /projects/github_repos/astro/ros2_rpi_ws/install/astro_robot_description/share/astro_robot_description/urdf/common_properties.xacro
[0.483s] -- Up-to-date: /projects/github_repos/astro/ros2_rpi_ws/install/astro_robot_description/share/astro_robot_description/urdf/turtlebot3_waffle_pi.urdf.xacro
[0.483s] -- Up-to-date: /projects/github_repos/astro/ros2_rpi_ws/install/astro_robot_description/share/astro_robot_description/urdf/turtlebot3_burger_pi.urdf.xacro
[0.483s] -- Up-to-date: /projects/github_repos/astro/ros2_rpi_ws/install/astro_robot_description/share/astro_robot_description/urdf/turtlebot3_waffle.urdf.xacro
[0.484s] -- Up-to-date: /projects/github_repos/astro/ros2_rpi_ws/install/astro_robot_description/share/astro_robot_description/urdf/turtlebot3_burger.gazebo.xacro
[0.484s] -- Up-to-date: /projects/github_repos/astro/ros2_rpi_ws/install/astro_robot_description/share/astro_robot_description/meshes
[0.484s] -- Up-to-date: /projects/github_repos/astro/ros2_rpi_ws/install/astro_robot_description/share/astro_robot_description/meshes/hokuyo.dae
[0.484s] -- Up-to-date: /projects/github_repos/astro/ros2_rpi_ws/install/astro_robot_description/share/astro_robot_description/meshes/bases
[0.485s] -- Up-to-date: /projects/github_repos/astro/ros2_rpi_ws/install/astro_robot_description/share/astro_robot_description/meshes/bases/burger_base.stl
[0.485s] -- Up-to-date: /projects/github_repos/astro/ros2_rpi_ws/install/astro_robot_description/share/astro_robot_description/meshes/bases/waffle_pi_base.stl
[0.485s] -- Up-to-date: /projects/github_repos/astro/ros2_rpi_ws/install/astro_robot_description/share/astro_robot_description/meshes/bases/waffle_base_for_open_manipulator.stl
[0.486s] -- Up-to-date: /projects/github_repos/astro/ros2_rpi_ws/install/astro_robot_description/share/astro_robot_description/meshes/bases/waffle_base.stl
[0.486s] -- Up-to-date: /projects/github_repos/astro/ros2_rpi_ws/install/astro_robot_description/share/astro_robot_description/meshes/bases/waffle_pi_base_for_open_manipulator.stl
[0.487s] -- Up-to-date: /projects/github_repos/astro/ros2_rpi_ws/install/astro_robot_description/share/astro_robot_description/meshes/sensors
[0.487s] -- Up-to-date: /projects/github_repos/astro/ros2_rpi_ws/install/astro_robot_description/share/astro_robot_description/meshes/sensors/r200.jpg
[0.487s] -- Up-to-date: /projects/github_repos/astro/ros2_rpi_ws/install/astro_robot_description/share/astro_robot_description/meshes/sensors/r200.dae
[0.487s] -- Up-to-date: /projects/github_repos/astro/ros2_rpi_ws/install/astro_robot_description/share/astro_robot_description/meshes/sensors/lds.stl
[0.487s] -- Up-to-date: /projects/github_repos/astro/ros2_rpi_ws/install/astro_robot_description/share/astro_robot_description/meshes/sensors/astra.dae
[0.488s] -- Up-to-date: /projects/github_repos/astro/ros2_rpi_ws/install/astro_robot_description/share/astro_robot_description/meshes/sensors/astra.jpg
[0.488s] -- Up-to-date: /projects/github_repos/astro/ros2_rpi_ws/install/astro_robot_description/share/astro_robot_description/meshes/wheels
[0.488s] -- Up-to-date: /projects/github_repos/astro/ros2_rpi_ws/install/astro_robot_description/share/astro_robot_description/meshes/wheels/right_tire.stl
[0.488s] -- Up-to-date: /projects/github_repos/astro/ros2_rpi_ws/install/astro_robot_description/share/astro_robot_description/meshes/wheels/left_tire.stl
[0.488s] -- Up-to-date: /projects/github_repos/astro/ros2_rpi_ws/install/astro_robot_description/share/astro_robot_description/meshes/d435.dae
[0.488s] -- Up-to-date: /projects/github_repos/astro/ros2_rpi_ws/install/astro_robot_description/share/astro_robot_description/meshes/rplidar.dae
[0.488s] -- Up-to-date: /projects/github_repos/astro/ros2_rpi_ws/install/astro_robot_description/share/ament_index/resource_index/package_run_dependencies/astro_robot_description
[0.488s] -- Up-to-date: /projects/github_repos/astro/ros2_rpi_ws/install/astro_robot_description/share/ament_index/resource_index/parent_prefix_path/astro_robot_description
[0.488s] -- Up-to-date: /projects/github_repos/astro/ros2_rpi_ws/install/astro_robot_description/share/astro_robot_description/environment/ament_prefix_path.sh
[0.488s] -- Up-to-date: /projects/github_repos/astro/ros2_rpi_ws/install/astro_robot_description/share/astro_robot_description/environment/ament_prefix_path.dsv
[0.488s] -- Up-to-date: /projects/github_repos/astro/ros2_rpi_ws/install/astro_robot_description/share/astro_robot_description/environment/path.sh
[0.488s] -- Up-to-date: /projects/github_repos/astro/ros2_rpi_ws/install/astro_robot_description/share/astro_robot_description/environment/path.dsv
[0.488s] -- Up-to-date: /projects/github_repos/astro/ros2_rpi_ws/install/astro_robot_description/share/astro_robot_description/local_setup.bash
[0.488s] -- Up-to-date: /projects/github_repos/astro/ros2_rpi_ws/install/astro_robot_description/share/astro_robot_description/local_setup.sh
[0.488s] -- Up-to-date: /projects/github_repos/astro/ros2_rpi_ws/install/astro_robot_description/share/astro_robot_description/local_setup.zsh
[0.488s] -- Up-to-date: /projects/github_repos/astro/ros2_rpi_ws/install/astro_robot_description/share/astro_robot_description/local_setup.dsv
[0.488s] -- Installing: /projects/github_repos/astro/ros2_rpi_ws/install/astro_robot_description/share/astro_robot_description/package.dsv
[0.489s] -- Up-to-date: /projects/github_repos/astro/ros2_rpi_ws/install/astro_robot_description/share/ament_index/resource_index/packages/astro_robot_description
[0.489s] -- Up-to-date: /projects/github_repos/astro/ros2_rpi_ws/install/astro_robot_description/share/astro_robot_description/cmake/astro_robot_descriptionConfig.cmake
[0.489s] -- Up-to-date: /projects/github_repos/astro/ros2_rpi_ws/install/astro_robot_description/share/astro_robot_description/cmake/astro_robot_descriptionConfig-version.cmake
[0.489s] -- Up-to-date: /projects/github_repos/astro/ros2_rpi_ws/install/astro_robot_description/share/astro_robot_description/package.xml
[0.498s] Invoked command in '/projects/github_repos/astro/ros2_rpi_ws/build/astro_robot_description' returned '0': CMAKE_PREFIX_PATH=${CMAKE_PREFIX_PATH}:/projects/ros/microros_ws/install/sensor_msgs_py:/opt/ros/humble /usr/bin/cmake --install /projects/github_repos/astro/ros2_rpi_ws/build/astro_robot_description
