[0.673s] Invoking command in '/projects/github_repos/astro/ros2_rpi_ws/src/astro_sensor_publisher': PYTHONPATH=/projects/github_repos/astro/ros2_rpi_ws/build/astro_sensor/prefix_override:/usr/lib/python3/dist-packages/colcon_core/task/python/colcon_distutils_commands:/projects/github_repos/astro/ros2_rpi_ws/install/astro_sensor/lib/python3.10/site-packages:${PYTHONPATH} /usr/bin/python3 -W ignore:setup.py install is deprecated -W ignore:easy_install command is deprecated setup.py egg_info --egg-base ../../build/astro_sensor build --build-base /projects/github_repos/astro/ros2_rpi_ws/build/astro_sensor/build install --record /projects/github_repos/astro/ros2_rpi_ws/build/astro_sensor/install.log --single-version-externally-managed install_data
[0.800s] running egg_info
[0.800s] creating ../../build/astro_sensor/astro_sensor.egg-info
[0.800s] writing ../../build/astro_sensor/astro_sensor.egg-info/PKG-INFO
[0.801s] writing dependency_links to ../../build/astro_sensor/astro_sensor.egg-info/dependency_links.txt
[0.801s] writing entry points to ../../build/astro_sensor/astro_sensor.egg-info/entry_points.txt
[0.801s] writing requirements to ../../build/astro_sensor/astro_sensor.egg-info/requires.txt
[0.801s] writing top-level names to ../../build/astro_sensor/astro_sensor.egg-info/top_level.txt
[0.801s] writing manifest file '../../build/astro_sensor/astro_sensor.egg-info/SOURCES.txt'
[0.801s] reading manifest file '../../build/astro_sensor/astro_sensor.egg-info/SOURCES.txt'
[0.801s] writing manifest file '../../build/astro_sensor/astro_sensor.egg-info/SOURCES.txt'
[0.801s] running build
[0.801s] running build_py
[0.801s] creating /projects/github_repos/astro/ros2_rpi_ws/build/astro_sensor/build
[0.801s] creating /projects/github_repos/astro/ros2_rpi_ws/build/astro_sensor/build/lib
[0.801s] creating /projects/github_repos/astro/ros2_rpi_ws/build/astro_sensor/build/lib/astro_sensor
[0.801s] copying astro_sensor/__init__.py -> /projects/github_repos/astro/ros2_rpi_ws/build/astro_sensor/build/lib/astro_sensor
[0.802s] creating /projects/github_repos/astro/ros2_rpi_ws/build/astro_sensor/build/lib/astro_sensor/script
[0.802s] copying astro_sensor/script/astro_sensor.py -> /projects/github_repos/astro/ros2_rpi_ws/build/astro_sensor/build/lib/astro_sensor/script
[0.802s] copying astro_sensor/script/__init__.py -> /projects/github_repos/astro/ros2_rpi_ws/build/astro_sensor/build/lib/astro_sensor/script
[0.802s] running install
[0.802s] running install_lib
[0.802s] creating /projects/github_repos/astro/ros2_rpi_ws/install/astro_sensor/lib/python3.10/site-packages/astro_sensor
[0.802s] creating /projects/github_repos/astro/ros2_rpi_ws/install/astro_sensor/lib/python3.10/site-packages/astro_sensor/script
[0.802s] copying /projects/github_repos/astro/ros2_rpi_ws/build/astro_sensor/build/lib/astro_sensor/script/astro_sensor.py -> /projects/github_repos/astro/ros2_rpi_ws/install/astro_sensor/lib/python3.10/site-packages/astro_sensor/script
[0.802s] copying /projects/github_repos/astro/ros2_rpi_ws/build/astro_sensor/build/lib/astro_sensor/script/__init__.py -> /projects/github_repos/astro/ros2_rpi_ws/install/astro_sensor/lib/python3.10/site-packages/astro_sensor/script
[0.802s] copying /projects/github_repos/astro/ros2_rpi_ws/build/astro_sensor/build/lib/astro_sensor/__init__.py -> /projects/github_repos/astro/ros2_rpi_ws/install/astro_sensor/lib/python3.10/site-packages/astro_sensor
[0.803s] byte-compiling /projects/github_repos/astro/ros2_rpi_ws/install/astro_sensor/lib/python3.10/site-packages/astro_sensor/script/astro_sensor.py to astro_sensor.cpython-310.pyc
[0.803s] byte-compiling /projects/github_repos/astro/ros2_rpi_ws/install/astro_sensor/lib/python3.10/site-packages/astro_sensor/script/__init__.py to __init__.cpython-310.pyc
[0.803s] byte-compiling /projects/github_repos/astro/ros2_rpi_ws/install/astro_sensor/lib/python3.10/site-packages/astro_sensor/__init__.py to __init__.cpython-310.pyc
[0.803s] running install_data
[0.803s] creating /projects/github_repos/astro/ros2_rpi_ws/install/astro_sensor/share/ament_index
[0.803s] creating /projects/github_repos/astro/ros2_rpi_ws/install/astro_sensor/share/ament_index/resource_index
[0.803s] creating /projects/github_repos/astro/ros2_rpi_ws/install/astro_sensor/share/ament_index/resource_index/packages
[0.803s] copying resource/astro_sensor -> /projects/github_repos/astro/ros2_rpi_ws/install/astro_sensor/share/ament_index/resource_index/packages
[0.803s] copying package.xml -> /projects/github_repos/astro/ros2_rpi_ws/install/astro_sensor/share/astro_sensor
[0.803s] running install_egg_info
[0.804s] Copying ../../build/astro_sensor/astro_sensor.egg-info to /projects/github_repos/astro/ros2_rpi_ws/install/astro_sensor/lib/python3.10/site-packages/astro_sensor-2.1.5-py3.10.egg-info
[0.805s] running install_scripts
[0.816s] Installing astro_sensor script to /projects/github_repos/astro/ros2_rpi_ws/install/astro_sensor/lib/astro_sensor
[0.817s] writing list of installed files to '/projects/github_repos/astro/ros2_rpi_ws/build/astro_sensor/install.log'
[0.830s] Invoked command in '/projects/github_repos/astro/ros2_rpi_ws/src/astro_sensor_publisher' returned '0': PYTHONPATH=/projects/github_repos/astro/ros2_rpi_ws/build/astro_sensor/prefix_override:/usr/lib/python3/dist-packages/colcon_core/task/python/colcon_distutils_commands:/projects/github_repos/astro/ros2_rpi_ws/install/astro_sensor/lib/python3.10/site-packages:${PYTHONPATH} /usr/bin/python3 -W ignore:setup.py install is deprecated -W ignore:easy_install command is deprecated setup.py egg_info --egg-base ../../build/astro_sensor build --build-base /projects/github_repos/astro/ros2_rpi_ws/build/astro_sensor/build install --record /projects/github_repos/astro/ros2_rpi_ws/build/astro_sensor/install.log --single-version-externally-managed install_data
