[0.825s] Invoking command in '/projects/github_repos/astro/ros2_ws/src/astro_sensor_publisher': PYTHONPATH=/projects/github_repos/astro/ros2_ws/build/astro_sensor/prefix_override:/usr/lib/python3/dist-packages/colcon_core/task/python/colcon_distutils_commands:/projects/github_repos/astro/ros2_ws/install/astro_sensor/lib/python3.10/site-packages:${PYTHONPATH} /usr/bin/python3 -W ignore:setup.py install is deprecated -W ignore:easy_install command is deprecated setup.py egg_info --egg-base ../../build/astro_sensor build --build-base /projects/github_repos/astro/ros2_ws/build/astro_sensor/build install --record /projects/github_repos/astro/ros2_ws/build/astro_sensor/install.log --single-version-externally-managed install_data
[0.959s] running egg_info
[0.960s] creating ../../build/astro_sensor/astro_sensor.egg-info
[0.960s] writing ../../build/astro_sensor/astro_sensor.egg-info/PKG-INFO
[0.960s] writing dependency_links to ../../build/astro_sensor/astro_sensor.egg-info/dependency_links.txt
[0.960s] writing entry points to ../../build/astro_sensor/astro_sensor.egg-info/entry_points.txt
[0.960s] writing requirements to ../../build/astro_sensor/astro_sensor.egg-info/requires.txt
[0.960s] writing top-level names to ../../build/astro_sensor/astro_sensor.egg-info/top_level.txt
[0.960s] writing manifest file '../../build/astro_sensor/astro_sensor.egg-info/SOURCES.txt'
[0.961s] reading manifest file '../../build/astro_sensor/astro_sensor.egg-info/SOURCES.txt'
[0.962s] writing manifest file '../../build/astro_sensor/astro_sensor.egg-info/SOURCES.txt'
[0.962s] running build
[0.962s] running build_py
[0.962s] creating /projects/github_repos/astro/ros2_ws/build/astro_sensor/build
[0.962s] creating /projects/github_repos/astro/ros2_ws/build/astro_sensor/build/lib
[0.962s] creating /projects/github_repos/astro/ros2_ws/build/astro_sensor/build/lib/astro_sensor
[0.962s] copying astro_sensor/__init__.py -> /projects/github_repos/astro/ros2_ws/build/astro_sensor/build/lib/astro_sensor
[0.962s] creating /projects/github_repos/astro/ros2_ws/build/astro_sensor/build/lib/astro_sensor/script
[0.962s] copying astro_sensor/script/astro_sensor.py -> /projects/github_repos/astro/ros2_ws/build/astro_sensor/build/lib/astro_sensor/script
[0.962s] copying astro_sensor/script/__init__.py -> /projects/github_repos/astro/ros2_ws/build/astro_sensor/build/lib/astro_sensor/script
[0.963s] running install
[0.963s] running install_lib
[0.964s] running install_data
[0.964s] running install_egg_info
[0.965s] removing '/projects/github_repos/astro/ros2_ws/install/astro_sensor/lib/python3.10/site-packages/astro_sensor-2.1.5-py3.10.egg-info' (and everything under it)
[0.965s] Copying ../../build/astro_sensor/astro_sensor.egg-info to /projects/github_repos/astro/ros2_ws/install/astro_sensor/lib/python3.10/site-packages/astro_sensor-2.1.5-py3.10.egg-info
[0.965s] running install_scripts
[0.976s] Installing astro_sensor script to /projects/github_repos/astro/ros2_ws/install/astro_sensor/lib/astro_sensor
[0.976s] writing list of installed files to '/projects/github_repos/astro/ros2_ws/build/astro_sensor/install.log'
[0.995s] Invoked command in '/projects/github_repos/astro/ros2_ws/src/astro_sensor_publisher' returned '0': PYTHONPATH=/projects/github_repos/astro/ros2_ws/build/astro_sensor/prefix_override:/usr/lib/python3/dist-packages/colcon_core/task/python/colcon_distutils_commands:/projects/github_repos/astro/ros2_ws/install/astro_sensor/lib/python3.10/site-packages:${PYTHONPATH} /usr/bin/python3 -W ignore:setup.py install is deprecated -W ignore:easy_install command is deprecated setup.py egg_info --egg-base ../../build/astro_sensor build --build-base /projects/github_repos/astro/ros2_ws/build/astro_sensor/build install --record /projects/github_repos/astro/ros2_ws/build/astro_sensor/install.log --single-version-externally-managed install_data
