[0.811s] Invoking command in '/projects/github_repos/astro/ros2_rpi_ws/src/ros_time_publisher': PYTHONPATH=/projects/github_repos/astro/ros2_rpi_ws/build/ros_time/prefix_override:/usr/lib/python3/dist-packages/colcon_core/task/python/colcon_distutils_commands:/projects/github_repos/astro/ros2_rpi_ws/install/ros_time/lib/python3.10/site-packages:${PYTHONPATH} /usr/bin/python3 -W ignore:setup.py install is deprecated -W ignore:easy_install command is deprecated setup.py egg_info --egg-base ../../build/ros_time build --build-base /projects/github_repos/astro/ros2_rpi_ws/build/ros_time/build install --record /projects/github_repos/astro/ros2_rpi_ws/build/ros_time/install.log --single-version-externally-managed install_data
[0.943s] running egg_info
[0.943s] writing ../../build/ros_time/ros_time.egg-info/PKG-INFO
[0.943s] writing dependency_links to ../../build/ros_time/ros_time.egg-info/dependency_links.txt
[0.943s] writing entry points to ../../build/ros_time/ros_time.egg-info/entry_points.txt
[0.943s] writing requirements to ../../build/ros_time/ros_time.egg-info/requires.txt
[0.943s] writing top-level names to ../../build/ros_time/ros_time.egg-info/top_level.txt
[0.944s] reading manifest file '../../build/ros_time/ros_time.egg-info/SOURCES.txt'
[0.944s] writing manifest file '../../build/ros_time/ros_time.egg-info/SOURCES.txt'
[0.945s] running build
[0.945s] running build_py
[0.945s] running install
[0.945s] running install_lib
[0.946s] running install_data
[0.946s] running install_egg_info
[0.947s] removing '/projects/github_repos/astro/ros2_rpi_ws/install/ros_time/lib/python3.10/site-packages/ros_time-2.1.5-py3.10.egg-info' (and everything under it)
[0.947s] Copying ../../build/ros_time/ros_time.egg-info to /projects/github_repos/astro/ros2_rpi_ws/install/ros_time/lib/python3.10/site-packages/ros_time-2.1.5-py3.10.egg-info
[0.947s] running install_scripts
[0.959s] Installing ros_time script to /projects/github_repos/astro/ros2_rpi_ws/install/ros_time/lib/ros_time
[0.959s] writing list of installed files to '/projects/github_repos/astro/ros2_rpi_ws/build/ros_time/install.log'
[0.975s] Invoked command in '/projects/github_repos/astro/ros2_rpi_ws/src/ros_time_publisher' returned '0': PYTHONPATH=/projects/github_repos/astro/ros2_rpi_ws/build/ros_time/prefix_override:/usr/lib/python3/dist-packages/colcon_core/task/python/colcon_distutils_commands:/projects/github_repos/astro/ros2_rpi_ws/install/ros_time/lib/python3.10/site-packages:${PYTHONPATH} /usr/bin/python3 -W ignore:setup.py install is deprecated -W ignore:easy_install command is deprecated setup.py egg_info --egg-base ../../build/ros_time build --build-base /projects/github_repos/astro/ros2_rpi_ws/build/ros_time/build install --record /projects/github_repos/astro/ros2_rpi_ws/build/ros_time/install.log --single-version-externally-managed install_data
