[0.112s] DEBUG:colcon:Command line arguments: ['/usr/bin/colcon', 'build']
[0.112s] DEBUG:colcon:Parsed command line arguments: Namespace(log_base=None, log_level=None, verb_name='build', build_base='build', install_base='install', merge_install=False, symlink_install=False, test_result_base=None, continue_on_error=False, executor='parallel', parallel_workers=24, event_handlers=None, ignore_user_meta=False, metas=['./colcon.meta'], base_paths=['.'], packages_ignore=None, packages_ignore_regex=None, paths=None, packages_up_to=None, packages_up_to_regex=None, packages_above=None, packages_above_and_dependencies=None, packages_above_depth=None, packages_select_by_dep=None, packages_skip_by_dep=None, packages_skip_up_to=None, packages_select_build_failed=False, packages_skip_build_finished=False, packages_select_test_failures=False, packages_skip_test_passed=False, packages_select=None, packages_skip=None, packages_select_regex=None, packages_skip_regex=None, packages_start=None, packages_end=None, allow_overriding=[], cmake_args=None, cmake_target=None, cmake_target_skip_unavailable=False, cmake_clean_cache=False, cmake_clean_first=False, cmake_force_configure=False, ament_cmake_args=None, catkin_cmake_args=None, catkin_skip_building_tests=False, mixin_files=None, mixin=None, verb_parser=<colcon_mixin.mixin.mixin_argument.MixinArgumentDecorator object at 0x70268dc68ee0>, verb_extension=<colcon_core.verb.build.BuildVerb object at 0x70268dd6e800>, main=<bound method BuildVerb.main of <colcon_core.verb.build.BuildVerb object at 0x70268dd6e800>>, mixin_verb=('build',))
[0.248s] Level 1:colcon.colcon_core.package_discovery:discover_packages(colcon_meta) check parameters
[0.248s] Level 1:colcon.colcon_core.package_discovery:discover_packages(recursive) check parameters
[0.248s] Level 1:colcon.colcon_core.package_discovery:discover_packages(ignore) check parameters
[0.248s] Level 1:colcon.colcon_core.package_discovery:discover_packages(path) check parameters
[0.248s] Level 1:colcon.colcon_core.package_discovery:discover_packages(colcon_meta) discover
[0.248s] Level 1:colcon.colcon_core.package_discovery:discover_packages(recursive) discover
[0.248s] INFO:colcon.colcon_core.package_discovery:Crawling recursively for packages in '/projects/github_repos/astro/ros2_rpi_ws'
[0.248s] Level 1:colcon.colcon_core.package_identification:_identify(.) by extensions ['ignore', 'ignore_ament_install']
[0.248s] Level 1:colcon.colcon_core.package_identification:_identify(.) by extension 'ignore'
[0.248s] Level 1:colcon.colcon_core.package_identification:_identify(.) by extension 'ignore_ament_install'
[0.248s] Level 1:colcon.colcon_core.package_identification:_identify(.) by extensions ['colcon_pkg']
[0.248s] Level 1:colcon.colcon_core.package_identification:_identify(.) by extension 'colcon_pkg'
[0.248s] Level 1:colcon.colcon_core.package_identification:_identify(.) by extensions ['colcon_meta']
[0.248s] Level 1:colcon.colcon_core.package_identification:_identify(.) by extension 'colcon_meta'
[0.248s] Level 1:colcon.colcon_core.package_identification:_identify(.) by extensions ['ros']
[0.248s] Level 1:colcon.colcon_core.package_identification:_identify(.) by extension 'ros'
[0.254s] Level 1:colcon.colcon_core.package_identification:_identify(.) by extensions ['cmake', 'python']
[0.254s] Level 1:colcon.colcon_core.package_identification:_identify(.) by extension 'cmake'
[0.254s] Level 1:colcon.colcon_core.package_identification:_identify(.) by extension 'python'
[0.255s] Level 1:colcon.colcon_core.package_identification:_identify(.) by extensions ['python_setup_py']
[0.255s] Level 1:colcon.colcon_core.package_identification:_identify(.) by extension 'python_setup_py'
[0.255s] Level 1:colcon.colcon_core.package_identification:_identify(build) by extensions ['ignore', 'ignore_ament_install']
[0.255s] Level 1:colcon.colcon_core.package_identification:_identify(build) by extension 'ignore'
[0.255s] Level 1:colcon.colcon_core.package_identification:_identify(build) ignored
[0.255s] Level 1:colcon.colcon_core.package_identification:_identify(install) by extensions ['ignore', 'ignore_ament_install']
[0.255s] Level 1:colcon.colcon_core.package_identification:_identify(install) by extension 'ignore'
[0.255s] Level 1:colcon.colcon_core.package_identification:_identify(install) ignored
[0.255s] Level 1:colcon.colcon_core.package_identification:_identify(log) by extensions ['ignore', 'ignore_ament_install']
[0.255s] Level 1:colcon.colcon_core.package_identification:_identify(log) by extension 'ignore'
[0.255s] Level 1:colcon.colcon_core.package_identification:_identify(log) ignored
[0.255s] Level 1:colcon.colcon_core.package_identification:_identify(src) by extensions ['ignore', 'ignore_ament_install']
[0.255s] Level 1:colcon.colcon_core.package_identification:_identify(src) by extension 'ignore'
[0.255s] Level 1:colcon.colcon_core.package_identification:_identify(src) by extension 'ignore_ament_install'
[0.255s] Level 1:colcon.colcon_core.package_identification:_identify(src) by extensions ['colcon_pkg']
[0.255s] Level 1:colcon.colcon_core.package_identification:_identify(src) by extension 'colcon_pkg'
[0.255s] Level 1:colcon.colcon_core.package_identification:_identify(src) by extensions ['colcon_meta']
[0.255s] Level 1:colcon.colcon_core.package_identification:_identify(src) by extension 'colcon_meta'
[0.255s] Level 1:colcon.colcon_core.package_identification:_identify(src) by extensions ['ros']
[0.255s] Level 1:colcon.colcon_core.package_identification:_identify(src) by extension 'ros'
[0.255s] Level 1:colcon.colcon_core.package_identification:_identify(src) by extensions ['cmake', 'python']
[0.255s] Level 1:colcon.colcon_core.package_identification:_identify(src) by extension 'cmake'
[0.255s] Level 1:colcon.colcon_core.package_identification:_identify(src) by extension 'python'
[0.255s] Level 1:colcon.colcon_core.package_identification:_identify(src) by extensions ['python_setup_py']
[0.255s] Level 1:colcon.colcon_core.package_identification:_identify(src) by extension 'python_setup_py'
[0.255s] Level 1:colcon.colcon_core.package_identification:_identify(src/astro_cartographer) by extensions ['ignore', 'ignore_ament_install']
[0.255s] Level 1:colcon.colcon_core.package_identification:_identify(src/astro_cartographer) by extension 'ignore'
[0.255s] Level 1:colcon.colcon_core.package_identification:_identify(src/astro_cartographer) by extension 'ignore_ament_install'
[0.255s] Level 1:colcon.colcon_core.package_identification:_identify(src/astro_cartographer) by extensions ['colcon_pkg']
[0.255s] Level 1:colcon.colcon_core.package_identification:_identify(src/astro_cartographer) by extension 'colcon_pkg'
[0.255s] Level 1:colcon.colcon_core.package_identification:_identify(src/astro_cartographer) by extensions ['colcon_meta']
[0.255s] Level 1:colcon.colcon_core.package_identification:_identify(src/astro_cartographer) by extension 'colcon_meta'
[0.255s] Level 1:colcon.colcon_core.package_identification:_identify(src/astro_cartographer) by extensions ['ros']
[0.255s] Level 1:colcon.colcon_core.package_identification:_identify(src/astro_cartographer) by extension 'ros'
[0.257s] DEBUG:colcon.colcon_core.package_identification:Package 'src/astro_cartographer' with type 'ros.ament_cmake' and name 'astro_cartographer'
[0.257s] Level 1:colcon.colcon_core.package_identification:_identify(src/astro_odometry_publisher) by extensions ['ignore', 'ignore_ament_install']
[0.257s] Level 1:colcon.colcon_core.package_identification:_identify(src/astro_odometry_publisher) by extension 'ignore'
[0.257s] Level 1:colcon.colcon_core.package_identification:_identify(src/astro_odometry_publisher) by extension 'ignore_ament_install'
[0.257s] Level 1:colcon.colcon_core.package_identification:_identify(src/astro_odometry_publisher) by extensions ['colcon_pkg']
[0.257s] Level 1:colcon.colcon_core.package_identification:_identify(src/astro_odometry_publisher) by extension 'colcon_pkg'
[0.257s] Level 1:colcon.colcon_core.package_identification:_identify(src/astro_odometry_publisher) by extensions ['colcon_meta']
[0.257s] Level 1:colcon.colcon_core.package_identification:_identify(src/astro_odometry_publisher) by extension 'colcon_meta'
[0.257s] Level 1:colcon.colcon_core.package_identification:_identify(src/astro_odometry_publisher) by extensions ['ros']
[0.257s] Level 1:colcon.colcon_core.package_identification:_identify(src/astro_odometry_publisher) by extension 'ros'
[0.257s] DEBUG:colcon.colcon_core.package_identification:Package 'src/astro_odometry_publisher' with type 'ros.ament_python' and name 'astro_odometry'
[0.257s] Level 1:colcon.colcon_core.package_identification:_identify(src/astro_odometry_tf_broadcaster) by extensions ['ignore', 'ignore_ament_install']
[0.258s] Level 1:colcon.colcon_core.package_identification:_identify(src/astro_odometry_tf_broadcaster) by extension 'ignore'
[0.258s] Level 1:colcon.colcon_core.package_identification:_identify(src/astro_odometry_tf_broadcaster) by extension 'ignore_ament_install'
[0.258s] Level 1:colcon.colcon_core.package_identification:_identify(src/astro_odometry_tf_broadcaster) by extensions ['colcon_pkg']
[0.258s] Level 1:colcon.colcon_core.package_identification:_identify(src/astro_odometry_tf_broadcaster) by extension 'colcon_pkg'
[0.258s] Level 1:colcon.colcon_core.package_identification:_identify(src/astro_odometry_tf_broadcaster) by extensions ['colcon_meta']
[0.258s] Level 1:colcon.colcon_core.package_identification:_identify(src/astro_odometry_tf_broadcaster) by extension 'colcon_meta'
[0.258s] Level 1:colcon.colcon_core.package_identification:_identify(src/astro_odometry_tf_broadcaster) by extensions ['ros']
[0.258s] Level 1:colcon.colcon_core.package_identification:_identify(src/astro_odometry_tf_broadcaster) by extension 'ros'
[0.258s] DEBUG:colcon.colcon_core.package_identification:Package 'src/astro_odometry_tf_broadcaster' with type 'ros.ament_cmake' and name 'astro_odometry_tf_broadcaster'
[0.258s] Level 1:colcon.colcon_core.package_identification:_identify(src/astro_robot_description) by extensions ['ignore', 'ignore_ament_install']
[0.258s] Level 1:colcon.colcon_core.package_identification:_identify(src/astro_robot_description) by extension 'ignore'
[0.258s] Level 1:colcon.colcon_core.package_identification:_identify(src/astro_robot_description) by extension 'ignore_ament_install'
[0.258s] Level 1:colcon.colcon_core.package_identification:_identify(src/astro_robot_description) by extensions ['colcon_pkg']
[0.258s] Level 1:colcon.colcon_core.package_identification:_identify(src/astro_robot_description) by extension 'colcon_pkg'
[0.258s] Level 1:colcon.colcon_core.package_identification:_identify(src/astro_robot_description) by extensions ['colcon_meta']
[0.258s] Level 1:colcon.colcon_core.package_identification:_identify(src/astro_robot_description) by extension 'colcon_meta'
[0.259s] Level 1:colcon.colcon_core.package_identification:_identify(src/astro_robot_description) by extensions ['ros']
[0.259s] Level 1:colcon.colcon_core.package_identification:_identify(src/astro_robot_description) by extension 'ros'
[0.259s] DEBUG:colcon.colcon_core.package_identification:Package 'src/astro_robot_description' with type 'ros.ament_cmake' and name 'astro_robot_description'
[0.259s] Level 1:colcon.colcon_core.package_identification:_identify(src/astro_teleop_twist_joy) by extensions ['ignore', 'ignore_ament_install']
[0.259s] Level 1:colcon.colcon_core.package_identification:_identify(src/astro_teleop_twist_joy) by extension 'ignore'
[0.259s] Level 1:colcon.colcon_core.package_identification:_identify(src/astro_teleop_twist_joy) by extension 'ignore_ament_install'
[0.259s] Level 1:colcon.colcon_core.package_identification:_identify(src/astro_teleop_twist_joy) by extensions ['colcon_pkg']
[0.259s] Level 1:colcon.colcon_core.package_identification:_identify(src/astro_teleop_twist_joy) by extension 'colcon_pkg'
[0.259s] Level 1:colcon.colcon_core.package_identification:_identify(src/astro_teleop_twist_joy) by extensions ['colcon_meta']
[0.259s] Level 1:colcon.colcon_core.package_identification:_identify(src/astro_teleop_twist_joy) by extension 'colcon_meta'
[0.259s] Level 1:colcon.colcon_core.package_identification:_identify(src/astro_teleop_twist_joy) by extensions ['ros']
[0.259s] Level 1:colcon.colcon_core.package_identification:_identify(src/astro_teleop_twist_joy) by extension 'ros'
[0.259s] DEBUG:colcon.colcon_core.package_identification:Package 'src/astro_teleop_twist_joy' with type 'ros.ament_python' and name 'astro_teleop'
[0.259s] Level 1:colcon.colcon_core.package_identification:_identify(src/robot_bringup) by extensions ['ignore', 'ignore_ament_install']
[0.260s] Level 1:colcon.colcon_core.package_identification:_identify(src/robot_bringup) by extension 'ignore'
[0.260s] Level 1:colcon.colcon_core.package_identification:_identify(src/robot_bringup) by extension 'ignore_ament_install'
[0.260s] Level 1:colcon.colcon_core.package_identification:_identify(src/robot_bringup) by extensions ['colcon_pkg']
[0.260s] Level 1:colcon.colcon_core.package_identification:_identify(src/robot_bringup) by extension 'colcon_pkg'
[0.260s] Level 1:colcon.colcon_core.package_identification:_identify(src/robot_bringup) by extensions ['colcon_meta']
[0.260s] Level 1:colcon.colcon_core.package_identification:_identify(src/robot_bringup) by extension 'colcon_meta'
[0.260s] Level 1:colcon.colcon_core.package_identification:_identify(src/robot_bringup) by extensions ['ros']
[0.260s] Level 1:colcon.colcon_core.package_identification:_identify(src/robot_bringup) by extension 'ros'
[0.260s] DEBUG:colcon.colcon_core.package_identification:Package 'src/robot_bringup' with type 'ros.ament_cmake' and name 'robot_bringup'
[0.260s] Level 1:colcon.colcon_core.package_discovery:discover_packages(recursive) using defaults
[0.260s] Level 1:colcon.colcon_core.package_discovery:discover_packages(ignore) discover
[0.260s] Level 1:colcon.colcon_core.package_discovery:discover_packages(ignore) using defaults
[0.260s] Level 1:colcon.colcon_core.package_discovery:discover_packages(path) discover
[0.260s] Level 1:colcon.colcon_core.package_discovery:discover_packages(path) using defaults
[0.281s] Level 1:colcon.colcon_core.package_discovery:discover_packages(prefix_path) check parameters
[0.281s] Level 1:colcon.colcon_core.package_discovery:discover_packages(prefix_path) discover
[0.284s] DEBUG:colcon.colcon_installed_package_information.package_discovery:Found 39 installed packages in /projects/ros/microros_ws/install
[0.284s] DEBUG:colcon.colcon_installed_package_information.package_discovery:Found 302 installed packages in /opt/ros/humble
[0.285s] Level 1:colcon.colcon_core.package_discovery:discover_packages(prefix_path) using defaults
[0.308s] Level 5:colcon.colcon_core.verb:set package 'astro_cartographer' build argument 'cmake_args' from command line to 'None'
[0.308s] Level 5:colcon.colcon_core.verb:set package 'astro_cartographer' build argument 'cmake_target' from command line to 'None'
[0.308s] Level 5:colcon.colcon_core.verb:set package 'astro_cartographer' build argument 'cmake_target_skip_unavailable' from command line to 'False'
[0.308s] Level 5:colcon.colcon_core.verb:set package 'astro_cartographer' build argument 'cmake_clean_cache' from command line to 'False'
[0.308s] Level 5:colcon.colcon_core.verb:set package 'astro_cartographer' build argument 'cmake_clean_first' from command line to 'False'
[0.308s] Level 5:colcon.colcon_core.verb:set package 'astro_cartographer' build argument 'cmake_force_configure' from command line to 'False'
[0.308s] Level 5:colcon.colcon_core.verb:set package 'astro_cartographer' build argument 'ament_cmake_args' from command line to 'None'
[0.308s] Level 5:colcon.colcon_core.verb:set package 'astro_cartographer' build argument 'catkin_cmake_args' from command line to 'None'
[0.308s] Level 5:colcon.colcon_core.verb:set package 'astro_cartographer' build argument 'catkin_skip_building_tests' from command line to 'False'
[0.308s] DEBUG:colcon.colcon_core.verb:Building package 'astro_cartographer' with the following arguments: {'ament_cmake_args': None, 'build_base': '/projects/github_repos/astro/ros2_rpi_ws/build/astro_cartographer', 'catkin_cmake_args': None, 'catkin_skip_building_tests': False, 'cmake_args': None, 'cmake_clean_cache': False, 'cmake_clean_first': False, 'cmake_force_configure': False, 'cmake_target': None, 'cmake_target_skip_unavailable': False, 'install_base': '/projects/github_repos/astro/ros2_rpi_ws/install/astro_cartographer', 'merge_install': False, 'path': '/projects/github_repos/astro/ros2_rpi_ws/src/astro_cartographer', 'symlink_install': False, 'test_result_base': None}
[0.309s] Level 5:colcon.colcon_core.verb:set package 'astro_odometry' build argument 'cmake_args' from command line to 'None'
[0.309s] Level 5:colcon.colcon_core.verb:set package 'astro_odometry' build argument 'cmake_target' from command line to 'None'
[0.309s] Level 5:colcon.colcon_core.verb:set package 'astro_odometry' build argument 'cmake_target_skip_unavailable' from command line to 'False'
[0.309s] Level 5:colcon.colcon_core.verb:set package 'astro_odometry' build argument 'cmake_clean_cache' from command line to 'False'
[0.309s] Level 5:colcon.colcon_core.verb:set package 'astro_odometry' build argument 'cmake_clean_first' from command line to 'False'
[0.309s] Level 5:colcon.colcon_core.verb:set package 'astro_odometry' build argument 'cmake_force_configure' from command line to 'False'
[0.309s] Level 5:colcon.colcon_core.verb:set package 'astro_odometry' build argument 'ament_cmake_args' from command line to 'None'
[0.309s] Level 5:colcon.colcon_core.verb:set package 'astro_odometry' build argument 'catkin_cmake_args' from command line to 'None'
[0.309s] Level 5:colcon.colcon_core.verb:set package 'astro_odometry' build argument 'catkin_skip_building_tests' from command line to 'False'
[0.309s] DEBUG:colcon.colcon_core.verb:Building package 'astro_odometry' with the following arguments: {'ament_cmake_args': None, 'build_base': '/projects/github_repos/astro/ros2_rpi_ws/build/astro_odometry', 'catkin_cmake_args': None, 'catkin_skip_building_tests': False, 'cmake_args': None, 'cmake_clean_cache': False, 'cmake_clean_first': False, 'cmake_force_configure': False, 'cmake_target': None, 'cmake_target_skip_unavailable': False, 'install_base': '/projects/github_repos/astro/ros2_rpi_ws/install/astro_odometry', 'merge_install': False, 'path': '/projects/github_repos/astro/ros2_rpi_ws/src/astro_odometry_publisher', 'symlink_install': False, 'test_result_base': None}
[0.309s] Level 5:colcon.colcon_core.verb:set package 'astro_odometry_tf_broadcaster' build argument 'cmake_args' from command line to 'None'
[0.309s] Level 5:colcon.colcon_core.verb:set package 'astro_odometry_tf_broadcaster' build argument 'cmake_target' from command line to 'None'
[0.309s] Level 5:colcon.colcon_core.verb:set package 'astro_odometry_tf_broadcaster' build argument 'cmake_target_skip_unavailable' from command line to 'False'
[0.309s] Level 5:colcon.colcon_core.verb:set package 'astro_odometry_tf_broadcaster' build argument 'cmake_clean_cache' from command line to 'False'
[0.309s] Level 5:colcon.colcon_core.verb:set package 'astro_odometry_tf_broadcaster' build argument 'cmake_clean_first' from command line to 'False'
[0.309s] Level 5:colcon.colcon_core.verb:set package 'astro_odometry_tf_broadcaster' build argument 'cmake_force_configure' from command line to 'False'
[0.309s] Level 5:colcon.colcon_core.verb:set package 'astro_odometry_tf_broadcaster' build argument 'ament_cmake_args' from command line to 'None'
[0.309s] Level 5:colcon.colcon_core.verb:set package 'astro_odometry_tf_broadcaster' build argument 'catkin_cmake_args' from command line to 'None'
[0.309s] Level 5:colcon.colcon_core.verb:set package 'astro_odometry_tf_broadcaster' build argument 'catkin_skip_building_tests' from command line to 'False'
[0.309s] DEBUG:colcon.colcon_core.verb:Building package 'astro_odometry_tf_broadcaster' with the following arguments: {'ament_cmake_args': None, 'build_base': '/projects/github_repos/astro/ros2_rpi_ws/build/astro_odometry_tf_broadcaster', 'catkin_cmake_args': None, 'catkin_skip_building_tests': False, 'cmake_args': None, 'cmake_clean_cache': False, 'cmake_clean_first': False, 'cmake_force_configure': False, 'cmake_target': None, 'cmake_target_skip_unavailable': False, 'install_base': '/projects/github_repos/astro/ros2_rpi_ws/install/astro_odometry_tf_broadcaster', 'merge_install': False, 'path': '/projects/github_repos/astro/ros2_rpi_ws/src/astro_odometry_tf_broadcaster', 'symlink_install': False, 'test_result_base': None}
[0.309s] Level 5:colcon.colcon_core.verb:set package 'astro_robot_description' build argument 'cmake_args' from command line to 'None'
[0.309s] Level 5:colcon.colcon_core.verb:set package 'astro_robot_description' build argument 'cmake_target' from command line to 'None'
[0.309s] Level 5:colcon.colcon_core.verb:set package 'astro_robot_description' build argument 'cmake_target_skip_unavailable' from command line to 'False'
[0.309s] Level 5:colcon.colcon_core.verb:set package 'astro_robot_description' build argument 'cmake_clean_cache' from command line to 'False'
[0.309s] Level 5:colcon.colcon_core.verb:set package 'astro_robot_description' build argument 'cmake_clean_first' from command line to 'False'
[0.309s] Level 5:colcon.colcon_core.verb:set package 'astro_robot_description' build argument 'cmake_force_configure' from command line to 'False'
[0.309s] Level 5:colcon.colcon_core.verb:set package 'astro_robot_description' build argument 'ament_cmake_args' from command line to 'None'
[0.309s] Level 5:colcon.colcon_core.verb:set package 'astro_robot_description' build argument 'catkin_cmake_args' from command line to 'None'
[0.309s] Level 5:colcon.colcon_core.verb:set package 'astro_robot_description' build argument 'catkin_skip_building_tests' from command line to 'False'
[0.309s] DEBUG:colcon.colcon_core.verb:Building package 'astro_robot_description' with the following arguments: {'ament_cmake_args': None, 'build_base': '/projects/github_repos/astro/ros2_rpi_ws/build/astro_robot_description', 'catkin_cmake_args': None, 'catkin_skip_building_tests': False, 'cmake_args': None, 'cmake_clean_cache': False, 'cmake_clean_first': False, 'cmake_force_configure': False, 'cmake_target': None, 'cmake_target_skip_unavailable': False, 'install_base': '/projects/github_repos/astro/ros2_rpi_ws/install/astro_robot_description', 'merge_install': False, 'path': '/projects/github_repos/astro/ros2_rpi_ws/src/astro_robot_description', 'symlink_install': False, 'test_result_base': None}
[0.309s] Level 5:colcon.colcon_core.verb:set package 'astro_teleop' build argument 'cmake_args' from command line to 'None'
[0.309s] Level 5:colcon.colcon_core.verb:set package 'astro_teleop' build argument 'cmake_target' from command line to 'None'
[0.309s] Level 5:colcon.colcon_core.verb:set package 'astro_teleop' build argument 'cmake_target_skip_unavailable' from command line to 'False'
[0.309s] Level 5:colcon.colcon_core.verb:set package 'astro_teleop' build argument 'cmake_clean_cache' from command line to 'False'
[0.309s] Level 5:colcon.colcon_core.verb:set package 'astro_teleop' build argument 'cmake_clean_first' from command line to 'False'
[0.309s] Level 5:colcon.colcon_core.verb:set package 'astro_teleop' build argument 'cmake_force_configure' from command line to 'False'
[0.309s] Level 5:colcon.colcon_core.verb:set package 'astro_teleop' build argument 'ament_cmake_args' from command line to 'None'
[0.309s] Level 5:colcon.colcon_core.verb:set package 'astro_teleop' build argument 'catkin_cmake_args' from command line to 'None'
[0.309s] Level 5:colcon.colcon_core.verb:set package 'astro_teleop' build argument 'catkin_skip_building_tests' from command line to 'False'
[0.309s] DEBUG:colcon.colcon_core.verb:Building package 'astro_teleop' with the following arguments: {'ament_cmake_args': None, 'build_base': '/projects/github_repos/astro/ros2_rpi_ws/build/astro_teleop', 'catkin_cmake_args': None, 'catkin_skip_building_tests': False, 'cmake_args': None, 'cmake_clean_cache': False, 'cmake_clean_first': False, 'cmake_force_configure': False, 'cmake_target': None, 'cmake_target_skip_unavailable': False, 'install_base': '/projects/github_repos/astro/ros2_rpi_ws/install/astro_teleop', 'merge_install': False, 'path': '/projects/github_repos/astro/ros2_rpi_ws/src/astro_teleop_twist_joy', 'symlink_install': False, 'test_result_base': None}
[0.310s] Level 5:colcon.colcon_core.verb:set package 'robot_bringup' build argument 'cmake_args' from command line to 'None'
[0.310s] Level 5:colcon.colcon_core.verb:set package 'robot_bringup' build argument 'cmake_target' from command line to 'None'
[0.310s] Level 5:colcon.colcon_core.verb:set package 'robot_bringup' build argument 'cmake_target_skip_unavailable' from command line to 'False'
[0.310s] Level 5:colcon.colcon_core.verb:set package 'robot_bringup' build argument 'cmake_clean_cache' from command line to 'False'
[0.310s] Level 5:colcon.colcon_core.verb:set package 'robot_bringup' build argument 'cmake_clean_first' from command line to 'False'
[0.310s] Level 5:colcon.colcon_core.verb:set package 'robot_bringup' build argument 'cmake_force_configure' from command line to 'False'
[0.310s] Level 5:colcon.colcon_core.verb:set package 'robot_bringup' build argument 'ament_cmake_args' from command line to 'None'
[0.310s] Level 5:colcon.colcon_core.verb:set package 'robot_bringup' build argument 'catkin_cmake_args' from command line to 'None'
[0.310s] Level 5:colcon.colcon_core.verb:set package 'robot_bringup' build argument 'catkin_skip_building_tests' from command line to 'False'
[0.310s] DEBUG:colcon.colcon_core.verb:Building package 'robot_bringup' with the following arguments: {'ament_cmake_args': None, 'build_base': '/projects/github_repos/astro/ros2_rpi_ws/build/robot_bringup', 'catkin_cmake_args': None, 'catkin_skip_building_tests': False, 'cmake_args': None, 'cmake_clean_cache': False, 'cmake_clean_first': False, 'cmake_force_configure': False, 'cmake_target': None, 'cmake_target_skip_unavailable': False, 'install_base': '/projects/github_repos/astro/ros2_rpi_ws/install/robot_bringup', 'merge_install': False, 'path': '/projects/github_repos/astro/ros2_rpi_ws/src/robot_bringup', 'symlink_install': False, 'test_result_base': None}
[0.310s] INFO:colcon.colcon_core.executor:Executing jobs using 'parallel' executor
[0.310s] DEBUG:colcon.colcon_parallel_executor.executor.parallel:run_until_complete
[0.311s] INFO:colcon.colcon_ros.task.ament_cmake.build:Building ROS package in '/projects/github_repos/astro/ros2_rpi_ws/src/astro_cartographer' with build type 'ament_cmake'
[0.311s] INFO:colcon.colcon_cmake.task.cmake.build:Building CMake package in '/projects/github_repos/astro/ros2_rpi_ws/src/astro_cartographer'
[0.313s] INFO:colcon.colcon_core.plugin_system:Skipping extension 'colcon_core.shell.bat': Not used on non-Windows systems
[0.313s] INFO:colcon.colcon_core.shell:Skip shell extension 'powershell' for command environment: Not usable outside of PowerShell
[0.313s] DEBUG:colcon.colcon_core.shell:Skip shell extension 'dsv' for command environment
[0.316s] INFO:colcon.colcon_ros.task.ament_python.build:Building ROS package in '/projects/github_repos/astro/ros2_rpi_ws/src/astro_odometry_publisher' with build type 'ament_python'
[0.316s] Level 1:colcon.colcon_core.shell:create_environment_hook('astro_odometry', 'ament_prefix_path')
[0.316s] INFO:colcon.colcon_core.shell:Creating environment hook '/projects/github_repos/astro/ros2_rpi_ws/install/astro_odometry/share/astro_odometry/hook/ament_prefix_path.ps1'
[0.317s] INFO:colcon.colcon_core.shell:Creating environment descriptor '/projects/github_repos/astro/ros2_rpi_ws/install/astro_odometry/share/astro_odometry/hook/ament_prefix_path.dsv'
[0.317s] INFO:colcon.colcon_core.shell:Creating environment hook '/projects/github_repos/astro/ros2_rpi_ws/install/astro_odometry/share/astro_odometry/hook/ament_prefix_path.sh'
[0.317s] INFO:colcon.colcon_core.shell:Skip shell extension 'powershell' for command environment: Not usable outside of PowerShell
[0.318s] DEBUG:colcon.colcon_core.shell:Skip shell extension 'dsv' for command environment
[0.320s] INFO:colcon.colcon_ros.task.ament_cmake.build:Building ROS package in '/projects/github_repos/astro/ros2_rpi_ws/src/astro_odometry_tf_broadcaster' with build type 'ament_cmake'
[0.320s] INFO:colcon.colcon_cmake.task.cmake.build:Building CMake package in '/projects/github_repos/astro/ros2_rpi_ws/src/astro_odometry_tf_broadcaster'
[0.320s] INFO:colcon.colcon_core.shell:Skip shell extension 'powershell' for command environment: Not usable outside of PowerShell
[0.320s] DEBUG:colcon.colcon_core.shell:Skip shell extension 'dsv' for command environment
[0.322s] INFO:colcon.colcon_ros.task.ament_cmake.build:Building ROS package in '/projects/github_repos/astro/ros2_rpi_ws/src/astro_robot_description' with build type 'ament_cmake'
[0.322s] INFO:colcon.colcon_cmake.task.cmake.build:Building CMake package in '/projects/github_repos/astro/ros2_rpi_ws/src/astro_robot_description'
[0.322s] INFO:colcon.colcon_core.shell:Skip shell extension 'powershell' for command environment: Not usable outside of PowerShell
[0.322s] DEBUG:colcon.colcon_core.shell:Skip shell extension 'dsv' for command environment
[0.325s] INFO:colcon.colcon_ros.task.ament_python.build:Building ROS package in '/projects/github_repos/astro/ros2_rpi_ws/src/astro_teleop_twist_joy' with build type 'ament_python'
[0.325s] Level 1:colcon.colcon_core.shell:create_environment_hook('astro_teleop', 'ament_prefix_path')
[0.325s] INFO:colcon.colcon_core.shell:Creating environment hook '/projects/github_repos/astro/ros2_rpi_ws/install/astro_teleop/share/astro_teleop/hook/ament_prefix_path.ps1'
[0.325s] INFO:colcon.colcon_core.shell:Creating environment descriptor '/projects/github_repos/astro/ros2_rpi_ws/install/astro_teleop/share/astro_teleop/hook/ament_prefix_path.dsv'
[0.325s] INFO:colcon.colcon_core.shell:Creating environment hook '/projects/github_repos/astro/ros2_rpi_ws/install/astro_teleop/share/astro_teleop/hook/ament_prefix_path.sh'
[0.325s] INFO:colcon.colcon_core.shell:Skip shell extension 'powershell' for command environment: Not usable outside of PowerShell
[0.325s] DEBUG:colcon.colcon_core.shell:Skip shell extension 'dsv' for command environment
[0.328s] INFO:colcon.colcon_ros.task.ament_cmake.build:Building ROS package in '/projects/github_repos/astro/ros2_rpi_ws/src/robot_bringup' with build type 'ament_cmake'
[0.328s] INFO:colcon.colcon_cmake.task.cmake.build:Building CMake package in '/projects/github_repos/astro/ros2_rpi_ws/src/robot_bringup'
[0.328s] INFO:colcon.colcon_core.shell:Skip shell extension 'powershell' for command environment: Not usable outside of PowerShell
[0.328s] DEBUG:colcon.colcon_core.shell:Skip shell extension 'dsv' for command environment
[0.333s] DEBUG:colcon.colcon_core.event_handler.log_command:Invoking command in '/projects/github_repos/astro/ros2_rpi_ws/build/astro_cartographer': CMAKE_PREFIX_PATH=${CMAKE_PREFIX_PATH}:/projects/ros/microros_ws/install/sensor_msgs_py:/opt/ros/humble /usr/bin/cmake --build /projects/github_repos/astro/ros2_rpi_ws/build/astro_cartographer -- -j24 -l24
[0.478s] INFO:colcon.colcon_core.task.python.build:Building Python package in '/projects/github_repos/astro/ros2_rpi_ws/src/astro_odometry_publisher'
[0.478s] INFO:colcon.colcon_core.shell:Skip shell extension 'powershell' for command environment: Not usable outside of PowerShell
[0.478s] DEBUG:colcon.colcon_core.shell:Skip shell extension 'dsv' for command environment
[0.490s] DEBUG:colcon.colcon_core.event_handler.log_command:Invoking command in '/projects/github_repos/astro/ros2_rpi_ws/build/astro_odometry_tf_broadcaster': CMAKE_PREFIX_PATH=${CMAKE_PREFIX_PATH}:/projects/ros/microros_ws/install/sensor_msgs_py:/opt/ros/humble /usr/bin/cmake --build /projects/github_repos/astro/ros2_rpi_ws/build/astro_odometry_tf_broadcaster -- -j24 -l24
[0.492s] DEBUG:colcon.colcon_core.event_handler.log_command:Invoking command in '/projects/github_repos/astro/ros2_rpi_ws/build/astro_robot_description': CMAKE_PREFIX_PATH=${CMAKE_PREFIX_PATH}:/projects/ros/microros_ws/install/sensor_msgs_py:/opt/ros/humble /usr/bin/cmake --build /projects/github_repos/astro/ros2_rpi_ws/build/astro_robot_description -- -j24 -l24
[0.638s] INFO:colcon.colcon_core.task.python.build:Building Python package in '/projects/github_repos/astro/ros2_rpi_ws/src/astro_teleop_twist_joy'
[0.638s] INFO:colcon.colcon_core.shell:Skip shell extension 'powershell' for command environment: Not usable outside of PowerShell
[0.638s] DEBUG:colcon.colcon_core.shell:Skip shell extension 'dsv' for command environment
[0.650s] DEBUG:colcon.colcon_core.event_handler.log_command:Invoking command in '/projects/github_repos/astro/ros2_rpi_ws/build/robot_bringup': CMAKE_PREFIX_PATH=${CMAKE_PREFIX_PATH}:/projects/ros/microros_ws/install/sensor_msgs_py:/opt/ros/humble /usr/bin/cmake --build /projects/github_repos/astro/ros2_rpi_ws/build/robot_bringup -- -j24 -l24
[0.660s] DEBUG:colcon.colcon_core.event_handler.log_command:Invoked command in '/projects/github_repos/astro/ros2_rpi_ws/build/astro_cartographer' returned '0': CMAKE_PREFIX_PATH=${CMAKE_PREFIX_PATH}:/projects/ros/microros_ws/install/sensor_msgs_py:/opt/ros/humble /usr/bin/cmake --build /projects/github_repos/astro/ros2_rpi_ws/build/astro_cartographer -- -j24 -l24
[0.667s] DEBUG:colcon.colcon_core.event_handler.log_command:Invoking command in '/projects/github_repos/astro/ros2_rpi_ws/build/astro_cartographer': CMAKE_PREFIX_PATH=${CMAKE_PREFIX_PATH}:/projects/ros/microros_ws/install/sensor_msgs_py:/opt/ros/humble /usr/bin/cmake --install /projects/github_repos/astro/ros2_rpi_ws/build/astro_cartographer
[0.668s] DEBUG:colcon.colcon_core.event_handler.log_command:Invoked command in '/projects/github_repos/astro/ros2_rpi_ws/build/astro_robot_description' returned '0': CMAKE_PREFIX_PATH=${CMAKE_PREFIX_PATH}:/projects/ros/microros_ws/install/sensor_msgs_py:/opt/ros/humble /usr/bin/cmake --build /projects/github_repos/astro/ros2_rpi_ws/build/astro_robot_description -- -j24 -l24
[0.669s] DEBUG:colcon.colcon_core.event_handler.log_command:Invoking command in '/projects/github_repos/astro/ros2_rpi_ws/build/astro_robot_description': CMAKE_PREFIX_PATH=${CMAKE_PREFIX_PATH}:/projects/ros/microros_ws/install/sensor_msgs_py:/opt/ros/humble /usr/bin/cmake --install /projects/github_repos/astro/ros2_rpi_ws/build/astro_robot_description
[0.669s] DEBUG:colcon.colcon_core.event_handler.log_command:Invoked command in '/projects/github_repos/astro/ros2_rpi_ws/build/astro_odometry_tf_broadcaster' returned '0': CMAKE_PREFIX_PATH=${CMAKE_PREFIX_PATH}:/projects/ros/microros_ws/install/sensor_msgs_py:/opt/ros/humble /usr/bin/cmake --build /projects/github_repos/astro/ros2_rpi_ws/build/astro_odometry_tf_broadcaster -- -j24 -l24
[0.670s] DEBUG:colcon.colcon_core.event_handler.log_command:Invoking command in '/projects/github_repos/astro/ros2_rpi_ws/build/astro_odometry_tf_broadcaster': CMAKE_PREFIX_PATH=${CMAKE_PREFIX_PATH}:/projects/ros/microros_ws/install/sensor_msgs_py:/opt/ros/humble /usr/bin/cmake --install /projects/github_repos/astro/ros2_rpi_ws/build/astro_odometry_tf_broadcaster
[0.675s] Level 1:colcon.colcon_core.environment:create_environment_scripts_only(astro_cartographer)
[0.677s] DEBUG:colcon.colcon_core.event_handler.log_command:Invoked command in '/projects/github_repos/astro/ros2_rpi_ws/build/astro_cartographer' returned '0': CMAKE_PREFIX_PATH=${CMAKE_PREFIX_PATH}:/projects/ros/microros_ws/install/sensor_msgs_py:/opt/ros/humble /usr/bin/cmake --install /projects/github_repos/astro/ros2_rpi_ws/build/astro_cartographer
[0.679s] Level 1:colcon.colcon_core.environment:checking '/projects/github_repos/astro/ros2_rpi_ws/install/astro_cartographer' for CMake module files
[0.680s] Level 1:colcon.colcon_core.environment:checking '/projects/github_repos/astro/ros2_rpi_ws/install/astro_cartographer' for CMake config files
[0.680s] Level 1:colcon.colcon_core.shell:create_environment_hook('astro_cartographer', 'cmake_prefix_path')
[0.681s] INFO:colcon.colcon_core.shell:Creating environment hook '/projects/github_repos/astro/ros2_rpi_ws/install/astro_cartographer/share/astro_cartographer/hook/cmake_prefix_path.ps1'
[0.681s] INFO:colcon.colcon_core.shell:Creating environment descriptor '/projects/github_repos/astro/ros2_rpi_ws/install/astro_cartographer/share/astro_cartographer/hook/cmake_prefix_path.dsv'
[0.681s] INFO:colcon.colcon_core.shell:Creating environment hook '/projects/github_repos/astro/ros2_rpi_ws/install/astro_cartographer/share/astro_cartographer/hook/cmake_prefix_path.sh'
[0.682s] Level 1:colcon.colcon_core.environment:checking '/projects/github_repos/astro/ros2_rpi_ws/install/astro_cartographer/bin'
[0.682s] Level 1:colcon.colcon_core.environment:checking '/projects/github_repos/astro/ros2_rpi_ws/install/astro_cartographer/lib/pkgconfig/astro_cartographer.pc'
[0.682s] Level 1:colcon.colcon_core.environment:checking '/projects/github_repos/astro/ros2_rpi_ws/install/astro_cartographer/lib/python3.10/site-packages'
[0.682s] Level 1:colcon.colcon_core.environment:checking '/projects/github_repos/astro/ros2_rpi_ws/install/astro_cartographer/bin'
[0.682s] INFO:colcon.colcon_core.shell:Creating package script '/projects/github_repos/astro/ros2_rpi_ws/install/astro_cartographer/share/astro_cartographer/package.ps1'
[0.683s] INFO:colcon.colcon_core.shell:Creating package descriptor '/projects/github_repos/astro/ros2_rpi_ws/install/astro_cartographer/share/astro_cartographer/package.dsv'
[0.683s] INFO:colcon.colcon_core.shell:Creating package script '/projects/github_repos/astro/ros2_rpi_ws/install/astro_cartographer/share/astro_cartographer/package.sh'
[0.684s] INFO:colcon.colcon_core.shell:Creating package script '/projects/github_repos/astro/ros2_rpi_ws/install/astro_cartographer/share/astro_cartographer/package.bash'
[0.685s] INFO:colcon.colcon_core.shell:Creating package script '/projects/github_repos/astro/ros2_rpi_ws/install/astro_cartographer/share/astro_cartographer/package.zsh'
[0.685s] Level 1:colcon.colcon_core.environment:create_file_with_runtime_dependencies(/projects/github_repos/astro/ros2_rpi_ws/install/astro_cartographer/share/colcon-core/packages/astro_cartographer)
[0.685s] Level 1:colcon.colcon_core.environment:create_environment_scripts_only(astro_cartographer)
[0.686s] Level 1:colcon.colcon_core.environment:checking '/projects/github_repos/astro/ros2_rpi_ws/install/astro_cartographer' for CMake module files
[0.686s] Level 1:colcon.colcon_core.environment:checking '/projects/github_repos/astro/ros2_rpi_ws/install/astro_cartographer' for CMake config files
[0.686s] Level 1:colcon.colcon_core.shell:create_environment_hook('astro_cartographer', 'cmake_prefix_path')
[0.686s] INFO:colcon.colcon_core.shell:Creating environment hook '/projects/github_repos/astro/ros2_rpi_ws/install/astro_cartographer/share/astro_cartographer/hook/cmake_prefix_path.ps1'
[0.686s] INFO:colcon.colcon_core.shell:Creating environment descriptor '/projects/github_repos/astro/ros2_rpi_ws/install/astro_cartographer/share/astro_cartographer/hook/cmake_prefix_path.dsv'
[0.686s] INFO:colcon.colcon_core.shell:Creating environment hook '/projects/github_repos/astro/ros2_rpi_ws/install/astro_cartographer/share/astro_cartographer/hook/cmake_prefix_path.sh'
[0.687s] Level 1:colcon.colcon_core.environment:checking '/projects/github_repos/astro/ros2_rpi_ws/install/astro_cartographer/bin'
[0.687s] Level 1:colcon.colcon_core.environment:checking '/projects/github_repos/astro/ros2_rpi_ws/install/astro_cartographer/lib/pkgconfig/astro_cartographer.pc'
[0.687s] Level 1:colcon.colcon_core.environment:checking '/projects/github_repos/astro/ros2_rpi_ws/install/astro_cartographer/lib/python3.10/site-packages'
[0.687s] Level 1:colcon.colcon_core.environment:checking '/projects/github_repos/astro/ros2_rpi_ws/install/astro_cartographer/bin'
[0.687s] INFO:colcon.colcon_core.shell:Creating package script '/projects/github_repos/astro/ros2_rpi_ws/install/astro_cartographer/share/astro_cartographer/package.ps1'
[0.687s] INFO:colcon.colcon_core.shell:Creating package descriptor '/projects/github_repos/astro/ros2_rpi_ws/install/astro_cartographer/share/astro_cartographer/package.dsv'
[0.687s] INFO:colcon.colcon_core.shell:Creating package script '/projects/github_repos/astro/ros2_rpi_ws/install/astro_cartographer/share/astro_cartographer/package.sh'
[0.688s] INFO:colcon.colcon_core.shell:Creating package script '/projects/github_repos/astro/ros2_rpi_ws/install/astro_cartographer/share/astro_cartographer/package.bash'
[0.688s] INFO:colcon.colcon_core.shell:Creating package script '/projects/github_repos/astro/ros2_rpi_ws/install/astro_cartographer/share/astro_cartographer/package.zsh'
[0.688s] Level 1:colcon.colcon_core.environment:create_file_with_runtime_dependencies(/projects/github_repos/astro/ros2_rpi_ws/install/astro_cartographer/share/colcon-core/packages/astro_cartographer)
[0.689s] Level 1:colcon.colcon_core.environment:create_environment_scripts_only(astro_odometry_tf_broadcaster)
[0.689s] Level 1:colcon.colcon_core.environment:checking '/projects/github_repos/astro/ros2_rpi_ws/install/astro_odometry_tf_broadcaster' for CMake module files
[0.689s] DEBUG:colcon.colcon_core.event_handler.log_command:Invoked command in '/projects/github_repos/astro/ros2_rpi_ws/build/astro_odometry_tf_broadcaster' returned '0': CMAKE_PREFIX_PATH=${CMAKE_PREFIX_PATH}:/projects/ros/microros_ws/install/sensor_msgs_py:/opt/ros/humble /usr/bin/cmake --install /projects/github_repos/astro/ros2_rpi_ws/build/astro_odometry_tf_broadcaster
[0.690s] Level 1:colcon.colcon_core.environment:checking '/projects/github_repos/astro/ros2_rpi_ws/install/astro_odometry_tf_broadcaster' for CMake config files
[0.690s] Level 1:colcon.colcon_core.shell:create_environment_hook('astro_odometry_tf_broadcaster', 'cmake_prefix_path')
[0.690s] INFO:colcon.colcon_core.shell:Creating environment hook '/projects/github_repos/astro/ros2_rpi_ws/install/astro_odometry_tf_broadcaster/share/astro_odometry_tf_broadcaster/hook/cmake_prefix_path.ps1'
[0.690s] INFO:colcon.colcon_core.shell:Creating environment descriptor '/projects/github_repos/astro/ros2_rpi_ws/install/astro_odometry_tf_broadcaster/share/astro_odometry_tf_broadcaster/hook/cmake_prefix_path.dsv'
[0.691s] INFO:colcon.colcon_core.shell:Creating environment hook '/projects/github_repos/astro/ros2_rpi_ws/install/astro_odometry_tf_broadcaster/share/astro_odometry_tf_broadcaster/hook/cmake_prefix_path.sh'
[0.691s] Level 1:colcon.colcon_core.environment:checking '/projects/github_repos/astro/ros2_rpi_ws/install/astro_odometry_tf_broadcaster/lib'
[0.691s] Level 1:colcon.colcon_core.environment:checking '/projects/github_repos/astro/ros2_rpi_ws/install/astro_odometry_tf_broadcaster/bin'
[0.691s] Level 1:colcon.colcon_core.environment:checking '/projects/github_repos/astro/ros2_rpi_ws/install/astro_odometry_tf_broadcaster/lib/pkgconfig/astro_odometry_tf_broadcaster.pc'
[0.691s] Level 1:colcon.colcon_core.environment:checking '/projects/github_repos/astro/ros2_rpi_ws/install/astro_odometry_tf_broadcaster/lib/python3.10/site-packages'
[0.692s] Level 1:colcon.colcon_core.environment:checking '/projects/github_repos/astro/ros2_rpi_ws/install/astro_odometry_tf_broadcaster/bin'
[0.692s] INFO:colcon.colcon_core.shell:Creating package script '/projects/github_repos/astro/ros2_rpi_ws/install/astro_odometry_tf_broadcaster/share/astro_odometry_tf_broadcaster/package.ps1'
[0.692s] INFO:colcon.colcon_core.shell:Creating package descriptor '/projects/github_repos/astro/ros2_rpi_ws/install/astro_odometry_tf_broadcaster/share/astro_odometry_tf_broadcaster/package.dsv'
[0.693s] INFO:colcon.colcon_core.shell:Creating package script '/projects/github_repos/astro/ros2_rpi_ws/install/astro_odometry_tf_broadcaster/share/astro_odometry_tf_broadcaster/package.sh'
[0.693s] INFO:colcon.colcon_core.shell:Creating package script '/projects/github_repos/astro/ros2_rpi_ws/install/astro_odometry_tf_broadcaster/share/astro_odometry_tf_broadcaster/package.bash'
[0.693s] INFO:colcon.colcon_core.shell:Creating package script '/projects/github_repos/astro/ros2_rpi_ws/install/astro_odometry_tf_broadcaster/share/astro_odometry_tf_broadcaster/package.zsh'
[0.693s] Level 1:colcon.colcon_core.environment:create_file_with_runtime_dependencies(/projects/github_repos/astro/ros2_rpi_ws/install/astro_odometry_tf_broadcaster/share/colcon-core/packages/astro_odometry_tf_broadcaster)
[0.693s] Level 1:colcon.colcon_core.environment:create_environment_scripts_only(astro_odometry_tf_broadcaster)
[0.693s] Level 1:colcon.colcon_core.environment:checking '/projects/github_repos/astro/ros2_rpi_ws/install/astro_odometry_tf_broadcaster' for CMake module files
[0.694s] Level 1:colcon.colcon_core.environment:checking '/projects/github_repos/astro/ros2_rpi_ws/install/astro_odometry_tf_broadcaster' for CMake config files
[0.694s] Level 1:colcon.colcon_core.shell:create_environment_hook('astro_odometry_tf_broadcaster', 'cmake_prefix_path')
[0.694s] INFO:colcon.colcon_core.shell:Creating environment hook '/projects/github_repos/astro/ros2_rpi_ws/install/astro_odometry_tf_broadcaster/share/astro_odometry_tf_broadcaster/hook/cmake_prefix_path.ps1'
[0.694s] INFO:colcon.colcon_core.shell:Creating environment descriptor '/projects/github_repos/astro/ros2_rpi_ws/install/astro_odometry_tf_broadcaster/share/astro_odometry_tf_broadcaster/hook/cmake_prefix_path.dsv'
[0.694s] INFO:colcon.colcon_core.shell:Creating environment hook '/projects/github_repos/astro/ros2_rpi_ws/install/astro_odometry_tf_broadcaster/share/astro_odometry_tf_broadcaster/hook/cmake_prefix_path.sh'
[0.694s] Level 1:colcon.colcon_core.environment:checking '/projects/github_repos/astro/ros2_rpi_ws/install/astro_odometry_tf_broadcaster/lib'
[0.695s] Level 1:colcon.colcon_core.environment:checking '/projects/github_repos/astro/ros2_rpi_ws/install/astro_odometry_tf_broadcaster/bin'
[0.695s] Level 1:colcon.colcon_core.environment:checking '/projects/github_repos/astro/ros2_rpi_ws/install/astro_odometry_tf_broadcaster/lib/pkgconfig/astro_odometry_tf_broadcaster.pc'
[0.695s] Level 1:colcon.colcon_core.environment:checking '/projects/github_repos/astro/ros2_rpi_ws/install/astro_odometry_tf_broadcaster/lib/python3.10/site-packages'
[0.695s] Level 1:colcon.colcon_core.environment:checking '/projects/github_repos/astro/ros2_rpi_ws/install/astro_odometry_tf_broadcaster/bin'
[0.695s] INFO:colcon.colcon_core.shell:Creating package script '/projects/github_repos/astro/ros2_rpi_ws/install/astro_odometry_tf_broadcaster/share/astro_odometry_tf_broadcaster/package.ps1'
[0.695s] INFO:colcon.colcon_core.shell:Creating package descriptor '/projects/github_repos/astro/ros2_rpi_ws/install/astro_odometry_tf_broadcaster/share/astro_odometry_tf_broadcaster/package.dsv'
[0.695s] INFO:colcon.colcon_core.shell:Creating package script '/projects/github_repos/astro/ros2_rpi_ws/install/astro_odometry_tf_broadcaster/share/astro_odometry_tf_broadcaster/package.sh'
[0.696s] INFO:colcon.colcon_core.shell:Creating package script '/projects/github_repos/astro/ros2_rpi_ws/install/astro_odometry_tf_broadcaster/share/astro_odometry_tf_broadcaster/package.bash'
[0.696s] INFO:colcon.colcon_core.shell:Creating package script '/projects/github_repos/astro/ros2_rpi_ws/install/astro_odometry_tf_broadcaster/share/astro_odometry_tf_broadcaster/package.zsh'
[0.696s] Level 1:colcon.colcon_core.environment:create_file_with_runtime_dependencies(/projects/github_repos/astro/ros2_rpi_ws/install/astro_odometry_tf_broadcaster/share/colcon-core/packages/astro_odometry_tf_broadcaster)
[0.696s] Level 1:colcon.colcon_core.environment:create_environment_scripts_only(astro_robot_description)
[0.696s] Level 1:colcon.colcon_core.environment:checking '/projects/github_repos/astro/ros2_rpi_ws/install/astro_robot_description' for CMake module files
[0.697s] DEBUG:colcon.colcon_core.event_handler.log_command:Invoked command in '/projects/github_repos/astro/ros2_rpi_ws/build/astro_robot_description' returned '0': CMAKE_PREFIX_PATH=${CMAKE_PREFIX_PATH}:/projects/ros/microros_ws/install/sensor_msgs_py:/opt/ros/humble /usr/bin/cmake --install /projects/github_repos/astro/ros2_rpi_ws/build/astro_robot_description
[0.697s] Level 1:colcon.colcon_core.environment:checking '/projects/github_repos/astro/ros2_rpi_ws/install/astro_robot_description' for CMake config files
[0.697s] Level 1:colcon.colcon_core.shell:create_environment_hook('astro_robot_description', 'cmake_prefix_path')
[0.697s] INFO:colcon.colcon_core.shell:Creating environment hook '/projects/github_repos/astro/ros2_rpi_ws/install/astro_robot_description/share/astro_robot_description/hook/cmake_prefix_path.ps1'
[0.697s] INFO:colcon.colcon_core.shell:Creating environment descriptor '/projects/github_repos/astro/ros2_rpi_ws/install/astro_robot_description/share/astro_robot_description/hook/cmake_prefix_path.dsv'
[0.697s] INFO:colcon.colcon_core.shell:Creating environment hook '/projects/github_repos/astro/ros2_rpi_ws/install/astro_robot_description/share/astro_robot_description/hook/cmake_prefix_path.sh'
[0.698s] Level 1:colcon.colcon_core.environment:checking '/projects/github_repos/astro/ros2_rpi_ws/install/astro_robot_description/bin'
[0.698s] Level 1:colcon.colcon_core.environment:checking '/projects/github_repos/astro/ros2_rpi_ws/install/astro_robot_description/lib/pkgconfig/astro_robot_description.pc'
[0.698s] Level 1:colcon.colcon_core.environment:checking '/projects/github_repos/astro/ros2_rpi_ws/install/astro_robot_description/lib/python3.10/site-packages'
[0.698s] Level 1:colcon.colcon_core.environment:checking '/projects/github_repos/astro/ros2_rpi_ws/install/astro_robot_description/bin'
[0.698s] INFO:colcon.colcon_core.shell:Creating package script '/projects/github_repos/astro/ros2_rpi_ws/install/astro_robot_description/share/astro_robot_description/package.ps1'
[0.698s] INFO:colcon.colcon_core.shell:Creating package descriptor '/projects/github_repos/astro/ros2_rpi_ws/install/astro_robot_description/share/astro_robot_description/package.dsv'
[0.698s] INFO:colcon.colcon_core.shell:Creating package script '/projects/github_repos/astro/ros2_rpi_ws/install/astro_robot_description/share/astro_robot_description/package.sh'
[0.699s] INFO:colcon.colcon_core.shell:Creating package script '/projects/github_repos/astro/ros2_rpi_ws/install/astro_robot_description/share/astro_robot_description/package.bash'
[0.699s] INFO:colcon.colcon_core.shell:Creating package script '/projects/github_repos/astro/ros2_rpi_ws/install/astro_robot_description/share/astro_robot_description/package.zsh'
[0.699s] Level 1:colcon.colcon_core.environment:create_file_with_runtime_dependencies(/projects/github_repos/astro/ros2_rpi_ws/install/astro_robot_description/share/colcon-core/packages/astro_robot_description)
[0.699s] Level 1:colcon.colcon_core.environment:create_environment_scripts_only(astro_robot_description)
[0.699s] Level 1:colcon.colcon_core.environment:checking '/projects/github_repos/astro/ros2_rpi_ws/install/astro_robot_description' for CMake module files
[0.699s] Level 1:colcon.colcon_core.environment:checking '/projects/github_repos/astro/ros2_rpi_ws/install/astro_robot_description' for CMake config files
[0.700s] Level 1:colcon.colcon_core.shell:create_environment_hook('astro_robot_description', 'cmake_prefix_path')
[0.700s] INFO:colcon.colcon_core.shell:Creating environment hook '/projects/github_repos/astro/ros2_rpi_ws/install/astro_robot_description/share/astro_robot_description/hook/cmake_prefix_path.ps1'
[0.700s] INFO:colcon.colcon_core.shell:Creating environment descriptor '/projects/github_repos/astro/ros2_rpi_ws/install/astro_robot_description/share/astro_robot_description/hook/cmake_prefix_path.dsv'
[0.700s] INFO:colcon.colcon_core.shell:Creating environment hook '/projects/github_repos/astro/ros2_rpi_ws/install/astro_robot_description/share/astro_robot_description/hook/cmake_prefix_path.sh'
[0.701s] Level 1:colcon.colcon_core.environment:checking '/projects/github_repos/astro/ros2_rpi_ws/install/astro_robot_description/bin'
[0.701s] Level 1:colcon.colcon_core.environment:checking '/projects/github_repos/astro/ros2_rpi_ws/install/astro_robot_description/lib/pkgconfig/astro_robot_description.pc'
[0.701s] Level 1:colcon.colcon_core.environment:checking '/projects/github_repos/astro/ros2_rpi_ws/install/astro_robot_description/lib/python3.10/site-packages'
[0.701s] Level 1:colcon.colcon_core.environment:checking '/projects/github_repos/astro/ros2_rpi_ws/install/astro_robot_description/bin'
[0.701s] INFO:colcon.colcon_core.shell:Creating package script '/projects/github_repos/astro/ros2_rpi_ws/install/astro_robot_description/share/astro_robot_description/package.ps1'
[0.701s] INFO:colcon.colcon_core.shell:Creating package descriptor '/projects/github_repos/astro/ros2_rpi_ws/install/astro_robot_description/share/astro_robot_description/package.dsv'
[0.701s] INFO:colcon.colcon_core.shell:Creating package script '/projects/github_repos/astro/ros2_rpi_ws/install/astro_robot_description/share/astro_robot_description/package.sh'
[0.702s] INFO:colcon.colcon_core.shell:Creating package script '/projects/github_repos/astro/ros2_rpi_ws/install/astro_robot_description/share/astro_robot_description/package.bash'
[0.702s] INFO:colcon.colcon_core.shell:Creating package script '/projects/github_repos/astro/ros2_rpi_ws/install/astro_robot_description/share/astro_robot_description/package.zsh'
[0.702s] Level 1:colcon.colcon_core.environment:create_file_with_runtime_dependencies(/projects/github_repos/astro/ros2_rpi_ws/install/astro_robot_description/share/colcon-core/packages/astro_robot_description)
[0.703s] DEBUG:colcon.colcon_core.event_handler.log_command:Invoked command in '/projects/github_repos/astro/ros2_rpi_ws/build/robot_bringup' returned '0': CMAKE_PREFIX_PATH=${CMAKE_PREFIX_PATH}:/projects/ros/microros_ws/install/sensor_msgs_py:/opt/ros/humble /usr/bin/cmake --build /projects/github_repos/astro/ros2_rpi_ws/build/robot_bringup -- -j24 -l24
[0.704s] DEBUG:colcon.colcon_core.event_handler.log_command:Invoking command in '/projects/github_repos/astro/ros2_rpi_ws/build/robot_bringup': CMAKE_PREFIX_PATH=${CMAKE_PREFIX_PATH}:/projects/ros/microros_ws/install/sensor_msgs_py:/opt/ros/humble /usr/bin/cmake --install /projects/github_repos/astro/ros2_rpi_ws/build/robot_bringup
[0.714s] Level 1:colcon.colcon_core.environment:create_environment_scripts_only(robot_bringup)
[0.714s] Level 1:colcon.colcon_core.environment:checking '/projects/github_repos/astro/ros2_rpi_ws/install/robot_bringup' for CMake module files
[0.714s] DEBUG:colcon.colcon_core.event_handler.log_command:Invoked command in '/projects/github_repos/astro/ros2_rpi_ws/build/robot_bringup' returned '0': CMAKE_PREFIX_PATH=${CMAKE_PREFIX_PATH}:/projects/ros/microros_ws/install/sensor_msgs_py:/opt/ros/humble /usr/bin/cmake --install /projects/github_repos/astro/ros2_rpi_ws/build/robot_bringup
[0.715s] Level 1:colcon.colcon_core.environment:checking '/projects/github_repos/astro/ros2_rpi_ws/install/robot_bringup' for CMake config files
[0.715s] Level 1:colcon.colcon_core.shell:create_environment_hook('robot_bringup', 'cmake_prefix_path')
[0.715s] INFO:colcon.colcon_core.shell:Creating environment hook '/projects/github_repos/astro/ros2_rpi_ws/install/robot_bringup/share/robot_bringup/hook/cmake_prefix_path.ps1'
[0.715s] INFO:colcon.colcon_core.shell:Creating environment descriptor '/projects/github_repos/astro/ros2_rpi_ws/install/robot_bringup/share/robot_bringup/hook/cmake_prefix_path.dsv'
[0.716s] INFO:colcon.colcon_core.shell:Creating environment hook '/projects/github_repos/astro/ros2_rpi_ws/install/robot_bringup/share/robot_bringup/hook/cmake_prefix_path.sh'
[0.716s] Level 1:colcon.colcon_core.environment:checking '/projects/github_repos/astro/ros2_rpi_ws/install/robot_bringup/bin'
[0.716s] Level 1:colcon.colcon_core.environment:checking '/projects/github_repos/astro/ros2_rpi_ws/install/robot_bringup/lib/pkgconfig/robot_bringup.pc'
[0.717s] Level 1:colcon.colcon_core.environment:checking '/projects/github_repos/astro/ros2_rpi_ws/install/robot_bringup/lib/python3.10/site-packages'
[0.717s] Level 1:colcon.colcon_core.environment:checking '/projects/github_repos/astro/ros2_rpi_ws/install/robot_bringup/bin'
[0.717s] INFO:colcon.colcon_core.shell:Creating package script '/projects/github_repos/astro/ros2_rpi_ws/install/robot_bringup/share/robot_bringup/package.ps1'
[0.717s] INFO:colcon.colcon_core.shell:Creating package descriptor '/projects/github_repos/astro/ros2_rpi_ws/install/robot_bringup/share/robot_bringup/package.dsv'
[0.717s] INFO:colcon.colcon_core.shell:Creating package script '/projects/github_repos/astro/ros2_rpi_ws/install/robot_bringup/share/robot_bringup/package.sh'
[0.717s] INFO:colcon.colcon_core.shell:Creating package script '/projects/github_repos/astro/ros2_rpi_ws/install/robot_bringup/share/robot_bringup/package.bash'
[0.718s] INFO:colcon.colcon_core.shell:Creating package script '/projects/github_repos/astro/ros2_rpi_ws/install/robot_bringup/share/robot_bringup/package.zsh'
[0.718s] Level 1:colcon.colcon_core.environment:create_file_with_runtime_dependencies(/projects/github_repos/astro/ros2_rpi_ws/install/robot_bringup/share/colcon-core/packages/robot_bringup)
[0.718s] Level 1:colcon.colcon_core.environment:create_environment_scripts_only(robot_bringup)
[0.718s] Level 1:colcon.colcon_core.environment:checking '/projects/github_repos/astro/ros2_rpi_ws/install/robot_bringup' for CMake module files
[0.718s] Level 1:colcon.colcon_core.environment:checking '/projects/github_repos/astro/ros2_rpi_ws/install/robot_bringup' for CMake config files
[0.718s] Level 1:colcon.colcon_core.shell:create_environment_hook('robot_bringup', 'cmake_prefix_path')
[0.718s] INFO:colcon.colcon_core.shell:Creating environment hook '/projects/github_repos/astro/ros2_rpi_ws/install/robot_bringup/share/robot_bringup/hook/cmake_prefix_path.ps1'
[0.719s] INFO:colcon.colcon_core.shell:Creating environment descriptor '/projects/github_repos/astro/ros2_rpi_ws/install/robot_bringup/share/robot_bringup/hook/cmake_prefix_path.dsv'
[0.719s] INFO:colcon.colcon_core.shell:Creating environment hook '/projects/github_repos/astro/ros2_rpi_ws/install/robot_bringup/share/robot_bringup/hook/cmake_prefix_path.sh'
[0.719s] Level 1:colcon.colcon_core.environment:checking '/projects/github_repos/astro/ros2_rpi_ws/install/robot_bringup/bin'
[0.719s] Level 1:colcon.colcon_core.environment:checking '/projects/github_repos/astro/ros2_rpi_ws/install/robot_bringup/lib/pkgconfig/robot_bringup.pc'
[0.719s] Level 1:colcon.colcon_core.environment:checking '/projects/github_repos/astro/ros2_rpi_ws/install/robot_bringup/lib/python3.10/site-packages'
[0.719s] Level 1:colcon.colcon_core.environment:checking '/projects/github_repos/astro/ros2_rpi_ws/install/robot_bringup/bin'
[0.719s] INFO:colcon.colcon_core.shell:Creating package script '/projects/github_repos/astro/ros2_rpi_ws/install/robot_bringup/share/robot_bringup/package.ps1'
[0.720s] INFO:colcon.colcon_core.shell:Creating package descriptor '/projects/github_repos/astro/ros2_rpi_ws/install/robot_bringup/share/robot_bringup/package.dsv'
[0.720s] INFO:colcon.colcon_core.shell:Creating package script '/projects/github_repos/astro/ros2_rpi_ws/install/robot_bringup/share/robot_bringup/package.sh'
[0.720s] INFO:colcon.colcon_core.shell:Creating package script '/projects/github_repos/astro/ros2_rpi_ws/install/robot_bringup/share/robot_bringup/package.bash'
[0.720s] INFO:colcon.colcon_core.shell:Creating package script '/projects/github_repos/astro/ros2_rpi_ws/install/robot_bringup/share/robot_bringup/package.zsh'
[0.720s] Level 1:colcon.colcon_core.environment:create_file_with_runtime_dependencies(/projects/github_repos/astro/ros2_rpi_ws/install/robot_bringup/share/colcon-core/packages/robot_bringup)
[0.852s] DEBUG:colcon.colcon_core.event_handler.log_command:Invoking command in '/projects/github_repos/astro/ros2_rpi_ws/src/astro_odometry_publisher': PYTHONPATH=/projects/github_repos/astro/ros2_rpi_ws/build/astro_odometry/prefix_override:/usr/lib/python3/dist-packages/colcon_core/task/python/colcon_distutils_commands:/projects/github_repos/astro/ros2_rpi_ws/install/astro_odometry/lib/python3.10/site-packages:${PYTHONPATH} /usr/bin/python3 -W ignore:setup.py install is deprecated -W ignore:easy_install command is deprecated setup.py egg_info --egg-base ../../build/astro_odometry build --build-base /projects/github_repos/astro/ros2_rpi_ws/build/astro_odometry/build install --record /projects/github_repos/astro/ros2_rpi_ws/build/astro_odometry/install.log --single-version-externally-managed install_data
[0.864s] DEBUG:colcon.colcon_core.event_handler.log_command:Invoking command in '/projects/github_repos/astro/ros2_rpi_ws/src/astro_teleop_twist_joy': PYTHONPATH=/projects/github_repos/astro/ros2_rpi_ws/build/astro_teleop/prefix_override:/usr/lib/python3/dist-packages/colcon_core/task/python/colcon_distutils_commands:/projects/github_repos/astro/ros2_rpi_ws/install/astro_teleop/lib/python3.10/site-packages:${PYTHONPATH} /usr/bin/python3 -W ignore:setup.py install is deprecated -W ignore:easy_install command is deprecated setup.py egg_info --egg-base ../../build/astro_teleop build --build-base /projects/github_repos/astro/ros2_rpi_ws/build/astro_teleop/build install --record /projects/github_repos/astro/ros2_rpi_ws/build/astro_teleop/install.log --single-version-externally-managed install_data
[1.026s] Level 1:colcon.colcon_core.environment:checking '/projects/github_repos/astro/ros2_rpi_ws/install/astro_teleop' for CMake module files
[1.027s] DEBUG:colcon.colcon_core.event_handler.log_command:Invoked command in '/projects/github_repos/astro/ros2_rpi_ws/src/astro_teleop_twist_joy' returned '0': PYTHONPATH=/projects/github_repos/astro/ros2_rpi_ws/build/astro_teleop/prefix_override:/usr/lib/python3/dist-packages/colcon_core/task/python/colcon_distutils_commands:/projects/github_repos/astro/ros2_rpi_ws/install/astro_teleop/lib/python3.10/site-packages:${PYTHONPATH} /usr/bin/python3 -W ignore:setup.py install is deprecated -W ignore:easy_install command is deprecated setup.py egg_info --egg-base ../../build/astro_teleop build --build-base /projects/github_repos/astro/ros2_rpi_ws/build/astro_teleop/build install --record /projects/github_repos/astro/ros2_rpi_ws/build/astro_teleop/install.log --single-version-externally-managed install_data
[1.027s] Level 1:colcon.colcon_core.environment:checking '/projects/github_repos/astro/ros2_rpi_ws/install/astro_teleop' for CMake config files
[1.027s] Level 1:colcon.colcon_core.environment:checking '/projects/github_repos/astro/ros2_rpi_ws/install/astro_teleop/lib'
[1.027s] Level 1:colcon.colcon_core.environment:checking '/projects/github_repos/astro/ros2_rpi_ws/install/astro_teleop/bin'
[1.027s] Level 1:colcon.colcon_core.environment:checking '/projects/github_repos/astro/ros2_rpi_ws/install/astro_teleop/lib/pkgconfig/astro_teleop.pc'
[1.028s] Level 1:colcon.colcon_core.environment:checking '/projects/github_repos/astro/ros2_rpi_ws/install/astro_teleop/lib/python3.10/site-packages'
[1.028s] Level 1:colcon.colcon_core.shell:create_environment_hook('astro_teleop', 'pythonpath')
[1.028s] INFO:colcon.colcon_core.shell:Creating environment hook '/projects/github_repos/astro/ros2_rpi_ws/install/astro_teleop/share/astro_teleop/hook/pythonpath.ps1'
[1.028s] INFO:colcon.colcon_core.shell:Creating environment descriptor '/projects/github_repos/astro/ros2_rpi_ws/install/astro_teleop/share/astro_teleop/hook/pythonpath.dsv'
[1.028s] INFO:colcon.colcon_core.shell:Creating environment hook '/projects/github_repos/astro/ros2_rpi_ws/install/astro_teleop/share/astro_teleop/hook/pythonpath.sh'
[1.028s] Level 1:colcon.colcon_core.environment:checking '/projects/github_repos/astro/ros2_rpi_ws/install/astro_teleop/bin'
[1.028s] Level 1:colcon.colcon_core.environment:create_environment_scripts_only(astro_teleop)
[1.029s] INFO:colcon.colcon_core.shell:Creating package script '/projects/github_repos/astro/ros2_rpi_ws/install/astro_teleop/share/astro_teleop/package.ps1'
[1.029s] INFO:colcon.colcon_core.shell:Creating package descriptor '/projects/github_repos/astro/ros2_rpi_ws/install/astro_teleop/share/astro_teleop/package.dsv'
[1.029s] INFO:colcon.colcon_core.shell:Creating package script '/projects/github_repos/astro/ros2_rpi_ws/install/astro_teleop/share/astro_teleop/package.sh'
[1.029s] INFO:colcon.colcon_core.shell:Creating package script '/projects/github_repos/astro/ros2_rpi_ws/install/astro_teleop/share/astro_teleop/package.bash'
[1.029s] INFO:colcon.colcon_core.shell:Creating package script '/projects/github_repos/astro/ros2_rpi_ws/install/astro_teleop/share/astro_teleop/package.zsh'
[1.029s] Level 1:colcon.colcon_core.environment:create_file_with_runtime_dependencies(/projects/github_repos/astro/ros2_rpi_ws/install/astro_teleop/share/colcon-core/packages/astro_teleop)
[1.030s] Level 1:colcon.colcon_core.environment:checking '/projects/github_repos/astro/ros2_rpi_ws/install/astro_odometry' for CMake module files
[1.030s] DEBUG:colcon.colcon_core.event_handler.log_command:Invoked command in '/projects/github_repos/astro/ros2_rpi_ws/src/astro_odometry_publisher' returned '0': PYTHONPATH=/projects/github_repos/astro/ros2_rpi_ws/build/astro_odometry/prefix_override:/usr/lib/python3/dist-packages/colcon_core/task/python/colcon_distutils_commands:/projects/github_repos/astro/ros2_rpi_ws/install/astro_odometry/lib/python3.10/site-packages:${PYTHONPATH} /usr/bin/python3 -W ignore:setup.py install is deprecated -W ignore:easy_install command is deprecated setup.py egg_info --egg-base ../../build/astro_odometry build --build-base /projects/github_repos/astro/ros2_rpi_ws/build/astro_odometry/build install --record /projects/github_repos/astro/ros2_rpi_ws/build/astro_odometry/install.log --single-version-externally-managed install_data
[1.030s] Level 1:colcon.colcon_core.environment:checking '/projects/github_repos/astro/ros2_rpi_ws/install/astro_odometry' for CMake config files
[1.031s] Level 1:colcon.colcon_core.environment:checking '/projects/github_repos/astro/ros2_rpi_ws/install/astro_odometry/lib'
[1.031s] Level 1:colcon.colcon_core.environment:checking '/projects/github_repos/astro/ros2_rpi_ws/install/astro_odometry/bin'
[1.031s] Level 1:colcon.colcon_core.environment:checking '/projects/github_repos/astro/ros2_rpi_ws/install/astro_odometry/lib/pkgconfig/astro_odometry.pc'
[1.031s] Level 1:colcon.colcon_core.environment:checking '/projects/github_repos/astro/ros2_rpi_ws/install/astro_odometry/lib/python3.10/site-packages'
[1.031s] Level 1:colcon.colcon_core.shell:create_environment_hook('astro_odometry', 'pythonpath')
[1.031s] INFO:colcon.colcon_core.shell:Creating environment hook '/projects/github_repos/astro/ros2_rpi_ws/install/astro_odometry/share/astro_odometry/hook/pythonpath.ps1'
[1.031s] INFO:colcon.colcon_core.shell:Creating environment descriptor '/projects/github_repos/astro/ros2_rpi_ws/install/astro_odometry/share/astro_odometry/hook/pythonpath.dsv'
[1.031s] INFO:colcon.colcon_core.shell:Creating environment hook '/projects/github_repos/astro/ros2_rpi_ws/install/astro_odometry/share/astro_odometry/hook/pythonpath.sh'
[1.032s] Level 1:colcon.colcon_core.environment:checking '/projects/github_repos/astro/ros2_rpi_ws/install/astro_odometry/bin'
[1.032s] Level 1:colcon.colcon_core.environment:create_environment_scripts_only(astro_odometry)
[1.032s] INFO:colcon.colcon_core.shell:Creating package script '/projects/github_repos/astro/ros2_rpi_ws/install/astro_odometry/share/astro_odometry/package.ps1'
[1.032s] INFO:colcon.colcon_core.shell:Creating package descriptor '/projects/github_repos/astro/ros2_rpi_ws/install/astro_odometry/share/astro_odometry/package.dsv'
[1.032s] INFO:colcon.colcon_core.shell:Creating package script '/projects/github_repos/astro/ros2_rpi_ws/install/astro_odometry/share/astro_odometry/package.sh'
[1.032s] INFO:colcon.colcon_core.shell:Creating package script '/projects/github_repos/astro/ros2_rpi_ws/install/astro_odometry/share/astro_odometry/package.bash'
[1.032s] INFO:colcon.colcon_core.shell:Creating package script '/projects/github_repos/astro/ros2_rpi_ws/install/astro_odometry/share/astro_odometry/package.zsh'
[1.033s] Level 1:colcon.colcon_core.environment:create_file_with_runtime_dependencies(/projects/github_repos/astro/ros2_rpi_ws/install/astro_odometry/share/colcon-core/packages/astro_odometry)
[1.033s] DEBUG:colcon.colcon_parallel_executor.executor.parallel:closing loop
[1.033s] DEBUG:colcon.colcon_parallel_executor.executor.parallel:loop closed
[1.033s] DEBUG:colcon.colcon_parallel_executor.executor.parallel:run_until_complete finished with '0'
[1.033s] DEBUG:colcon.colcon_core.event_reactor:joining thread
[1.046s] INFO:colcon.colcon_core.plugin_system:Skipping extension 'colcon_notification.desktop_notification.terminal_notifier': Not used on non-Darwin systems
[1.046s] INFO:colcon.colcon_core.plugin_system:Skipping extension 'colcon_notification.desktop_notification.win32': Not used on non-Windows systems
[1.046s] INFO:colcon.colcon_notification.desktop_notification:Sending desktop notification using 'notify2'
[1.052s] DEBUG:colcon.colcon_core.event_reactor:joined thread
[1.052s] INFO:colcon.colcon_core.shell:Creating prefix script '/projects/github_repos/astro/ros2_rpi_ws/install/local_setup.ps1'
[1.053s] INFO:colcon.colcon_core.shell:Creating prefix util module '/projects/github_repos/astro/ros2_rpi_ws/install/_local_setup_util_ps1.py'
[1.053s] INFO:colcon.colcon_core.shell:Creating prefix chain script '/projects/github_repos/astro/ros2_rpi_ws/install/setup.ps1'
[1.055s] INFO:colcon.colcon_core.shell:Creating prefix script '/projects/github_repos/astro/ros2_rpi_ws/install/local_setup.sh'
[1.055s] INFO:colcon.colcon_core.shell:Creating prefix util module '/projects/github_repos/astro/ros2_rpi_ws/install/_local_setup_util_sh.py'
[1.055s] INFO:colcon.colcon_core.shell:Creating prefix chain script '/projects/github_repos/astro/ros2_rpi_ws/install/setup.sh'
[1.056s] INFO:colcon.colcon_core.shell:Creating prefix script '/projects/github_repos/astro/ros2_rpi_ws/install/local_setup.bash'
[1.057s] INFO:colcon.colcon_core.shell:Creating prefix chain script '/projects/github_repos/astro/ros2_rpi_ws/install/setup.bash'
[1.058s] INFO:colcon.colcon_core.shell:Creating prefix script '/projects/github_repos/astro/ros2_rpi_ws/install/local_setup.zsh'
[1.058s] INFO:colcon.colcon_core.shell:Creating prefix chain script '/projects/github_repos/astro/ros2_rpi_ws/install/setup.zsh'
